2025-08-16 20:33:54.210 [GP] INFO  [JTS-Main] - OvernightManager.dayInit: new values: dayOfTheWeek: 7 (Sat), YYYYMMofToday: 202508, YYYYMMDDofToday: 20250816, m_todayDate: 20250816, dueToChangeInTimezone: false
2025-08-16 20:33:54.216 [GP] INFO  [JTS-Main] - Created on: 20250816
2025-08-16 20:33:54.216 [GP] INFO  [JTS-Main] - ------------------------------- IB GATEWAY RESTART --------------------------------
2025-08-16 20:33:54.217 [GP] INFO  [JTS-Main] - installer version: unknown, installer type: standalone, install dir: 'null', Jts dir: '/home/chris_s_dodd/optcom-1/ibc-setup/tws/paper-settings', VM options file: 'null'
2025-08-16 20:33:54.241 [GP] INFO  [JTS-Main] - Verifying environment [entryPoint=IBGATEWAY_STANDALONE]...
2025-08-16 20:33:54.297 [GP] INFO  [JTS-Main] - Install4jAutoUpdateService initialized [props=LauncherProperties[updateDownloadUrl=null,skipUpdateCheck=false,nightlyEnabled=false,channelNameArg=null,channelName=latest,channelChanged=false,jtsConfigDir=/home/chris_s_dodd/optcom-1/ibc-setup/tws/paper-settings,apiPort=null,sessionId=null,installDir=null,exeName=null]].
2025-08-16 20:33:54.309 [GP] INFO  [JTS-Main] - PROXY Installed custom selector
2025-08-16 20:33:54.322 [GP] INFO  [JTS-Main] - useSsl=true,FIX endPoint=null:4001
2025-08-16 20:33:54.337 [GP] INFO  [JTS-Main] - LOCALE: Property locale_to_use=null JTS Locale=en_US  country=United States  variant=
2025-08-16 20:33:54.339 [GP] INFO  [JTS-Main] - Region: Custom
2025-08-16 20:33:54.340 [GP] WARN  [JTS-Main] - The locales jar directory resolved to '/home/chris_s_dodd/optcom-1/ibc-setup/tws/paper-settings/jars' ('installDir' system property is not set).
2025-08-16 20:33:54.341 [GP] WARN  [JTS-Main] - The locales jar directory resolved to '/home/chris_s_dodd/optcom-1/ibc-setup/tws/paper-settings/jars' ('installDir' system property is not set).
2025-08-16 20:33:54.341 [GP] INFO  [JTS-Main] - Locale from ini: en
2025-08-16 20:33:54.342 [GP] INFO  [JTS-Main] - Locale=en_US  country=United States  variant=
2025-08-16 20:33:54.351 [GP] INFO  [JTS-Main] - prohibiting class lookup [twslaunch.ji18n.LauncherLanguage]
2025-08-16 20:33:54.355 [GP] INFO  [JTS-Main] - prohibiting class lookup [twslaunch.ji18n.LauncherLanguage_en]
2025-08-16 20:33:54.355 [GP] INFO  [JTS-Main] - prohibiting class lookup [twslaunch.ji18n.LauncherLanguage_en_US]
2025-08-16 20:33:54.356 [GP] INFO  [JTS-Main] - LOCALE:  type: launcher intended: en_US actual:  size: 500
2025-08-16 20:33:54.357 [GP] INFO  [JTS-Main] - settings dir: '/home/chris_s_dodd/optcom-1/ibc-setup/tws/paper-settings'
2025-08-16 20:33:54.521 [GP] INFO  [JTS-Main] - LauncherFontUpdater: simulatehighdefscreen=false
2025-08-16 20:33:54.529 [GP] INFO  [JTS-Main] - LauncherFontUpdater: Screen dimensions=1024x768
2025-08-16 20:33:54.529 [GP] INFO  [JTS-Main] - LauncherFontUpdater: highres=false
2025-08-16 20:33:54.529 [GP] INFO  [JTS-Main] - LauncherFontUpdater: FontSize=16
2025-08-16 20:33:54.529 [GP] INFO  [JTS-Main] - initPreUI() - entry
2025-08-16 20:33:54.547 [GP] INFO  [JTS-Main] - Build 10.37.1k, Aug 7, 2025 11:58:23 AM
2025-08-16 20:33:54.608 [GP] INFO  [JTS-Main] - LookAndFeelChangedListener installed
2025-08-16 20:33:54.614 [GP] INFO  [JTS-Main] - JtsLookAndFeel initialized
2025-08-16 20:33:55.298 [GP] INFO  [JTS-Main] - Current LAF: TWS LAF
2025-08-16 20:33:55.299 [GP] INFO  [JTS-Main] - initPreUI() - exit
2025-08-16 20:33:56.860 [GP] INFO  [AWT-EventQueue-0] - Default timezone:Etc/UTC
2025-08-16 20:33:56.865 [GP] INFO  [AWT-EventQueue-0] - Starting GstatMessageMgr...
2025-08-16 20:33:56.870 [GP] WARN  [JTS-GstatMessageMgr-6] - Misc URLs have not been received. Resending request...
2025-08-16 20:33:56.953 [GP] INFO  [AWT-EventQueue-0] - Started on 20250816-20:33:56
2025-08-16 20:33:56.953 [GP] INFO  [AWT-EventQueue-0] - Default timezone:Etc/UTC name:Coordinated Universal Time dst:0
2025-08-16 20:33:56.954 [GP] INFO  [AWT-EventQueue-0] - java version = 17.0.10.0.101
2025-08-16 20:33:56.954 [GP] INFO  [AWT-EventQueue-0] - sun.arch.data.model = 64
2025-08-16 20:33:56.954 [GP] INFO  [AWT-EventQueue-0] - os = Linux
2025-08-16 20:33:56.954 [GP] INFO  [AWT-EventQueue-0] - os version = 6.14.0-1012-gcp
2025-08-16 20:33:56.955 [GP] INFO  [AWT-EventQueue-0] - os architecture = 32
2025-08-16 20:33:56.955 [GP] INFO  [AWT-EventQueue-0] - runtime = OpenJDK Runtime Environment
2025-08-16 20:33:56.955 [GP] INFO  [AWT-EventQueue-0] - vendor = Azul Systems, Inc.
2025-08-16 20:33:56.955 [GP] INFO  [AWT-EventQueue-0] - vm name = OpenJDK 64-Bit Server VM
2025-08-16 20:33:56.955 [GP] INFO  [AWT-EventQueue-0] - username = 'chris_s_dodd'
2025-08-16 20:33:57.949 [GP] INFO  [AWT-EventQueue-0] - Stopping GstatMessageMgr...
2025-08-16 20:33:57.952 [GP] INFO  [AWT-EventQueue-0] - Setting dir is /home/chris_s_dodd/optcom-1/ibc-setup/tws/paper-settings/
2025-08-16 20:33:57.952 [GP] INFO  [AWT-EventQueue-0] - PROXY Cleared HTTP proxy: no valid proxy is present (passing on :0)
2025-08-16 20:33:57.954 [GP] INFO  [AWT-EventQueue-0] - BaseIniFile.saveGatewayFixEndPoint() [host=ndc1.ibllc.com,port=4001]...
2025-08-16 20:33:57.955 [GP] INFO  [AWT-EventQueue-0] - SPLASH Creating screen with 5 steps
2025-08-16 20:33:58.043 [GP] INFO  [AWT-EventQueue-0] - SplashScreen: using ads manager
2025-08-16 20:33:58.047 [GP] INFO  [AWT-EventQueue-0] - AdImageContainer: start build ads UI
2025-08-16 20:33:58.059 [GP] INFO  [JTS-CachedThreadExecutor-7] - AdManager: NEXT_AD request https://api.ibkr.com/tws.proxy/info/next?platform=dTWS&size=1200x1000&lang=en&version=10371&build=latest
2025-08-16 20:33:58.534 [GP] INFO  [JTS-CachedThreadExecutor-7] - AdManager: sending request with header X-USERNAME
2025-08-16 20:33:58.612 [GP] INFO  [AWT-EventQueue-0] - initAutoEncryptionMenu(): autoEncryption set to true
2025-08-16 20:33:58.636 [GP] INFO  [AWT-EventQueue-0] - Contacting ndc1.ibllc.com:4000 as user NOT PRINTED
2025-08-16 20:33:58.669 [GP] INFO  [AWT-EventQueue-0] - UserCredentials.sessionId() [this=1439970969,old=null,new=68a0eb36.0290].
2025-08-16 20:33:58.669 [GP] INFO  [AWT-EventQueue-0] - CONN CALC: Last connection attempt time is cleared!
2025-08-16 20:33:58.670 [GP] INFO  [AWT-EventQueue-0] - CONN CALC: Last connection set as now:20:33:58:669
2025-08-16 20:33:58.670 [GP] INFO  [AWT-EventQueue-0] - Prelogin delay:0
2025-08-16 20:33:58.672 [GP] INFO  [JTS-Login-9] - Starting launcher login thread
2025-08-16 20:33:58.676 [GP] INFO  [JTS-Login-9] - LauncherLoginThread.runLoginWithUI()[hotBackupStrategy=ON,loginAttempt=1,socketDelay=20000].
2025-08-16 20:33:58.676 [GP] INFO  [JTS-Login-9] - SPLASH Connecting to server
2025-08-16 20:33:58.683 [GP] INFO  [JTS-Login-9] - ### startLogin startTime=1755376438669
2025-08-16 20:33:58.683 [GP] INFO  [JTS-Login-9] - ### loginAttempt loginAttempt=1
2025-08-16 20:33:58.683 [GP] INFO  [JTS-Login-9] - Connecting ndc1.ibllc.com:4001 (SSL) timeout=20000...
2025-08-16 20:33:58.684 [GP] INFO  [JTS-Login-9] - ### onSocketOpenStart socketOpenStart=1755376438684; endPoint=ndc1.ibllc.com; port=4001
2025-08-16 20:33:58.707 [GP] INFO  [JTS-Order-Audit-11] - Starting async queue thread
2025-08-16 20:33:58.709 [GP] INFO  [AWT-EventQueue-0] - Network monitor is activated
2025-08-16 20:33:58.878 [GP] INFO  [JTS-Login-9] - ### onSocketOpenEnd socketOpenEnd=1755376438878
2025-08-16 20:33:58.878 [GP] INFO  [JTS-Login-9] - Connected to ndc1.ibllc.com:4001 (SSL)/64.190.197.40 remote-ip on local port 0 socket local addrs:port /10.164.0.2:51020
2025-08-16 20:33:58.881 [GP] INFO  [JTS-Login-9] - Updating machine info [connectionAddress=/10.164.0.2]...
2025-08-16 20:33:58.885 [GP] INFO  [JTS-Login-9] - Creating unique random...
2025-08-16 20:33:58.887 [GP] INFO  [JTS-Login-9] - id=ee2618bb
2025-08-16 20:33:58.888 [GP] INFO  [JTS-Login-9] - Resolving MAC address...
2025-08-16 20:33:58.890 [GP] INFO  [JTS-Login-9] - MACNetworkInfo created <ee2618bb|42:01:0A:A4:00:02|10.164.0.2>.
2025-08-16 20:33:58.893 [GP] INFO  [JTS-Login-9] - JTSAuthConnection.onConnected(): lastKnownCipherStatus=INSECURE
2025-08-16 20:33:58.893 [GP] INFO  [JTS-Login-9] - Changing state for connection from PRELOGON to PRELOGON in B 1490153109: SessionSocket:1
2025-08-16 20:33:58.894 [GP] INFO  [JTS-Login-9] - Authenticating
2025-08-16 20:33:58.919 [GP] INFO  [JTS-CCPListenerS1-12] - Starting listener thread [sessionID=1]...
2025-08-16 20:33:58.946 [GP] INFO  [JTS-Login-9] - AuthTimeoutMonitor-CCP: deactivate
2025-08-16 20:33:58.946 [GP] INFO  [JTS-Login-9] - AuthTimeoutMonitor-CCP: timeout=20000
2025-08-16 20:33:58.949 [GP] INFO  [JTS-Login-9] - AuthTimeoutMonitor-CCP: activate
2025-08-16 20:33:58.952 [GP] INFO  [JTS-AuthTimeoutMonitorThread-CCP-14] - Starting auth timeout monitor thread for CCP
2025-08-16 20:33:58.953 [GP] INFO  [JTS-Login-9] - LOGIN_TIME_MONITOR	 false 20:33:58:951 since start = 0 thread delay = 0 global delay = 0 tag=null, cls=AuthDispatcher method=connect
2025-08-16 20:33:58.954 [GP] INFO  [JTS-Login-9] - SPLASH -0001 step 1 AuthDispatcher.connect
2025-08-16 20:33:58.957 [GP] INFO  [JTS-Login-9] - Sending connect request
2025-08-16 20:33:58.958 [GP] INFO  [JTS-Login-9] - AuthDispatcher.initNSMsgVersionLimits: minVersion=38, maxVersion=50
2025-08-16 20:33:58.960 [GP] INFO  [JTS-AuthDispatcherS1-13] - Starting dispatcher thread [sessionID=1]...
2025-08-16 20:33:58.967 [GP] INFO  [JTS-Login-9] - AuthDispatcher.NSConnectRequest: userSessionID=68a0eb36.0290, beeDemoType=NULL
2025-08-16 20:33:58.968 [GP] INFO  [JTS-Login-9] - ### onNsMsg loginMessageReq=1755376438968; brandNewUser=true
2025-08-16 20:33:58.968 [GP] INFO  [JTS-Login-9] - mapProdToPaper: In NSConnectRequest: sending PAPER_CONNECT=0x2000
2025-08-16 20:33:58.968 [GP] INFO  [JTS-Login-9] - NSConnectRequest: sending CLIENT_USE_SSL=0x80000
2025-08-16 20:33:59.304 [GP] WARN  [JTS-DeadlockMonitor-2] - instance of control is not created yet
2025-08-16 20:33:59.308 [GP] INFO  [JTS-DeadlockMonitor-2] - Memory:total=786,432KB free=704,399KB HeapUsage: Max=786,432KB used=79,984KB committed=118,784KB NonHeapUsage: Max=0KB used=77,582KB committed=79,488KB
2025-08-16 20:33:59.317 [GP] INFO  [JTS-CCPListenerS1-12] - Initial listener buffer size is 65536.
2025-08-16 20:33:59.317 [GP] INFO  [JTS-CCPListenerS1-12] - Listener thread [sessionID=1] is ready to process messages.
2025-08-16 20:33:59.319 [GP] INFO  [JTS-Login-9] - SPLASH Authenticating
2025-08-16 20:33:59.321 [GP] INFO  [JTS-Login-9] - Terminating launcher login thread
2025-08-16 20:33:59.400 [GP] INFO  [JTS-AuthDispatcherS1-13] - SPLASH 0447 step 2 AuthDispatcher.processDataItr
2025-08-16 20:33:59.402 [GP] INFO  [JTS-AuthDispatcherS1-13] - Received NS_REDIRECT
2025-08-16 20:33:59.402 [GP] INFO  [JTS-AuthDispatcherS1-13] - ### onConmanRedirect
2025-08-16 20:33:59.402 [GP] INFO  [JTS-AuthDispatcherS1-13] - Disconnecting ndc1.ibllc.com:4001 (SSL) [disconnectDetails=DisconnectDetails[sessionID=1,endPoint=ndc1.ibllc.com:4001 (SSL),reason=DISCONNECT_ON_REDIRECTION,cause=null,systemMessage=null,keepSocketOpen=false]]...
2025-08-16 20:33:59.404 [GP] INFO  [JTS-AuthDispatcherS1-13] - Socket closed.
2025-08-16 20:33:59.404 [GP] INFO  [JTS-CCPListenerS1-12] - Socket or stream for connection ndc1.ibllc.com:4001 (SSL) was closed by another thread.
2025-08-16 20:33:59.405 [GP] INFO  [JTS-AuthDispatcherS1-13] - AuthTimeoutMonitor-CCP: deactivate
2025-08-16 20:33:59.405 [GP] INFO  [JTS-AuthTimeoutMonitorThread-CCP-14] - Terminating auth timeout monitor thread for CCP
2025-08-16 20:33:59.405 [GP] INFO  [JTS-AuthDispatcherS1-13] - SocketTracker[name=name=CCP(ndc1.ibllc.com:4001 (SSL)),usesCcpConMan=false,lastReadTimestamp=1755376439398,lastReadDateTime=2025-08-16T20:33:59.398,lastFixSendTime=].
2025-08-16 20:33:59.405 [GP] INFO  [JTS-AuthDispatcherS1-13] - Interrupting dispatcher [sessionID=1]...
2025-08-16 20:33:59.406 [GP] INFO  [JTS-AuthDispatcherS1-13] - Interrupting listener [sessionID=1,disconnectSocket=true]...
2025-08-16 20:33:59.408 [GP] INFO  [JTS-DisconnectedS1-18] - IBGateway connection to ccp disconnected.
2025-08-16 20:33:59.409 [GP] INFO  [JTS-AuthDispatcherS1-13] - Redirecting to cdc1.ibllc.com:4001 (SSL)
2025-08-16 20:33:59.410 [GP] INFO  [JTS-AuthDispatcherS1-13] - UserCredentials.sessionId() [this=1439970969,old=68a0eb36.0290,new=68a0eb36.0290].
2025-08-16 20:33:59.410 [GP] INFO  [JTS-MiscUlrsRequester-20] - Connecting ndc1.ibllc.com:4000 timeout=10000...
2025-08-16 20:33:59.411 [GP] INFO  [JTS-AuthDispatcherS1-13] - Prelogin delay:0
2025-08-16 20:33:59.411 [GP] INFO  [JTS-AuthDispatcherS1-13] - Dispatcher thread terminating [sessionID=1,interrupted=true]...
2025-08-16 20:33:59.412 [GP] INFO  [JTS-Login-21] - Starting launcher login thread
2025-08-16 20:33:59.412 [GP] INFO  [JTS-CCPListenerS1-12] - Listener thread terminating [sessionID=1] [seen=35,totalShifted=35,moreAvailable=0]
2025-08-16 20:33:59.414 [GP] INFO  [JTS-Login-21] - LauncherLoginThread.runLoginWithUI()[hotBackupStrategy=ON,loginAttempt=1,socketDelay=20000].
2025-08-16 20:33:59.414 [GP] INFO  [JTS-Login-21] - SPLASH Connecting to server
2025-08-16 20:33:59.415 [GP] INFO  [JTS-Login-21] - ### startLogin startTime=1755376439410
2025-08-16 20:33:59.415 [GP] INFO  [JTS-Login-21] - ### loginAttempt loginAttempt=1
2025-08-16 20:33:59.416 [GP] INFO  [JTS-Login-21] - AsyncDisconnectNotifiers: 1
2025-08-16 20:33:59.416 [GP] INFO  [JTS-Login-21] - Connecting cdc1.ibllc.com:4001 (SSL) timeout=20000...
2025-08-16 20:33:59.416 [GP] INFO  [JTS-Login-21] - ### onSocketOpenStart socketOpenStart=1755376439416; endPoint=cdc1.ibllc.com; port=4001
2025-08-16 20:33:59.492 [GP] INFO  [JTS-CachedThreadExecutor-7] - AdManager: NEXT_AD request is ok
2025-08-16 20:33:59.493 [GP] INFO  [JTS-MiscUlrsRequester-20] - Connected to ndc1.ibllc.com:4000/64.190.197.40 remote-ip on local port 0 socket local addrs:port /10.164.0.2:32892
2025-08-16 20:33:59.494 [GP] INFO  [JTS-MiscUlrsRequester-20] - Updating machine info [connectionAddress=/10.164.0.2]...
2025-08-16 20:33:59.497 [GP] INFO  [JTS-MISC URLsListenerS2-23] - Starting listener thread [sessionID=2]...
2025-08-16 20:33:59.499 [GP] INFO  [JTS-MiscUlrsRequester-20] - Sending MiscUrls request
2025-08-16 20:33:59.500 [GP] INFO  [JTS-AuthDispatcherS2-24] - Starting dispatcher thread [sessionID=2]...
2025-08-16 20:33:59.504 [GP] INFO  [JTS-MISC URLsListenerS2-23] - Initial listener buffer size is 65536.
2025-08-16 20:33:59.505 [GP] INFO  [JTS-MISC URLsListenerS2-23] - Listener thread [sessionID=2] is ready to process messages.
2025-08-16 20:33:59.505 [GP] INFO  [JTS-AuthResponseMonitor-25] - Starting auth response monitor thread
2025-08-16 20:33:59.506 [GP] INFO  [JTS-CachedThreadExecutor-7] - AdManager: NEXT_AD receive raw response {"imagePath":"/info/image/250-0-1200x1000-en.jpg","expire":1767175200000,"id":"ZGtnZm1vNTIzLWRUV1MtMjUwLTAtMTc1NTM3NjQzOTQwOA==","target_alt":"https://www.interactivebrokers.com?adid=ZGtnZm1vNTIzLWRUV1MtMjUwLTAtMTc1NTM3NjQzOTQwOA==","target":"https://www.interactivebrokers.com/en/index.php?f=53997&adid=ZGtnZm1vNTIzLWRUV1MtMjUwLTAtMTc1NTM3NjQzOTQwOA=="}
2025-08-16 20:33:59.519 [GP] INFO  [JTS-Login-21] - ### onSocketOpenEnd socketOpenEnd=1755376439519
2025-08-16 20:33:59.519 [GP] INFO  [JTS-Login-21] - Connected to cdc1.ibllc.com:4001 (SSL)/8.17.22.31 remote-ip on local port 0 socket local addrs:port /10.164.0.2:56896
2025-08-16 20:33:59.519 [GP] INFO  [JTS-Login-21] - Updating machine info [connectionAddress=/10.164.0.2]...
2025-08-16 20:33:59.520 [GP] INFO  [JTS-Login-21] - JTSAuthConnection.onConnected(): lastKnownCipherStatus=INSECURE
2025-08-16 20:33:59.520 [GP] INFO  [JTS-Login-21] - Changing state for connection from PRELOGON to PRELOGON in B 1490153109: SessionSocket:3
2025-08-16 20:33:59.520 [GP] INFO  [JTS-Login-21] - Authenticating
2025-08-16 20:33:59.521 [GP] INFO  [JTS-Login-21] - AuthTimeoutMonitor-CCP: deactivate
2025-08-16 20:33:59.522 [GP] INFO  [JTS-Login-21] - AuthTimeoutMonitor-CCP: timeout=20000
2025-08-16 20:33:59.522 [GP] INFO  [JTS-CCPListenerS3-26] - Starting listener thread [sessionID=3]...
2025-08-16 20:33:59.523 [GP] INFO  [JTS-Login-21] - AuthTimeoutMonitor-CCP: activate
2025-08-16 20:33:59.524 [GP] INFO  [JTS-Login-21] - Sending connect request
2025-08-16 20:33:59.524 [GP] INFO  [JTS-Login-21] - AuthDispatcher.initNSMsgVersionLimits: minVersion=38, maxVersion=50
2025-08-16 20:33:59.525 [GP] INFO  [JTS-Login-21] - AuthDispatcher.NSConnectRequest: userSessionID=68a0eb36.0290, beeDemoType=NULL
2025-08-16 20:33:59.525 [GP] INFO  [JTS-Login-21] - ### onNsMsg loginMessageReq=1755376439525; brandNewUser=true
2025-08-16 20:33:59.523 [GP] INFO  [JTS-AuthTimeoutMonitorThread-CCP-28] - Starting auth timeout monitor thread for CCP
2025-08-16 20:33:59.526 [GP] INFO  [JTS-Login-21] - mapProdToPaper: In NSConnectRequest: sending PAPER_CONNECT=0x2000
2025-08-16 20:33:59.525 [GP] INFO  [JTS-AuthDispatcherS3-27] - Starting dispatcher thread [sessionID=3]...
2025-08-16 20:33:59.527 [GP] INFO  [JTS-Login-21] - NSConnectRequest: sending CLIENT_USE_SSL=0x80000
2025-08-16 20:33:59.557 [GP] INFO  [JTS-CachedThreadExecutor-7] - AdsManager: parsed json object: 
id: ZGtnZm1vNTIzLWRUV1MtMjUwLTAtMTc1NTM3NjQzOTQwOA==
expire: 1767175200000
imagePath: /info/image/250-0-1200x1000-en.jpg
target: https://www.interactivebrokers.com/en/index.php?f=53997&adid=ZGtnZm1vNTIzLWRUV1MtMjUwLTAtMTc1NTM3NjQzOTQwOA==
target_alt: https://www.interactivebrokers.com?adid=ZGtnZm1vNTIzLWRUV1MtMjUwLTAtMTc1NTM3NjQzOTQwOA==

2025-08-16 20:33:59.585 [GP] INFO  [JTS-AuthDispatcherS2-24] - Received NS_MISC_URLS
2025-08-16 20:33:59.586 [GP] INFO  [JTS-AuthDispatcherS2-24] - IBMiscUrl.miscUrlMessage()[sslRequired=true]
2025-08-16 20:33:59.586 [GP] INFO  [JTS-AuthDispatcherS2-24] - Misc URL: scope is blank - setting userScope to EXTERNAL
2025-08-16 20:33:59.587 [GP] INFO  [JTS-AuthDispatcherS2-24] - Misc URL: setting userScope to EXTERNAL
2025-08-16 20:33:59.591 [GP] INFO  [JTS-AuthDispatcherS2-24] - Disconnecting ndc1.ibllc.com:4000 [disconnectDetails=DisconnectDetails[sessionID=2,endPoint=ndc1.ibllc.com:4000,reason=DISCONNECT_BY_DESIGN,cause=null,systemMessage=null,keepSocketOpen=false]]...
2025-08-16 20:33:59.592 [GP] INFO  [JTS-AuthDispatcherS2-24] - Socket closed.
2025-08-16 20:33:59.592 [GP] INFO  [JTS-MISC URLsListenerS2-23] - Socket or stream for connection ndc1.ibllc.com:4000 was closed by another thread.
2025-08-16 20:33:59.592 [GP] INFO  [JTS-AuthDispatcherS2-24] - SocketTracker[name=name=MISC URLs(ndc1.ibllc.com:4000),usesCcpConMan=false,lastReadTimestamp=1755376439584,lastReadDateTime=2025-08-16T20:33:59.584,lastFixSendTime=].
2025-08-16 20:33:59.592 [GP] INFO  [JTS-AuthDispatcherS2-24] - Interrupting dispatcher [sessionID=2]...
2025-08-16 20:33:59.592 [GP] INFO  [JTS-AuthDispatcherS2-24] - Interrupting listener [sessionID=2,disconnectSocket=true]...
2025-08-16 20:33:59.594 [GP] INFO  [JTS-AuthDispatcherS2-24] - Dispatcher thread terminating [sessionID=2,interrupted=true]...
2025-08-16 20:33:59.595 [GP] INFO  [JTS-AuthResponseMonitor-25] - Terminating auth response monitor thread
2025-08-16 20:33:59.596 [GP] INFO  [JTS-MISC URLsListenerS2-23] - Listener thread terminating [sessionID=2] [seen=1159,totalShifted=1159,moreAvailable=0]
2025-08-16 20:33:59.708 [GP] INFO  [AWT-EventQueue-0] - AdImageContainer: ad image is shown
2025-08-16 20:33:59.708 [GP] INFO  [AWT-EventQueue-0] - AdsManager: request image to put in cache
2025-08-16 20:33:59.708 [GP] INFO  [JTS-CachedThreadExecutor-7] - AdManager: IMAGE_SHOWN request https://api.ibkr.com/tws.proxy/info/show/ZGtnZm1vNTIzLWRUV1MtMjUwLTAtMTc1NTM3NjQzOTQwOA==
2025-08-16 20:33:59.709 [GP] INFO  [JTS-CachedThreadExecutor-31] - AdManager: NEXT_AD request https://api.ibkr.com/tws.proxy/info/next?platform=dTWS&size=1200x1000&lang=en&version=10371&build=latest
2025-08-16 20:33:59.710 [GP] INFO  [JTS-CachedThreadExecutor-31] - AdManager: sending request with header X-USERNAME
2025-08-16 20:33:59.747 [GP] ERROR [JTS-CachedThreadExecutor-7] - AdManager: IMAGE_SHOWN service 411
2025-08-16 20:33:59.857 [GP] INFO  [JTS-CCPListenerS3-26] - Initial listener buffer size is 65536.
2025-08-16 20:33:59.857 [GP] INFO  [JTS-CCPListenerS3-26] - Listener thread [sessionID=3] is ready to process messages.
2025-08-16 20:33:59.857 [GP] INFO  [JTS-Login-21] - SPLASH Authenticating
2025-08-16 20:33:59.858 [GP] INFO  [JTS-Login-21] - Terminating launcher login thread
2025-08-16 20:33:59.883 [GP] INFO  [JTS-CachedThreadExecutor-31] - AdManager: NEXT_AD request is ok
2025-08-16 20:33:59.884 [GP] INFO  [JTS-CachedThreadExecutor-31] - AdManager: NEXT_AD receive raw response {"imagePath":"/info/image/250-0-1200x1000-en.jpg","expire":1767175200000,"id":"ZGtnZm1vNTIzLWRUV1MtMjUwLTAtMTc1NTM3NjQzOTgyMw==","target_alt":"https://www.interactivebrokers.com?adid=ZGtnZm1vNTIzLWRUV1MtMjUwLTAtMTc1NTM3NjQzOTgyMw==","target":"https://www.interactivebrokers.com/en/index.php?f=53997&adid=ZGtnZm1vNTIzLWRUV1MtMjUwLTAtMTc1NTM3NjQzOTgyMw=="}
2025-08-16 20:33:59.884 [GP] INFO  [JTS-CachedThreadExecutor-31] - AdsManager: parsed json object: 
id: ZGtnZm1vNTIzLWRUV1MtMjUwLTAtMTc1NTM3NjQzOTgyMw==
expire: 1767175200000
imagePath: /info/image/250-0-1200x1000-en.jpg
target: https://www.interactivebrokers.com/en/index.php?f=53997&adid=ZGtnZm1vNTIzLWRUV1MtMjUwLTAtMTc1NTM3NjQzOTgyMw==
target_alt: https://www.interactivebrokers.com?adid=ZGtnZm1vNTIzLWRUV1MtMjUwLTAtMTc1NTM3NjQzOTgyMw==

2025-08-16 20:33:59.884 [GP] INFO  [JTS-CachedThreadExecutor-31] - AdsManager: try to save image  in/home/chris_s_dodd/optcom-1/ibc-setup/tws/paper-settings/fbnhdpkgodmcijdhnmebkikninekjeoddhapbcdb//250-0-1200x1000-en.jpg
2025-08-16 20:33:59.885 [GP] ERROR [JTS-CachedThreadExecutor-31] - Unable create ad locator: No such file or directory
2025-08-16 20:33:59.885 [GP] WARN  [JTS-CachedThreadExecutor-31] - Unable store ad locator: /home/chris_s_dodd/optcom-1/ibc-setup/tws/paper-settings/fbnhdpkgodmcijdhnmebkikninekjeoddhapbcdb/ad.locator (No such file or directory)
2025-08-16 20:33:59.962 [GP] INFO  [JTS-AuthDispatcherS3-27] - SPLASH 0562 step 3 AuthDispatcher.processDataItr
2025-08-16 20:33:59.964 [GP] INFO  [JTS-AuthDispatcherS3-27] - set nsMsgVersion: context=AuthStart; version=50
2025-08-16 20:33:59.965 [GP] INFO  [JTS-AuthDispatcherS3-27] - Received NS_AUTH_START: 1
2025-08-16 20:33:59.967 [GP] INFO  [JTS-AuthDispatcherS3-27] - pwd time to expiry ms: 2346999961000 days: 27165
2025-08-16 20:33:59.967 [GP] INFO  [JTS-AuthDispatcherS3-27] - Long pwd allowed: true
2025-08-16 20:33:59.967 [GP] INFO  [JTS-AuthDispatcherS3-27] -  NS_AUTH_START version=50 pwd=1 soft=0 token(s)=[token=0] initialTokenType=PWD authenticationType=MARKET_DATA_CONNECTION identityHashcode=1765353300
2025-08-16 20:33:59.968 [GP] INFO  [JTS-AuthDispatcherS3-27] - ### onStartAuthentication
2025-08-16 20:33:59.968 [GP] INFO  [JTS-AuthDispatcherS3-27] - Starting password Authentication
2025-08-16 20:33:59.968 [GP] INFO  [JTS-AuthDispatcherS3-27] - ### onXyzAuthQuery
2025-08-16 20:33:59.969 [GP] INFO  [JTS-AuthDispatcherS3-27] - sendXYZMessage: 777
2025-08-16 20:33:59.969 [GP] INFO  [JTS-AuthDispatcherS3-27] - UserCredentials.setFrom() [this=1439970969,other=1439970969,old=68a0eb36.0290,new=68a0eb36.0290].
2025-08-16 20:34:00.072 [GP] INFO  [JTS-AuthDispatcherS3-27] - Receiver: 777
2025-08-16 20:34:00.072 [GP] ERROR [JTS-AuthDispatcherS3-27] - ERROR: Received twslaunch.jauthentication.M with userName NOT PRINTED in it - this is not expected
2025-08-16 20:34:00.072 [GP] INFO  [JTS-AuthDispatcherS3-27] - processXYZMessage: 777, protocol version: 50
2025-08-16 20:34:00.072 [GP] INFO  [JTS-AuthDispatcherS3-27] - Received AUTH_PARAMS
2025-08-16 20:34:00.073 [GP] INFO  [JTS-AuthDispatcherS3-27] - ### onXyzAuthParams
2025-08-16 20:34:00.074 [GP] INFO  [JTS-AuthDispatcherS3-27] - sendXYZMessage: 777
2025-08-16 20:34:00.177 [GP] INFO  [JTS-AuthDispatcherS3-27] - SPLASH 0215 step 3 AuthDispatcher.processDataItr
2025-08-16 20:34:00.177 [GP] INFO  [JTS-AuthDispatcherS3-27] - Receiver: 777
2025-08-16 20:34:00.178 [GP] ERROR [JTS-AuthDispatcherS3-27] - ERROR: Received twslaunch.jauthentication.M with userName NOT PRINTED in it - this is not expected
2025-08-16 20:34:00.178 [GP] INFO  [JTS-AuthDispatcherS3-27] - processXYZMessage: 777, protocol version: 50
2025-08-16 20:34:00.178 [GP] INFO  [JTS-AuthDispatcherS3-27] - Received SERVER_PARAMS
2025-08-16 20:34:00.183 [GP] INFO  [JTS-AuthDispatcherS3-27] - Session Token received in AuthenticationMessageXYZ=e86bbXXXXX.., messageId=SERVER_KEY (4)
2025-08-16 20:34:00.184 [GP] INFO  [JTS-AuthDispatcherS3-27] - sendXYZMessage: 777
2025-08-16 20:34:00.288 [GP] INFO  [JTS-AuthDispatcherS3-27] - Receiver: 777
2025-08-16 20:34:00.288 [GP] ERROR [JTS-AuthDispatcherS3-27] - ERROR: Received twslaunch.jauthentication.M with userName NOT PRINTED in it - this is not expected
2025-08-16 20:34:00.288 [GP] INFO  [JTS-AuthDispatcherS3-27] - processXYZMessage: 777, protocol version: 50
2025-08-16 20:34:00.288 [GP] INFO  [JTS-AuthDispatcherS3-27] - Received AUTH_RESULT
2025-08-16 20:34:00.288 [GP] INFO  [JTS-AuthDispatcherS3-27] - ### onXyzAuthServerProof
2025-08-16 20:34:00.289 [GP] INFO  [JTS-AuthDispatcherS3-27] - Passed pwd authentication.
2025-08-16 20:34:00.289 [GP] INFO  [JTS-AuthDispatcherS3-27] - Authentication completed.
2025-08-16 20:34:00.289 [GP] INFO  [JTS-AuthDispatcherS3-27] - ### onAuthenticationCompleted tokenProtocol=0; authenticated=true
2025-08-16 20:34:00.289 [GP] INFO  [JTS-AuthDispatcherS3-27] - setting session token in AuthenticationHandler: authenticationType=MARKET_DATA_CONNECTION hashCode=1765353300 new=XYZSessionToken[type=SOFT,token=e86bbXXXXX..] old=null ctciOld=null
2025-08-16 20:34:00.289 [GP] INFO  [JTS-AuthDispatcherS3-27] - ccp session token non-CTCI is set as XYZSessionToken[type=SOFT,token=e86bbXXXXX..] 
2025-08-16 20:34:00.291 [GP] INFO  [JTS-AuthDispatcherS3-27] - Received NS_CONNECT_RESPONSE
2025-08-16 20:34:00.291 [GP] INFO  [JTS-AuthDispatcherS3-27] - Received CCP connect features: [TST, ONELOGON].
2025-08-16 20:34:00.295 [GP] INFO  [JTS-AuthDispatcherS3-27] - Log encryption support is enabled [authType=MARKET_DATA_CONNECTION,logKeyId=aaa,logKey=***,logUploadKey=dbkwvogsti].
2025-08-16 20:34:00.295 [GP] INFO  [JTS-AuthDispatcherS3-27] - CCP sent paperUser NOT PRINTED for prodUser NOT PRINTED
2025-08-16 20:34:00.296 [GP] INFO  [JTS-AuthDispatcherS3-27] - UserCredentials.setFrom() [this=1439970969,other=1439970969,old=68a0eb36.0290,new=68a0eb36.0290].
2025-08-16 20:34:00.299 [GP] INFO  [JTS-AuthDispatcherS3-27] - AuthDispatcher.newCommPort()[userDirname=fbnhdpkgodmcijdhnmebkikninekjeoddhapbcdb,restart=,authToken=null,ccpToken=XYZSessionToken[type=SOFT,token=e86bbXXXXX..]].
2025-08-16 20:34:00.299 [GP] INFO  [JTS-AuthDispatcherS3-27] - Daily auto-restart is not enabled.
2025-08-16 20:34:00.300 [GP] INFO  [JTS-AuthDispatcherS3-27] - Sending NSNewcommPort [tokenMask=2,tokens=XYZSessionToken[type=SOFT,token=e86bbXXXXX..]],shortTokenHashes=5ff389d8]...
2025-08-16 20:34:00.332 [GP] INFO  [JTS-DeadlockMonitor-2] - CPU:cur=11.14% avg=11.14% 30 min avg=11.14% 10 min avg=11.14% 5 min avg=11.14% 1 min avg=11.14%
GC:called=8 times CPU used=0.46%
Finalizer:cur=0.00% avg=0.00% 30 min avg=0.00% 10 min avg=0.00% 5 min avg=0.00% 1 min avg=0.00%
Threads Count:curr live=33 curr daemon=19
2025-08-16 20:34:00.403 [GP] INFO  [JTS-AuthDispatcherS3-27] - SPLASH 0226 step 3 AuthDispatcher.processDataItr
2025-08-16 20:34:00.403 [GP] INFO  [JTS-AuthDispatcherS3-27] - Received NS_FIX_START
2025-08-16 20:34:00.403 [GP] INFO  [JTS-AuthDispatcherS3-27] - ### onNsFixStart
2025-08-16 20:34:00.404 [GP] INFO  [JTS-PostAuthenticateS3-35] - Interrupting dispatcher [sessionID=3]...
2025-08-16 20:34:00.405 [GP] INFO  [JTS-AuthDispatcherS3-27] - Dispatcher thread terminating [sessionID=3,interrupted=true]...
2025-08-16 20:34:00.405 [GP] INFO  [JTS-PostAuthenticateS3-35] - AuthTimeoutMonitor-CCP: deactivate
2025-08-16 20:34:00.405 [GP] INFO  [JTS-PostAuthenticateS3-35] - Authentication complete
2025-08-16 20:34:00.405 [GP] INFO  [JTS-AuthTimeoutMonitorThread-CCP-28] - Terminating auth timeout monitor thread for CCP
2025-08-16 20:34:00.406 [GP] INFO  [JTS-PostAuthenticateS3-35] - Creating a FixLogonHandlerFactory instance...
2025-08-16 20:34:00.407 [GP] INFO  [JTS-PostAuthenticateS3-35] - Instance created.
2025-08-16 20:34:00.415 [GP] INFO  [AWT-EventQueue-0] - initPreUI() - entry
2025-08-16 20:34:00.416 [GP] INFO  [AWT-EventQueue-0] - jtsLookAndFeel uninitialized
2025-08-16 20:34:00.416 [GP] INFO  [AWT-EventQueue-0] - JtsLookAndFeel initialized
2025-08-16 20:34:00.421 [GP] INFO  [AWT-EventQueue-0] - Current LAF: TWS LAF
2025-08-16 20:34:00.422 [GP] INFO  [AWT-EventQueue-0] - initPreUI() - exit
2025-08-16 20:34:00.424 [GP] INFO  [JTS-PostAuthenticateS3-35] - JDOMFactory Class =interface org.jdom.JDOMFactory
2025-08-16 20:34:00.432 [GP] INFO  [JTS-PostAuthenticateS3-35] - hsqldb jdbc =class org.hsqldb.jdbcDriver 2.4
2025-08-16 20:34:00.437 [GP] INFO  [JTS-PostAuthenticateS3-35] - Changing state for connection from PRELOGON to PRELOGON in B 1490153109: SessionSocket:3
2025-08-16 20:34:00.438 [GP] INFO  [JTS-PostAuthenticateS3-35] - createOrRenameToNewStyleUserDirectory: create newDir=/home/chris_s_dodd/optcom-1/ibc-setup/tws/paper-settings/gaogbhhnlceecbplknlofkhgodapmgplgmlambim
2025-08-16 20:34:00.440 [GP] INFO  [JTS-PostAuthenticateS3-35] - performLogSwitch() [force=false]
2025-08-16 20:34:00.502 [GP] INFO  [JTS-PostAuthenticateS3-35] - Switching to a new encrypted log...
