2025-08-19 05:08:47.586 [UU] INFO  [JTS-Main] - ------------------------------- IB GATEWAY RESTART --------------------------------
2025-08-19 05:08:47.616 [UU] INFO  [JTS-Main] - installer version: unknown, installer type: standalone, install dir: 'null', Jts dir: '/home/chris_s_dodd/optcom-1/ibc-setup/tws/paper-settings', VM options file: 'null'
2025-08-19 05:08:47.722 [UU] INFO  [JTS-Main] - Verifying environment [entryPoint=IBGATEWAY_STANDALONE]...
2025-08-19 05:08:47.811 [UU] INFO  [JTS-Main] - Install4jAutoUpdateService initialized [props=LauncherProperties[updateDownloadUrl=null,skipUpdateCheck=false,nightlyEnabled=false,channelNameArg=null,channelName=latest,channelChanged=false,jtsConfigDir=/home/chris_s_dodd/optcom-1/ibc-setup/tws/paper-settings,apiPort=null,sessionId=null,installDir=null,exeName=null]].
2025-08-19 05:08:47.838 [UU] INFO  [JTS-Main] - PROXY Installed custom selector
2025-08-19 05:08:47.860 [UU] INFO  [JTS-Main] - useSsl=true,FIX endPoint=ndc1.ibllc.com:4001
2025-08-19 05:08:48.337 [UU] INFO  [JTS-Main] - Setting custom timezone: Africa/Abidjan
2025-08-19 05:08:48.383 [UU] INFO  [JTS-Main] - LOCALE: Property locale_to_use=null JTS Locale=en_US  country=United States  variant=
2025-08-19 05:08:48.388 [UU] INFO  [JTS-Main] - Region: Custom
2025-08-19 05:08:48.390 [UU] WARN  [JTS-Main] - The locales jar directory resolved to '/home/chris_s_dodd/optcom-1/ibc-setup/tws/paper-settings/jars' ('installDir' system property is not set).
2025-08-19 05:08:48.399 [UU] INFO  [JTS-Main] - Starting to download 'https://download2.interactivebrokers.com/java/classes/locales.jar' using HotBackup 'https://download2.interactivebrokers.com/java/classes/locales.jar'
2025-08-19 05:08:49.848 [UU] INFO  [JTS-Main] - LOCALE: needToUpdate  dest=/home/chris_s_dodd/optcom-1/ibc-setup/tws/paper-settings/jars/locales.jar  sourceMod=2019-11-07 15:30:14  destMod=2019-11-07 15:30:14  sourceSize=114646  destSize=114646  conditions=[NEWER_REMOTE, LOCAL_IN_FUTURE, SIZE_DIFFERS]  download=false
2025-08-19 05:08:49.848 [UU] INFO  [JTS-Main] - LOCALE: /home/chris_s_dodd/optcom-1/ibc-setup/tws/paper-settings/jars/locales.jar already up-to-date
2025-08-19 05:08:49.849 [UU] WARN  [JTS-Main] - The locales jar directory resolved to '/home/chris_s_dodd/optcom-1/ibc-setup/tws/paper-settings/jars' ('installDir' system property is not set).
2025-08-19 05:08:49.850 [UU] WARN  [JTS-Main] - The locales jar directory resolved to '/home/chris_s_dodd/optcom-1/ibc-setup/tws/paper-settings/jars' ('installDir' system property is not set).
2025-08-19 05:08:49.887 [UU] INFO  [JTS-Main] - DocumentBuilderFactory=jrt:/java.xml/com/sun/org/apache/xerces/internal/jaxp/DocumentBuilderFactoryImpl.class
2025-08-19 05:08:50.039 [UU] INFO  [JTS-Main] - LOCALE: loaded 9 supported locales
2025-08-19 05:08:50.105 [UU] INFO  [JTS-Main] - LOCALE: loaded 8 countries
2025-08-19 05:08:50.105 [UU] WARN  [JTS-Main] - The locales jar directory resolved to '/home/chris_s_dodd/optcom-1/ibc-setup/tws/paper-settings/jars' ('installDir' system property is not set).
2025-08-19 05:08:50.134 [UU] INFO  [JTS-Main] - Locale from ini: en
2025-08-19 05:08:50.135 [UU] INFO  [JTS-Main] - LOCALE: created classloader java.net.URLClassLoader@436390f4 with file:/home/chris_s_dodd/optcom-1/ibc-setup/tws/paper-settings/jars/locales.jar, parent: jdk.internal.loader.ClassLoaders$AppClassLoader@7aec35a
2025-08-19 05:08:50.137 [UU] INFO  [JTS-Main] - Locale=en_US  country=United States  variant=
2025-08-19 05:08:50.148 [UU] INFO  [JTS-Main] - prohibiting class lookup [twslaunch.ji18n.LauncherLanguage]
2025-08-19 05:08:50.155 [UU] INFO  [JTS-Main] - prohibiting class lookup [twslaunch.ji18n.LauncherLanguage_en]
2025-08-19 05:08:50.157 [UU] INFO  [JTS-Main] - prohibiting class lookup [twslaunch.ji18n.LauncherLanguage_en_US]
2025-08-19 05:08:50.159 [UU] INFO  [JTS-Main] - LOCALE:  type: launcher intended: en_US actual:  size: 500
2025-08-19 05:08:50.161 [UU] INFO  [JTS-Main] - settings dir: '/home/chris_s_dodd/optcom-1/ibc-setup/tws/paper-settings'
2025-08-19 05:08:50.957 [UU] INFO  [JTS-Main] - LauncherFontUpdater: simulatehighdefscreen=false
2025-08-19 05:08:50.976 [UU] INFO  [JTS-Main] - LauncherFontUpdater: Screen dimensions=1024x768
2025-08-19 05:08:50.979 [UU] INFO  [JTS-Main] - LauncherFontUpdater: highres=false
2025-08-19 05:08:50.983 [UU] INFO  [JTS-Main] - LauncherFontUpdater: FontSize=16
2025-08-19 05:08:50.984 [UU] INFO  [JTS-Main] - initPreUI() - entry
2025-08-19 05:08:51.034 [UU] INFO  [JTS-Main] - Build 10.37.1k, Aug 7, 2025 11:58:23 AM
2025-08-19 05:08:51.258 [UU] INFO  [JTS-Main] - LookAndFeelChangedListener installed
2025-08-19 05:08:51.284 [UU] INFO  [JTS-Main] - JtsLookAndFeel initialized
2025-08-19 05:08:52.679 [UU] INFO  [JTS-Main] - Current LAF: TWS LAF
2025-08-19 05:08:52.681 [UU] INFO  [JTS-Main] - initPreUI() - exit
2025-08-19 05:08:52.696 [UU] INFO  [JTS-MiscUlrsRequester-5] - Connecting cdc1.ibllc.com:4000 timeout=10000...
2025-08-19 05:08:52.807 [UU] INFO  [JTS-MiscUlrsRequester-5] - Connected to cdc1.ibllc.com:4000/8.17.22.31 remote-ip on local port 0 socket local addrs:port /10.164.0.2:49602
2025-08-19 05:08:52.809 [UU] INFO  [JTS-MiscUlrsRequester-5] - Updating machine info [connectionAddress=/10.164.0.2]...
2025-08-19 05:08:52.811 [UU] INFO  [JTS-MiscUlrsRequester-5] - Creating unique random...
2025-08-19 05:08:52.815 [UU] INFO  [JTS-MiscUlrsRequester-5] - id=ee2618bb
2025-08-19 05:08:52.816 [UU] INFO  [JTS-MiscUlrsRequester-5] - Resolving MAC address...
2025-08-19 05:08:52.829 [UU] INFO  [JTS-MiscUlrsRequester-5] - MACNetworkInfo created <ee2618bb|42:01:0A:A4:00:02|10.164.0.2>.
2025-08-19 05:08:52.891 [UU] INFO  [JTS-MISC URLsListenerS1-6] - Starting listener thread [sessionID=1]...
2025-08-19 05:08:52.996 [UU] INFO  [JTS-MiscUlrsRequester-5] - Sending MiscUrls request
2025-08-19 05:08:52.997 [UU] INFO  [JTS-AuthDispatcherS1-7] - Starting dispatcher thread [sessionID=1]...
2025-08-19 05:08:53.009 [UU] WARN  [JTS-DeadlockMonitor-2] - instance of control is not created yet
2025-08-19 05:08:53.015 [UU] INFO  [JTS-MiscUlrsRequester-5] - LOGIN_TIME_MONITOR	 false 05:08:53:008 since start = 1 thread delay = 1 global delay = -7 tag=null, cls=AuthDispatcher method=send
2025-08-19 05:08:53.017 [UU] INFO  [JTS-DeadlockMonitor-2] - Memory:total=786,432KB free=759,163KB HeapUsage: Max=786,432KB used=28,953KB committed=51,200KB NonHeapUsage: Max=0KB used=56,803KB committed=59,648KB
2025-08-19 05:08:53.019 [UU] INFO  [JTS-AuthResponseMonitor-8] - Starting auth response monitor thread
2025-08-19 05:08:53.019 [UU] INFO  [JTS-MISC URLsListenerS1-6] - Initial listener buffer size is 65536.
2025-08-19 05:08:53.020 [UU] INFO  [JTS-MISC URLsListenerS1-6] - Listener thread [sessionID=1] is ready to process messages.
2025-08-19 05:08:53.126 [UU] INFO  [JTS-AuthDispatcherS1-7] - Received NS_MISC_URLS
2025-08-19 05:08:53.132 [UU] INFO  [JTS-AuthDispatcherS1-7] - IBMiscUrl.miscUrlMessage()[sslRequired=true]
2025-08-19 05:08:53.134 [UU] INFO  [JTS-AuthDispatcherS1-7] - Misc URL: scope is blank - setting userScope to EXTERNAL
2025-08-19 05:08:53.137 [UU] INFO  [JTS-AuthDispatcherS1-7] - Misc URL: setting userScope to EXTERNAL
2025-08-19 05:08:53.155 [UU] INFO  [JTS-AuthDispatcherS1-7] - Disconnecting cdc1.ibllc.com:4000 [disconnectDetails=DisconnectDetails[sessionID=1,endPoint=cdc1.ibllc.com:4000,reason=DISCONNECT_BY_DESIGN,cause=null,systemMessage=null,keepSocketOpen=false]]...
2025-08-19 05:08:53.159 [UU] INFO  [JTS-AuthDispatcherS1-7] - Socket closed.
2025-08-19 05:08:53.159 [UU] INFO  [JTS-MISC URLsListenerS1-6] - Socket or stream for connection cdc1.ibllc.com:4000 was closed by another thread.
2025-08-19 05:08:53.159 [UU] INFO  [JTS-AuthDispatcherS1-7] - SocketTracker[name=name=MISC URLs(cdc1.ibllc.com:4000),usesCcpConMan=false,lastReadTimestamp=1755580133119,lastReadDateTime=2025-08-19T05:08:53.119,lastFixSendTime=].
2025-08-19 05:08:53.160 [UU] INFO  [JTS-AuthDispatcherS1-7] - Interrupting dispatcher [sessionID=1]...
2025-08-19 05:08:53.162 [UU] INFO  [JTS-AuthDispatcherS1-7] - Interrupting listener [sessionID=1,disconnectSocket=true]...
2025-08-19 05:08:53.165 [UU] INFO  [JTS-MISC URLsListenerS1-6] - Listener thread terminating [sessionID=1] [seen=1159,totalShifted=1159,moreAvailable=0]
2025-08-19 05:08:53.165 [UU] INFO  [JTS-AuthDispatcherS1-7] - Dispatcher thread terminating [sessionID=1,interrupted=true]...
2025-08-19 05:08:53.169 [UU] INFO  [JTS-AuthResponseMonitor-8] - Terminating auth response monitor thread
2025-08-19 05:08:54.084 [UU] INFO  [JTS-DeadlockMonitor-2] - CPU:cur=27.40% avg=27.40% 30 min avg=27.40% 10 min avg=27.40% 5 min avg=27.40% 1 min avg=27.40%
GC:called=7 times CPU used=0.69%
Finalizer:cur=0.00% avg=0.00% 30 min avg=0.00% 10 min avg=0.00% 5 min avg=0.00% 1 min avg=0.00%
Threads Count:curr live=27 curr daemon=18
2025-08-19 05:08:55.202 [UU] INFO  [AWT-EventQueue-0] - Default timezone:Africa/Abidjan
2025-08-19 05:08:55.206 [UU] INFO  [AWT-EventQueue-0] - Starting GstatMessageMgr...
2025-08-19 05:08:55.211 [UU] INFO  [JTS-GstatMessageMgr-11] - Sending a request to GSTAT [url=https://api.ibkr.com/v1/gstat//bulletins,data='{"p":"10371k","t":"Maintenance","tz":"Africa/Abidjan","format":"webapp","theme":"dark","fontSize":"12px","lang":"en"}']...
2025-08-19 05:08:55.316 [UU] INFO  [AWT-EventQueue-0] - Started on 20250819-05:08:55
2025-08-19 05:08:55.330 [UU] INFO  [AWT-EventQueue-0] - Default timezone:Africa/Abidjan name:Greenwich Mean Time dst:0
2025-08-19 05:08:55.330 [UU] INFO  [AWT-EventQueue-0] - java version = 17.0.10.0.101
2025-08-19 05:08:55.331 [UU] INFO  [AWT-EventQueue-0] - sun.arch.data.model = 64
2025-08-19 05:08:55.331 [UU] INFO  [AWT-EventQueue-0] - os = Linux
2025-08-19 05:08:55.331 [UU] INFO  [AWT-EventQueue-0] - os version = 6.14.0-1012-gcp
2025-08-19 05:08:55.331 [UU] INFO  [AWT-EventQueue-0] - os architecture = 32
2025-08-19 05:08:55.331 [UU] INFO  [AWT-EventQueue-0] - runtime = OpenJDK Runtime Environment
2025-08-19 05:08:55.331 [UU] INFO  [AWT-EventQueue-0] - vendor = Azul Systems, Inc.
2025-08-19 05:08:55.332 [UU] INFO  [AWT-EventQueue-0] - vm name = OpenJDK 64-Bit Server VM
2025-08-19 05:08:55.332 [UU] INFO  [AWT-EventQueue-0] - username = 'chris_s_dodd'
2025-08-19 05:08:55.487 [UU] INFO  [JTS-GstatMessageMgr-11] - Received response [errorCode=204,contentLen=-1].
2025-08-19 05:08:56.334 [UU] INFO  [AWT-EventQueue-0] - OvernightManager.dayInit: new values: dayOfTheWeek: 3 (Tue), YYYYMMofToday: 202508, YYYYMMDDofToday: 20250819, m_todayDate: 20250819, dueToChangeInTimezone: false
2025-08-19 05:08:57.300 [UU] INFO  [AWT-EventQueue-0] - Stopping GstatMessageMgr...
2025-08-19 05:08:57.305 [UU] INFO  [AWT-EventQueue-0] - Setting dir is /home/chris_s_dodd/optcom-1/ibc-setup/tws/paper-settings/
2025-08-19 05:08:57.307 [UU] INFO  [AWT-EventQueue-0] - PROXY Cleared HTTP proxy: no valid proxy is present (passing on :0)
2025-08-19 05:08:57.316 [UU] INFO  [AWT-EventQueue-0] - BaseIniFile.saveGatewayFixEndPoint() [host=ndc1.ibllc.com,port=4001]...
2025-08-19 05:08:57.317 [UU] INFO  [AWT-EventQueue-0] - SPLASH Creating screen with 5 steps
2025-08-19 05:08:57.459 [UU] INFO  [AWT-EventQueue-0] - SplashScreen: using ads manager
2025-08-19 05:08:57.464 [UU] INFO  [AWT-EventQueue-0] - AdImageContainer: start build ads UI
2025-08-19 05:08:57.491 [UU] INFO  [JTS-CachedThreadExecutor-12] - AdManager: NEXT_AD request https://api.ibkr.com/tws.proxy/info/next?platform=dTWS&size=1200x1000&lang=en&version=10371&build=latest
2025-08-19 05:08:57.492 [UU] INFO  [JTS-CachedThreadExecutor-12] - AdManager: sending request with header X-USERNAME
2025-08-19 05:08:57.767 [UU] INFO  [JTS-CachedThreadExecutor-12] - AdManager: NEXT_AD request is ok
2025-08-19 05:08:57.789 [UU] INFO  [JTS-CachedThreadExecutor-12] - AdManager: NEXT_AD receive raw response {"imagePath":"/info/image/328-0-1200x1000-en.jpg","expire":1767193200000,"id":"ZGtnZm1vNTIzLWRUV1MtMzI4LTAtMTc1NTU4MDEzNzY2NQ==","target_alt":"https://www.interactivebrokers.com?adid=ZGtnZm1vNTIzLWRUV1MtMzI4LTAtMTc1NTU4MDEzNzY2NQ==","target":"http://www.interactivebrokers.com/en/trading/ibkr-desktop.php?adid=ZGtnZm1vNTIzLWRUV1MtMzI4LTAtMTc1NTU4MDEzNzY2NQ=="}
2025-08-19 05:08:58.033 [UU] INFO  [JTS-CachedThreadExecutor-12] - AdsManager: parsed json object: 
id: ZGtnZm1vNTIzLWRUV1MtMzI4LTAtMTc1NTU4MDEzNzY2NQ==
expire: 1767193200000
imagePath: /info/image/328-0-1200x1000-en.jpg
target: http://www.interactivebrokers.com/en/trading/ibkr-desktop.php?adid=ZGtnZm1vNTIzLWRUV1MtMzI4LTAtMTc1NTU4MDEzNzY2NQ==
target_alt: https://www.interactivebrokers.com?adid=ZGtnZm1vNTIzLWRUV1MtMzI4LTAtMTc1NTU4MDEzNzY2NQ==

2025-08-19 05:08:58.387 [UU] INFO  [AWT-EventQueue-0] - initAutoEncryptionMenu(): autoEncryption set to true
2025-08-19 05:08:58.444 [UU] INFO  [AWT-EventQueue-0] - Contacting cdc1.ibllc.com:4001 as user NOT PRINTED
2025-08-19 05:08:58.457 [UU] INFO  [JavaFX Application Thread] - GstatMessagePanel: setup web app is done
2025-08-19 05:08:58.498 [UU] INFO  [AWT-EventQueue-0] - UserCredentials.sessionId() [this=1698385904,old=null,new=68a406ea.01e8].
2025-08-19 05:08:58.499 [UU] INFO  [AWT-EventQueue-0] - CONN CALC: Last connection attempt time is cleared!
2025-08-19 05:08:58.499 [UU] INFO  [AWT-EventQueue-0] - CONN CALC: Last connection set as now:05:08:58:499
2025-08-19 05:08:58.500 [UU] INFO  [AWT-EventQueue-0] - Prelogin delay:0
2025-08-19 05:08:58.522 [UU] INFO  [JTS-Login-14] - Starting launcher login thread
2025-08-19 05:08:58.529 [UU] INFO  [JTS-Login-14] - LauncherLoginThread.runLoginWithUI()[hotBackupStrategy=ON,loginAttempt=1,socketDelay=20000].
2025-08-19 05:08:58.530 [UU] INFO  [JTS-Login-14] - SPLASH Connecting to server
2025-08-19 05:08:58.538 [UU] INFO  [JTS-Login-14] - ### startLogin startTime=1755580138498
2025-08-19 05:08:58.539 [UU] INFO  [JTS-Login-14] - ### loginAttempt loginAttempt=1
2025-08-19 05:08:58.539 [UU] INFO  [JTS-Login-14] - Connecting cdc1.ibllc.com:4001 (SSL) timeout=20000...
2025-08-19 05:08:58.539 [UU] INFO  [JTS-Login-14] - ### onSocketOpenStart socketOpenStart=1755580138539; endPoint=cdc1.ibllc.com; port=4001
2025-08-19 05:08:58.577 [UU] INFO  [JTS-Order-Audit-15] - Starting async queue thread
2025-08-19 05:08:58.575 [UU] INFO  [AWT-EventQueue-0] - Network monitor is activated
2025-08-19 05:08:58.666 [UU] INFO  [JTS-Login-14] - ### onSocketOpenEnd socketOpenEnd=1755580138666
2025-08-19 05:08:58.667 [UU] INFO  [JTS-Login-14] - Connected to cdc1.ibllc.com:4001 (SSL)/8.17.22.31 remote-ip on local port 0 socket local addrs:port /10.164.0.2:35796
2025-08-19 05:08:58.667 [UU] INFO  [JTS-Login-14] - Updating machine info [connectionAddress=/10.164.0.2]...
2025-08-19 05:08:58.677 [UU] INFO  [JTS-Login-14] - JTSAuthConnection.onConnected(): lastKnownCipherStatus=INSECURE
2025-08-19 05:08:58.677 [UU] INFO  [JTS-Login-14] - Changing state for connection from PRELOGON to PRELOGON in B 1055168425: SessionSocket:2
2025-08-19 05:08:58.680 [UU] INFO  [JTS-Login-14] - Authenticating
2025-08-19 05:08:58.686 [UU] INFO  [JTS-Login-14] - AuthTimeoutMonitor-CCP: deactivate
2025-08-19 05:08:58.686 [UU] INFO  [JTS-Login-14] - AuthTimeoutMonitor-CCP: timeout=20000
2025-08-19 05:08:58.686 [UU] INFO  [JTS-CCPListenerS2-17] - Starting listener thread [sessionID=2]...
2025-08-19 05:08:58.690 [UU] INFO  [JTS-Login-14] - AuthTimeoutMonitor-CCP: activate
2025-08-19 05:08:58.691 [UU] INFO  [JTS-Login-14] - SPLASH -0001 step 1 AuthDispatcher.connect
2025-08-19 05:08:58.694 [UU] INFO  [JTS-AuthTimeoutMonitorThread-CCP-19] - Starting auth timeout monitor thread for CCP
2025-08-19 05:08:58.695 [UU] INFO  [JTS-Login-14] - Sending connect request
2025-08-19 05:08:58.696 [UU] INFO  [JTS-AuthDispatcherS2-18] - Starting dispatcher thread [sessionID=2]...
2025-08-19 05:08:58.704 [UU] INFO  [JTS-Login-14] - AuthDispatcher.initNSMsgVersionLimits: minVersion=38, maxVersion=50
2025-08-19 05:08:58.712 [UU] INFO  [JTS-Login-14] - AuthDispatcher.NSConnectRequest: userSessionID=68a406ea.01e8, beeDemoType=NULL
2025-08-19 05:08:58.715 [UU] INFO  [JTS-Login-14] - ### onNsMsg loginMessageReq=1755580138715; brandNewUser=false
2025-08-19 05:08:58.717 [UU] INFO  [JTS-Login-14] - mapProdToPaper: In NSConnectRequest: sending PAPER_CONNECT=0x2000
2025-08-19 05:08:58.722 [UU] INFO  [JTS-Login-14] - NSConnectRequest: sending CLIENT_USE_SSL=0x80000
2025-08-19 05:08:58.775 [UU] INFO  [AWT-EventQueue-0] - AdImageContainer: ad image is shown
2025-08-19 05:08:58.776 [UU] INFO  [AWT-EventQueue-0] - AdsManager: request image to put in cache
2025-08-19 05:08:58.776 [UU] INFO  [JTS-CachedThreadExecutor-12] - AdManager: IMAGE_SHOWN request https://api.ibkr.com/tws.proxy/info/show/ZGtnZm1vNTIzLWRUV1MtMzI4LTAtMTc1NTU4MDEzNzY2NQ==
2025-08-19 05:08:58.778 [UU] INFO  [JTS-CachedThreadExecutor-21] - AdManager: NEXT_AD request https://api.ibkr.com/tws.proxy/info/next?platform=dTWS&size=1200x1000&lang=en&version=10371&build=latest
2025-08-19 05:08:58.779 [UU] INFO  [JTS-CachedThreadExecutor-21] - AdManager: sending request with header X-USERNAME
2025-08-19 05:08:58.805 [UU] ERROR [JTS-CachedThreadExecutor-12] - AdManager: IMAGE_SHOWN service 411
2025-08-19 05:08:59.008 [UU] INFO  [JTS-CachedThreadExecutor-21] - AdManager: NEXT_AD request is ok
2025-08-19 05:08:59.009 [UU] INFO  [JTS-CachedThreadExecutor-21] - AdManager: NEXT_AD receive raw response {"imagePath":"/info/image/250-0-1200x1000-en.jpg","expire":1767175200000,"id":"ZGtnZm1vNTIzLWRUV1MtMjUwLTAtMTc1NTU4MDEzODk0OA==","target_alt":"https://www.interactivebrokers.com?adid=ZGtnZm1vNTIzLWRUV1MtMjUwLTAtMTc1NTU4MDEzODk0OA==","target":"https://www.interactivebrokers.com/en/index.php?f=53997&adid=ZGtnZm1vNTIzLWRUV1MtMjUwLTAtMTc1NTU4MDEzODk0OA=="}
2025-08-19 05:08:59.010 [UU] INFO  [JTS-CachedThreadExecutor-21] - AdsManager: parsed json object: 
id: ZGtnZm1vNTIzLWRUV1MtMjUwLTAtMTc1NTU4MDEzODk0OA==
expire: 1767175200000
imagePath: /info/image/250-0-1200x1000-en.jpg
target: https://www.interactivebrokers.com/en/index.php?f=53997&adid=ZGtnZm1vNTIzLWRUV1MtMjUwLTAtMTc1NTU4MDEzODk0OA==
target_alt: https://www.interactivebrokers.com?adid=ZGtnZm1vNTIzLWRUV1MtMjUwLTAtMTc1NTU4MDEzODk0OA==

2025-08-19 05:08:59.011 [UU] INFO  [JTS-CachedThreadExecutor-21] - AdsManager: try to save image  in/home/chris_s_dodd/optcom-1/ibc-setup/tws/paper-settings/fbnhdpkgodmcijdhnmebkikninekjeoddhapbcdb//250-0-1200x1000-en.jpg
2025-08-19 05:08:59.011 [UU] ERROR [JTS-CachedThreadExecutor-21] - Unable create ad locator: No such file or directory
2025-08-19 05:08:59.012 [UU] WARN  [JTS-CachedThreadExecutor-21] - Unable store ad locator: /home/chris_s_dodd/optcom-1/ibc-setup/tws/paper-settings/fbnhdpkgodmcijdhnmebkikninekjeoddhapbcdb/ad.locator (No such file or directory)
2025-08-19 05:08:59.154 [UU] INFO  [JTS-Login-14] - SPLASH Authenticating
2025-08-19 05:08:59.154 [UU] INFO  [JTS-CCPListenerS2-17] - Initial listener buffer size is 65536.
2025-08-19 05:08:59.155 [UU] INFO  [JTS-CCPListenerS2-17] - Listener thread [sessionID=2] is ready to process messages.
2025-08-19 05:08:59.156 [UU] INFO  [JTS-Login-14] - Terminating launcher login thread
2025-08-19 05:08:59.259 [UU] INFO  [JTS-AuthDispatcherS2-18] - SPLASH 0567 step 2 AuthDispatcher.processDataItr
2025-08-19 05:08:59.260 [UU] INFO  [JTS-AuthDispatcherS2-18] - set nsMsgVersion: context=AuthStart; version=50
2025-08-19 05:08:59.262 [UU] INFO  [JTS-AuthDispatcherS2-18] - Received NS_AUTH_START: 1
2025-08-19 05:08:59.263 [UU] INFO  [JTS-AuthDispatcherS2-18] - pwd time to expiry ms: 2346796261000 days: 27162
2025-08-19 05:08:59.264 [UU] INFO  [JTS-AuthDispatcherS2-18] - Long pwd allowed: true
2025-08-19 05:08:59.264 [UU] INFO  [JTS-AuthDispatcherS2-18] -  NS_AUTH_START version=50 pwd=1 soft=0 token(s)=[token=0] initialTokenType=PWD authenticationType=MARKET_DATA_CONNECTION identityHashcode=2035874069
2025-08-19 05:08:59.266 [UU] INFO  [JTS-AuthDispatcherS2-18] - ### onStartAuthentication
2025-08-19 05:08:59.267 [UU] INFO  [JTS-AuthDispatcherS2-18] - Starting password Authentication
2025-08-19 05:08:59.267 [UU] INFO  [JTS-AuthDispatcherS2-18] - ### onXyzAuthQuery
2025-08-19 05:08:59.267 [UU] INFO  [JTS-AuthDispatcherS2-18] - sendXYZMessage: 777
2025-08-19 05:08:59.268 [UU] INFO  [JTS-AuthDispatcherS2-18] - UserCredentials.setFrom() [this=1698385904,other=1698385904,old=68a406ea.01e8,new=68a406ea.01e8].
2025-08-19 05:08:59.371 [UU] INFO  [JTS-AuthDispatcherS2-18] - Receiver: 777
2025-08-19 05:08:59.372 [UU] ERROR [JTS-AuthDispatcherS2-18] - ERROR: Received twslaunch.jauthentication.M with userName NOT PRINTED in it - this is not expected
2025-08-19 05:08:59.373 [UU] INFO  [JTS-AuthDispatcherS2-18] - processXYZMessage: 777, protocol version: 50
2025-08-19 05:08:59.373 [UU] INFO  [JTS-AuthDispatcherS2-18] - Received AUTH_PARAMS
2025-08-19 05:08:59.373 [UU] INFO  [JTS-AuthDispatcherS2-18] - ### onXyzAuthParams
2025-08-19 05:08:59.375 [UU] INFO  [JTS-AuthDispatcherS2-18] - sendXYZMessage: 777
2025-08-19 05:08:59.479 [UU] INFO  [JTS-AuthDispatcherS2-18] - SPLASH 0221 step 2 AuthDispatcher.processDataItr
2025-08-19 05:08:59.480 [UU] INFO  [JTS-AuthDispatcherS2-18] - Receiver: 777
2025-08-19 05:08:59.480 [UU] ERROR [JTS-AuthDispatcherS2-18] - ERROR: Received twslaunch.jauthentication.M with userName NOT PRINTED in it - this is not expected
2025-08-19 05:08:59.481 [UU] INFO  [JTS-AuthDispatcherS2-18] - processXYZMessage: 777, protocol version: 50
2025-08-19 05:08:59.481 [UU] INFO  [JTS-AuthDispatcherS2-18] - Received SERVER_PARAMS
2025-08-19 05:08:59.489 [UU] INFO  [JTS-AuthDispatcherS2-18] - Session Token received in AuthenticationMessageXYZ=ef192XXXXX.., messageId=SERVER_KEY (4)
2025-08-19 05:08:59.491 [UU] INFO  [JTS-AuthDispatcherS2-18] - sendXYZMessage: 777
2025-08-19 05:08:59.595 [UU] INFO  [JTS-AuthDispatcherS2-18] - Receiver: 777
2025-08-19 05:08:59.596 [UU] ERROR [JTS-AuthDispatcherS2-18] - ERROR: Received twslaunch.jauthentication.M with userName NOT PRINTED in it - this is not expected
2025-08-19 05:08:59.596 [UU] INFO  [JTS-AuthDispatcherS2-18] - processXYZMessage: 777, protocol version: 50
2025-08-19 05:08:59.596 [UU] INFO  [JTS-AuthDispatcherS2-18] - Received AUTH_RESULT
2025-08-19 05:08:59.597 [UU] INFO  [JTS-AuthDispatcherS2-18] - ### onXyzAuthServerProof
2025-08-19 05:08:59.597 [UU] INFO  [JTS-AuthDispatcherS2-18] - Passed pwd authentication.
2025-08-19 05:08:59.597 [UU] INFO  [JTS-AuthDispatcherS2-18] - Authentication completed.
2025-08-19 05:08:59.597 [UU] INFO  [JTS-AuthDispatcherS2-18] - ### onAuthenticationCompleted tokenProtocol=0; authenticated=true
2025-08-19 05:08:59.598 [UU] INFO  [JTS-AuthDispatcherS2-18] - setting session token in AuthenticationHandler: authenticationType=MARKET_DATA_CONNECTION hashCode=2035874069 new=XYZSessionToken[type=SOFT,token=ef192XXXXX..] old=null ctciOld=null
2025-08-19 05:08:59.598 [UU] INFO  [JTS-AuthDispatcherS2-18] - ccp session token non-CTCI is set as XYZSessionToken[type=SOFT,token=ef192XXXXX..] 
2025-08-19 05:08:59.598 [UU] INFO  [JTS-AuthDispatcherS2-18] - Received NS_CONNECT_RESPONSE
2025-08-19 05:08:59.599 [UU] INFO  [JTS-AuthDispatcherS2-18] - Received CCP connect features: [TST, ONELOGON].
2025-08-19 05:08:59.605 [UU] INFO  [JTS-AuthDispatcherS2-18] - Log encryption support is enabled [authType=MARKET_DATA_CONNECTION,logKeyId=aaa,logKey=***,logUploadKey=dbkwvogsti].
2025-08-19 05:08:59.606 [UU] INFO  [JTS-AuthDispatcherS2-18] - CCP sent paperUser NOT PRINTED for prodUser NOT PRINTED
2025-08-19 05:08:59.606 [UU] INFO  [JTS-AuthDispatcherS2-18] - UserCredentials.setFrom() [this=1698385904,other=1698385904,old=68a406ea.01e8,new=68a406ea.01e8].
2025-08-19 05:08:59.609 [UU] INFO  [JTS-AuthDispatcherS2-18] - AuthDispatcher.newCommPort()[userDirname=fbnhdpkgodmcijdhnmebkikninekjeoddhapbcdb,restart=,authToken=null,ccpToken=XYZSessionToken[type=SOFT,token=ef192XXXXX..]].
2025-08-19 05:08:59.610 [UU] INFO  [JTS-AuthDispatcherS2-18] - Daily auto-restart is not enabled.
2025-08-19 05:08:59.611 [UU] INFO  [JTS-AuthDispatcherS2-18] - Sending NSNewcommPort [tokenMask=2,tokens=XYZSessionToken[type=SOFT,token=ef192XXXXX..]],shortTokenHashes=8bd23a2d]...
2025-08-19 05:08:59.716 [UU] INFO  [JTS-AuthDispatcherS2-18] - SPLASH 0236 step 2 AuthDispatcher.processDataItr
2025-08-19 05:08:59.716 [UU] INFO  [JTS-AuthDispatcherS2-18] - Received NS_FIX_START
2025-08-19 05:08:59.716 [UU] INFO  [JTS-AuthDispatcherS2-18] - ### onNsFixStart
2025-08-19 05:08:59.718 [UU] INFO  [JTS-PostAuthenticateS2-25] - Interrupting dispatcher [sessionID=2]...
2025-08-19 05:08:59.719 [UU] INFO  [JTS-AuthDispatcherS2-18] - Dispatcher thread terminating [sessionID=2,interrupted=true]...
2025-08-19 05:08:59.720 [UU] INFO  [JTS-PostAuthenticateS2-25] - AuthTimeoutMonitor-CCP: deactivate
2025-08-19 05:08:59.720 [UU] INFO  [JTS-AuthTimeoutMonitorThread-CCP-19] - Terminating auth timeout monitor thread for CCP
2025-08-19 05:08:59.720 [UU] INFO  [JTS-PostAuthenticateS2-25] - Authentication complete
2025-08-19 05:08:59.720 [UU] INFO  [JTS-PostAuthenticateS2-25] - Creating a FixLogonHandlerFactory instance...
2025-08-19 05:08:59.723 [UU] INFO  [JTS-PostAuthenticateS2-25] - Instance created.
2025-08-19 05:08:59.737 [UU] INFO  [AWT-EventQueue-0] - initPreUI() - entry
2025-08-19 05:08:59.738 [UU] INFO  [AWT-EventQueue-0] - jtsLookAndFeel uninitialized
2025-08-19 05:08:59.738 [UU] INFO  [AWT-EventQueue-0] - JtsLookAndFeel initialized
2025-08-19 05:08:59.745 [UU] INFO  [AWT-EventQueue-0] - Current LAF: TWS LAF
2025-08-19 05:08:59.745 [UU] INFO  [AWT-EventQueue-0] - initPreUI() - exit
2025-08-19 05:08:59.748 [UU] INFO  [JTS-PostAuthenticateS2-25] - JDOMFactory Class =interface org.jdom.JDOMFactory
2025-08-19 05:08:59.771 [UU] INFO  [JTS-PostAuthenticateS2-25] - hsqldb jdbc =class org.hsqldb.jdbcDriver 2.4
2025-08-19 05:08:59.785 [UU] INFO  [JTS-PostAuthenticateS2-25] - Changing state for connection from PRELOGON to PRELOGON in B 1055168425: SessionSocket:2
2025-08-19 05:08:59.786 [UU] INFO  [JTS-PostAuthenticateS2-25] - createOrRenameToNewStyleUserDirectory: no action: use existing newDir=/home/chris_s_dodd/optcom-1/ibc-setup/tws/paper-settings/gaogbhhnlceecbplknlofkhgodapmgplgmlambim
2025-08-19 05:08:59.789 [UU] INFO  [JTS-PostAuthenticateS2-25] - performLogSwitch() [force=false]
2025-08-19 05:08:59.806 [UU] INFO  [JTS-PostAuthenticateS2-25] - Switching to a new encrypted log...
2025-08-19 20:03:11.408 [MJ] INFO  [JTS-Main] - ------------------------------- IB GATEWAY RESTART --------------------------------
2025-08-19 20:03:11.416 [MJ] INFO  [JTS-Main] - installer version: unknown, installer type: standalone, install dir: 'null', Jts dir: '/home/chris_s_dodd/optcom-1/ibc-setup/tws/paper-settings', VM options file: 'null'
2025-08-19 20:03:11.480 [MJ] INFO  [JTS-Main] - Verifying environment [entryPoint=IBGATEWAY_STANDALONE]...
2025-08-19 20:03:11.594 [MJ] INFO  [JTS-Main] - Install4jAutoUpdateService initialized [props=LauncherProperties[updateDownloadUrl=null,skipUpdateCheck=false,nightlyEnabled=false,channelNameArg=null,channelName=latest,channelChanged=false,jtsConfigDir=/home/chris_s_dodd/optcom-1/ibc-setup/tws/paper-settings,apiPort=null,sessionId=null,installDir=null,exeName=null]].
2025-08-19 20:03:11.614 [MJ] INFO  [JTS-Main] - PROXY Installed custom selector
2025-08-19 20:03:11.633 [MJ] INFO  [JTS-Main] - useSsl=true,FIX endPoint=ndc1.ibllc.com:4001
2025-08-19 20:03:11.966 [MJ] INFO  [JTS-Main] - Setting custom timezone: Africa/Abidjan
2025-08-19 20:03:12.000 [MJ] INFO  [JTS-Main] - LOCALE: Property locale_to_use=null JTS Locale=en_US  country=United States  variant=
2025-08-19 20:03:12.003 [MJ] INFO  [JTS-Main] - Region: Custom
2025-08-19 20:03:12.004 [MJ] WARN  [JTS-Main] - The locales jar directory resolved to '/home/chris_s_dodd/optcom-1/ibc-setup/tws/paper-settings/jars' ('installDir' system property is not set).
2025-08-19 20:03:12.010 [MJ] INFO  [JTS-Main] - Starting to download 'https://download2.interactivebrokers.com/java/classes/locales.jar' using HotBackup 'https://download2.interactivebrokers.com/java/classes/locales.jar'
2025-08-19 20:03:13.142 [MJ] INFO  [JTS-Main] - LOCALE: needToUpdate  dest=/home/chris_s_dodd/optcom-1/ibc-setup/tws/paper-settings/jars/locales.jar  sourceMod=2019-11-07 15:30:14  destMod=2019-11-07 15:30:14  sourceSize=114646  destSize=114646  conditions=[NEWER_REMOTE, LOCAL_IN_FUTURE, SIZE_DIFFERS]  download=false
2025-08-19 20:03:13.143 [MJ] INFO  [JTS-Main] - LOCALE: /home/chris_s_dodd/optcom-1/ibc-setup/tws/paper-settings/jars/locales.jar already up-to-date
2025-08-19 20:03:13.144 [MJ] WARN  [JTS-Main] - The locales jar directory resolved to '/home/chris_s_dodd/optcom-1/ibc-setup/tws/paper-settings/jars' ('installDir' system property is not set).
2025-08-19 20:03:13.144 [MJ] WARN  [JTS-Main] - The locales jar directory resolved to '/home/chris_s_dodd/optcom-1/ibc-setup/tws/paper-settings/jars' ('installDir' system property is not set).
2025-08-19 20:03:13.166 [MJ] INFO  [JTS-Main] - DocumentBuilderFactory=jrt:/java.xml/com/sun/org/apache/xerces/internal/jaxp/DocumentBuilderFactoryImpl.class
2025-08-19 20:03:13.291 [MJ] INFO  [JTS-Main] - LOCALE: loaded 9 supported locales
2025-08-19 20:03:13.337 [MJ] INFO  [JTS-Main] - LOCALE: loaded 8 countries
2025-08-19 20:03:13.337 [MJ] WARN  [JTS-Main] - The locales jar directory resolved to '/home/chris_s_dodd/optcom-1/ibc-setup/tws/paper-settings/jars' ('installDir' system property is not set).
2025-08-19 20:03:13.356 [MJ] INFO  [JTS-Main] - Locale from ini: en
2025-08-19 20:03:13.356 [MJ] INFO  [JTS-Main] - LOCALE: created classloader java.net.URLClassLoader@5949eba8 with file:/home/chris_s_dodd/optcom-1/ibc-setup/tws/paper-settings/jars/locales.jar, parent: jdk.internal.loader.ClassLoaders$AppClassLoader@7aec35a
2025-08-19 20:03:13.358 [MJ] INFO  [JTS-Main] - Locale=en_US  country=United States  variant=
2025-08-19 20:03:13.365 [MJ] INFO  [JTS-Main] - prohibiting class lookup [twslaunch.ji18n.LauncherLanguage]
2025-08-19 20:03:13.369 [MJ] INFO  [JTS-Main] - prohibiting class lookup [twslaunch.ji18n.LauncherLanguage_en]
2025-08-19 20:03:13.369 [MJ] INFO  [JTS-Main] - prohibiting class lookup [twslaunch.ji18n.LauncherLanguage_en_US]
2025-08-19 20:03:13.371 [MJ] INFO  [JTS-Main] - LOCALE:  type: launcher intended: en_US actual:  size: 500
2025-08-19 20:03:13.372 [MJ] INFO  [JTS-Main] - settings dir: '/home/chris_s_dodd/optcom-1/ibc-setup/tws/paper-settings'
2025-08-19 20:03:14.137 [MJ] INFO  [JTS-Main] - LauncherFontUpdater: simulatehighdefscreen=false
2025-08-19 20:03:14.146 [MJ] INFO  [JTS-Main] - LauncherFontUpdater: Screen dimensions=1024x768
2025-08-19 20:03:14.148 [MJ] INFO  [JTS-Main] - LauncherFontUpdater: highres=false
2025-08-19 20:03:14.148 [MJ] INFO  [JTS-Main] - LauncherFontUpdater: FontSize=16
2025-08-19 20:03:14.149 [MJ] INFO  [JTS-Main] - initPreUI() - entry
2025-08-19 20:03:14.178 [MJ] INFO  [JTS-Main] - Build 10.37.1k, Aug 7, 2025 11:58:23 AM
2025-08-19 20:03:14.323 [MJ] INFO  [JTS-Main] - LookAndFeelChangedListener installed
2025-08-19 20:03:14.344 [MJ] INFO  [JTS-Main] - JtsLookAndFeel initialized
2025-08-19 20:03:15.365 [MJ] INFO  [JTS-Main] - Current LAF: TWS LAF
2025-08-19 20:03:15.366 [MJ] INFO  [JTS-Main] - initPreUI() - exit
2025-08-19 20:03:15.378 [MJ] INFO  [JTS-MiscUlrsRequester-5] - Connecting cdc1.ibllc.com:4000 timeout=10000...
2025-08-19 20:03:15.570 [MJ] INFO  [JTS-MiscUlrsRequester-5] - Connected to cdc1.ibllc.com:4000/8.17.22.31 remote-ip on local port 0 socket local addrs:port /10.164.0.2:49778
2025-08-19 20:03:15.573 [MJ] INFO  [JTS-MiscUlrsRequester-5] - Updating machine info [connectionAddress=/10.164.0.2]...
2025-08-19 20:03:15.575 [MJ] INFO  [JTS-MiscUlrsRequester-5] - Creating unique random...
2025-08-19 20:03:15.581 [MJ] INFO  [JTS-MiscUlrsRequester-5] - id=ee2618bb
2025-08-19 20:03:15.581 [MJ] INFO  [JTS-MiscUlrsRequester-5] - Resolving MAC address...
2025-08-19 20:03:15.586 [MJ] INFO  [JTS-MiscUlrsRequester-5] - MACNetworkInfo created <ee2618bb|42:01:0A:A4:00:02|10.164.0.2>.
2025-08-19 20:03:15.625 [MJ] INFO  [JTS-MISC URLsListenerS1-6] - Starting listener thread [sessionID=1]...
2025-08-19 20:03:15.687 [MJ] INFO  [JTS-MiscUlrsRequester-5] - Sending MiscUrls request
2025-08-19 20:03:15.689 [MJ] INFO  [JTS-AuthDispatcherS1-7] - Starting dispatcher thread [sessionID=1]...
2025-08-19 20:03:15.697 [MJ] INFO  [JTS-MiscUlrsRequester-5] - LOGIN_TIME_MONITOR	 false 20:03:15:697 since start = 0 thread delay = 0 global delay = 0 tag=null, cls=AuthDispatcher method=send
2025-08-19 20:03:15.703 [MJ] INFO  [JTS-AuthResponseMonitor-8] - Starting auth response monitor thread
2025-08-19 20:03:15.703 [MJ] INFO  [JTS-MISC URLsListenerS1-6] - Initial listener buffer size is 65536.
2025-08-19 20:03:15.703 [MJ] INFO  [JTS-MISC URLsListenerS1-6] - Listener thread [sessionID=1] is ready to process messages.
2025-08-19 20:03:15.807 [MJ] INFO  [JTS-AuthDispatcherS1-7] - Received NS_MISC_URLS
2025-08-19 20:03:15.811 [MJ] INFO  [JTS-AuthDispatcherS1-7] - IBMiscUrl.miscUrlMessage()[sslRequired=true]
2025-08-19 20:03:15.821 [MJ] INFO  [JTS-AuthDispatcherS1-7] - Misc URL: scope is blank - setting userScope to EXTERNAL
2025-08-19 20:03:15.821 [MJ] INFO  [JTS-AuthDispatcherS1-7] - Misc URL: setting userScope to EXTERNAL
2025-08-19 20:03:15.840 [MJ] INFO  [JTS-AuthDispatcherS1-7] - Disconnecting cdc1.ibllc.com:4000 [disconnectDetails=DisconnectDetails[sessionID=1,endPoint=cdc1.ibllc.com:4000,reason=DISCONNECT_BY_DESIGN,cause=null,systemMessage=null,keepSocketOpen=false]]...
2025-08-19 20:03:15.844 [MJ] INFO  [JTS-AuthDispatcherS1-7] - Socket closed.
2025-08-19 20:03:15.845 [MJ] INFO  [JTS-AuthDispatcherS1-7] - SocketTracker[name=name=MISC URLs(cdc1.ibllc.com:4000),usesCcpConMan=false,lastReadTimestamp=1755633795803,lastReadDateTime=2025-08-19T20:03:15.803,lastFixSendTime=].
2025-08-19 20:03:15.845 [MJ] INFO  [JTS-AuthDispatcherS1-7] - Interrupting dispatcher [sessionID=1]...
2025-08-19 20:03:15.845 [MJ] INFO  [JTS-AuthDispatcherS1-7] - Interrupting listener [sessionID=1,disconnectSocket=true]...
2025-08-19 20:03:15.846 [MJ] INFO  [JTS-MISC URLsListenerS1-6] - Socket or stream for connection cdc1.ibllc.com:4000 was closed by another thread.
2025-08-19 20:03:15.846 [MJ] INFO  [JTS-MISC URLsListenerS1-6] - Listener thread terminating [sessionID=1] [seen=1159,totalShifted=1159,moreAvailable=0]
2025-08-19 20:03:15.847 [MJ] INFO  [JTS-AuthDispatcherS1-7] - Dispatcher thread terminating [sessionID=1,interrupted=true]...
2025-08-19 20:03:15.848 [MJ] INFO  [JTS-AuthResponseMonitor-8] - Terminating auth response monitor thread
2025-08-19 20:03:16.644 [MJ] WARN  [JTS-DeadlockMonitor-2] - instance of control is not created yet
2025-08-19 20:03:16.648 [MJ] INFO  [JTS-DeadlockMonitor-2] - Memory:total=786,432KB free=745,822KB HeapUsage: Max=786,432KB used=39,572KB committed=83,968KB NonHeapUsage: Max=0KB used=60,244KB committed=62,848KB
2025-08-19 20:03:17.465 [MJ] INFO  [AWT-EventQueue-0] - Default timezone:Africa/Abidjan
2025-08-19 20:03:17.470 [MJ] INFO  [AWT-EventQueue-0] - Starting GstatMessageMgr...
2025-08-19 20:03:17.477 [MJ] INFO  [JTS-GstatMessageMgr-11] - Sending a request to GSTAT [url=https://api.ibkr.com/v1/gstat//bulletins,data='{"p":"10371k","t":"Maintenance","tz":"Africa/Abidjan","format":"webapp","theme":"dark","fontSize":"12px","lang":"en"}']...
2025-08-19 20:03:17.608 [MJ] INFO  [AWT-EventQueue-0] - Started on 20250819-20:03:17
2025-08-19 20:03:17.609 [MJ] INFO  [AWT-EventQueue-0] - Default timezone:Africa/Abidjan name:Greenwich Mean Time dst:0
2025-08-19 20:03:17.609 [MJ] INFO  [AWT-EventQueue-0] - java version = 17.0.10.0.101
2025-08-19 20:03:17.609 [MJ] INFO  [AWT-EventQueue-0] - sun.arch.data.model = 64
2025-08-19 20:03:17.609 [MJ] INFO  [AWT-EventQueue-0] - os = Linux
2025-08-19 20:03:17.609 [MJ] INFO  [AWT-EventQueue-0] - os version = 6.14.0-1014-gcp
2025-08-19 20:03:17.609 [MJ] INFO  [AWT-EventQueue-0] - os architecture = 32
2025-08-19 20:03:17.609 [MJ] INFO  [AWT-EventQueue-0] - runtime = OpenJDK Runtime Environment
2025-08-19 20:03:17.610 [MJ] INFO  [AWT-EventQueue-0] - vendor = Azul Systems, Inc.
2025-08-19 20:03:17.610 [MJ] INFO  [AWT-EventQueue-0] - vm name = OpenJDK 64-Bit Server VM
2025-08-19 20:03:17.610 [MJ] INFO  [AWT-EventQueue-0] - username = 'chris_s_dodd'
2025-08-19 20:03:17.654 [MJ] INFO  [JTS-GstatMessageMgr-11] - Received response [errorCode=204,contentLen=-1].
2025-08-19 20:03:17.715 [MJ] INFO  [JTS-DeadlockMonitor-2] - CPU:cur=28.29% avg=28.29% 30 min avg=28.29% 10 min avg=28.29% 5 min avg=28.29% 1 min avg=28.29%
GC:called=8 times CPU used=0.62%
Finalizer:cur=0.00% avg=0.00% 30 min avg=0.00% 10 min avg=0.00% 5 min avg=0.00% 1 min avg=0.00%
Threads Count:curr live=29 curr daemon=19
2025-08-19 20:03:18.360 [MJ] INFO  [AWT-EventQueue-0] - OvernightManager.dayInit: new values: dayOfTheWeek: 3 (Tue), YYYYMMofToday: 202508, YYYYMMDDofToday: 20250819, m_todayDate: 20250819, dueToChangeInTimezone: false
2025-08-19 20:03:19.040 [MJ] INFO  [AWT-EventQueue-0] - Stopping GstatMessageMgr...
2025-08-19 20:03:19.042 [MJ] INFO  [AWT-EventQueue-0] - Setting dir is /home/chris_s_dodd/optcom-1/ibc-setup/tws/paper-settings/
2025-08-19 20:03:19.044 [MJ] INFO  [AWT-EventQueue-0] - PROXY Cleared HTTP proxy: no valid proxy is present (passing on :0)
2025-08-19 20:03:19.046 [MJ] INFO  [AWT-EventQueue-0] - BaseIniFile.saveGatewayFixEndPoint() [host=ndc1.ibllc.com,port=4001]...
2025-08-19 20:03:19.047 [MJ] INFO  [AWT-EventQueue-0] - SPLASH Creating screen with 5 steps
2025-08-19 20:03:19.140 [MJ] INFO  [AWT-EventQueue-0] - SplashScreen: using ads manager
2025-08-19 20:03:19.147 [MJ] INFO  [AWT-EventQueue-0] - AdImageContainer: start build ads UI
2025-08-19 20:03:19.176 [MJ] INFO  [JTS-CachedThreadExecutor-12] - AdManager: NEXT_AD request https://api.ibkr.com/tws.proxy/info/next?platform=dTWS&size=1200x1000&lang=en&version=10371&build=latest
2025-08-19 20:03:19.178 [MJ] INFO  [JTS-CachedThreadExecutor-12] - AdManager: sending request with header X-USERNAME
2025-08-19 20:03:19.316 [MJ] INFO  [JTS-CachedThreadExecutor-12] - AdManager: NEXT_AD request is ok
2025-08-19 20:03:19.318 [MJ] INFO  [JTS-CachedThreadExecutor-12] - AdManager: NEXT_AD receive raw response {"imagePath":"/info/image/328-0-1200x1000-en.jpg","expire":1767193200000,"id":"ZGtnZm1vNTIzLWRUV1MtMzI4LTAtMTc1NTYzMzc5OTI1Nw==","target_alt":"https://www.interactivebrokers.com?adid=ZGtnZm1vNTIzLWRUV1MtMzI4LTAtMTc1NTYzMzc5OTI1Nw==","target":"http://www.interactivebrokers.com/en/trading/ibkr-desktop.php?adid=ZGtnZm1vNTIzLWRUV1MtMzI4LTAtMTc1NTYzMzc5OTI1Nw=="}
2025-08-19 20:03:19.475 [MJ] INFO  [JTS-CachedThreadExecutor-12] - AdsManager: parsed json object: 
id: ZGtnZm1vNTIzLWRUV1MtMzI4LTAtMTc1NTYzMzc5OTI1Nw==
expire: 1767193200000
imagePath: /info/image/328-0-1200x1000-en.jpg
target: http://www.interactivebrokers.com/en/trading/ibkr-desktop.php?adid=ZGtnZm1vNTIzLWRUV1MtMzI4LTAtMTc1NTYzMzc5OTI1Nw==
target_alt: https://www.interactivebrokers.com?adid=ZGtnZm1vNTIzLWRUV1MtMzI4LTAtMTc1NTYzMzc5OTI1Nw==

2025-08-19 20:03:19.797 [MJ] INFO  [AWT-EventQueue-0] - initAutoEncryptionMenu(): autoEncryption set to true
2025-08-19 20:03:19.822 [MJ] INFO  [AWT-EventQueue-0] - Contacting cdc1.ibllc.com:4001 as user NOT PRINTED
2025-08-19 20:03:19.871 [MJ] INFO  [AWT-EventQueue-0] - UserCredentials.sessionId() [this=1720136783,old=null,new=68a4d887.0359].
2025-08-19 20:03:19.872 [MJ] INFO  [AWT-EventQueue-0] - CONN CALC: Last connection attempt time is cleared!
2025-08-19 20:03:19.872 [MJ] INFO  [AWT-EventQueue-0] - CONN CALC: Last connection set as now:20:03:19:872
2025-08-19 20:03:19.873 [MJ] INFO  [AWT-EventQueue-0] - Prelogin delay:0
2025-08-19 20:03:19.877 [MJ] INFO  [JTS-Login-14] - Starting launcher login thread
2025-08-19 20:03:19.882 [MJ] INFO  [JTS-Login-14] - LauncherLoginThread.runLoginWithUI()[hotBackupStrategy=ON,loginAttempt=1,socketDelay=20000].
2025-08-19 20:03:19.882 [MJ] INFO  [JTS-Login-14] - SPLASH Connecting to server
2025-08-19 20:03:19.898 [MJ] INFO  [JTS-Login-14] - ### startLogin startTime=1755633799868
2025-08-19 20:03:19.898 [MJ] INFO  [JTS-Login-14] - ### loginAttempt loginAttempt=1
2025-08-19 20:03:19.898 [MJ] INFO  [JTS-Login-14] - Connecting cdc1.ibllc.com:4001 (SSL) timeout=20000...
2025-08-19 20:03:19.898 [MJ] INFO  [JTS-Login-14] - ### onSocketOpenStart socketOpenStart=1755633799898; endPoint=cdc1.ibllc.com; port=4001
2025-08-19 20:03:19.915 [MJ] INFO  [JTS-Order-Audit-16] - Starting async queue thread
2025-08-19 20:03:19.916 [MJ] INFO  [AWT-EventQueue-0] - Network monitor is activated
2025-08-19 20:03:20.011 [MJ] INFO  [AWT-EventQueue-0] - AdImageContainer: ad image is shown
2025-08-19 20:03:20.012 [MJ] INFO  [JTS-CachedThreadExecutor-12] - AdManager: IMAGE_SHOWN request https://api.ibkr.com/tws.proxy/info/show/ZGtnZm1vNTIzLWRUV1MtMzI4LTAtMTc1NTYzMzc5OTI1Nw==
2025-08-19 20:03:20.012 [MJ] INFO  [JTS-Login-14] - ### onSocketOpenEnd socketOpenEnd=1755633800012
2025-08-19 20:03:20.012 [MJ] INFO  [AWT-EventQueue-0] - AdsManager: request image to put in cache
2025-08-19 20:03:20.016 [MJ] INFO  [JTS-CachedThreadExecutor-17] - AdManager: NEXT_AD request https://api.ibkr.com/tws.proxy/info/next?platform=dTWS&size=1200x1000&lang=en&version=10371&build=latest
2025-08-19 20:03:20.012 [MJ] INFO  [JTS-Login-14] - Connected to cdc1.ibllc.com:4001 (SSL)/8.17.22.31 remote-ip on local port 0 socket local addrs:port /10.164.0.2:55520
2025-08-19 20:03:20.016 [MJ] INFO  [JTS-Login-14] - Updating machine info [connectionAddress=/10.164.0.2]...
2025-08-19 20:03:20.016 [MJ] INFO  [JTS-CachedThreadExecutor-17] - AdManager: sending request with header X-USERNAME
2025-08-19 20:03:20.018 [MJ] INFO  [JTS-Login-14] - JTSAuthConnection.onConnected(): lastKnownCipherStatus=INSECURE
2025-08-19 20:03:20.019 [MJ] INFO  [JTS-Login-14] - Changing state for connection from PRELOGON to PRELOGON in B 669703944: SessionSocket:2
2025-08-19 20:03:20.019 [MJ] INFO  [JTS-Login-14] - Authenticating
2025-08-19 20:03:20.023 [MJ] INFO  [JTS-Login-14] - AuthTimeoutMonitor-CCP: deactivate
2025-08-19 20:03:20.024 [MJ] INFO  [JTS-Login-14] - AuthTimeoutMonitor-CCP: timeout=20000
2025-08-19 20:03:20.028 [MJ] INFO  [JTS-Login-14] - AuthTimeoutMonitor-CCP: activate
2025-08-19 20:03:20.029 [MJ] INFO  [JTS-Login-14] - SPLASH -0001 step 1 AuthDispatcher.connect
2025-08-19 20:03:20.025 [MJ] INFO  [JTS-CCPListenerS2-18] - Starting listener thread [sessionID=2]...
2025-08-19 20:03:20.031 [MJ] INFO  [JTS-AuthTimeoutMonitorThread-CCP-20] - Starting auth timeout monitor thread for CCP
2025-08-19 20:03:20.032 [MJ] INFO  [JTS-Login-14] - Sending connect request
2025-08-19 20:03:20.036 [MJ] INFO  [JTS-Login-14] - AuthDispatcher.initNSMsgVersionLimits: minVersion=38, maxVersion=50
2025-08-19 20:03:20.043 [MJ] INFO  [JTS-Login-14] - AuthDispatcher.NSConnectRequest: userSessionID=68a4d887.0359, beeDemoType=NULL
2025-08-19 20:03:20.044 [MJ] INFO  [JTS-Login-14] - ### onNsMsg loginMessageReq=1755633800044; brandNewUser=false
2025-08-19 20:03:20.044 [MJ] INFO  [JTS-Login-14] - mapProdToPaper: In NSConnectRequest: sending PAPER_CONNECT=0x2000
2025-08-19 20:03:20.034 [MJ] ERROR [JTS-CachedThreadExecutor-12] - AdManager: IMAGE_SHOWN service 411
2025-08-19 20:03:20.034 [MJ] INFO  [JTS-AuthDispatcherS2-19] - Starting dispatcher thread [sessionID=2]...
2025-08-19 20:03:20.044 [MJ] INFO  [JTS-Login-14] - NSConnectRequest: sending CLIENT_USE_SSL=0x80000
2025-08-19 20:03:20.205 [MJ] INFO  [JTS-CachedThreadExecutor-17] - AdManager: NEXT_AD request is ok
2025-08-19 20:03:20.207 [MJ] INFO  [JTS-CachedThreadExecutor-17] - AdManager: NEXT_AD receive raw response {"imagePath":"/info/image/328-0-1200x1000-en.jpg","expire":1767193200000,"id":"ZGtnZm1vNTIzLWRUV1MtMzI4LTAtMTc1NTYzMzgwMDE0Nw==","target_alt":"https://www.interactivebrokers.com?adid=ZGtnZm1vNTIzLWRUV1MtMzI4LTAtMTc1NTYzMzgwMDE0Nw==","target":"http://www.interactivebrokers.com/en/trading/ibkr-desktop.php?adid=ZGtnZm1vNTIzLWRUV1MtMzI4LTAtMTc1NTYzMzgwMDE0Nw=="}
2025-08-19 20:03:20.214 [MJ] INFO  [JTS-CachedThreadExecutor-17] - AdsManager: parsed json object: 
id: ZGtnZm1vNTIzLWRUV1MtMzI4LTAtMTc1NTYzMzgwMDE0Nw==
expire: 1767193200000
imagePath: /info/image/328-0-1200x1000-en.jpg
target: http://www.interactivebrokers.com/en/trading/ibkr-desktop.php?adid=ZGtnZm1vNTIzLWRUV1MtMzI4LTAtMTc1NTYzMzgwMDE0Nw==
target_alt: https://www.interactivebrokers.com?adid=ZGtnZm1vNTIzLWRUV1MtMzI4LTAtMTc1NTYzMzgwMDE0Nw==

2025-08-19 20:03:20.216 [MJ] INFO  [JTS-CachedThreadExecutor-17] - AdsManager: try to save image  in/home/chris_s_dodd/optcom-1/ibc-setup/tws/paper-settings/fbnhdpkgodmcijdhnmebkikninekjeoddhapbcdb//328-0-1200x1000-en.jpg
2025-08-19 20:03:20.217 [MJ] ERROR [JTS-CachedThreadExecutor-17] - Unable create ad locator: No such file or directory
2025-08-19 20:03:20.217 [MJ] WARN  [JTS-CachedThreadExecutor-17] - Unable store ad locator: /home/chris_s_dodd/optcom-1/ibc-setup/tws/paper-settings/fbnhdpkgodmcijdhnmebkikninekjeoddhapbcdb/ad.locator (No such file or directory)
2025-08-19 20:03:20.212 [MJ] INFO  [JavaFX Application Thread] - GstatMessagePanel: setup web app is done
2025-08-19 20:03:20.434 [MJ] INFO  [JTS-CCPListenerS2-18] - Initial listener buffer size is 65536.
2025-08-19 20:03:20.434 [MJ] INFO  [JTS-Login-14] - SPLASH Authenticating
2025-08-19 20:03:20.435 [MJ] INFO  [JTS-CCPListenerS2-18] - Listener thread [sessionID=2] is ready to process messages.
2025-08-19 20:03:20.437 [MJ] INFO  [JTS-Login-14] - Terminating launcher login thread
2025-08-19 20:03:20.536 [MJ] INFO  [JTS-AuthDispatcherS2-19] - SPLASH 0508 step 2 AuthDispatcher.processDataItr
2025-08-19 20:03:20.538 [MJ] INFO  [JTS-AuthDispatcherS2-19] - set nsMsgVersion: context=AuthStart; version=50
2025-08-19 20:03:20.539 [MJ] INFO  [JTS-AuthDispatcherS2-19] - Received NS_AUTH_START: 1
2025-08-19 20:03:20.540 [MJ] INFO  [JTS-AuthDispatcherS2-19] - pwd time to expiry ms: 2346742600000 days: 27162
2025-08-19 20:03:20.541 [MJ] INFO  [JTS-AuthDispatcherS2-19] - Long pwd allowed: true
2025-08-19 20:03:20.541 [MJ] INFO  [JTS-AuthDispatcherS2-19] -  NS_AUTH_START version=50 pwd=1 soft=0 token(s)=[token=0] initialTokenType=PWD authenticationType=MARKET_DATA_CONNECTION identityHashcode=606947816
2025-08-19 20:03:20.544 [MJ] INFO  [JTS-AuthDispatcherS2-19] - ### onStartAuthentication
2025-08-19 20:03:20.544 [MJ] INFO  [JTS-AuthDispatcherS2-19] - Starting password Authentication
2025-08-19 20:03:20.545 [MJ] INFO  [JTS-AuthDispatcherS2-19] - ### onXyzAuthQuery
2025-08-19 20:03:20.545 [MJ] INFO  [JTS-AuthDispatcherS2-19] - sendXYZMessage: 777
2025-08-19 20:03:20.546 [MJ] INFO  [JTS-AuthDispatcherS2-19] - UserCredentials.setFrom() [this=1720136783,other=1720136783,old=68a4d887.0359,new=68a4d887.0359].
2025-08-19 20:03:20.650 [MJ] INFO  [JTS-AuthDispatcherS2-19] - Receiver: 777
2025-08-19 20:03:20.651 [MJ] ERROR [JTS-AuthDispatcherS2-19] - ERROR: Received twslaunch.jauthentication.M with userName NOT PRINTED in it - this is not expected
2025-08-19 20:03:20.651 [MJ] INFO  [JTS-AuthDispatcherS2-19] - processXYZMessage: 777, protocol version: 50
2025-08-19 20:03:20.651 [MJ] INFO  [JTS-AuthDispatcherS2-19] - Received AUTH_PARAMS
2025-08-19 20:03:20.651 [MJ] INFO  [JTS-AuthDispatcherS2-19] - ### onXyzAuthParams
2025-08-19 20:03:20.656 [MJ] INFO  [JTS-AuthDispatcherS2-19] - sendXYZMessage: 777
2025-08-19 20:03:20.760 [MJ] INFO  [JTS-AuthDispatcherS2-19] - SPLASH 0224 step 2 AuthDispatcher.processDataItr
2025-08-19 20:03:20.761 [MJ] INFO  [JTS-AuthDispatcherS2-19] - Receiver: 777
2025-08-19 20:03:20.761 [MJ] ERROR [JTS-AuthDispatcherS2-19] - ERROR: Received twslaunch.jauthentication.M with userName NOT PRINTED in it - this is not expected
2025-08-19 20:03:20.761 [MJ] INFO  [JTS-AuthDispatcherS2-19] - processXYZMessage: 777, protocol version: 50
2025-08-19 20:03:20.761 [MJ] INFO  [JTS-AuthDispatcherS2-19] - Received SERVER_PARAMS
2025-08-19 20:03:20.767 [MJ] INFO  [JTS-AuthDispatcherS2-19] - Session Token received in AuthenticationMessageXYZ=5476aXXXXX.., messageId=SERVER_KEY (4)
2025-08-19 20:03:20.768 [MJ] INFO  [JTS-AuthDispatcherS2-19] - sendXYZMessage: 777
2025-08-19 20:03:20.871 [MJ] INFO  [JTS-AuthDispatcherS2-19] - Receiver: 777
2025-08-19 20:03:20.871 [MJ] ERROR [JTS-AuthDispatcherS2-19] - ERROR: Received twslaunch.jauthentication.M with userName NOT PRINTED in it - this is not expected
2025-08-19 20:03:20.872 [MJ] INFO  [JTS-AuthDispatcherS2-19] - processXYZMessage: 777, protocol version: 50
2025-08-19 20:03:20.872 [MJ] INFO  [JTS-AuthDispatcherS2-19] - Received AUTH_RESULT
2025-08-19 20:03:20.872 [MJ] INFO  [JTS-AuthDispatcherS2-19] - ### onXyzAuthServerProof
2025-08-19 20:03:20.872 [MJ] INFO  [JTS-AuthDispatcherS2-19] - Passed pwd authentication.
2025-08-19 20:03:20.872 [MJ] INFO  [JTS-AuthDispatcherS2-19] - Authentication completed.
2025-08-19 20:03:20.872 [MJ] INFO  [JTS-AuthDispatcherS2-19] - ### onAuthenticationCompleted tokenProtocol=0; authenticated=true
2025-08-19 20:03:20.873 [MJ] INFO  [JTS-AuthDispatcherS2-19] - setting session token in AuthenticationHandler: authenticationType=MARKET_DATA_CONNECTION hashCode=606947816 new=XYZSessionToken[type=SOFT,token=5476aXXXXX..] old=null ctciOld=null
2025-08-19 20:03:20.873 [MJ] INFO  [JTS-AuthDispatcherS2-19] - ccp session token non-CTCI is set as XYZSessionToken[type=SOFT,token=5476aXXXXX..] 
2025-08-19 20:03:20.873 [MJ] INFO  [JTS-AuthDispatcherS2-19] - Received NS_CONNECT_RESPONSE
2025-08-19 20:03:20.873 [MJ] INFO  [JTS-AuthDispatcherS2-19] - Received CCP connect features: [TST, ONELOGON].
2025-08-19 20:03:20.878 [MJ] INFO  [JTS-AuthDispatcherS2-19] - Log encryption support is enabled [authType=MARKET_DATA_CONNECTION,logKeyId=aaa,logKey=***,logUploadKey=dbkwvogsti].
2025-08-19 20:03:20.878 [MJ] INFO  [JTS-AuthDispatcherS2-19] - CCP sent paperUser NOT PRINTED for prodUser NOT PRINTED
2025-08-19 20:03:20.878 [MJ] INFO  [JTS-AuthDispatcherS2-19] - UserCredentials.setFrom() [this=1720136783,other=1720136783,old=68a4d887.0359,new=68a4d887.0359].
2025-08-19 20:03:20.880 [MJ] INFO  [JTS-AuthDispatcherS2-19] - AuthDispatcher.newCommPort()[userDirname=fbnhdpkgodmcijdhnmebkikninekjeoddhapbcdb,restart=,authToken=null,ccpToken=XYZSessionToken[type=SOFT,token=5476aXXXXX..]].
2025-08-19 20:03:20.881 [MJ] INFO  [JTS-AuthDispatcherS2-19] - Daily auto-restart is not enabled.
2025-08-19 20:03:20.882 [MJ] INFO  [JTS-AuthDispatcherS2-19] - Sending NSNewcommPort [tokenMask=2,tokens=XYZSessionToken[type=SOFT,token=5476aXXXXX..]],shortTokenHashes=c77aa3e5]...
2025-08-19 20:03:20.985 [MJ] INFO  [JTS-AuthDispatcherS2-19] - SPLASH 0225 step 2 AuthDispatcher.processDataItr
2025-08-19 20:03:20.985 [MJ] INFO  [JTS-AuthDispatcherS2-19] - Received NS_FIX_START
2025-08-19 20:03:20.986 [MJ] INFO  [JTS-AuthDispatcherS2-19] - ### onNsFixStart
2025-08-19 20:03:20.988 [MJ] INFO  [JTS-PostAuthenticateS2-25] - Interrupting dispatcher [sessionID=2]...
2025-08-19 20:03:20.988 [MJ] INFO  [JTS-AuthDispatcherS2-19] - Dispatcher thread terminating [sessionID=2,interrupted=true]...
2025-08-19 20:03:20.989 [MJ] INFO  [JTS-PostAuthenticateS2-25] - AuthTimeoutMonitor-CCP: deactivate
2025-08-19 20:03:20.989 [MJ] INFO  [JTS-PostAuthenticateS2-25] - Authentication complete
2025-08-19 20:03:20.989 [MJ] INFO  [JTS-AuthTimeoutMonitorThread-CCP-20] - Terminating auth timeout monitor thread for CCP
2025-08-19 20:03:20.989 [MJ] INFO  [JTS-PostAuthenticateS2-25] - Creating a FixLogonHandlerFactory instance...
2025-08-19 20:03:20.992 [MJ] INFO  [JTS-PostAuthenticateS2-25] - Instance created.
2025-08-19 20:03:21.000 [MJ] INFO  [AWT-EventQueue-0] - initPreUI() - entry
2025-08-19 20:03:21.001 [MJ] INFO  [AWT-EventQueue-0] - jtsLookAndFeel uninitialized
2025-08-19 20:03:21.002 [MJ] INFO  [AWT-EventQueue-0] - JtsLookAndFeel initialized
2025-08-19 20:03:21.007 [MJ] INFO  [AWT-EventQueue-0] - Current LAF: TWS LAF
2025-08-19 20:03:21.008 [MJ] INFO  [AWT-EventQueue-0] - initPreUI() - exit
2025-08-19 20:03:21.011 [MJ] INFO  [JTS-PostAuthenticateS2-25] - JDOMFactory Class =interface org.jdom.JDOMFactory
2025-08-19 20:03:21.023 [MJ] INFO  [JTS-PostAuthenticateS2-25] - hsqldb jdbc =class org.hsqldb.jdbcDriver 2.4
2025-08-19 20:03:21.035 [MJ] INFO  [JTS-PostAuthenticateS2-25] - Changing state for connection from PRELOGON to PRELOGON in B 669703944: SessionSocket:2
2025-08-19 20:03:21.036 [MJ] INFO  [JTS-PostAuthenticateS2-25] - createOrRenameToNewStyleUserDirectory: no action: use existing newDir=/home/chris_s_dodd/optcom-1/ibc-setup/tws/paper-settings/gaogbhhnlceecbplknlofkhgodapmgplgmlambim
2025-08-19 20:03:21.038 [MJ] INFO  [JTS-PostAuthenticateS2-25] - performLogSwitch() [force=false]
2025-08-19 20:03:21.053 [MJ] INFO  [JTS-PostAuthenticateS2-25] - Switching to a new encrypted log...
