2025-08-21 05:41:56.515 [CW] INFO  [JTS-Main] - ------------------------------- IB GATEWAY RESTART --------------------------------
2025-08-21 05:41:56.553 [CW] INFO  [JTS-Main] - installer version: unknown, installer type: standalone, install dir: 'null', Jts dir: '/home/chris_s_dodd/optcom-1/ibc-setup/tws/paper-settings', VM options file: 'null'
2025-08-21 05:41:56.601 [CW] INFO  [JTS-Main] - Verifying environment [entryPoint=IBGATEWAY_STANDALONE]...
2025-08-21 05:41:56.643 [CW] INFO  [JTS-Main] - Install4jAutoUpdateService initialized [props=LauncherProperties[updateDownloadUrl=null,skipUpdateCheck=false,nightlyEnabled=false,channelNameArg=null,channelName=latest,channelChanged=false,jtsConfigDir=/home/chris_s_dodd/optcom-1/ibc-setup/tws/paper-settings,apiPort=null,sessionId=null,installDir=null,exeName=null]].
2025-08-21 05:41:56.656 [CW] INFO  [JTS-Main] - PROXY Installed custom selector
2025-08-21 05:41:56.667 [CW] INFO  [JTS-Main] - useSsl=true,FIX endPoint=ndc1.ibllc.com:4001
2025-08-21 05:41:56.950 [CW] INFO  [JTS-Main] - Setting custom timezone: Africa/Abidjan
2025-08-21 05:41:56.970 [CW] INFO  [JTS-Main] - LOCALE: Property locale_to_use=null JTS Locale=en_US  country=United States  variant=
2025-08-21 05:41:56.972 [CW] INFO  [JTS-Main] - Region: Custom
2025-08-21 05:41:56.974 [CW] WARN  [JTS-Main] - The locales jar directory resolved to '/home/chris_s_dodd/optcom-1/ibc-setup/tws/paper-settings/jars' ('installDir' system property is not set).
2025-08-21 05:41:56.979 [CW] INFO  [JTS-Main] - Starting to download 'https://download2.interactivebrokers.com/java/classes/locales.jar' using HotBackup 'https://download2.interactivebrokers.com/java/classes/locales.jar'
2025-08-21 05:41:57.834 [CW] INFO  [JTS-Main] - LOCALE: needToUpdate  dest=/home/chris_s_dodd/optcom-1/ibc-setup/tws/paper-settings/jars/locales.jar  sourceMod=2019-11-07 15:30:14  destMod=2019-11-07 15:30:14  sourceSize=114646  destSize=114646  conditions=[NEWER_REMOTE, LOCAL_IN_FUTURE, SIZE_DIFFERS]  download=false
2025-08-21 05:41:57.835 [CW] INFO  [JTS-Main] - LOCALE: /home/chris_s_dodd/optcom-1/ibc-setup/tws/paper-settings/jars/locales.jar already up-to-date
2025-08-21 05:41:57.836 [CW] WARN  [JTS-Main] - The locales jar directory resolved to '/home/chris_s_dodd/optcom-1/ibc-setup/tws/paper-settings/jars' ('installDir' system property is not set).
2025-08-21 05:41:57.836 [CW] WARN  [JTS-Main] - The locales jar directory resolved to '/home/chris_s_dodd/optcom-1/ibc-setup/tws/paper-settings/jars' ('installDir' system property is not set).
2025-08-21 05:41:57.855 [CW] INFO  [JTS-Main] - DocumentBuilderFactory=jrt:/java.xml/com/sun/org/apache/xerces/internal/jaxp/DocumentBuilderFactoryImpl.class
2025-08-21 05:41:57.948 [CW] INFO  [JTS-Main] - LOCALE: loaded 9 supported locales
2025-08-21 05:41:57.987 [CW] INFO  [JTS-Main] - LOCALE: loaded 8 countries
2025-08-21 05:41:57.987 [CW] WARN  [JTS-Main] - The locales jar directory resolved to '/home/chris_s_dodd/optcom-1/ibc-setup/tws/paper-settings/jars' ('installDir' system property is not set).
2025-08-21 05:41:58.004 [CW] INFO  [JTS-Main] - Locale from ini: en
2025-08-21 05:41:58.005 [CW] INFO  [JTS-Main] - LOCALE: created classloader java.net.URLClassLoader@436390f4 with file:/home/chris_s_dodd/optcom-1/ibc-setup/tws/paper-settings/jars/locales.jar, parent: jdk.internal.loader.ClassLoaders$AppClassLoader@7aec35a
2025-08-21 05:41:58.006 [CW] INFO  [JTS-Main] - Locale=en_US  country=United States  variant=
2025-08-21 05:41:58.013 [CW] INFO  [JTS-Main] - prohibiting class lookup [twslaunch.ji18n.LauncherLanguage]
2025-08-21 05:41:58.018 [CW] INFO  [JTS-Main] - prohibiting class lookup [twslaunch.ji18n.LauncherLanguage_en]
2025-08-21 05:41:58.019 [CW] INFO  [JTS-Main] - prohibiting class lookup [twslaunch.ji18n.LauncherLanguage_en_US]
2025-08-21 05:41:58.021 [CW] INFO  [JTS-Main] - LOCALE:  type: launcher intended: en_US actual:  size: 500
2025-08-21 05:41:58.022 [CW] INFO  [JTS-Main] - settings dir: '/home/chris_s_dodd/optcom-1/ibc-setup/tws/paper-settings'
2025-08-21 05:41:58.275 [CW] INFO  [JTS-Main] - LauncherFontUpdater: simulatehighdefscreen=false
2025-08-21 05:41:58.283 [CW] INFO  [JTS-Main] - LauncherFontUpdater: Screen dimensions=1024x768
2025-08-21 05:41:58.283 [CW] INFO  [JTS-Main] - LauncherFontUpdater: highres=false
2025-08-21 05:41:58.284 [CW] INFO  [JTS-Main] - LauncherFontUpdater: FontSize=16
2025-08-21 05:41:58.284 [CW] INFO  [JTS-Main] - initPreUI() - entry
2025-08-21 05:41:58.299 [CW] INFO  [JTS-Main] - Build 10.37.1k, Aug 7, 2025 11:58:23 AM
2025-08-21 05:41:58.376 [CW] INFO  [JTS-Main] - LookAndFeelChangedListener installed
2025-08-21 05:41:58.383 [CW] INFO  [JTS-Main] - JtsLookAndFeel initialized
2025-08-21 05:41:59.090 [CW] INFO  [JTS-Main] - Current LAF: TWS LAF
2025-08-21 05:41:59.091 [CW] INFO  [JTS-Main] - initPreUI() - exit
2025-08-21 05:41:59.099 [CW] INFO  [JTS-MiscUlrsRequester-5] - Connecting cdc1.ibllc.com:4000 timeout=10000...
2025-08-21 05:41:59.209 [CW] INFO  [JTS-MiscUlrsRequester-5] - Connected to cdc1.ibllc.com:4000/8.17.22.31 remote-ip on local port 0 socket local addrs:port /10.164.0.2:45946
2025-08-21 05:41:59.210 [CW] INFO  [JTS-MiscUlrsRequester-5] - Updating machine info [connectionAddress=/10.164.0.2]...
2025-08-21 05:41:59.211 [CW] INFO  [JTS-MiscUlrsRequester-5] - Creating unique random...
2025-08-21 05:41:59.213 [CW] INFO  [JTS-MiscUlrsRequester-5] - id=ee2618bb
2025-08-21 05:41:59.214 [CW] INFO  [JTS-MiscUlrsRequester-5] - Resolving MAC address...
2025-08-21 05:41:59.216 [CW] INFO  [JTS-MiscUlrsRequester-5] - MACNetworkInfo created <ee2618bb|42:01:0A:A4:00:02|10.164.0.2>.
2025-08-21 05:41:59.237 [CW] INFO  [JTS-MISC URLsListenerS1-6] - Starting listener thread [sessionID=1]...
2025-08-21 05:41:59.262 [CW] INFO  [JTS-MiscUlrsRequester-5] - Sending MiscUrls request
2025-08-21 05:41:59.262 [CW] INFO  [JTS-AuthDispatcherS1-7] - Starting dispatcher thread [sessionID=1]...
2025-08-21 05:41:59.266 [CW] INFO  [JTS-MiscUlrsRequester-5] - LOGIN_TIME_MONITOR	 false 05:41:59:265 since start = 0 thread delay = 0 global delay = 0 tag=null, cls=AuthDispatcher method=send
2025-08-21 05:41:59.268 [CW] INFO  [JTS-MISC URLsListenerS1-6] - Initial listener buffer size is 65536.
2025-08-21 05:41:59.268 [CW] INFO  [JTS-AuthResponseMonitor-8] - Starting auth response monitor thread
2025-08-21 05:41:59.268 [CW] INFO  [JTS-MISC URLsListenerS1-6] - Listener thread [sessionID=1] is ready to process messages.
2025-08-21 05:41:59.371 [CW] INFO  [JTS-AuthDispatcherS1-7] - Received NS_MISC_URLS
2025-08-21 05:41:59.373 [CW] INFO  [JTS-AuthDispatcherS1-7] - IBMiscUrl.miscUrlMessage()[sslRequired=true]
2025-08-21 05:41:59.374 [CW] INFO  [JTS-AuthDispatcherS1-7] - Misc URL: scope is blank - setting userScope to EXTERNAL
2025-08-21 05:41:59.375 [CW] INFO  [JTS-AuthDispatcherS1-7] - Misc URL: setting userScope to EXTERNAL
2025-08-21 05:41:59.382 [CW] INFO  [JTS-AuthDispatcherS1-7] - Disconnecting cdc1.ibllc.com:4000 [disconnectDetails=DisconnectDetails[sessionID=1,endPoint=cdc1.ibllc.com:4000,reason=DISCONNECT_BY_DESIGN,cause=null,systemMessage=null,keepSocketOpen=false]]...
2025-08-21 05:41:59.383 [CW] INFO  [JTS-AuthDispatcherS1-7] - Socket closed.
2025-08-21 05:41:59.383 [CW] INFO  [JTS-AuthDispatcherS1-7] - SocketTracker[name=name=MISC URLs(cdc1.ibllc.com:4000),usesCcpConMan=false,lastReadTimestamp=1755754919368,lastReadDateTime=2025-08-21T05:41:59.368,lastFixSendTime=].
2025-08-21 05:41:59.384 [CW] INFO  [JTS-AuthDispatcherS1-7] - Interrupting dispatcher [sessionID=1]...
2025-08-21 05:41:59.384 [CW] INFO  [JTS-AuthDispatcherS1-7] - Interrupting listener [sessionID=1,disconnectSocket=true]...
2025-08-21 05:41:59.384 [CW] INFO  [JTS-AuthDispatcherS1-7] - Dispatcher thread terminating [sessionID=1,interrupted=true]...
2025-08-21 05:41:59.383 [CW] INFO  [JTS-MISC URLsListenerS1-6] - Socket or stream for connection cdc1.ibllc.com:4000 was closed by another thread.
2025-08-21 05:41:59.385 [CW] INFO  [JTS-MISC URLsListenerS1-6] - Listener thread terminating [sessionID=1] [seen=1159,totalShifted=1159,moreAvailable=0]
2025-08-21 05:41:59.386 [CW] INFO  [JTS-AuthResponseMonitor-8] - Terminating auth response monitor thread
2025-08-21 05:42:00.330 [CW] INFO  [AWT-EventQueue-0] - Default timezone:Africa/Abidjan
2025-08-21 05:42:00.332 [CW] INFO  [AWT-EventQueue-0] - Starting GstatMessageMgr...
2025-08-21 05:42:00.335 [CW] INFO  [JTS-GstatMessageMgr-11] - Sending a request to GSTAT [url=https://api.ibkr.com/v1/gstat//bulletins,data='{"p":"10371k","t":"Maintenance","tz":"Africa/Abidjan","format":"webapp","theme":"dark","fontSize":"12px","lang":"en"}']...
2025-08-21 05:42:00.404 [CW] INFO  [AWT-EventQueue-0] - Started on 20250821-05:42:00
2025-08-21 05:42:00.404 [CW] INFO  [AWT-EventQueue-0] - Default timezone:Africa/Abidjan name:Greenwich Mean Time dst:0
2025-08-21 05:42:00.405 [CW] INFO  [AWT-EventQueue-0] - java version = 17.0.10.0.101
2025-08-21 05:42:00.405 [CW] INFO  [AWT-EventQueue-0] - sun.arch.data.model = 64
2025-08-21 05:42:00.405 [CW] INFO  [AWT-EventQueue-0] - os = Linux
2025-08-21 05:42:00.405 [CW] INFO  [AWT-EventQueue-0] - os version = 6.14.0-1014-gcp
2025-08-21 05:42:00.405 [CW] INFO  [AWT-EventQueue-0] - os architecture = 32
2025-08-21 05:42:00.405 [CW] INFO  [AWT-EventQueue-0] - runtime = OpenJDK Runtime Environment
2025-08-21 05:42:00.405 [CW] INFO  [AWT-EventQueue-0] - vendor = Azul Systems, Inc.
2025-08-21 05:42:00.406 [CW] INFO  [AWT-EventQueue-0] - vm name = OpenJDK 64-Bit Server VM
2025-08-21 05:42:00.406 [CW] INFO  [AWT-EventQueue-0] - username = 'chris_s_dodd'
2025-08-21 05:42:00.568 [CW] INFO  [JTS-GstatMessageMgr-11] - Received response [errorCode=204,contentLen=-1].
2025-08-21 05:42:00.964 [CW] INFO  [AWT-EventQueue-0] - OvernightManager.dayInit: new values: dayOfTheWeek: 5 (Thu), YYYYMMofToday: 202508, YYYYMMDDofToday: 20250821, m_todayDate: 20250821, dueToChangeInTimezone: false
2025-08-21 05:42:01.539 [CW] INFO  [AWT-EventQueue-0] - Stopping GstatMessageMgr...
2025-08-21 05:42:01.547 [CW] INFO  [AWT-EventQueue-0] - Setting dir is /home/chris_s_dodd/optcom-1/ibc-setup/tws/paper-settings/
2025-08-21 05:42:01.548 [CW] INFO  [AWT-EventQueue-0] - PROXY Cleared HTTP proxy: no valid proxy is present (passing on :0)
2025-08-21 05:42:01.559 [CW] INFO  [AWT-EventQueue-0] - BaseIniFile.saveGatewayFixEndPoint() [host=ndc1.ibllc.com,port=4001]...
2025-08-21 05:42:01.564 [CW] INFO  [AWT-EventQueue-0] - SPLASH Creating screen with 5 steps
2025-08-21 05:42:01.653 [CW] WARN  [JTS-DeadlockMonitor-2] - instance of control is not created yet
2025-08-21 05:42:01.659 [CW] INFO  [JTS-DeadlockMonitor-2] - Memory:total=786,432KB free=743,750KB HeapUsage: Max=786,432KB used=41,783KB committed=137,216KB NonHeapUsage: Max=0KB used=81,840KB committed=83,520KB
2025-08-21 05:42:01.679 [CW] INFO  [AWT-EventQueue-0] - SplashScreen: using ads manager
2025-08-21 05:42:01.684 [CW] INFO  [AWT-EventQueue-0] - AdImageContainer: start build ads UI
2025-08-21 05:42:01.693 [CW] INFO  [JavaFX Application Thread] - GstatMessagePanel: setup web app is done
2025-08-21 05:42:01.704 [CW] INFO  [JTS-CachedThreadExecutor-12] - AdManager: NEXT_AD request https://api.ibkr.com/tws.proxy/info/next?platform=dTWS&size=1200x1000&lang=en&version=10371&build=latest
2025-08-21 05:42:01.705 [CW] INFO  [JTS-CachedThreadExecutor-12] - AdManager: sending request with header X-USERNAME
2025-08-21 05:42:01.844 [CW] INFO  [JTS-CachedThreadExecutor-12] - AdManager: NEXT_AD request is ok
2025-08-21 05:42:01.846 [CW] INFO  [JTS-CachedThreadExecutor-12] - AdManager: NEXT_AD receive raw response {"imagePath":"/info/image/250-0-1200x1000-en.jpg","expire":1767175200000,"id":"ZGtnZm1vNTIzLWRUV1MtMjUwLTAtMTc1NTc1NDkyMTc4Mw==","target_alt":"https://www.interactivebrokers.com?adid=ZGtnZm1vNTIzLWRUV1MtMjUwLTAtMTc1NTc1NDkyMTc4Mw==","target":"https://www.interactivebrokers.com/en/index.php?f=53997&adid=ZGtnZm1vNTIzLWRUV1MtMjUwLTAtMTc1NTc1NDkyMTc4Mw=="}
2025-08-21 05:42:01.891 [CW] INFO  [JTS-CachedThreadExecutor-12] - AdsManager: parsed json object: 
id: ZGtnZm1vNTIzLWRUV1MtMjUwLTAtMTc1NTc1NDkyMTc4Mw==
expire: 1767175200000
imagePath: /info/image/250-0-1200x1000-en.jpg
target: https://www.interactivebrokers.com/en/index.php?f=53997&adid=ZGtnZm1vNTIzLWRUV1MtMjUwLTAtMTc1NTc1NDkyMTc4Mw==
target_alt: https://www.interactivebrokers.com?adid=ZGtnZm1vNTIzLWRUV1MtMjUwLTAtMTc1NTc1NDkyMTc4Mw==

2025-08-21 05:42:02.101 [CW] INFO  [AWT-EventQueue-0] - initAutoEncryptionMenu(): autoEncryption set to true
2025-08-21 05:42:02.118 [CW] INFO  [AWT-EventQueue-0] - Contacting cdc1.ibllc.com:4001 as user NOT PRINTED
2025-08-21 05:42:02.135 [CW] INFO  [AWT-EventQueue-0] - UserCredentials.sessionId() [this=154758337,old=null,new=68a6b1aa.0081].
2025-08-21 05:42:02.136 [CW] INFO  [AWT-EventQueue-0] - CONN CALC: Last connection attempt time is cleared!
2025-08-21 05:42:02.136 [CW] INFO  [AWT-EventQueue-0] - CONN CALC: Last connection set as now:05:42:02:136
2025-08-21 05:42:02.136 [CW] INFO  [AWT-EventQueue-0] - Prelogin delay:0
2025-08-21 05:42:02.139 [CW] INFO  [JTS-Login-14] - Starting launcher login thread
2025-08-21 05:42:02.140 [CW] INFO  [JTS-Login-14] - LauncherLoginThread.runLoginWithUI()[hotBackupStrategy=ON,loginAttempt=1,socketDelay=20000].
2025-08-21 05:42:02.141 [CW] INFO  [JTS-Login-14] - SPLASH Connecting to server
2025-08-21 05:42:02.144 [CW] INFO  [JTS-Login-14] - ### startLogin startTime=1755754922135
2025-08-21 05:42:02.145 [CW] INFO  [JTS-Login-14] - ### loginAttempt loginAttempt=1
2025-08-21 05:42:02.145 [CW] INFO  [JTS-Login-14] - Connecting cdc1.ibllc.com:4001 (SSL) timeout=20000...
2025-08-21 05:42:02.146 [CW] INFO  [JTS-Login-14] - ### onSocketOpenStart socketOpenStart=1755754922146; endPoint=cdc1.ibllc.com; port=4001
2025-08-21 05:42:02.157 [CW] INFO  [JTS-Order-Audit-16] - Starting async queue thread
2025-08-21 05:42:02.158 [CW] INFO  [AWT-EventQueue-0] - Network monitor is activated
2025-08-21 05:42:02.225 [CW] INFO  [AWT-EventQueue-0] - AdImageContainer: ad image is shown
2025-08-21 05:42:02.225 [CW] INFO  [AWT-EventQueue-0] - AdsManager: request image to put in cache
2025-08-21 05:42:02.225 [CW] INFO  [JTS-CachedThreadExecutor-12] - AdManager: IMAGE_SHOWN request https://api.ibkr.com/tws.proxy/info/show/ZGtnZm1vNTIzLWRUV1MtMjUwLTAtMTc1NTc1NDkyMTc4Mw==
2025-08-21 05:42:02.227 [CW] INFO  [JTS-CachedThreadExecutor-17] - AdManager: NEXT_AD request https://api.ibkr.com/tws.proxy/info/next?platform=dTWS&size=1200x1000&lang=en&version=10371&build=latest
2025-08-21 05:42:02.227 [CW] INFO  [JTS-CachedThreadExecutor-17] - AdManager: sending request with header X-USERNAME
2025-08-21 05:42:02.244 [CW] ERROR [JTS-CachedThreadExecutor-12] - AdManager: IMAGE_SHOWN service 411
2025-08-21 05:42:02.256 [CW] INFO  [JTS-Login-14] - ### onSocketOpenEnd socketOpenEnd=1755754922256
2025-08-21 05:42:02.257 [CW] INFO  [JTS-Login-14] - Connected to cdc1.ibllc.com:4001 (SSL)/8.17.22.31 remote-ip on local port 0 socket local addrs:port /10.164.0.2:46262
2025-08-21 05:42:02.257 [CW] INFO  [JTS-Login-14] - Updating machine info [connectionAddress=/10.164.0.2]...
2025-08-21 05:42:02.259 [CW] INFO  [JTS-Login-14] - JTSAuthConnection.onConnected(): lastKnownCipherStatus=INSECURE
2025-08-21 05:42:02.260 [CW] INFO  [JTS-Login-14] - Changing state for connection from PRELOGON to PRELOGON in B 418630175: SessionSocket:2
2025-08-21 05:42:02.261 [CW] INFO  [JTS-Login-14] - Authenticating
2025-08-21 05:42:02.266 [CW] INFO  [JTS-Login-14] - AuthTimeoutMonitor-CCP: deactivate
2025-08-21 05:42:02.266 [CW] INFO  [JTS-Login-14] - AuthTimeoutMonitor-CCP: timeout=20000
2025-08-21 05:42:02.265 [CW] INFO  [JTS-CCPListenerS2-18] - Starting listener thread [sessionID=2]...
2025-08-21 05:42:02.268 [CW] INFO  [JTS-Login-14] - AuthTimeoutMonitor-CCP: activate
2025-08-21 05:42:02.268 [CW] INFO  [JTS-AuthTimeoutMonitorThread-CCP-20] - Starting auth timeout monitor thread for CCP
2025-08-21 05:42:02.269 [CW] INFO  [JTS-Login-14] - SPLASH -0001 step 1 AuthDispatcher.connect
2025-08-21 05:42:02.273 [CW] INFO  [JTS-AuthDispatcherS2-19] - Starting dispatcher thread [sessionID=2]...
2025-08-21 05:42:02.276 [CW] INFO  [JTS-Login-14] - Sending connect request
2025-08-21 05:42:02.278 [CW] INFO  [JTS-Login-14] - AuthDispatcher.initNSMsgVersionLimits: minVersion=38, maxVersion=50
2025-08-21 05:42:02.280 [CW] INFO  [JTS-Login-14] - AuthDispatcher.NSConnectRequest: userSessionID=68a6b1aa.0081, beeDemoType=NULL
2025-08-21 05:42:02.280 [CW] INFO  [JTS-Login-14] - ### onNsMsg loginMessageReq=1755754922280; brandNewUser=false
2025-08-21 05:42:02.281 [CW] INFO  [JTS-Login-14] - mapProdToPaper: In NSConnectRequest: sending PAPER_CONNECT=0x2000
2025-08-21 05:42:02.281 [CW] INFO  [JTS-Login-14] - NSConnectRequest: sending CLIENT_USE_SSL=0x80000
2025-08-21 05:42:02.426 [CW] INFO  [JTS-CachedThreadExecutor-17] - AdManager: NEXT_AD request is ok
2025-08-21 05:42:02.426 [CW] INFO  [JTS-CachedThreadExecutor-17] - AdManager: NEXT_AD receive raw response {"imagePath":"/info/image/328-0-1200x1000-en.jpg","expire":1767193200000,"id":"ZGtnZm1vNTIzLWRUV1MtMzI4LTAtMTc1NTc1NDkyMjM1Nw==","target_alt":"https://www.interactivebrokers.com?adid=ZGtnZm1vNTIzLWRUV1MtMzI4LTAtMTc1NTc1NDkyMjM1Nw==","target":"http://www.interactivebrokers.com/en/trading/ibkr-desktop.php?adid=ZGtnZm1vNTIzLWRUV1MtMzI4LTAtMTc1NTc1NDkyMjM1Nw=="}
2025-08-21 05:42:02.427 [CW] INFO  [JTS-CachedThreadExecutor-17] - AdsManager: parsed json object: 
id: ZGtnZm1vNTIzLWRUV1MtMzI4LTAtMTc1NTc1NDkyMjM1Nw==
expire: 1767193200000
imagePath: /info/image/328-0-1200x1000-en.jpg
target: http://www.interactivebrokers.com/en/trading/ibkr-desktop.php?adid=ZGtnZm1vNTIzLWRUV1MtMzI4LTAtMTc1NTc1NDkyMjM1Nw==
target_alt: https://www.interactivebrokers.com?adid=ZGtnZm1vNTIzLWRUV1MtMzI4LTAtMTc1NTc1NDkyMjM1Nw==

2025-08-21 05:42:02.428 [CW] INFO  [JTS-CachedThreadExecutor-17] - AdsManager: try to save image  in/home/chris_s_dodd/optcom-1/ibc-setup/tws/paper-settings/fbnhdpkgodmcijdhnmebkikninekjeoddhapbcdb//328-0-1200x1000-en.jpg
2025-08-21 05:42:02.428 [CW] ERROR [JTS-CachedThreadExecutor-17] - Unable create ad locator: No such file or directory
2025-08-21 05:42:02.429 [CW] WARN  [JTS-CachedThreadExecutor-17] - Unable store ad locator: /home/chris_s_dodd/optcom-1/ibc-setup/tws/paper-settings/fbnhdpkgodmcijdhnmebkikninekjeoddhapbcdb/ad.locator (No such file or directory)
2025-08-21 05:42:02.615 [CW] INFO  [JTS-Login-14] - SPLASH Authenticating
2025-08-21 05:42:02.615 [CW] INFO  [JTS-CCPListenerS2-18] - Initial listener buffer size is 65536.
2025-08-21 05:42:02.615 [CW] INFO  [JTS-CCPListenerS2-18] - Listener thread [sessionID=2] is ready to process messages.
2025-08-21 05:42:02.616 [CW] INFO  [JTS-Login-14] - Terminating launcher login thread
2025-08-21 05:42:02.686 [CW] INFO  [JTS-DeadlockMonitor-2] - CPU:cur=16.63% avg=16.63% 30 min avg=16.63% 10 min avg=16.63% 5 min avg=16.63% 1 min avg=16.63%
GC:called=9 times CPU used=0.29%
Finalizer:cur=0.00% avg=0.00% 30 min avg=0.00% 10 min avg=0.00% 5 min avg=0.00% 1 min avg=0.00%
Threads Count:curr live=36 curr daemon=22
2025-08-21 05:42:02.717 [CW] INFO  [JTS-AuthDispatcherS2-19] - SPLASH 0449 step 2 AuthDispatcher.processDataItr
2025-08-21 05:42:02.718 [CW] INFO  [JTS-AuthDispatcherS2-19] - set nsMsgVersion: context=AuthStart; version=50
2025-08-21 05:42:02.719 [CW] INFO  [JTS-AuthDispatcherS2-19] - Received NS_AUTH_START: 1
2025-08-21 05:42:02.720 [CW] INFO  [JTS-AuthDispatcherS2-19] - pwd time to expiry ms: 2346621478000 days: 27160
2025-08-21 05:42:02.720 [CW] INFO  [JTS-AuthDispatcherS2-19] - Long pwd allowed: true
2025-08-21 05:42:02.721 [CW] INFO  [JTS-AuthDispatcherS2-19] -  NS_AUTH_START version=50 pwd=1 soft=0 token(s)=[token=0] initialTokenType=PWD authenticationType=MARKET_DATA_CONNECTION identityHashcode=671780291
2025-08-21 05:42:02.723 [CW] INFO  [JTS-AuthDispatcherS2-19] - ### onStartAuthentication
2025-08-21 05:42:02.723 [CW] INFO  [JTS-AuthDispatcherS2-19] - Starting password Authentication
2025-08-21 05:42:02.723 [CW] INFO  [JTS-AuthDispatcherS2-19] - ### onXyzAuthQuery
2025-08-21 05:42:02.723 [CW] INFO  [JTS-AuthDispatcherS2-19] - sendXYZMessage: 777
2025-08-21 05:42:02.724 [CW] INFO  [JTS-AuthDispatcherS2-19] - UserCredentials.setFrom() [this=154758337,other=154758337,old=68a6b1aa.0081,new=68a6b1aa.0081].
2025-08-21 05:42:02.825 [CW] INFO  [JTS-AuthDispatcherS2-19] - Receiver: 777
2025-08-21 05:42:02.826 [CW] ERROR [JTS-AuthDispatcherS2-19] - ERROR: Received twslaunch.jauthentication.M with userName NOT PRINTED in it - this is not expected
2025-08-21 05:42:02.826 [CW] INFO  [JTS-AuthDispatcherS2-19] - processXYZMessage: 777, protocol version: 50
2025-08-21 05:42:02.826 [CW] INFO  [JTS-AuthDispatcherS2-19] - Received AUTH_PARAMS
2025-08-21 05:42:02.827 [CW] INFO  [JTS-AuthDispatcherS2-19] - ### onXyzAuthParams
2025-08-21 05:42:02.828 [CW] INFO  [JTS-AuthDispatcherS2-19] - sendXYZMessage: 777
2025-08-21 05:42:02.929 [CW] INFO  [JTS-AuthDispatcherS2-19] - SPLASH 0212 step 2 AuthDispatcher.processDataItr
2025-08-21 05:42:02.930 [CW] INFO  [JTS-AuthDispatcherS2-19] - Receiver: 777
2025-08-21 05:42:02.930 [CW] ERROR [JTS-AuthDispatcherS2-19] - ERROR: Received twslaunch.jauthentication.M with userName NOT PRINTED in it - this is not expected
2025-08-21 05:42:02.930 [CW] INFO  [JTS-AuthDispatcherS2-19] - processXYZMessage: 777, protocol version: 50
2025-08-21 05:42:02.930 [CW] INFO  [JTS-AuthDispatcherS2-19] - Received SERVER_PARAMS
2025-08-21 05:42:02.935 [CW] INFO  [JTS-AuthDispatcherS2-19] - Session Token received in AuthenticationMessageXYZ=c36abXXXXX.., messageId=SERVER_KEY (4)
2025-08-21 05:42:02.936 [CW] INFO  [JTS-AuthDispatcherS2-19] - sendXYZMessage: 777
2025-08-21 05:42:03.038 [CW] INFO  [JTS-AuthDispatcherS2-19] - Receiver: 777
2025-08-21 05:42:03.039 [CW] ERROR [JTS-AuthDispatcherS2-19] - ERROR: Received twslaunch.jauthentication.M with userName NOT PRINTED in it - this is not expected
2025-08-21 05:42:03.039 [CW] INFO  [JTS-AuthDispatcherS2-19] - processXYZMessage: 777, protocol version: 50
2025-08-21 05:42:03.039 [CW] INFO  [JTS-AuthDispatcherS2-19] - Received AUTH_RESULT
2025-08-21 05:42:03.039 [CW] INFO  [JTS-AuthDispatcherS2-19] - ### onXyzAuthServerProof
2025-08-21 05:42:03.040 [CW] INFO  [JTS-AuthDispatcherS2-19] - Passed pwd authentication.
2025-08-21 05:42:03.040 [CW] INFO  [JTS-AuthDispatcherS2-19] - Authentication completed.
2025-08-21 05:42:03.040 [CW] INFO  [JTS-AuthDispatcherS2-19] - ### onAuthenticationCompleted tokenProtocol=0; authenticated=true
2025-08-21 05:42:03.040 [CW] INFO  [JTS-AuthDispatcherS2-19] - setting session token in AuthenticationHandler: authenticationType=MARKET_DATA_CONNECTION hashCode=671780291 new=XYZSessionToken[type=SOFT,token=c36abXXXXX..] old=null ctciOld=null
2025-08-21 05:42:03.041 [CW] INFO  [JTS-AuthDispatcherS2-19] - ccp session token non-CTCI is set as XYZSessionToken[type=SOFT,token=c36abXXXXX..] 
2025-08-21 05:42:03.041 [CW] INFO  [JTS-AuthDispatcherS2-19] - Received NS_CONNECT_RESPONSE
2025-08-21 05:42:03.041 [CW] INFO  [JTS-AuthDispatcherS2-19] - Received CCP connect features: [TST, ONELOGON].
2025-08-21 05:42:03.046 [CW] INFO  [JTS-AuthDispatcherS2-19] - Log encryption support is enabled [authType=MARKET_DATA_CONNECTION,logKeyId=aaa,logKey=***,logUploadKey=dbkwvogsti].
2025-08-21 05:42:03.046 [CW] INFO  [JTS-AuthDispatcherS2-19] - CCP sent paperUser NOT PRINTED for prodUser NOT PRINTED
2025-08-21 05:42:03.047 [CW] INFO  [JTS-AuthDispatcherS2-19] - UserCredentials.setFrom() [this=154758337,other=154758337,old=68a6b1aa.0081,new=68a6b1aa.0081].
2025-08-21 05:42:03.049 [CW] INFO  [JTS-AuthDispatcherS2-19] - AuthDispatcher.newCommPort()[userDirname=fbnhdpkgodmcijdhnmebkikninekjeoddhapbcdb,restart=,authToken=null,ccpToken=XYZSessionToken[type=SOFT,token=c36abXXXXX..]].
2025-08-21 05:42:03.049 [CW] INFO  [JTS-AuthDispatcherS2-19] - Daily auto-restart is not enabled.
2025-08-21 05:42:03.050 [CW] INFO  [JTS-AuthDispatcherS2-19] - Sending NSNewcommPort [tokenMask=2,tokens=XYZSessionToken[type=SOFT,token=c36abXXXXX..]],shortTokenHashes=92787d75]...
2025-08-21 05:42:03.152 [CW] INFO  [JTS-AuthDispatcherS2-19] - SPLASH 0223 step 2 AuthDispatcher.processDataItr
2025-08-21 05:42:03.152 [CW] INFO  [JTS-AuthDispatcherS2-19] - Received NS_FIX_START
2025-08-21 05:42:03.153 [CW] INFO  [JTS-AuthDispatcherS2-19] - ### onNsFixStart
2025-08-21 05:42:03.154 [CW] INFO  [JTS-PostAuthenticateS2-25] - Interrupting dispatcher [sessionID=2]...
2025-08-21 05:42:03.155 [CW] INFO  [JTS-AuthDispatcherS2-19] - Dispatcher thread terminating [sessionID=2,interrupted=true]...
2025-08-21 05:42:03.155 [CW] INFO  [JTS-PostAuthenticateS2-25] - AuthTimeoutMonitor-CCP: deactivate
2025-08-21 05:42:03.155 [CW] INFO  [JTS-PostAuthenticateS2-25] - Authentication complete
2025-08-21 05:42:03.155 [CW] INFO  [JTS-AuthTimeoutMonitorThread-CCP-20] - Terminating auth timeout monitor thread for CCP
2025-08-21 05:42:03.156 [CW] INFO  [JTS-PostAuthenticateS2-25] - Creating a FixLogonHandlerFactory instance...
2025-08-21 05:42:03.156 [CW] INFO  [JTS-PostAuthenticateS2-25] - Instance created.
2025-08-21 05:42:03.161 [CW] INFO  [AWT-EventQueue-0] - initPreUI() - entry
2025-08-21 05:42:03.163 [CW] INFO  [AWT-EventQueue-0] - jtsLookAndFeel uninitialized
2025-08-21 05:42:03.163 [CW] INFO  [AWT-EventQueue-0] - JtsLookAndFeel initialized
2025-08-21 05:42:03.164 [CW] INFO  [JTS-PostAuthenticateS2-25] - JDOMFactory Class =interface org.jdom.JDOMFactory
2025-08-21 05:42:03.167 [CW] INFO  [AWT-EventQueue-0] - Current LAF: TWS LAF
2025-08-21 05:42:03.168 [CW] INFO  [AWT-EventQueue-0] - initPreUI() - exit
2025-08-21 05:42:03.170 [CW] INFO  [JTS-PostAuthenticateS2-25] - hsqldb jdbc =class org.hsqldb.jdbcDriver 2.4
2025-08-21 05:42:03.172 [CW] INFO  [JTS-PostAuthenticateS2-25] - Changing state for connection from PRELOGON to PRELOGON in B 418630175: SessionSocket:2
2025-08-21 05:42:03.173 [CW] INFO  [JTS-PostAuthenticateS2-25] - createOrRenameToNewStyleUserDirectory: no action: use existing newDir=/home/chris_s_dodd/optcom-1/ibc-setup/tws/paper-settings/gaogbhhnlceecbplknlofkhgodapmgplgmlambim
2025-08-21 05:42:03.174 [CW] INFO  [JTS-PostAuthenticateS2-25] - performLogSwitch() [force=false]
2025-08-21 05:42:03.184 [CW] INFO  [JTS-PostAuthenticateS2-25] - Switching to a new encrypted log...
