2025-08-17 04:47:52.565 [KO] INFO  [JTS-Main] - ------------------------------- IB GATEWAY RESTART --------------------------------
2025-08-17 04:47:52.577 [KO] INFO  [JTS-Main] - installer version: unknown, installer type: standalone, install dir: 'null', Jts dir: '/home/chris_s_dodd/optcom-1/ibc-setup/tws/paper-settings', VM options file: 'null'
2025-08-17 04:47:52.652 [KO] INFO  [JTS-Main] - Verifying environment [entryPoint=IBGATEWAY_STANDALONE]...
2025-08-17 04:47:52.699 [KO] INFO  [JTS-Main] - Install4jAutoUpdateService initialized [props=LauncherProperties[updateDownloadUrl=null,skipUpdateCheck=false,nightlyEnabled=false,channelNameArg=null,channelName=latest,channelChanged=false,jtsConfigDir=/home/chris_s_dodd/optcom-1/ibc-setup/tws/paper-settings,apiPort=null,sessionId=null,installDir=null,exeName=null]].
2025-08-17 04:47:52.709 [KO] INFO  [JTS-Main] - PROXY Installed custom selector
2025-08-17 04:47:52.722 [KO] INFO  [JTS-Main] - useSsl=true,FIX endPoint=ndc1.ibllc.com:4001
2025-08-17 04:47:53.188 [KO] INFO  [JTS-Main] - Setting custom timezone: Etc/UTC
2025-08-17 04:47:53.233 [KO] INFO  [JTS-Main] - LOCALE: Property locale_to_use=null JTS Locale=en_US  country=United States  variant=
2025-08-17 04:47:53.235 [KO] INFO  [JTS-Main] - Region: Custom
2025-08-17 04:47:53.236 [KO] WARN  [JTS-Main] - The locales jar directory resolved to '/home/chris_s_dodd/optcom-1/ibc-setup/tws/paper-settings/jars' ('installDir' system property is not set).
2025-08-17 04:47:53.240 [KO] INFO  [JTS-Main] - Starting to download 'https://download2.interactivebrokers.com/java/classes/locales.jar' using HotBackup 'https://download2.interactivebrokers.com/java/classes/locales.jar'
2025-08-17 04:47:54.286 [KO] INFO  [JTS-Main] - getFileFromUrl: dest=/home/chris_s_dodd/optcom-1/ibc-setup/tws/paper-settings/jars/locales.jar new
2025-08-17 04:47:54.313 [KO] INFO  [JTS-Main] - Finished downloading file [path=/java/classes/locales.jar,startPosition=0,totalBytesRead=114646,fileLen=114646,remoteLength=114646].
2025-08-17 04:47:54.314 [KO] INFO  [JTS-Main] - LOCALE: finished downloading /home/chris_s_dodd/optcom-1/ibc-setup/tws/paper-settings/jars/locales.jar
2025-08-17 04:47:54.314 [KO] WARN  [JTS-Main] - The locales jar directory resolved to '/home/chris_s_dodd/optcom-1/ibc-setup/tws/paper-settings/jars' ('installDir' system property is not set).
2025-08-17 04:47:54.314 [KO] WARN  [JTS-Main] - The locales jar directory resolved to '/home/chris_s_dodd/optcom-1/ibc-setup/tws/paper-settings/jars' ('installDir' system property is not set).
2025-08-17 04:47:54.329 [KO] INFO  [JTS-Main] - DocumentBuilderFactory=jrt:/java.xml/com/sun/org/apache/xerces/internal/jaxp/DocumentBuilderFactoryImpl.class
2025-08-17 04:47:54.405 [KO] INFO  [JTS-Main] - LOCALE: loaded 9 supported locales
2025-08-17 04:47:54.433 [KO] INFO  [JTS-Main] - LOCALE: loaded 8 countries
2025-08-17 04:47:54.433 [KO] WARN  [JTS-Main] - The locales jar directory resolved to '/home/chris_s_dodd/optcom-1/ibc-setup/tws/paper-settings/jars' ('installDir' system property is not set).
2025-08-17 04:47:54.446 [KO] INFO  [JTS-Main] - Locale from ini: en
2025-08-17 04:47:54.447 [KO] INFO  [JTS-Main] - LOCALE: created classloader java.net.URLClassLoader@54e7391d with file:/home/chris_s_dodd/optcom-1/ibc-setup/tws/paper-settings/jars/locales.jar, parent: jdk.internal.loader.ClassLoaders$AppClassLoader@7aec35a
2025-08-17 04:47:54.448 [KO] INFO  [JTS-Main] - Locale=en_US  country=United States  variant=
2025-08-17 04:47:54.453 [KO] INFO  [JTS-Main] - prohibiting class lookup [twslaunch.ji18n.LauncherLanguage]
2025-08-17 04:47:54.457 [KO] INFO  [JTS-Main] - prohibiting class lookup [twslaunch.ji18n.LauncherLanguage_en]
2025-08-17 04:47:54.457 [KO] INFO  [JTS-Main] - prohibiting class lookup [twslaunch.ji18n.LauncherLanguage_en_US]
2025-08-17 04:47:54.458 [KO] INFO  [JTS-Main] - LOCALE:  type: launcher intended: en_US actual:  size: 500
2025-08-17 04:47:54.459 [KO] INFO  [JTS-Main] - settings dir: '/home/chris_s_dodd/optcom-1/ibc-setup/tws/paper-settings'
2025-08-17 04:47:54.743 [KO] INFO  [JTS-Main] - LauncherFontUpdater: simulatehighdefscreen=false
2025-08-17 04:47:54.751 [KO] INFO  [JTS-Main] - LauncherFontUpdater: Screen dimensions=1024x768
2025-08-17 04:47:54.751 [KO] INFO  [JTS-Main] - LauncherFontUpdater: highres=false
2025-08-17 04:47:54.752 [KO] INFO  [JTS-Main] - LauncherFontUpdater: FontSize=16
2025-08-17 04:47:54.752 [KO] INFO  [JTS-Main] - initPreUI() - entry
2025-08-17 04:47:54.770 [KO] INFO  [JTS-Main] - Build 10.37.1k, Aug 7, 2025 11:58:23 AM
2025-08-17 04:47:54.856 [KO] INFO  [JTS-Main] - LookAndFeelChangedListener installed
2025-08-17 04:47:54.866 [KO] INFO  [JTS-Main] - JtsLookAndFeel initialized
2025-08-17 04:47:55.644 [KO] INFO  [JTS-Main] - Current LAF: TWS LAF
2025-08-17 04:47:55.645 [KO] INFO  [JTS-Main] - initPreUI() - exit
2025-08-17 04:47:55.656 [KO] INFO  [JTS-MiscUlrsRequester-5] - Connecting cdc1.ibllc.com:4000 timeout=10000...
2025-08-17 04:47:55.769 [KO] INFO  [JTS-MiscUlrsRequester-5] - Connected to cdc1.ibllc.com:4000/8.17.22.31 remote-ip on local port 0 socket local addrs:port /10.164.0.2:38012
2025-08-17 04:47:55.769 [KO] INFO  [JTS-MiscUlrsRequester-5] - Updating machine info [connectionAddress=/10.164.0.2]...
2025-08-17 04:47:55.772 [KO] INFO  [JTS-MiscUlrsRequester-5] - Creating unique random...
2025-08-17 04:47:55.774 [KO] INFO  [JTS-MiscUlrsRequester-5] - id=ee2618bb
2025-08-17 04:47:55.774 [KO] INFO  [JTS-MiscUlrsRequester-5] - Resolving MAC address...
2025-08-17 04:47:55.777 [KO] INFO  [JTS-MiscUlrsRequester-5] - MACNetworkInfo created <ee2618bb|42:01:0A:A4:00:02|10.164.0.2>.
2025-08-17 04:47:55.810 [KO] INFO  [JTS-MISC URLsListenerS1-6] - Starting listener thread [sessionID=1]...
2025-08-17 04:47:55.857 [KO] INFO  [JTS-MiscUlrsRequester-5] - Sending MiscUrls request
2025-08-17 04:47:55.859 [KO] INFO  [JTS-AuthDispatcherS1-7] - Starting dispatcher thread [sessionID=1]...
2025-08-17 04:47:55.865 [KO] INFO  [JTS-MiscUlrsRequester-5] - LOGIN_TIME_MONITOR	 false 04:47:55:864 since start = 0 thread delay = 0 global delay = -1 tag=null, cls=AuthDispatcher method=send
2025-08-17 04:47:55.867 [KO] INFO  [JTS-AuthResponseMonitor-8] - Starting auth response monitor thread
2025-08-17 04:47:55.867 [KO] INFO  [JTS-MISC URLsListenerS1-6] - Initial listener buffer size is 65536.
2025-08-17 04:47:55.867 [KO] INFO  [JTS-MISC URLsListenerS1-6] - Listener thread [sessionID=1] is ready to process messages.
2025-08-17 04:47:55.975 [KO] INFO  [JTS-AuthDispatcherS1-7] - Received NS_MISC_URLS
2025-08-17 04:47:55.979 [KO] INFO  [JTS-AuthDispatcherS1-7] - IBMiscUrl.miscUrlMessage()[sslRequired=true]
2025-08-17 04:47:55.983 [KO] INFO  [JTS-AuthDispatcherS1-7] - Misc URL: scope is blank - setting userScope to EXTERNAL
2025-08-17 04:47:55.983 [KO] INFO  [JTS-AuthDispatcherS1-7] - Misc URL: setting userScope to EXTERNAL
2025-08-17 04:47:55.995 [KO] INFO  [JTS-AuthDispatcherS1-7] - Disconnecting cdc1.ibllc.com:4000 [disconnectDetails=DisconnectDetails[sessionID=1,endPoint=cdc1.ibllc.com:4000,reason=DISCONNECT_BY_DESIGN,cause=null,systemMessage=null,keepSocketOpen=false]]...
2025-08-17 04:47:55.996 [KO] INFO  [JTS-AuthDispatcherS1-7] - Socket closed.
2025-08-17 04:47:55.997 [KO] INFO  [JTS-AuthDispatcherS1-7] - SocketTracker[name=name=MISC URLs(cdc1.ibllc.com:4000),usesCcpConMan=false,lastReadTimestamp=1755406075968,lastReadDateTime=2025-08-17T04:47:55.968,lastFixSendTime=].
2025-08-17 04:47:55.997 [KO] INFO  [JTS-AuthDispatcherS1-7] - Interrupting dispatcher [sessionID=1]...
2025-08-17 04:47:55.997 [KO] INFO  [JTS-AuthDispatcherS1-7] - Interrupting listener [sessionID=1,disconnectSocket=true]...
2025-08-17 04:47:55.999 [KO] INFO  [JTS-MISC URLsListenerS1-6] - Socket or stream for connection cdc1.ibllc.com:4000 was closed by another thread.
2025-08-17 04:47:56.000 [KO] INFO  [JTS-AuthDispatcherS1-7] - Dispatcher thread terminating [sessionID=1,interrupted=true]...
2025-08-17 04:47:56.000 [KO] INFO  [JTS-MISC URLsListenerS1-6] - Listener thread terminating [sessionID=1] [seen=1159,totalShifted=1159,moreAvailable=0]
2025-08-17 04:47:56.001 [KO] INFO  [JTS-AuthResponseMonitor-8] - Terminating auth response monitor thread
2025-08-17 04:47:56.932 [KO] INFO  [AWT-EventQueue-0] - Default timezone:Africa/Abidjan
2025-08-17 04:47:56.934 [KO] INFO  [AWT-EventQueue-0] - Starting GstatMessageMgr...
2025-08-17 04:47:56.937 [KO] INFO  [JTS-GstatMessageMgr-11] - Sending a request to GSTAT [url=https://api.ibkr.com/v1/gstat//bulletins,data='{"p":"10371k","t":"Maintenance","tz":"Africa/Abidjan","format":"webapp","theme":"dark","fontSize":"12px","lang":"en"}']...
2025-08-17 04:47:56.997 [KO] INFO  [AWT-EventQueue-0] - Started on 20250817-04:47:56
2025-08-17 04:47:56.997 [KO] INFO  [AWT-EventQueue-0] - Default timezone:Africa/Abidjan name:Greenwich Mean Time dst:0
2025-08-17 04:47:56.998 [KO] INFO  [AWT-EventQueue-0] - java version = 17.0.10.0.101
2025-08-17 04:47:56.998 [KO] INFO  [AWT-EventQueue-0] - sun.arch.data.model = 64
2025-08-17 04:47:56.998 [KO] INFO  [AWT-EventQueue-0] - os = Linux
2025-08-17 04:47:56.998 [KO] INFO  [AWT-EventQueue-0] - os version = 6.14.0-1012-gcp
2025-08-17 04:47:56.998 [KO] INFO  [AWT-EventQueue-0] - os architecture = 32
2025-08-17 04:47:56.998 [KO] INFO  [AWT-EventQueue-0] - runtime = OpenJDK Runtime Environment
2025-08-17 04:47:56.998 [KO] INFO  [AWT-EventQueue-0] - vendor = Azul Systems, Inc.
2025-08-17 04:47:56.998 [KO] INFO  [AWT-EventQueue-0] - vm name = OpenJDK 64-Bit Server VM
2025-08-17 04:47:56.998 [KO] INFO  [AWT-EventQueue-0] - username = 'chris_s_dodd'
2025-08-17 04:47:57.176 [KO] INFO  [JTS-GstatMessageMgr-11] - Received response [errorCode=204,contentLen=-1].
2025-08-17 04:47:57.641 [KO] INFO  [AWT-EventQueue-0] - OvernightManager.dayInit: new values: dayOfTheWeek: 1 (Sun), YYYYMMofToday: 202508, YYYYMMDDofToday: 20250817, m_todayDate: 20250817, dueToChangeInTimezone: false
2025-08-17 04:47:57.708 [KO] WARN  [JTS-DeadlockMonitor-2] - instance of control is not created yet
2025-08-17 04:47:57.712 [KO] INFO  [JTS-DeadlockMonitor-2] - Memory:total=786,432KB free=739,384KB HeapUsage: Max=786,432KB used=45,813KB committed=79,872KB NonHeapUsage: Max=0KB used=73,555KB committed=75,648KB
2025-08-17 04:47:58.270 [KO] INFO  [AWT-EventQueue-0] - Stopping GstatMessageMgr...
2025-08-17 04:47:58.272 [KO] INFO  [AWT-EventQueue-0] - Setting dir is /home/chris_s_dodd/optcom-1/ibc-setup/tws/paper-settings/
2025-08-17 04:47:58.273 [KO] INFO  [AWT-EventQueue-0] - PROXY Cleared HTTP proxy: no valid proxy is present (passing on :0)
2025-08-17 04:47:58.274 [KO] INFO  [AWT-EventQueue-0] - BaseIniFile.saveGatewayFixEndPoint() [host=ndc1.ibllc.com,port=4001]...
2025-08-17 04:47:58.275 [KO] INFO  [AWT-EventQueue-0] - SPLASH Creating screen with 5 steps
2025-08-17 04:47:58.389 [KO] INFO  [AWT-EventQueue-0] - SplashScreen: using ads manager
2025-08-17 04:47:58.393 [KO] INFO  [AWT-EventQueue-0] - AdImageContainer: start build ads UI
2025-08-17 04:47:58.405 [KO] INFO  [JTS-CachedThreadExecutor-12] - AdManager: NEXT_AD request https://api.ibkr.com/tws.proxy/info/next?platform=dTWS&size=1200x1000&lang=en&version=10371&build=latest
2025-08-17 04:47:58.406 [KO] INFO  [JTS-CachedThreadExecutor-12] - AdManager: sending request with header X-USERNAME
2025-08-17 04:47:58.545 [KO] INFO  [JTS-CachedThreadExecutor-12] - AdManager: NEXT_AD request is ok
2025-08-17 04:47:58.547 [KO] INFO  [JTS-CachedThreadExecutor-12] - AdManager: NEXT_AD receive raw response {"imagePath":"/info/image/250-0-1200x1000-en.jpg","expire":1767175200000,"id":"ZGtnZm1vNTIzLWRUV1MtMjUwLTAtMTc1NTQwNjA3ODQ4Nw==","target_alt":"https://www.interactivebrokers.com?adid=ZGtnZm1vNTIzLWRUV1MtMjUwLTAtMTc1NTQwNjA3ODQ4Nw==","target":"https://www.interactivebrokers.com/en/index.php?f=53997&adid=ZGtnZm1vNTIzLWRUV1MtMjUwLTAtMTc1NTQwNjA3ODQ4Nw=="}
2025-08-17 04:47:58.686 [KO] INFO  [JTS-CachedThreadExecutor-12] - AdsManager: parsed json object: 
id: ZGtnZm1vNTIzLWRUV1MtMjUwLTAtMTc1NTQwNjA3ODQ4Nw==
expire: 1767175200000
imagePath: /info/image/250-0-1200x1000-en.jpg
target: https://www.interactivebrokers.com/en/index.php?f=53997&adid=ZGtnZm1vNTIzLWRUV1MtMjUwLTAtMTc1NTQwNjA3ODQ4Nw==
target_alt: https://www.interactivebrokers.com?adid=ZGtnZm1vNTIzLWRUV1MtMjUwLTAtMTc1NTQwNjA3ODQ4Nw==

2025-08-17 04:47:58.785 [KO] INFO  [JTS-DeadlockMonitor-2] - CPU:cur=43.68% avg=43.68% 30 min avg=43.68% 10 min avg=43.68% 5 min avg=43.68% 1 min avg=43.68%
GC:called=9 times CPU used=0.86%
Finalizer:cur=0.00% avg=0.00% 30 min avg=0.00% 10 min avg=0.00% 5 min avg=0.00% 1 min avg=0.00%
Threads Count:curr live=30 curr daemon=20
2025-08-17 04:47:58.978 [KO] INFO  [AWT-EventQueue-0] - initAutoEncryptionMenu(): autoEncryption set to true
2025-08-17 04:47:58.998 [KO] INFO  [AWT-EventQueue-0] - Contacting cdc1.ibllc.com:4001 as user NOT PRINTED
2025-08-17 04:47:59.018 [KO] INFO  [AWT-EventQueue-0] - UserCredentials.sessionId() [this=1543161303,old=null,new=68a15eff.000c].
2025-08-17 04:47:59.018 [KO] INFO  [AWT-EventQueue-0] - CONN CALC: Last connection attempt time is cleared!
2025-08-17 04:47:59.019 [KO] INFO  [AWT-EventQueue-0] - CONN CALC: Last connection set as now:04:47:59:018
2025-08-17 04:47:59.019 [KO] INFO  [AWT-EventQueue-0] - Prelogin delay:0
2025-08-17 04:47:59.021 [KO] INFO  [JTS-Login-14] - Starting launcher login thread
2025-08-17 04:47:59.023 [KO] INFO  [JTS-Login-14] - LauncherLoginThread.runLoginWithUI()[hotBackupStrategy=ON,loginAttempt=1,socketDelay=20000].
2025-08-17 04:47:59.024 [KO] INFO  [JTS-Login-14] - SPLASH Connecting to server
2025-08-17 04:47:59.029 [KO] INFO  [JTS-Login-14] - ### startLogin startTime=1755406079018
2025-08-17 04:47:59.029 [KO] INFO  [JTS-Login-14] - ### loginAttempt loginAttempt=1
2025-08-17 04:47:59.029 [KO] INFO  [JTS-Login-14] - Connecting cdc1.ibllc.com:4001 (SSL) timeout=20000...
2025-08-17 04:47:59.029 [KO] INFO  [JTS-Login-14] - ### onSocketOpenStart socketOpenStart=1755406079029; endPoint=cdc1.ibllc.com; port=4001
2025-08-17 04:47:59.048 [KO] INFO  [JTS-Order-Audit-16] - Starting async queue thread
2025-08-17 04:47:59.050 [KO] INFO  [AWT-EventQueue-0] - Network monitor is activated
2025-08-17 04:47:59.058 [KO] INFO  [JavaFX Application Thread] - GstatMessagePanel: setup web app is done
2025-08-17 04:47:59.134 [KO] INFO  [AWT-EventQueue-0] - AdImageContainer: ad image is shown
2025-08-17 04:47:59.136 [KO] INFO  [AWT-EventQueue-0] - AdsManager: request image to put in cache
2025-08-17 04:47:59.136 [KO] INFO  [JTS-CachedThreadExecutor-12] - AdManager: IMAGE_SHOWN request https://api.ibkr.com/tws.proxy/info/show/ZGtnZm1vNTIzLWRUV1MtMjUwLTAtMTc1NTQwNjA3ODQ4Nw==
2025-08-17 04:47:59.139 [KO] INFO  [JTS-Login-14] - ### onSocketOpenEnd socketOpenEnd=1755406079139
2025-08-17 04:47:59.139 [KO] INFO  [JTS-Login-14] - Connected to cdc1.ibllc.com:4001 (SSL)/8.17.22.31 remote-ip on local port 0 socket local addrs:port /10.164.0.2:44820
2025-08-17 04:47:59.140 [KO] INFO  [JTS-Login-14] - Updating machine info [connectionAddress=/10.164.0.2]...
2025-08-17 04:47:59.140 [KO] INFO  [JTS-CachedThreadExecutor-17] - AdManager: NEXT_AD request https://api.ibkr.com/tws.proxy/info/next?platform=dTWS&size=1200x1000&lang=en&version=10371&build=latest
2025-08-17 04:47:59.143 [KO] INFO  [JTS-CachedThreadExecutor-17] - AdManager: sending request with header X-USERNAME
2025-08-17 04:47:59.144 [KO] INFO  [JTS-Login-14] - JTSAuthConnection.onConnected(): lastKnownCipherStatus=INSECURE
2025-08-17 04:47:59.144 [KO] INFO  [JTS-Login-14] - Changing state for connection from PRELOGON to PRELOGON in B 2056013622: SessionSocket:2
2025-08-17 04:47:59.145 [KO] INFO  [JTS-Login-14] - Authenticating
2025-08-17 04:47:59.145 [KO] INFO  [JTS-Login-14] - AuthTimeoutMonitor-CCP: deactivate
2025-08-17 04:47:59.146 [KO] INFO  [JTS-Login-14] - AuthTimeoutMonitor-CCP: timeout=20000
2025-08-17 04:47:59.146 [KO] INFO  [JTS-CCPListenerS2-18] - Starting listener thread [sessionID=2]...
2025-08-17 04:47:59.148 [KO] INFO  [JTS-Login-14] - AuthTimeoutMonitor-CCP: activate
2025-08-17 04:47:59.149 [KO] INFO  [JTS-Login-14] - SPLASH -0001 step 1 AuthDispatcher.connect
2025-08-17 04:47:59.149 [KO] INFO  [JTS-AuthTimeoutMonitorThread-CCP-20] - Starting auth timeout monitor thread for CCP
2025-08-17 04:47:59.153 [KO] INFO  [JTS-Login-14] - Sending connect request
2025-08-17 04:47:59.155 [KO] INFO  [JTS-Login-14] - AuthDispatcher.initNSMsgVersionLimits: minVersion=38, maxVersion=50
2025-08-17 04:47:59.158 [KO] ERROR [JTS-CachedThreadExecutor-12] - AdManager: IMAGE_SHOWN service 411
2025-08-17 04:47:59.159 [KO] INFO  [JTS-AuthDispatcherS2-19] - Starting dispatcher thread [sessionID=2]...
2025-08-17 04:47:59.163 [KO] INFO  [JTS-Login-14] - AuthDispatcher.NSConnectRequest: userSessionID=68a15eff.000c, beeDemoType=NULL
2025-08-17 04:47:59.163 [KO] INFO  [JTS-Login-14] - ### onNsMsg loginMessageReq=1755406079163; brandNewUser=false
2025-08-17 04:47:59.164 [KO] INFO  [JTS-Login-14] - mapProdToPaper: In NSConnectRequest: sending PAPER_CONNECT=0x2000
2025-08-17 04:47:59.164 [KO] INFO  [JTS-Login-14] - NSConnectRequest: sending CLIENT_USE_SSL=0x80000
2025-08-17 04:47:59.324 [KO] INFO  [JTS-CachedThreadExecutor-17] - AdManager: NEXT_AD request is ok
2025-08-17 04:47:59.325 [KO] INFO  [JTS-CachedThreadExecutor-17] - AdManager: NEXT_AD receive raw response {"imagePath":"/info/image/250-0-1200x1000-en.jpg","expire":1767175200000,"id":"ZGtnZm1vNTIzLWRUV1MtMjUwLTAtMTc1NTQwNjA3OTI3MA==","target_alt":"https://www.interactivebrokers.com?adid=ZGtnZm1vNTIzLWRUV1MtMjUwLTAtMTc1NTQwNjA3OTI3MA==","target":"https://www.interactivebrokers.com/en/index.php?f=53997&adid=ZGtnZm1vNTIzLWRUV1MtMjUwLTAtMTc1NTQwNjA3OTI3MA=="}
2025-08-17 04:47:59.326 [KO] INFO  [JTS-CachedThreadExecutor-17] - AdsManager: parsed json object: 
id: ZGtnZm1vNTIzLWRUV1MtMjUwLTAtMTc1NTQwNjA3OTI3MA==
expire: 1767175200000
imagePath: /info/image/250-0-1200x1000-en.jpg
target: https://www.interactivebrokers.com/en/index.php?f=53997&adid=ZGtnZm1vNTIzLWRUV1MtMjUwLTAtMTc1NTQwNjA3OTI3MA==
target_alt: https://www.interactivebrokers.com?adid=ZGtnZm1vNTIzLWRUV1MtMjUwLTAtMTc1NTQwNjA3OTI3MA==

2025-08-17 04:47:59.326 [KO] INFO  [JTS-CachedThreadExecutor-17] - AdsManager: try to save image  in/home/chris_s_dodd/optcom-1/ibc-setup/tws/paper-settings/fbnhdpkgodmcijdhnmebkikninekjeoddhapbcdb//250-0-1200x1000-en.jpg
2025-08-17 04:47:59.326 [KO] ERROR [JTS-CachedThreadExecutor-17] - Unable create ad locator: No such file or directory
2025-08-17 04:47:59.326 [KO] WARN  [JTS-CachedThreadExecutor-17] - Unable store ad locator: /home/chris_s_dodd/optcom-1/ibc-setup/tws/paper-settings/fbnhdpkgodmcijdhnmebkikninekjeoddhapbcdb/ad.locator (No such file or directory)
2025-08-17 04:47:59.514 [KO] INFO  [JTS-Login-14] - SPLASH Authenticating
2025-08-17 04:47:59.514 [KO] INFO  [JTS-CCPListenerS2-18] - Initial listener buffer size is 65536.
2025-08-17 04:47:59.515 [KO] INFO  [JTS-CCPListenerS2-18] - Listener thread [sessionID=2] is ready to process messages.
2025-08-17 04:47:59.515 [KO] INFO  [JTS-Login-14] - Terminating launcher login thread
2025-08-17 04:47:59.624 [KO] INFO  [JTS-AuthDispatcherS2-19] - SPLASH 0474 step 2 AuthDispatcher.processDataItr
2025-08-17 04:47:59.624 [KO] INFO  [JTS-AuthDispatcherS2-19] - set nsMsgVersion: context=AuthStart; version=50
2025-08-17 04:47:59.625 [KO] INFO  [JTS-AuthDispatcherS2-19] - Received NS_AUTH_START: 1
2025-08-17 04:47:59.626 [KO] INFO  [JTS-AuthDispatcherS2-19] - pwd time to expiry ms: 2346970321000 days: 27165
2025-08-17 04:47:59.626 [KO] INFO  [JTS-AuthDispatcherS2-19] - Long pwd allowed: true
2025-08-17 04:47:59.627 [KO] INFO  [JTS-AuthDispatcherS2-19] -  NS_AUTH_START version=50 pwd=1 soft=0 token(s)=[token=0] initialTokenType=PWD authenticationType=MARKET_DATA_CONNECTION identityHashcode=43185005
2025-08-17 04:47:59.628 [KO] INFO  [JTS-AuthDispatcherS2-19] - ### onStartAuthentication
2025-08-17 04:47:59.628 [KO] INFO  [JTS-AuthDispatcherS2-19] - Starting password Authentication
2025-08-17 04:47:59.628 [KO] INFO  [JTS-AuthDispatcherS2-19] - ### onXyzAuthQuery
2025-08-17 04:47:59.629 [KO] INFO  [JTS-AuthDispatcherS2-19] - sendXYZMessage: 777
2025-08-17 04:47:59.629 [KO] INFO  [JTS-AuthDispatcherS2-19] - UserCredentials.setFrom() [this=1543161303,other=1543161303,old=68a15eff.000c,new=68a15eff.000c].
2025-08-17 04:47:59.734 [KO] INFO  [JTS-AuthDispatcherS2-19] - Receiver: 777
2025-08-17 04:47:59.734 [KO] ERROR [JTS-AuthDispatcherS2-19] - ERROR: Received twslaunch.jauthentication.M with userName NOT PRINTED in it - this is not expected
2025-08-17 04:47:59.734 [KO] INFO  [JTS-AuthDispatcherS2-19] - processXYZMessage: 777, protocol version: 50
2025-08-17 04:47:59.734 [KO] INFO  [JTS-AuthDispatcherS2-19] - Received AUTH_PARAMS
2025-08-17 04:47:59.735 [KO] INFO  [JTS-AuthDispatcherS2-19] - ### onXyzAuthParams
2025-08-17 04:47:59.735 [KO] INFO  [JTS-AuthDispatcherS2-19] - sendXYZMessage: 777
2025-08-17 04:47:59.839 [KO] INFO  [JTS-AuthDispatcherS2-19] - SPLASH 0216 step 2 AuthDispatcher.processDataItr
2025-08-17 04:47:59.839 [KO] INFO  [JTS-AuthDispatcherS2-19] - Receiver: 777
2025-08-17 04:47:59.839 [KO] ERROR [JTS-AuthDispatcherS2-19] - ERROR: Received twslaunch.jauthentication.M with userName NOT PRINTED in it - this is not expected
2025-08-17 04:47:59.839 [KO] INFO  [JTS-AuthDispatcherS2-19] - processXYZMessage: 777, protocol version: 50
2025-08-17 04:47:59.840 [KO] INFO  [JTS-AuthDispatcherS2-19] - Received SERVER_PARAMS
2025-08-17 04:47:59.846 [KO] INFO  [JTS-AuthDispatcherS2-19] - Session Token received in AuthenticationMessageXYZ=f3298XXXXX.., messageId=SERVER_KEY (4)
2025-08-17 04:47:59.846 [KO] INFO  [JTS-AuthDispatcherS2-19] - sendXYZMessage: 777
2025-08-17 04:47:59.949 [KO] INFO  [JTS-AuthDispatcherS2-19] - Receiver: 777
2025-08-17 04:47:59.950 [KO] ERROR [JTS-AuthDispatcherS2-19] - ERROR: Received twslaunch.jauthentication.M with userName NOT PRINTED in it - this is not expected
2025-08-17 04:47:59.950 [KO] INFO  [JTS-AuthDispatcherS2-19] - processXYZMessage: 777, protocol version: 50
2025-08-17 04:47:59.950 [KO] INFO  [JTS-AuthDispatcherS2-19] - Received AUTH_RESULT
2025-08-17 04:47:59.950 [KO] INFO  [JTS-AuthDispatcherS2-19] - ### onXyzAuthServerProof
2025-08-17 04:47:59.950 [KO] INFO  [JTS-AuthDispatcherS2-19] - Passed pwd authentication.
2025-08-17 04:47:59.951 [KO] INFO  [JTS-AuthDispatcherS2-19] - Authentication completed.
2025-08-17 04:47:59.951 [KO] INFO  [JTS-AuthDispatcherS2-19] - ### onAuthenticationCompleted tokenProtocol=0; authenticated=true
2025-08-17 04:47:59.951 [KO] INFO  [JTS-AuthDispatcherS2-19] - setting session token in AuthenticationHandler: authenticationType=MARKET_DATA_CONNECTION hashCode=43185005 new=XYZSessionToken[type=SOFT,token=f3298XXXXX..] old=null ctciOld=null
2025-08-17 04:47:59.951 [KO] INFO  [JTS-AuthDispatcherS2-19] - ccp session token non-CTCI is set as XYZSessionToken[type=SOFT,token=f3298XXXXX..] 
2025-08-17 04:47:59.952 [KO] INFO  [JTS-AuthDispatcherS2-19] - Received NS_CONNECT_RESPONSE
2025-08-17 04:47:59.953 [KO] INFO  [JTS-AuthDispatcherS2-19] - Received CCP connect features: [TST, ONELOGON].
2025-08-17 04:47:59.958 [KO] INFO  [JTS-AuthDispatcherS2-19] - Log encryption support is enabled [authType=MARKET_DATA_CONNECTION,logKeyId=aaa,logKey=***,logUploadKey=dbkwvogsti].
2025-08-17 04:47:59.959 [KO] INFO  [JTS-AuthDispatcherS2-19] - CCP sent paperUser NOT PRINTED for prodUser NOT PRINTED
2025-08-17 04:47:59.959 [KO] INFO  [JTS-AuthDispatcherS2-19] - UserCredentials.setFrom() [this=1543161303,other=1543161303,old=68a15eff.000c,new=68a15eff.000c].
2025-08-17 04:47:59.961 [KO] INFO  [JTS-AuthDispatcherS2-19] - AuthDispatcher.newCommPort()[userDirname=fbnhdpkgodmcijdhnmebkikninekjeoddhapbcdb,restart=,authToken=null,ccpToken=XYZSessionToken[type=SOFT,token=f3298XXXXX..]].
2025-08-17 04:47:59.962 [KO] INFO  [JTS-AuthDispatcherS2-19] - Daily auto-restart is not enabled.
2025-08-17 04:47:59.964 [KO] INFO  [JTS-AuthDispatcherS2-19] - Sending NSNewcommPort [tokenMask=2,tokens=XYZSessionToken[type=SOFT,token=f3298XXXXX..]],shortTokenHashes=79912acc]...
2025-08-17 04:48:00.067 [KO] INFO  [JTS-AuthDispatcherS2-19] - SPLASH 0228 step 2 AuthDispatcher.processDataItr
2025-08-17 04:48:00.068 [KO] INFO  [JTS-AuthDispatcherS2-19] - Received NS_FIX_START
2025-08-17 04:48:00.068 [KO] INFO  [JTS-AuthDispatcherS2-19] - ### onNsFixStart
2025-08-17 04:48:00.069 [KO] INFO  [JTS-PostAuthenticateS2-25] - Interrupting dispatcher [sessionID=2]...
2025-08-17 04:48:00.069 [KO] INFO  [JTS-AuthDispatcherS2-19] - Dispatcher thread terminating [sessionID=2,interrupted=true]...
2025-08-17 04:48:00.070 [KO] INFO  [JTS-PostAuthenticateS2-25] - AuthTimeoutMonitor-CCP: deactivate
2025-08-17 04:48:00.070 [KO] INFO  [JTS-PostAuthenticateS2-25] - Authentication complete
2025-08-17 04:48:00.070 [KO] INFO  [JTS-PostAuthenticateS2-25] - Creating a FixLogonHandlerFactory instance...
2025-08-17 04:48:00.070 [KO] INFO  [JTS-AuthTimeoutMonitorThread-CCP-20] - Terminating auth timeout monitor thread for CCP
2025-08-17 04:48:00.071 [KO] INFO  [JTS-PostAuthenticateS2-25] - Instance created.
2025-08-17 04:48:00.085 [KO] INFO  [AWT-EventQueue-0] - initPreUI() - entry
2025-08-17 04:48:00.086 [KO] INFO  [AWT-EventQueue-0] - jtsLookAndFeel uninitialized
2025-08-17 04:48:00.086 [KO] INFO  [AWT-EventQueue-0] - JtsLookAndFeel initialized
2025-08-17 04:48:00.090 [KO] INFO  [JTS-PostAuthenticateS2-25] - JDOMFactory Class =interface org.jdom.JDOMFactory
2025-08-17 04:48:00.094 [KO] INFO  [AWT-EventQueue-0] - Current LAF: TWS LAF
2025-08-17 04:48:00.094 [KO] INFO  [AWT-EventQueue-0] - initPreUI() - exit
2025-08-17 04:48:00.096 [KO] INFO  [JTS-PostAuthenticateS2-25] - hsqldb jdbc =class org.hsqldb.jdbcDriver 2.4
2025-08-17 04:48:00.102 [KO] INFO  [JTS-PostAuthenticateS2-25] - Changing state for connection from PRELOGON to PRELOGON in B 2056013622: SessionSocket:2
2025-08-17 04:48:00.102 [KO] INFO  [JTS-PostAuthenticateS2-25] - createOrRenameToNewStyleUserDirectory: no action: use existing newDir=/home/chris_s_dodd/optcom-1/ibc-setup/tws/paper-settings/gaogbhhnlceecbplknlofkhgodapmgplgmlambim
2025-08-17 04:48:00.104 [KO] INFO  [JTS-PostAuthenticateS2-25] - performLogSwitch() [force=false]
2025-08-17 04:48:00.120 [KO] INFO  [JTS-PostAuthenticateS2-25] - Switching to a new encrypted log...
2025-08-17 07:05:05.465 [NV] INFO  [JTS-Main] - ------------------------------- IB GATEWAY RESTART --------------------------------
2025-08-17 07:05:05.476 [NV] INFO  [JTS-Main] - installer version: unknown, installer type: standalone, install dir: 'null', Jts dir: '/home/chris_s_dodd/optcom-1/ibc-setup/tws/paper-settings', VM options file: 'null'
2025-08-17 07:05:05.534 [NV] INFO  [JTS-Main] - Verifying environment [entryPoint=IBGATEWAY_STANDALONE]...
2025-08-17 07:05:05.669 [NV] INFO  [JTS-Main] - Install4jAutoUpdateService initialized [props=LauncherProperties[updateDownloadUrl=null,skipUpdateCheck=false,nightlyEnabled=false,channelNameArg=null,channelName=latest,channelChanged=false,jtsConfigDir=/home/chris_s_dodd/optcom-1/ibc-setup/tws/paper-settings,apiPort=null,sessionId=null,installDir=null,exeName=null]].
2025-08-17 07:05:05.695 [NV] INFO  [JTS-Main] - PROXY Installed custom selector
2025-08-17 07:05:05.712 [NV] INFO  [JTS-Main] - useSsl=true,FIX endPoint=ndc1.ibllc.com:4001
2025-08-17 07:05:06.319 [NV] INFO  [JTS-Main] - Setting custom timezone: Africa/Abidjan
2025-08-17 07:05:06.355 [NV] INFO  [JTS-Main] - LOCALE: Property locale_to_use=null JTS Locale=en_US  country=United States  variant=
2025-08-17 07:05:06.371 [NV] INFO  [JTS-Main] - Region: Custom
2025-08-17 07:05:06.371 [NV] WARN  [JTS-Main] - The locales jar directory resolved to '/home/chris_s_dodd/optcom-1/ibc-setup/tws/paper-settings/jars' ('installDir' system property is not set).
2025-08-17 07:05:06.383 [NV] INFO  [JTS-Main] - Starting to download 'https://download2.interactivebrokers.com/java/classes/locales.jar' using HotBackup 'https://download2.interactivebrokers.com/java/classes/locales.jar'
2025-08-17 07:05:07.597 [NV] INFO  [JTS-Main] - LOCALE: needToUpdate  dest=/home/chris_s_dodd/optcom-1/ibc-setup/tws/paper-settings/jars/locales.jar  sourceMod=2019-11-07 15:30:14  destMod=2019-11-07 15:30:14  sourceSize=114646  destSize=114646  conditions=[NEWER_REMOTE, LOCAL_IN_FUTURE, SIZE_DIFFERS]  download=false
2025-08-17 07:05:07.598 [NV] INFO  [JTS-Main] - LOCALE: /home/chris_s_dodd/optcom-1/ibc-setup/tws/paper-settings/jars/locales.jar already up-to-date
2025-08-17 07:05:07.599 [NV] WARN  [JTS-Main] - The locales jar directory resolved to '/home/chris_s_dodd/optcom-1/ibc-setup/tws/paper-settings/jars' ('installDir' system property is not set).
2025-08-17 07:05:07.599 [NV] WARN  [JTS-Main] - The locales jar directory resolved to '/home/chris_s_dodd/optcom-1/ibc-setup/tws/paper-settings/jars' ('installDir' system property is not set).
2025-08-17 07:05:07.637 [NV] INFO  [JTS-Main] - DocumentBuilderFactory=jrt:/java.xml/com/sun/org/apache/xerces/internal/jaxp/DocumentBuilderFactoryImpl.class
2025-08-17 07:05:07.734 [NV] INFO  [JTS-Main] - LOCALE: loaded 9 supported locales
2025-08-17 07:05:07.780 [NV] INFO  [JTS-Main] - LOCALE: loaded 8 countries
2025-08-17 07:05:07.781 [NV] WARN  [JTS-Main] - The locales jar directory resolved to '/home/chris_s_dodd/optcom-1/ibc-setup/tws/paper-settings/jars' ('installDir' system property is not set).
2025-08-17 07:05:07.824 [NV] INFO  [JTS-Main] - Locale from ini: en
2025-08-17 07:05:07.824 [NV] INFO  [JTS-Main] - LOCALE: created classloader java.net.URLClassLoader@5949eba8 with file:/home/chris_s_dodd/optcom-1/ibc-setup/tws/paper-settings/jars/locales.jar, parent: jdk.internal.loader.ClassLoaders$AppClassLoader@7aec35a
2025-08-17 07:05:07.830 [NV] INFO  [JTS-Main] - Locale=en_US  country=United States  variant=
2025-08-17 07:05:07.838 [NV] INFO  [JTS-Main] - prohibiting class lookup [twslaunch.ji18n.LauncherLanguage]
2025-08-17 07:05:07.851 [NV] INFO  [JTS-Main] - prohibiting class lookup [twslaunch.ji18n.LauncherLanguage_en]
2025-08-17 07:05:07.855 [NV] INFO  [JTS-Main] - prohibiting class lookup [twslaunch.ji18n.LauncherLanguage_en_US]
2025-08-17 07:05:07.858 [NV] INFO  [JTS-Main] - LOCALE:  type: launcher intended: en_US actual:  size: 500
2025-08-17 07:05:07.862 [NV] INFO  [JTS-Main] - settings dir: '/home/chris_s_dodd/optcom-1/ibc-setup/tws/paper-settings'
2025-08-17 07:05:08.460 [NV] INFO  [JTS-Main] - LauncherFontUpdater: simulatehighdefscreen=false
2025-08-17 07:05:08.468 [NV] INFO  [JTS-Main] - LauncherFontUpdater: Screen dimensions=1024x768
2025-08-17 07:05:08.469 [NV] INFO  [JTS-Main] - LauncherFontUpdater: highres=false
2025-08-17 07:05:08.469 [NV] INFO  [JTS-Main] - LauncherFontUpdater: FontSize=16
2025-08-17 07:05:08.469 [NV] INFO  [JTS-Main] - initPreUI() - entry
2025-08-17 07:05:08.487 [NV] INFO  [JTS-Main] - Build 10.37.1k, Aug 7, 2025 11:58:23 AM
2025-08-17 07:05:08.561 [NV] INFO  [JTS-Main] - LookAndFeelChangedListener installed
2025-08-17 07:05:08.569 [NV] INFO  [JTS-Main] - JtsLookAndFeel initialized
2025-08-17 07:05:09.713 [NV] INFO  [JTS-Main] - Current LAF: TWS LAF
2025-08-17 07:05:09.714 [NV] INFO  [JTS-Main] - initPreUI() - exit
2025-08-17 07:05:09.726 [NV] INFO  [JTS-MiscUlrsRequester-5] - Connecting cdc1.ibllc.com:4000 timeout=10000...
2025-08-17 07:05:09.836 [NV] INFO  [JTS-MiscUlrsRequester-5] - Connected to cdc1.ibllc.com:4000/8.17.22.31 remote-ip on local port 0 socket local addrs:port /10.164.0.2:51824
2025-08-17 07:05:09.837 [NV] INFO  [JTS-MiscUlrsRequester-5] - Updating machine info [connectionAddress=/10.164.0.2]...
2025-08-17 07:05:09.838 [NV] INFO  [JTS-MiscUlrsRequester-5] - Creating unique random...
2025-08-17 07:05:09.845 [NV] INFO  [JTS-MiscUlrsRequester-5] - id=ee2618bb
2025-08-17 07:05:09.846 [NV] INFO  [JTS-MiscUlrsRequester-5] - Resolving MAC address...
2025-08-17 07:05:09.849 [NV] INFO  [JTS-MiscUlrsRequester-5] - MACNetworkInfo created <ee2618bb|42:01:0A:A4:00:02|10.164.0.2>.
2025-08-17 07:05:09.884 [NV] INFO  [JTS-MISC URLsListenerS1-6] - Starting listener thread [sessionID=1]...
2025-08-17 07:05:09.946 [NV] INFO  [JTS-MiscUlrsRequester-5] - Sending MiscUrls request
2025-08-17 07:05:09.949 [NV] INFO  [JTS-AuthDispatcherS1-7] - Starting dispatcher thread [sessionID=1]...
2025-08-17 07:05:09.959 [NV] INFO  [JTS-MiscUlrsRequester-5] - LOGIN_TIME_MONITOR	 false 07:05:09:959 since start = 0 thread delay = 0 global delay = 0 tag=null, cls=AuthDispatcher method=send
2025-08-17 07:05:09.962 [NV] INFO  [JTS-MISC URLsListenerS1-6] - Initial listener buffer size is 65536.
2025-08-17 07:05:09.962 [NV] INFO  [JTS-MISC URLsListenerS1-6] - Listener thread [sessionID=1] is ready to process messages.
2025-08-17 07:05:09.963 [NV] INFO  [JTS-AuthResponseMonitor-8] - Starting auth response monitor thread
2025-08-17 07:05:10.070 [NV] INFO  [JTS-AuthDispatcherS1-7] - Received NS_MISC_URLS
2025-08-17 07:05:10.076 [NV] INFO  [JTS-AuthDispatcherS1-7] - IBMiscUrl.miscUrlMessage()[sslRequired=true]
2025-08-17 07:05:10.077 [NV] INFO  [JTS-AuthDispatcherS1-7] - Misc URL: scope is blank - setting userScope to EXTERNAL
2025-08-17 07:05:10.077 [NV] INFO  [JTS-AuthDispatcherS1-7] - Misc URL: setting userScope to EXTERNAL
2025-08-17 07:05:10.096 [NV] INFO  [JTS-AuthDispatcherS1-7] - Disconnecting cdc1.ibllc.com:4000 [disconnectDetails=DisconnectDetails[sessionID=1,endPoint=cdc1.ibllc.com:4000,reason=DISCONNECT_BY_DESIGN,cause=null,systemMessage=null,keepSocketOpen=false]]...
2025-08-17 07:05:10.097 [NV] INFO  [JTS-AuthDispatcherS1-7] - Socket closed.
2025-08-17 07:05:10.098 [NV] INFO  [JTS-MISC URLsListenerS1-6] - Socket or stream for connection cdc1.ibllc.com:4000 was closed by another thread.
2025-08-17 07:05:10.102 [NV] INFO  [JTS-AuthDispatcherS1-7] - SocketTracker[name=name=MISC URLs(cdc1.ibllc.com:4000),usesCcpConMan=false,lastReadTimestamp=1755414310064,lastReadDateTime=2025-08-17T07:05:10.064,lastFixSendTime=].
2025-08-17 07:05:10.102 [NV] INFO  [JTS-AuthDispatcherS1-7] - Interrupting dispatcher [sessionID=1]...
2025-08-17 07:05:10.103 [NV] INFO  [JTS-AuthDispatcherS1-7] - Interrupting listener [sessionID=1,disconnectSocket=true]...
2025-08-17 07:05:10.105 [NV] INFO  [JTS-MISC URLsListenerS1-6] - Listener thread terminating [sessionID=1] [seen=1159,totalShifted=1159,moreAvailable=0]
2025-08-17 07:05:10.105 [NV] INFO  [JTS-AuthDispatcherS1-7] - Dispatcher thread terminating [sessionID=1,interrupted=true]...
2025-08-17 07:05:10.105 [NV] INFO  [JTS-AuthResponseMonitor-8] - Terminating auth response monitor thread
2025-08-17 07:05:10.750 [NV] WARN  [JTS-DeadlockMonitor-2] - instance of control is not created yet
2025-08-17 07:05:10.753 [NV] INFO  [JTS-DeadlockMonitor-2] - Memory:total=786,432KB free=751,356KB HeapUsage: Max=786,432KB used=24,592KB committed=64,512KB NonHeapUsage: Max=0KB used=59,881KB committed=62,656KB
2025-08-17 07:05:11.669 [NV] INFO  [AWT-EventQueue-0] - Default timezone:Africa/Abidjan
2025-08-17 07:05:11.674 [NV] INFO  [AWT-EventQueue-0] - Starting GstatMessageMgr...
2025-08-17 07:05:11.686 [NV] INFO  [JTS-GstatMessageMgr-11] - Sending a request to GSTAT [url=https://api.ibkr.com/v1/gstat//bulletins,data='{"p":"10371k","t":"Maintenance","tz":"Africa/Abidjan","format":"webapp","theme":"dark","fontSize":"12px","lang":"en"}']...
2025-08-17 07:05:11.854 [NV] INFO  [JTS-DeadlockMonitor-2] - CPU:cur=20.57% avg=20.57% 30 min avg=20.57% 10 min avg=20.57% 5 min avg=20.57% 1 min avg=20.57%
GC:called=8 times CPU used=0.63%
Finalizer:cur=0.00% avg=0.00% 30 min avg=0.00% 10 min avg=0.00% 5 min avg=0.00% 1 min avg=0.00%
Threads Count:curr live=29 curr daemon=19
2025-08-17 07:05:11.890 [NV] INFO  [AWT-EventQueue-0] - Started on 20250817-07:05:11
2025-08-17 07:05:11.893 [NV] INFO  [AWT-EventQueue-0] - Default timezone:Africa/Abidjan name:Greenwich Mean Time dst:0
2025-08-17 07:05:11.893 [NV] INFO  [AWT-EventQueue-0] - java version = 17.0.10.0.101
2025-08-17 07:05:11.893 [NV] INFO  [AWT-EventQueue-0] - sun.arch.data.model = 64
2025-08-17 07:05:11.893 [NV] INFO  [AWT-EventQueue-0] - os = Linux
2025-08-17 07:05:11.893 [NV] INFO  [AWT-EventQueue-0] - os version = 6.14.0-1012-gcp
2025-08-17 07:05:11.893 [NV] INFO  [AWT-EventQueue-0] - os architecture = 32
2025-08-17 07:05:11.893 [NV] INFO  [AWT-EventQueue-0] - runtime = OpenJDK Runtime Environment
2025-08-17 07:05:11.893 [NV] INFO  [AWT-EventQueue-0] - vendor = Azul Systems, Inc.
2025-08-17 07:05:11.893 [NV] INFO  [AWT-EventQueue-0] - vm name = OpenJDK 64-Bit Server VM
2025-08-17 07:05:11.893 [NV] INFO  [AWT-EventQueue-0] - username = 'chris_s_dodd'
2025-08-17 07:05:11.959 [NV] INFO  [JTS-GstatMessageMgr-11] - Received response [errorCode=204,contentLen=-1].
2025-08-17 07:05:12.842 [NV] INFO  [AWT-EventQueue-0] - OvernightManager.dayInit: new values: dayOfTheWeek: 1 (Sun), YYYYMMofToday: 202508, YYYYMMDDofToday: 20250817, m_todayDate: 20250817, dueToChangeInTimezone: false
2025-08-17 07:05:13.877 [NV] INFO  [AWT-EventQueue-0] - Stopping GstatMessageMgr...
2025-08-17 07:05:13.881 [NV] INFO  [AWT-EventQueue-0] - Setting dir is /home/chris_s_dodd/optcom-1/ibc-setup/tws/paper-settings/
2025-08-17 07:05:13.881 [NV] INFO  [AWT-EventQueue-0] - PROXY Cleared HTTP proxy: no valid proxy is present (passing on :0)
2025-08-17 07:05:13.883 [NV] INFO  [AWT-EventQueue-0] - BaseIniFile.saveGatewayFixEndPoint() [host=ndc1.ibllc.com,port=4001]...
2025-08-17 07:05:13.884 [NV] INFO  [AWT-EventQueue-0] - SPLASH Creating screen with 5 steps
2025-08-17 07:05:14.191 [NV] INFO  [AWT-EventQueue-0] - SplashScreen: using ads manager
2025-08-17 07:05:14.206 [NV] INFO  [AWT-EventQueue-0] - AdImageContainer: start build ads UI
2025-08-17 07:05:14.228 [NV] INFO  [JTS-CachedThreadExecutor-12] - AdManager: NEXT_AD request https://api.ibkr.com/tws.proxy/info/next?platform=dTWS&size=1200x1000&lang=en&version=10371&build=latest
2025-08-17 07:05:14.228 [NV] INFO  [JTS-CachedThreadExecutor-12] - AdManager: sending request with header X-USERNAME
2025-08-17 07:05:14.376 [NV] INFO  [JTS-CachedThreadExecutor-12] - AdManager: NEXT_AD request is ok
2025-08-17 07:05:14.382 [NV] INFO  [JTS-CachedThreadExecutor-12] - AdManager: NEXT_AD receive raw response {"imagePath":"/info/image/328-0-1200x1000-en.jpg","expire":1767193200000,"id":"ZGtnZm1vNTIzLWRUV1MtMzI4LTAtMTc1NTQxNDMxNDMxMQ==","target_alt":"https://www.interactivebrokers.com?adid=ZGtnZm1vNTIzLWRUV1MtMzI4LTAtMTc1NTQxNDMxNDMxMQ==","target":"http://www.interactivebrokers.com/en/trading/ibkr-desktop.php?adid=ZGtnZm1vNTIzLWRUV1MtMzI4LTAtMTc1NTQxNDMxNDMxMQ=="}
2025-08-17 07:05:14.445 [NV] INFO  [JavaFX Application Thread] - GstatMessagePanel: setup web app is done
2025-08-17 07:05:14.549 [NV] INFO  [JTS-CachedThreadExecutor-12] - AdsManager: parsed json object: 
id: ZGtnZm1vNTIzLWRUV1MtMzI4LTAtMTc1NTQxNDMxNDMxMQ==
expire: 1767193200000
imagePath: /info/image/328-0-1200x1000-en.jpg
target: http://www.interactivebrokers.com/en/trading/ibkr-desktop.php?adid=ZGtnZm1vNTIzLWRUV1MtMzI4LTAtMTc1NTQxNDMxNDMxMQ==
target_alt: https://www.interactivebrokers.com?adid=ZGtnZm1vNTIzLWRUV1MtMzI4LTAtMTc1NTQxNDMxNDMxMQ==

2025-08-17 07:05:15.021 [NV] INFO  [AWT-EventQueue-0] - initAutoEncryptionMenu(): autoEncryption set to true
2025-08-17 07:05:15.046 [NV] INFO  [AWT-EventQueue-0] - Contacting cdc1.ibllc.com:4001 as user NOT PRINTED
2025-08-17 07:05:15.108 [NV] INFO  [AWT-EventQueue-0] - UserCredentials.sessionId() [this=70425733,old=null,new=68a17f2b.004f].
2025-08-17 07:05:15.110 [NV] INFO  [AWT-EventQueue-0] - CONN CALC: Last connection attempt time is cleared!
2025-08-17 07:05:15.111 [NV] INFO  [AWT-EventQueue-0] - CONN CALC: Last connection set as now:07:05:15:110
2025-08-17 07:05:15.111 [NV] INFO  [AWT-EventQueue-0] - Prelogin delay:0
2025-08-17 07:05:15.121 [NV] INFO  [JTS-Login-14] - Starting launcher login thread
2025-08-17 07:05:15.122 [NV] INFO  [JTS-Login-14] - LauncherLoginThread.runLoginWithUI()[hotBackupStrategy=ON,loginAttempt=1,socketDelay=20000].
2025-08-17 07:05:15.122 [NV] INFO  [JTS-Login-14] - SPLASH Connecting to server
2025-08-17 07:05:15.135 [NV] INFO  [JTS-Login-14] - ### startLogin startTime=1755414315108
2025-08-17 07:05:15.135 [NV] INFO  [JTS-Login-14] - ### loginAttempt loginAttempt=1
2025-08-17 07:05:15.136 [NV] INFO  [JTS-Login-14] - Connecting cdc1.ibllc.com:4001 (SSL) timeout=20000...
2025-08-17 07:05:15.136 [NV] INFO  [JTS-Login-14] - ### onSocketOpenStart socketOpenStart=1755414315136; endPoint=cdc1.ibllc.com; port=4001
2025-08-17 07:05:15.156 [NV] INFO  [JTS-Order-Audit-16] - Starting async queue thread
2025-08-17 07:05:15.158 [NV] INFO  [AWT-EventQueue-0] - Network monitor is activated
2025-08-17 07:05:15.250 [NV] INFO  [JTS-Login-14] - ### onSocketOpenEnd socketOpenEnd=1755414315250
2025-08-17 07:05:15.251 [NV] INFO  [JTS-Login-14] - Connected to cdc1.ibllc.com:4001 (SSL)/8.17.22.31 remote-ip on local port 0 socket local addrs:port /10.164.0.2:52306
2025-08-17 07:05:15.251 [NV] INFO  [JTS-Login-14] - Updating machine info [connectionAddress=/10.164.0.2]...
2025-08-17 07:05:15.261 [NV] INFO  [JTS-Login-14] - JTSAuthConnection.onConnected(): lastKnownCipherStatus=INSECURE
2025-08-17 07:05:15.262 [NV] INFO  [JTS-Login-14] - Changing state for connection from PRELOGON to PRELOGON in B 264837860: SessionSocket:2
2025-08-17 07:05:15.262 [NV] INFO  [JTS-Login-14] - Authenticating
2025-08-17 07:05:15.266 [NV] INFO  [JTS-Login-14] - AuthTimeoutMonitor-CCP: deactivate
2025-08-17 07:05:15.267 [NV] INFO  [JTS-Login-14] - AuthTimeoutMonitor-CCP: timeout=20000
2025-08-17 07:05:15.267 [NV] INFO  [JTS-CCPListenerS2-17] - Starting listener thread [sessionID=2]...
2025-08-17 07:05:15.269 [NV] INFO  [JTS-Login-14] - AuthTimeoutMonitor-CCP: activate
2025-08-17 07:05:15.269 [NV] INFO  [JTS-Login-14] - SPLASH -0001 step 1 AuthDispatcher.connect
2025-08-17 07:05:15.275 [NV] INFO  [JTS-AuthTimeoutMonitorThread-CCP-19] - Starting auth timeout monitor thread for CCP
2025-08-17 07:05:15.277 [NV] INFO  [JTS-Login-14] - Sending connect request
2025-08-17 07:05:15.279 [NV] INFO  [JTS-Login-14] - AuthDispatcher.initNSMsgVersionLimits: minVersion=38, maxVersion=50
2025-08-17 07:05:15.281 [NV] INFO  [JTS-AuthDispatcherS2-18] - Starting dispatcher thread [sessionID=2]...
2025-08-17 07:05:15.289 [NV] INFO  [JTS-Login-14] - AuthDispatcher.NSConnectRequest: userSessionID=68a17f2b.004f, beeDemoType=NULL
2025-08-17 07:05:15.289 [NV] INFO  [JTS-Login-14] - ### onNsMsg loginMessageReq=1755414315289; brandNewUser=false
2025-08-17 07:05:15.290 [NV] INFO  [JTS-Login-14] - mapProdToPaper: In NSConnectRequest: sending PAPER_CONNECT=0x2000
2025-08-17 07:05:15.294 [NV] INFO  [JTS-Login-14] - NSConnectRequest: sending CLIENT_USE_SSL=0x80000
2025-08-17 07:05:15.307 [NV] INFO  [AWT-EventQueue-0] - AdImageContainer: ad image is shown
2025-08-17 07:05:15.309 [NV] INFO  [AWT-EventQueue-0] - AdsManager: request image to put in cache
2025-08-17 07:05:15.309 [NV] INFO  [JTS-CachedThreadExecutor-12] - AdManager: IMAGE_SHOWN request https://api.ibkr.com/tws.proxy/info/show/ZGtnZm1vNTIzLWRUV1MtMzI4LTAtMTc1NTQxNDMxNDMxMQ==
2025-08-17 07:05:15.315 [NV] INFO  [JTS-CachedThreadExecutor-21] - AdManager: NEXT_AD request https://api.ibkr.com/tws.proxy/info/next?platform=dTWS&size=1200x1000&lang=en&version=10371&build=latest
2025-08-17 07:05:15.317 [NV] INFO  [JTS-CachedThreadExecutor-21] - AdManager: sending request with header X-USERNAME
2025-08-17 07:05:15.324 [NV] ERROR [JTS-CachedThreadExecutor-12] - AdManager: IMAGE_SHOWN service 411
2025-08-17 07:05:15.612 [NV] INFO  [JTS-CachedThreadExecutor-21] - AdManager: NEXT_AD request is ok
2025-08-17 07:05:15.613 [NV] INFO  [JTS-CachedThreadExecutor-21] - AdManager: NEXT_AD receive raw response {"imagePath":"/info/image/250-0-1200x1000-en.jpg","expire":1767175200000,"id":"ZGtnZm1vNTIzLWRUV1MtMjUwLTAtMTc1NTQxNDMxNTU1NA==","target_alt":"https://www.interactivebrokers.com?adid=ZGtnZm1vNTIzLWRUV1MtMjUwLTAtMTc1NTQxNDMxNTU1NA==","target":"https://www.interactivebrokers.com/en/index.php?f=53997&adid=ZGtnZm1vNTIzLWRUV1MtMjUwLTAtMTc1NTQxNDMxNTU1NA=="}
2025-08-17 07:05:15.613 [NV] INFO  [JTS-CachedThreadExecutor-21] - AdsManager: parsed json object: 
id: ZGtnZm1vNTIzLWRUV1MtMjUwLTAtMTc1NTQxNDMxNTU1NA==
expire: 1767175200000
imagePath: /info/image/250-0-1200x1000-en.jpg
target: https://www.interactivebrokers.com/en/index.php?f=53997&adid=ZGtnZm1vNTIzLWRUV1MtMjUwLTAtMTc1NTQxNDMxNTU1NA==
target_alt: https://www.interactivebrokers.com?adid=ZGtnZm1vNTIzLWRUV1MtMjUwLTAtMTc1NTQxNDMxNTU1NA==

2025-08-17 07:05:15.614 [NV] INFO  [JTS-CachedThreadExecutor-21] - AdsManager: try to save image  in/home/chris_s_dodd/optcom-1/ibc-setup/tws/paper-settings/fbnhdpkgodmcijdhnmebkikninekjeoddhapbcdb//250-0-1200x1000-en.jpg
2025-08-17 07:05:15.614 [NV] ERROR [JTS-CachedThreadExecutor-21] - Unable create ad locator: No such file or directory
2025-08-17 07:05:15.614 [NV] WARN  [JTS-CachedThreadExecutor-21] - Unable store ad locator: /home/chris_s_dodd/optcom-1/ibc-setup/tws/paper-settings/fbnhdpkgodmcijdhnmebkikninekjeoddhapbcdb/ad.locator (No such file or directory)
2025-08-17 07:05:15.682 [NV] INFO  [JTS-CCPListenerS2-17] - Initial listener buffer size is 65536.
2025-08-17 07:05:15.682 [NV] INFO  [JTS-Login-14] - SPLASH Authenticating
2025-08-17 07:05:15.682 [NV] INFO  [JTS-CCPListenerS2-17] - Listener thread [sessionID=2] is ready to process messages.
2025-08-17 07:05:15.683 [NV] INFO  [JTS-Login-14] - Terminating launcher login thread
2025-08-17 07:05:15.786 [NV] INFO  [JTS-AuthDispatcherS2-18] - SPLASH 0517 step 2 AuthDispatcher.processDataItr
2025-08-17 07:05:15.787 [NV] INFO  [JTS-AuthDispatcherS2-18] - set nsMsgVersion: context=AuthStart; version=50
2025-08-17 07:05:15.788 [NV] INFO  [JTS-AuthDispatcherS2-18] - Received NS_AUTH_START: 1
2025-08-17 07:05:15.790 [NV] INFO  [JTS-AuthDispatcherS2-18] - pwd time to expiry ms: 2346962085000 days: 27164
2025-08-17 07:05:15.790 [NV] INFO  [JTS-AuthDispatcherS2-18] - Long pwd allowed: true
2025-08-17 07:05:15.791 [NV] INFO  [JTS-AuthDispatcherS2-18] -  NS_AUTH_START version=50 pwd=1 soft=0 token(s)=[token=0] initialTokenType=PWD authenticationType=MARKET_DATA_CONNECTION identityHashcode=1320302049
2025-08-17 07:05:15.796 [NV] INFO  [JTS-AuthDispatcherS2-18] - ### onStartAuthentication
2025-08-17 07:05:15.796 [NV] INFO  [JTS-AuthDispatcherS2-18] - Starting password Authentication
2025-08-17 07:05:15.796 [NV] INFO  [JTS-AuthDispatcherS2-18] - ### onXyzAuthQuery
2025-08-17 07:05:15.796 [NV] INFO  [JTS-AuthDispatcherS2-18] - sendXYZMessage: 777
2025-08-17 07:05:15.797 [NV] INFO  [JTS-AuthDispatcherS2-18] - UserCredentials.setFrom() [this=70425733,other=70425733,old=68a17f2b.004f,new=68a17f2b.004f].
2025-08-17 07:05:15.900 [NV] INFO  [JTS-AuthDispatcherS2-18] - Receiver: 777
2025-08-17 07:05:15.900 [NV] ERROR [JTS-AuthDispatcherS2-18] - ERROR: Received twslaunch.jauthentication.M with userName NOT PRINTED in it - this is not expected
2025-08-17 07:05:15.900 [NV] INFO  [JTS-AuthDispatcherS2-18] - processXYZMessage: 777, protocol version: 50
2025-08-17 07:05:15.901 [NV] INFO  [JTS-AuthDispatcherS2-18] - Received AUTH_PARAMS
2025-08-17 07:05:15.901 [NV] INFO  [JTS-AuthDispatcherS2-18] - ### onXyzAuthParams
2025-08-17 07:05:15.902 [NV] INFO  [JTS-AuthDispatcherS2-18] - sendXYZMessage: 777
2025-08-17 07:05:16.006 [NV] INFO  [JTS-AuthDispatcherS2-18] - SPLASH 0220 step 2 AuthDispatcher.processDataItr
2025-08-17 07:05:16.007 [NV] INFO  [JTS-AuthDispatcherS2-18] - Receiver: 777
2025-08-17 07:05:16.007 [NV] ERROR [JTS-AuthDispatcherS2-18] - ERROR: Received twslaunch.jauthentication.M with userName NOT PRINTED in it - this is not expected
2025-08-17 07:05:16.007 [NV] INFO  [JTS-AuthDispatcherS2-18] - processXYZMessage: 777, protocol version: 50
2025-08-17 07:05:16.007 [NV] INFO  [JTS-AuthDispatcherS2-18] - Received SERVER_PARAMS
2025-08-17 07:05:16.013 [NV] INFO  [JTS-AuthDispatcherS2-18] - Session Token received in AuthenticationMessageXYZ=483ebXXXXX.., messageId=SERVER_KEY (4)
2025-08-17 07:05:16.014 [NV] INFO  [JTS-AuthDispatcherS2-18] - sendXYZMessage: 777
2025-08-17 07:05:16.117 [NV] INFO  [JTS-AuthDispatcherS2-18] - Receiver: 777
2025-08-17 07:05:16.117 [NV] ERROR [JTS-AuthDispatcherS2-18] - ERROR: Received twslaunch.jauthentication.M with userName NOT PRINTED in it - this is not expected
2025-08-17 07:05:16.118 [NV] INFO  [JTS-AuthDispatcherS2-18] - processXYZMessage: 777, protocol version: 50
2025-08-17 07:05:16.118 [NV] INFO  [JTS-AuthDispatcherS2-18] - Received AUTH_RESULT
2025-08-17 07:05:16.118 [NV] INFO  [JTS-AuthDispatcherS2-18] - ### onXyzAuthServerProof
2025-08-17 07:05:16.118 [NV] INFO  [JTS-AuthDispatcherS2-18] - Passed pwd authentication.
2025-08-17 07:05:16.118 [NV] INFO  [JTS-AuthDispatcherS2-18] - Authentication completed.
2025-08-17 07:05:16.118 [NV] INFO  [JTS-AuthDispatcherS2-18] - ### onAuthenticationCompleted tokenProtocol=0; authenticated=true
2025-08-17 07:05:16.119 [NV] INFO  [JTS-AuthDispatcherS2-18] - setting session token in AuthenticationHandler: authenticationType=MARKET_DATA_CONNECTION hashCode=1320302049 new=XYZSessionToken[type=SOFT,token=483ebXXXXX..] old=null ctciOld=null
2025-08-17 07:05:16.119 [NV] INFO  [JTS-AuthDispatcherS2-18] - ccp session token non-CTCI is set as XYZSessionToken[type=SOFT,token=483ebXXXXX..] 
2025-08-17 07:05:16.120 [NV] INFO  [JTS-AuthDispatcherS2-18] - Received NS_CONNECT_RESPONSE
2025-08-17 07:05:16.120 [NV] INFO  [JTS-AuthDispatcherS2-18] - Received CCP connect features: [TST, ONELOGON].
2025-08-17 07:05:16.123 [NV] INFO  [JTS-AuthDispatcherS2-18] - Log encryption support is enabled [authType=MARKET_DATA_CONNECTION,logKeyId=aaa,logKey=***,logUploadKey=dbkwvogsti].
2025-08-17 07:05:16.124 [NV] INFO  [JTS-AuthDispatcherS2-18] - CCP sent paperUser NOT PRINTED for prodUser NOT PRINTED
2025-08-17 07:05:16.124 [NV] INFO  [JTS-AuthDispatcherS2-18] - UserCredentials.setFrom() [this=70425733,other=70425733,old=68a17f2b.004f,new=68a17f2b.004f].
2025-08-17 07:05:16.127 [NV] INFO  [JTS-AuthDispatcherS2-18] - AuthDispatcher.newCommPort()[userDirname=fbnhdpkgodmcijdhnmebkikninekjeoddhapbcdb,restart=,authToken=null,ccpToken=XYZSessionToken[type=SOFT,token=483ebXXXXX..]].
2025-08-17 07:05:16.127 [NV] INFO  [JTS-AuthDispatcherS2-18] - Daily auto-restart is not enabled.
2025-08-17 07:05:16.128 [NV] INFO  [JTS-AuthDispatcherS2-18] - Sending NSNewcommPort [tokenMask=2,tokens=XYZSessionToken[type=SOFT,token=483ebXXXXX..]],shortTokenHashes=610c6de9]...
2025-08-17 07:05:16.231 [NV] INFO  [JTS-AuthDispatcherS2-18] - SPLASH 0225 step 2 AuthDispatcher.processDataItr
2025-08-17 07:05:16.232 [NV] INFO  [JTS-AuthDispatcherS2-18] - Received NS_FIX_START
2025-08-17 07:05:16.232 [NV] INFO  [JTS-AuthDispatcherS2-18] - ### onNsFixStart
2025-08-17 07:05:16.233 [NV] INFO  [JTS-PostAuthenticateS2-25] - Interrupting dispatcher [sessionID=2]...
2025-08-17 07:05:16.234 [NV] INFO  [JTS-AuthDispatcherS2-18] - Dispatcher thread terminating [sessionID=2,interrupted=true]...
2025-08-17 07:05:16.235 [NV] INFO  [JTS-AuthTimeoutMonitorThread-CCP-19] - Terminating auth timeout monitor thread for CCP
2025-08-17 07:05:16.235 [NV] INFO  [JTS-PostAuthenticateS2-25] - AuthTimeoutMonitor-CCP: deactivate
2025-08-17 07:05:16.235 [NV] INFO  [JTS-PostAuthenticateS2-25] - Authentication complete
2025-08-17 07:05:16.235 [NV] INFO  [JTS-PostAuthenticateS2-25] - Creating a FixLogonHandlerFactory instance...
2025-08-17 07:05:16.242 [NV] INFO  [JTS-PostAuthenticateS2-25] - Instance created.
2025-08-17 07:05:16.252 [NV] INFO  [AWT-EventQueue-0] - initPreUI() - entry
2025-08-17 07:05:16.254 [NV] INFO  [AWT-EventQueue-0] - jtsLookAndFeel uninitialized
2025-08-17 07:05:16.254 [NV] INFO  [AWT-EventQueue-0] - JtsLookAndFeel initialized
2025-08-17 07:05:16.261 [NV] INFO  [JTS-PostAuthenticateS2-25] - JDOMFactory Class =interface org.jdom.JDOMFactory
2025-08-17 07:05:16.265 [NV] INFO  [AWT-EventQueue-0] - Current LAF: TWS LAF
2025-08-17 07:05:16.265 [NV] INFO  [AWT-EventQueue-0] - initPreUI() - exit
2025-08-17 07:05:16.273 [NV] INFO  [JTS-PostAuthenticateS2-25] - hsqldb jdbc =class org.hsqldb.jdbcDriver 2.4
2025-08-17 07:05:16.283 [NV] INFO  [JTS-PostAuthenticateS2-25] - Changing state for connection from PRELOGON to PRELOGON in B 264837860: SessionSocket:2
2025-08-17 07:05:16.285 [NV] INFO  [JTS-PostAuthenticateS2-25] - createOrRenameToNewStyleUserDirectory: no action: use existing newDir=/home/chris_s_dodd/optcom-1/ibc-setup/tws/paper-settings/gaogbhhnlceecbplknlofkhgodapmgplgmlambim
2025-08-17 07:05:16.288 [NV] INFO  [JTS-PostAuthenticateS2-25] - performLogSwitch() [force=false]
2025-08-17 07:05:16.306 [NV] INFO  [JTS-PostAuthenticateS2-25] - Switching to a new encrypted log...
