2025-08-21 05:42:46.579 [PY] INFO  [JTS-Main] - ------------------------------- IB GATEWAY RESTART --------------------------------
2025-08-21 05:42:46.592 [PY] INFO  [JTS-Main] - installer version: unknown, installer type: standalone, install dir: 'null', Jts dir: '/home/chris_s_dodd/optcom-1/ibc-setup/tws/live-settings', VM options file: 'null'
2025-08-21 05:42:46.627 [PY] INFO  [JTS-Main] - Verifying environment [entryPoint=IBGATEWAY_STANDALONE]...
2025-08-21 05:42:46.681 [PY] INFO  [JTS-Main] - Install4jAutoUpdateService initialized [props=LauncherProperties[updateDownloadUrl=null,skipUpdateCheck=false,nightlyEnabled=false,channelNameArg=null,channelName=latest,channelChanged=false,jtsConfigDir=/home/chris_s_dodd/optcom-1/ibc-setup/tws/live-settings,apiPort=null,sessionId=null,installDir=null,exeName=null]].
2025-08-21 05:42:46.694 [PY] INFO  [JTS-Main] - PROXY Installed custom selector
2025-08-21 05:42:46.705 [PY] INFO  [JTS-Main] - useSsl=true,FIX endPoint=ndc1.ibllc.com:4001
2025-08-21 05:42:47.014 [PY] INFO  [JTS-Main] - Setting custom timezone: Africa/Abidjan
2025-08-21 05:42:47.029 [PY] INFO  [JTS-Main] - LOCALE: Property locale_to_use=null JTS Locale=en_US  country=United States  variant=
2025-08-21 05:42:47.031 [PY] INFO  [JTS-Main] - Region: Custom
2025-08-21 05:42:47.032 [PY] WARN  [JTS-Main] - The locales jar directory resolved to '/home/chris_s_dodd/optcom-1/ibc-setup/tws/live-settings/jars' ('installDir' system property is not set).
2025-08-21 05:42:47.035 [PY] INFO  [JTS-Main] - Starting to download 'https://download2.interactivebrokers.com/java/classes/locales.jar' using HotBackup 'https://download2.interactivebrokers.com/java/classes/locales.jar'
2025-08-21 05:42:47.886 [PY] INFO  [JTS-Main] - LOCALE: needToUpdate  dest=/home/chris_s_dodd/optcom-1/ibc-setup/tws/live-settings/jars/locales.jar  sourceMod=2019-11-07 15:30:14  destMod=2019-11-07 15:30:14  sourceSize=114646  destSize=114646  conditions=[NEWER_REMOTE, LOCAL_IN_FUTURE, SIZE_DIFFERS]  download=false
2025-08-21 05:42:47.886 [PY] INFO  [JTS-Main] - LOCALE: /home/chris_s_dodd/optcom-1/ibc-setup/tws/live-settings/jars/locales.jar already up-to-date
2025-08-21 05:42:47.887 [PY] WARN  [JTS-Main] - The locales jar directory resolved to '/home/chris_s_dodd/optcom-1/ibc-setup/tws/live-settings/jars' ('installDir' system property is not set).
2025-08-21 05:42:47.888 [PY] WARN  [JTS-Main] - The locales jar directory resolved to '/home/chris_s_dodd/optcom-1/ibc-setup/tws/live-settings/jars' ('installDir' system property is not set).
2025-08-21 05:42:47.898 [PY] INFO  [JTS-Main] - DocumentBuilderFactory=jrt:/java.xml/com/sun/org/apache/xerces/internal/jaxp/DocumentBuilderFactoryImpl.class
2025-08-21 05:42:47.969 [PY] INFO  [JTS-Main] - LOCALE: loaded 9 supported locales
2025-08-21 05:42:47.989 [PY] INFO  [JTS-Main] - LOCALE: loaded 8 countries
2025-08-21 05:42:47.989 [PY] WARN  [JTS-Main] - The locales jar directory resolved to '/home/chris_s_dodd/optcom-1/ibc-setup/tws/live-settings/jars' ('installDir' system property is not set).
2025-08-21 05:42:48.007 [PY] INFO  [JTS-Main] - Locale from ini: en
2025-08-21 05:42:48.008 [PY] INFO  [JTS-Main] - LOCALE: created classloader java.net.URLClassLoader@436390f4 with file:/home/chris_s_dodd/optcom-1/ibc-setup/tws/live-settings/jars/locales.jar, parent: jdk.internal.loader.ClassLoaders$AppClassLoader@7aec35a
2025-08-21 05:42:48.011 [PY] INFO  [JTS-Main] - Locale=en_US  country=United States  variant=
2025-08-21 05:42:48.018 [PY] INFO  [JTS-Main] - prohibiting class lookup [twslaunch.ji18n.LauncherLanguage]
2025-08-21 05:42:48.024 [PY] INFO  [JTS-Main] - prohibiting class lookup [twslaunch.ji18n.LauncherLanguage_en]
2025-08-21 05:42:48.025 [PY] INFO  [JTS-Main] - prohibiting class lookup [twslaunch.ji18n.LauncherLanguage_en_US]
2025-08-21 05:42:48.026 [PY] INFO  [JTS-Main] - LOCALE:  type: launcher intended: en_US actual:  size: 500
2025-08-21 05:42:48.030 [PY] INFO  [JTS-Main] - settings dir: '/home/chris_s_dodd/optcom-1/ibc-setup/tws/live-settings'
2025-08-21 05:42:48.263 [PY] INFO  [JTS-Main] - LauncherFontUpdater: simulatehighdefscreen=false
2025-08-21 05:42:48.268 [PY] INFO  [JTS-Main] - LauncherFontUpdater: Screen dimensions=1024x768
2025-08-21 05:42:48.268 [PY] INFO  [JTS-Main] - LauncherFontUpdater: highres=false
2025-08-21 05:42:48.269 [PY] INFO  [JTS-Main] - LauncherFontUpdater: FontSize=16
2025-08-21 05:42:48.269 [PY] INFO  [JTS-Main] - initPreUI() - entry
2025-08-21 05:42:48.283 [PY] INFO  [JTS-Main] - Build 10.37.1k, Aug 7, 2025 11:58:23 AM
2025-08-21 05:42:48.330 [PY] INFO  [JTS-Main] - LookAndFeelChangedListener installed
2025-08-21 05:42:48.333 [PY] INFO  [JTS-Main] - JtsLookAndFeel initialized
2025-08-21 05:42:49.008 [PY] INFO  [JTS-Main] - Current LAF: TWS LAF
2025-08-21 05:42:49.009 [PY] INFO  [JTS-Main] - initPreUI() - exit
2025-08-21 05:42:49.017 [PY] INFO  [JTS-MiscUlrsRequester-5] - Connecting cdc1.ibllc.com:4000 timeout=10000...
2025-08-21 05:42:49.123 [PY] INFO  [JTS-MiscUlrsRequester-5] - Connected to cdc1.ibllc.com:4000/8.17.22.31 remote-ip on local port 0 socket local addrs:port /10.164.0.2:39324
2025-08-21 05:42:49.124 [PY] INFO  [JTS-MiscUlrsRequester-5] - Updating machine info [connectionAddress=/10.164.0.2]...
2025-08-21 05:42:49.126 [PY] INFO  [JTS-MiscUlrsRequester-5] - Creating unique random...
2025-08-21 05:42:49.126 [PY] INFO  [JTS-MiscUlrsRequester-5] - id=ee2618bb
2025-08-21 05:42:49.127 [PY] INFO  [JTS-MiscUlrsRequester-5] - Resolving MAC address...
2025-08-21 05:42:49.128 [PY] INFO  [JTS-MiscUlrsRequester-5] - MACNetworkInfo created <ee2618bb|42:01:0A:A4:00:02|10.164.0.2>.
2025-08-21 05:42:49.149 [PY] INFO  [JTS-MISC URLsListenerS1-6] - Starting listener thread [sessionID=1]...
2025-08-21 05:42:49.176 [PY] INFO  [JTS-MiscUlrsRequester-5] - Sending MiscUrls request
2025-08-21 05:42:49.177 [PY] INFO  [JTS-AuthDispatcherS1-7] - Starting dispatcher thread [sessionID=1]...
2025-08-21 05:42:49.181 [PY] INFO  [JTS-MiscUlrsRequester-5] - LOGIN_TIME_MONITOR	 false 05:42:49:181 since start = 0 thread delay = 0 global delay = 0 tag=null, cls=AuthDispatcher method=send
2025-08-21 05:42:49.183 [PY] INFO  [JTS-AuthResponseMonitor-8] - Starting auth response monitor thread
2025-08-21 05:42:49.185 [PY] INFO  [JTS-MISC URLsListenerS1-6] - Initial listener buffer size is 65536.
2025-08-21 05:42:49.185 [PY] INFO  [JTS-MISC URLsListenerS1-6] - Listener thread [sessionID=1] is ready to process messages.
2025-08-21 05:42:49.289 [PY] INFO  [JTS-AuthDispatcherS1-7] - Received NS_MISC_URLS
2025-08-21 05:42:49.291 [PY] INFO  [JTS-AuthDispatcherS1-7] - IBMiscUrl.miscUrlMessage()[sslRequired=true]
2025-08-21 05:42:49.293 [PY] INFO  [JTS-AuthDispatcherS1-7] - Misc URL: scope is blank - setting userScope to EXTERNAL
2025-08-21 05:42:49.294 [PY] INFO  [JTS-AuthDispatcherS1-7] - Misc URL: setting userScope to EXTERNAL
2025-08-21 05:42:49.303 [PY] INFO  [JTS-AuthDispatcherS1-7] - Disconnecting cdc1.ibllc.com:4000 [disconnectDetails=DisconnectDetails[sessionID=1,endPoint=cdc1.ibllc.com:4000,reason=DISCONNECT_BY_DESIGN,cause=null,systemMessage=null,keepSocketOpen=false]]...
2025-08-21 05:42:49.305 [PY] INFO  [JTS-AuthDispatcherS1-7] - Socket closed.
2025-08-21 05:42:49.306 [PY] INFO  [JTS-MISC URLsListenerS1-6] - Socket or stream for connection cdc1.ibllc.com:4000 was closed by another thread.
2025-08-21 05:42:49.307 [PY] INFO  [JTS-AuthDispatcherS1-7] - SocketTracker[name=name=MISC URLs(cdc1.ibllc.com:4000),usesCcpConMan=false,lastReadTimestamp=1755754969284,lastReadDateTime=2025-08-21T05:42:49.284,lastFixSendTime=].
2025-08-21 05:42:49.312 [PY] INFO  [JTS-AuthDispatcherS1-7] - Interrupting dispatcher [sessionID=1]...
2025-08-21 05:42:49.312 [PY] INFO  [JTS-AuthDispatcherS1-7] - Interrupting listener [sessionID=1,disconnectSocket=true]...
2025-08-21 05:42:49.313 [PY] INFO  [JTS-AuthDispatcherS1-7] - Dispatcher thread terminating [sessionID=1,interrupted=true]...
2025-08-21 05:42:49.314 [PY] INFO  [JTS-MISC URLsListenerS1-6] - Listener thread terminating [sessionID=1] [seen=1159,totalShifted=1159,moreAvailable=0]
2025-08-21 05:42:49.317 [PY] INFO  [JTS-AuthResponseMonitor-8] - Terminating auth response monitor thread
2025-08-21 05:42:50.002 [PY] INFO  [AWT-EventQueue-0] - Default timezone:Africa/Abidjan
2025-08-21 05:42:50.004 [PY] INFO  [AWT-EventQueue-0] - Starting GstatMessageMgr...
2025-08-21 05:42:50.008 [PY] INFO  [JTS-GstatMessageMgr-11] - Sending a request to GSTAT [url=https://api.ibkr.com/v1/gstat//bulletins,data='{"p":"10371k","t":"Maintenance","tz":"Africa/Abidjan","format":"webapp","theme":"dark","fontSize":"12px","lang":"en"}']...
2025-08-21 05:42:50.116 [PY] INFO  [AWT-EventQueue-0] - Started on 20250821-05:42:50
2025-08-21 05:42:50.116 [PY] INFO  [AWT-EventQueue-0] - Default timezone:Africa/Abidjan name:Greenwich Mean Time dst:0
2025-08-21 05:42:50.118 [PY] INFO  [AWT-EventQueue-0] - java version = 17.0.10.0.101
2025-08-21 05:42:50.118 [PY] INFO  [AWT-EventQueue-0] - sun.arch.data.model = 64
2025-08-21 05:42:50.120 [PY] INFO  [AWT-EventQueue-0] - os = Linux
2025-08-21 05:42:50.121 [PY] INFO  [AWT-EventQueue-0] - os version = 6.14.0-1014-gcp
2025-08-21 05:42:50.121 [PY] INFO  [AWT-EventQueue-0] - os architecture = 32
2025-08-21 05:42:50.121 [PY] INFO  [AWT-EventQueue-0] - runtime = OpenJDK Runtime Environment
2025-08-21 05:42:50.121 [PY] INFO  [AWT-EventQueue-0] - vendor = Azul Systems, Inc.
2025-08-21 05:42:50.121 [PY] INFO  [AWT-EventQueue-0] - vm name = OpenJDK 64-Bit Server VM
2025-08-21 05:42:50.121 [PY] INFO  [AWT-EventQueue-0] - username = 'chris_s_dodd'
2025-08-21 05:42:50.152 [PY] INFO  [JTS-GstatMessageMgr-11] - Received response [errorCode=204,contentLen=-1].
2025-08-21 05:42:50.707 [PY] INFO  [AWT-EventQueue-0] - OvernightManager.dayInit: new values: dayOfTheWeek: 5 (Thu), YYYYMMofToday: 202508, YYYYMMDDofToday: 20250821, m_todayDate: 20250821, dueToChangeInTimezone: false
2025-08-21 05:42:51.544 [PY] INFO  [JavaFX Application Thread] - GstatMessagePanel: setup web app is done
2025-08-21 05:42:51.558 [PY] INFO  [AWT-EventQueue-0] - Stopping GstatMessageMgr...
2025-08-21 05:42:51.564 [PY] INFO  [AWT-EventQueue-0] - Setting dir is /home/chris_s_dodd/optcom-1/ibc-setup/tws/live-settings/
2025-08-21 05:42:51.565 [PY] INFO  [AWT-EventQueue-0] - PROXY Cleared HTTP proxy: no valid proxy is present (passing on :0)
2025-08-21 05:42:51.568 [PY] INFO  [AWT-EventQueue-0] - BaseIniFile.saveGatewayFixEndPoint() [host=ndc1.ibllc.com,port=4001]...
2025-08-21 05:42:51.570 [PY] INFO  [AWT-EventQueue-0] - SPLASH Creating screen with 5 steps
2025-08-21 05:42:51.689 [PY] WARN  [JTS-DeadlockMonitor-2] - instance of control is not created yet
2025-08-21 05:42:51.691 [PY] INFO  [JTS-DeadlockMonitor-2] - Memory:total=786,432KB free=740,377KB HeapUsage: Max=786,432KB used=44,006KB committed=140,288KB NonHeapUsage: Max=0KB used=81,827KB committed=83,520KB
2025-08-21 05:42:51.709 [PY] INFO  [AWT-EventQueue-0] - SplashScreen: using ads manager
2025-08-21 05:42:51.715 [PY] INFO  [AWT-EventQueue-0] - AdImageContainer: start build ads UI
2025-08-21 05:42:51.727 [PY] INFO  [JTS-CachedThreadExecutor-12] - AdManager: NEXT_AD request https://api.ibkr.com/tws.proxy/info/next?platform=dTWS&size=1200x1000&lang=en&version=10371&build=latest
2025-08-21 05:42:51.728 [PY] INFO  [JTS-CachedThreadExecutor-12] - AdManager: sending request with header X-USERNAME
2025-08-21 05:42:51.866 [PY] INFO  [JTS-CachedThreadExecutor-12] - AdManager: NEXT_AD request is ok
2025-08-21 05:42:51.870 [PY] INFO  [JTS-CachedThreadExecutor-12] - AdManager: NEXT_AD receive raw response {"imagePath":"/info/image/328-0-1200x1000-en.jpg","expire":1767193200000,"id":"ZGtnZm1vNTIzLWRUV1MtMzI4LTAtMTc1NTc1NDk3MTgwNw==","target_alt":"https://www.interactivebrokers.com?adid=ZGtnZm1vNTIzLWRUV1MtMzI4LTAtMTc1NTc1NDk3MTgwNw==","target":"http://www.interactivebrokers.com/en/trading/ibkr-desktop.php?adid=ZGtnZm1vNTIzLWRUV1MtMzI4LTAtMTc1NTc1NDk3MTgwNw=="}
2025-08-21 05:42:51.919 [PY] INFO  [JTS-CachedThreadExecutor-12] - AdsManager: parsed json object: 
id: ZGtnZm1vNTIzLWRUV1MtMzI4LTAtMTc1NTc1NDk3MTgwNw==
expire: 1767193200000
imagePath: /info/image/328-0-1200x1000-en.jpg
target: http://www.interactivebrokers.com/en/trading/ibkr-desktop.php?adid=ZGtnZm1vNTIzLWRUV1MtMzI4LTAtMTc1NTc1NDk3MTgwNw==
target_alt: https://www.interactivebrokers.com?adid=ZGtnZm1vNTIzLWRUV1MtMzI4LTAtMTc1NTc1NDk3MTgwNw==

2025-08-21 05:42:52.181 [PY] INFO  [AWT-EventQueue-0] - initAutoEncryptionMenu(): autoEncryption set to true
2025-08-21 05:42:52.200 [PY] INFO  [AWT-EventQueue-0] - Contacting cdc1.ibllc.com:4001 as user NOT PRINTED
2025-08-21 05:42:52.223 [PY] INFO  [AWT-EventQueue-0] - UserCredentials.sessionId() [this=774475922,old=null,new=68a6b1dc.00d6].
2025-08-21 05:42:52.223 [PY] INFO  [AWT-EventQueue-0] - CONN CALC: Last connection attempt time is cleared!
2025-08-21 05:42:52.223 [PY] INFO  [AWT-EventQueue-0] - CONN CALC: Last connection set as now:05:42:52:223
2025-08-21 05:42:52.225 [PY] INFO  [AWT-EventQueue-0] - Prelogin delay:0
2025-08-21 05:42:52.228 [PY] INFO  [JTS-Login-14] - Starting launcher login thread
2025-08-21 05:42:52.230 [PY] INFO  [JTS-Login-14] - LauncherLoginThread.runLoginWithUI()[hotBackupStrategy=ON,loginAttempt=1,socketDelay=20000].
2025-08-21 05:42:52.230 [PY] INFO  [JTS-Login-14] - SPLASH Connecting to server
2025-08-21 05:42:52.234 [PY] INFO  [JTS-Login-14] - ### startLogin startTime=1755754972223
2025-08-21 05:42:52.235 [PY] INFO  [JTS-Login-14] - ### loginAttempt loginAttempt=1
2025-08-21 05:42:52.235 [PY] INFO  [JTS-Login-14] - Connecting cdc1.ibllc.com:4001 (SSL) timeout=20000...
2025-08-21 05:42:52.235 [PY] INFO  [JTS-Login-14] - ### onSocketOpenStart socketOpenStart=1755754972235; endPoint=cdc1.ibllc.com; port=4001
2025-08-21 05:42:52.245 [PY] INFO  [JTS-Order-Audit-16] - Starting async queue thread
2025-08-21 05:42:52.248 [PY] INFO  [AWT-EventQueue-0] - Network monitor is activated
2025-08-21 05:42:52.321 [PY] INFO  [AWT-EventQueue-0] - AdImageContainer: ad image is shown
2025-08-21 05:42:52.321 [PY] INFO  [AWT-EventQueue-0] - AdsManager: request image to put in cache
2025-08-21 05:42:52.321 [PY] INFO  [JTS-CachedThreadExecutor-12] - AdManager: IMAGE_SHOWN request https://api.ibkr.com/tws.proxy/info/show/ZGtnZm1vNTIzLWRUV1MtMzI4LTAtMTc1NTc1NDk3MTgwNw==
2025-08-21 05:42:52.324 [PY] INFO  [JTS-CachedThreadExecutor-17] - AdManager: NEXT_AD request https://api.ibkr.com/tws.proxy/info/next?platform=dTWS&size=1200x1000&lang=en&version=10371&build=latest
2025-08-21 05:42:52.325 [PY] INFO  [JTS-CachedThreadExecutor-17] - AdManager: sending request with header X-USERNAME
2025-08-21 05:42:52.341 [PY] ERROR [JTS-CachedThreadExecutor-12] - AdManager: IMAGE_SHOWN service 411
2025-08-21 05:42:52.352 [PY] INFO  [JTS-Login-14] - ### onSocketOpenEnd socketOpenEnd=1755754972352
2025-08-21 05:42:52.352 [PY] INFO  [JTS-Login-14] - Connected to cdc1.ibllc.com:4001 (SSL)/8.17.22.31 remote-ip on local port 0 socket local addrs:port /10.164.0.2:46656
2025-08-21 05:42:52.352 [PY] INFO  [JTS-Login-14] - Updating machine info [connectionAddress=/10.164.0.2]...
2025-08-21 05:42:52.356 [PY] INFO  [JTS-Login-14] - JTSAuthConnection.onConnected(): lastKnownCipherStatus=INSECURE
2025-08-21 05:42:52.357 [PY] INFO  [JTS-Login-14] - Changing state for connection from PRELOGON to PRELOGON in B 2114508419: SessionSocket:2
2025-08-21 05:42:52.357 [PY] INFO  [JTS-Login-14] - Authenticating
2025-08-21 05:42:52.358 [PY] INFO  [JTS-Login-14] - AuthTimeoutMonitor-CCP: deactivate
2025-08-21 05:42:52.359 [PY] INFO  [JTS-CCPListenerS2-18] - Starting listener thread [sessionID=2]...
2025-08-21 05:42:52.360 [PY] INFO  [JTS-Login-14] - AuthTimeoutMonitor-CCP: timeout=20000
2025-08-21 05:42:52.362 [PY] INFO  [JTS-Login-14] - AuthTimeoutMonitor-CCP: activate
2025-08-21 05:42:52.362 [PY] INFO  [JTS-Login-14] - SPLASH -0001 step 1 AuthDispatcher.connect
2025-08-21 05:42:52.363 [PY] INFO  [JTS-AuthTimeoutMonitorThread-CCP-20] - Starting auth timeout monitor thread for CCP
2025-08-21 05:42:52.369 [PY] INFO  [JTS-Login-14] - Sending connect request
2025-08-21 05:42:52.371 [PY] INFO  [JTS-AuthDispatcherS2-19] - Starting dispatcher thread [sessionID=2]...
2025-08-21 05:42:52.370 [PY] INFO  [JTS-Login-14] - AuthDispatcher.initNSMsgVersionLimits: minVersion=38, maxVersion=50
2025-08-21 05:42:52.379 [PY] INFO  [JTS-Login-14] - AuthDispatcher.NSConnectRequest: userSessionID=68a6b1dc.00d6, beeDemoType=NULL
2025-08-21 05:42:52.380 [PY] INFO  [JTS-Login-14] - ### onNsMsg loginMessageReq=1755754972380; brandNewUser=false
2025-08-21 05:42:52.380 [PY] INFO  [JTS-Login-14] - NSConnectRequest: sending CLIENT_USE_SSL=0x80000
2025-08-21 05:42:52.511 [PY] INFO  [JTS-CachedThreadExecutor-17] - AdManager: NEXT_AD request is ok
2025-08-21 05:42:52.514 [PY] INFO  [JTS-CachedThreadExecutor-17] - AdManager: NEXT_AD receive raw response {"imagePath":"/info/image/250-0-1200x1000-en.jpg","expire":1767175200000,"id":"ZGtnZm1vNTIzLWRUV1MtMjUwLTAtMTc1NTc1NDk3MjQ0NA==","target_alt":"https://www.interactivebrokers.com?adid=ZGtnZm1vNTIzLWRUV1MtMjUwLTAtMTc1NTc1NDk3MjQ0NA==","target":"https://www.interactivebrokers.com/en/index.php?f=53997&adid=ZGtnZm1vNTIzLWRUV1MtMjUwLTAtMTc1NTc1NDk3MjQ0NA=="}
2025-08-21 05:42:52.517 [PY] INFO  [JTS-CachedThreadExecutor-17] - AdsManager: parsed json object: 
id: ZGtnZm1vNTIzLWRUV1MtMjUwLTAtMTc1NTc1NDk3MjQ0NA==
expire: 1767175200000
imagePath: /info/image/250-0-1200x1000-en.jpg
target: https://www.interactivebrokers.com/en/index.php?f=53997&adid=ZGtnZm1vNTIzLWRUV1MtMjUwLTAtMTc1NTc1NDk3MjQ0NA==
target_alt: https://www.interactivebrokers.com?adid=ZGtnZm1vNTIzLWRUV1MtMjUwLTAtMTc1NTc1NDk3MjQ0NA==

2025-08-21 05:42:52.518 [PY] INFO  [JTS-CachedThreadExecutor-17] - AdsManager: try to save image  in/home/chris_s_dodd/optcom-1/ibc-setup/tws/live-settings/fbnhdpkgodmcijdhnmebkikninekjeoddhapbcdb//250-0-1200x1000-en.jpg
2025-08-21 05:42:52.709 [PY] INFO  [JTS-DeadlockMonitor-2] - CPU:cur=16.36% avg=16.36% 30 min avg=16.36% 10 min avg=16.36% 5 min avg=16.36% 1 min avg=16.36%
GC:called=9 times CPU used=0.34%
Finalizer:cur=0.00% avg=0.00% 30 min avg=0.00% 10 min avg=0.00% 5 min avg=0.00% 1 min avg=0.00%
Threads Count:curr live=38 curr daemon=23
2025-08-21 05:42:52.713 [PY] INFO  [JTS-Login-14] - SPLASH Authenticating
2025-08-21 05:42:52.713 [PY] INFO  [JTS-CCPListenerS2-18] - Initial listener buffer size is 65536.
2025-08-21 05:42:52.714 [PY] INFO  [JTS-CCPListenerS2-18] - Listener thread [sessionID=2] is ready to process messages.
2025-08-21 05:42:52.715 [PY] INFO  [JTS-Login-14] - Terminating launcher login thread
2025-08-21 05:42:52.816 [PY] INFO  [JTS-AuthDispatcherS2-19] - SPLASH 0454 step 2 AuthDispatcher.processDataItr
2025-08-21 05:42:52.817 [PY] INFO  [JTS-AuthDispatcherS2-19] - set nsMsgVersion: context=AuthStart; version=50
2025-08-21 05:42:52.818 [PY] INFO  [JTS-AuthDispatcherS2-19] - Received NS_AUTH_START: 1
2025-08-21 05:42:52.820 [PY] INFO  [JTS-AuthDispatcherS2-19] - pwd time to expiry ms: 2346621428000 days: 27160
2025-08-21 05:42:52.820 [PY] INFO  [JTS-AuthDispatcherS2-19] - Long pwd allowed: true
2025-08-21 05:42:52.823 [PY] INFO  [JTS-AuthDispatcherS2-19] -  NS_AUTH_START version=50 pwd=1 soft=0 token(s)=[token=5, tokenSubtype=2, suffix=a[IB Key]] initialTokenType=PWD authenticationType=MARKET_DATA_CONNECTION identityHashcode=298164598
2025-08-21 05:42:52.825 [PY] INFO  [JTS-AuthDispatcherS2-19] - ### onStartAuthentication
2025-08-21 05:42:52.825 [PY] INFO  [JTS-AuthDispatcherS2-19] - Starting password Authentication
2025-08-21 05:42:52.825 [PY] INFO  [JTS-AuthDispatcherS2-19] - ### onXyzAuthQuery
2025-08-21 05:42:52.826 [PY] INFO  [JTS-AuthDispatcherS2-19] - sendXYZMessage: 777
2025-08-21 05:42:52.826 [PY] INFO  [JTS-AuthDispatcherS2-19] - UserCredentials.setFrom() [this=774475922,other=774475922,old=68a6b1dc.00d6,new=68a6b1dc.00d6].
2025-08-21 05:42:52.929 [PY] INFO  [JTS-AuthDispatcherS2-19] - Receiver: 777
2025-08-21 05:42:52.929 [PY] ERROR [JTS-AuthDispatcherS2-19] - ERROR: Received twslaunch.jauthentication.M with userName NOT PRINTED in it - this is not expected
2025-08-21 05:42:52.930 [PY] INFO  [JTS-AuthDispatcherS2-19] - processXYZMessage: 777, protocol version: 50
2025-08-21 05:42:52.930 [PY] INFO  [JTS-AuthDispatcherS2-19] - Received AUTH_PARAMS
2025-08-21 05:42:52.930 [PY] INFO  [JTS-AuthDispatcherS2-19] - ### onXyzAuthParams
2025-08-21 05:42:52.932 [PY] INFO  [JTS-AuthDispatcherS2-19] - sendXYZMessage: 777
2025-08-21 05:42:53.037 [PY] INFO  [JTS-AuthDispatcherS2-19] - SPLASH 0221 step 2 AuthDispatcher.processDataItr
2025-08-21 05:42:53.038 [PY] INFO  [JTS-AuthDispatcherS2-19] - Receiver: 777
2025-08-21 05:42:53.038 [PY] ERROR [JTS-AuthDispatcherS2-19] - ERROR: Received twslaunch.jauthentication.M with userName NOT PRINTED in it - this is not expected
2025-08-21 05:42:53.038 [PY] INFO  [JTS-AuthDispatcherS2-19] - processXYZMessage: 777, protocol version: 50
2025-08-21 05:42:53.038 [PY] INFO  [JTS-AuthDispatcherS2-19] - Received SERVER_PARAMS
2025-08-21 05:42:53.045 [PY] INFO  [JTS-AuthDispatcherS2-19] - Session Token received in AuthenticationMessageXYZ=9172cXXXXX.., messageId=SERVER_KEY (4)
2025-08-21 05:42:53.046 [PY] INFO  [JTS-AuthDispatcherS2-19] - sendXYZMessage: 777
2025-08-21 05:42:53.149 [PY] INFO  [JTS-AuthDispatcherS2-19] - Receiver: 777
2025-08-21 05:42:53.149 [PY] ERROR [JTS-AuthDispatcherS2-19] - ERROR: Received twslaunch.jauthentication.M with userName NOT PRINTED in it - this is not expected
2025-08-21 05:42:53.149 [PY] INFO  [JTS-AuthDispatcherS2-19] - processXYZMessage: 777, protocol version: 50
2025-08-21 05:42:53.150 [PY] INFO  [JTS-AuthDispatcherS2-19] - Received AUTH_RESULT
2025-08-21 05:42:53.150 [PY] INFO  [JTS-AuthDispatcherS2-19] - ### onXyzAuthServerProof
2025-08-21 05:42:53.150 [PY] INFO  [JTS-AuthDispatcherS2-19] - Passed pwd authentication.
2025-08-21 05:42:53.150 [PY] INFO  [JTS-AuthDispatcherS2-19] - ### onStartTokenAuth
2025-08-21 05:42:53.150 [PY] INFO  [JTS-AuthDispatcherS2-19] - SWCR tokenSubType=2a
2025-08-21 05:42:53.151 [PY] INFO  [JTS-AuthDispatcherS2-19] - sendXYZMessage: 775
2025-08-21 05:42:53.255 [PY] INFO  [JTS-AuthDispatcherS2-19] - SPLASH 0217 step 2 AuthDispatcher.processDataItr
2025-08-21 05:42:53.255 [PY] INFO  [JTS-AuthDispatcherS2-19] - Receiver: 775
2025-08-21 05:42:53.255 [PY] ERROR [JTS-AuthDispatcherS2-19] - ERROR: Received twslaunch.jauthentication.J with userName NOT PRINTED in it - this is not expected
2025-08-21 05:42:53.256 [PY] INFO  [JTS-AuthDispatcherS2-19] - dsaViaSms=true
2025-08-21 05:42:53.256 [PY] INFO  [JTS-AuthDispatcherS2-19] - processXYZMessage: 775, protocol version: 50
2025-08-21 05:42:53.256 [PY] INFO  [JTS-AuthDispatcherS2-19] - Received CHALLENGE
2025-08-21 05:42:53.256 [PY] INFO  [JTS-AuthDispatcherS2-19] - AuthTimeoutMonitor-CCP: pause
2025-08-21 05:43:03.266 [PY] INFO  [JTS-AuthDispatcherS2-19] - SPLASH 10012 step 2 AuthDispatcher.processDataItr
2025-08-21 05:43:03.266 [PY] INFO  [JTS-AuthDispatcherS2-19] - Receiver: 771
2025-08-21 05:43:03.267 [PY] ERROR [JTS-AuthDispatcherS2-19] - ERROR: Received twslaunch.jauthentication.L with userName NOT PRINTED in it - this is not expected
2025-08-21 05:43:03.267 [PY] INFO  [JTS-AuthDispatcherS2-19] - processXYZMessage: 771, protocol version: 50
2025-08-21 05:43:03.267 [PY] INFO  [JTS-AuthDispatcherS2-19] - Received Finish by SDSA
2025-08-21 05:43:03.267 [PY] INFO  [JTS-AuthDispatcherS2-19] - Finished authentication.
2025-08-21 05:43:03.267 [PY] INFO  [JTS-AuthDispatcherS2-19] - AuthTimeoutMonitor-CCP: resume, idleTime=10011
2025-08-21 05:43:03.278 [PY] INFO  [JTS-AuthDispatcherS2-19] - Authentication completed.
2025-08-21 05:43:03.278 [PY] INFO  [JTS-AuthDispatcherS2-19] - ### onAuthenticationCompleted tokenProtocol=5; authenticated=true
2025-08-21 05:43:03.278 [PY] INFO  [JTS-AuthDispatcherS2-19] - setting session token in AuthenticationHandler: authenticationType=MARKET_DATA_CONNECTION hashCode=298164598 new=XYZSessionToken[type=SOFT,token=9172cXXXXX..] old=null ctciOld=null
2025-08-21 05:43:03.279 [PY] INFO  [JTS-AuthDispatcherS2-19] - ccp session token non-CTCI is set as XYZSessionToken[type=SOFT,token=9172cXXXXX..] 
2025-08-21 05:43:03.279 [PY] INFO  [JTS-AuthDispatcherS2-19] - Received NS_CONNECT_RESPONSE
2025-08-21 05:43:03.280 [PY] INFO  [JTS-AuthDispatcherS2-19] - Received CCP connect features: [SIGNPPR, TST, ONELOGON].
2025-08-21 05:43:03.282 [PY] INFO  [JTS-AuthDispatcherS2-19] - Log encryption support is enabled [authType=MARKET_DATA_CONNECTION,logKeyId=aaa,logKey=***,logUploadKey=dbkwvogzwk].
2025-08-21 05:43:03.282 [PY] INFO  [JTS-AuthDispatcherS2-19] - CCP sent paperUser NOT PRINTED for prodUser NOT PRINTED
2025-08-21 05:43:03.282 [PY] INFO  [JTS-AuthDispatcherS2-19] - UserCredentials.setFrom() [this=774475922,other=774475922,old=68a6b1dc.00d6,new=68a6b1dc.00d6].
2025-08-21 05:43:03.284 [PY] INFO  [JTS-AuthDispatcherS2-19] - AuthDispatcher.newCommPort()[userDirname=fbnhdpkgodmcijdhnmebkikninekjeoddhapbcdb,restart=,authToken=null,ccpToken=XYZSessionToken[type=SOFT,token=9172cXXXXX..]].
2025-08-21 05:43:03.284 [PY] INFO  [JTS-AuthDispatcherS2-19] - Daily auto-restart is not enabled.
2025-08-21 05:43:03.286 [PY] INFO  [JTS-AuthDispatcherS2-19] - Sending NSNewcommPort [tokenMask=2,tokens=XYZSessionToken[type=SOFT,token=9172cXXXXX..]],shortTokenHashes=7d60e174]...
2025-08-21 05:43:03.389 [PY] INFO  [JTS-AuthDispatcherS2-19] - Received NS_FIX_START
2025-08-21 05:43:03.389 [PY] INFO  [JTS-AuthDispatcherS2-19] - ### onNsFixStart
2025-08-21 05:43:03.391 [PY] INFO  [JTS-PostAuthenticateS2-26] - Interrupting dispatcher [sessionID=2]...
2025-08-21 05:43:03.392 [PY] INFO  [JTS-AuthDispatcherS2-19] - Dispatcher thread terminating [sessionID=2,interrupted=true]...
2025-08-21 05:43:03.392 [PY] INFO  [JTS-PostAuthenticateS2-26] - AuthTimeoutMonitor-CCP: deactivate
2025-08-21 05:43:03.392 [PY] INFO  [JTS-AuthTimeoutMonitorThread-CCP-20] - Terminating auth timeout monitor thread for CCP
2025-08-21 05:43:03.393 [PY] INFO  [JTS-PostAuthenticateS2-26] - Authentication complete
2025-08-21 05:43:03.393 [PY] INFO  [JTS-PostAuthenticateS2-26] - Creating a FixLogonHandlerFactory instance...
2025-08-21 05:43:03.394 [PY] INFO  [JTS-PostAuthenticateS2-26] - Instance created.
2025-08-21 05:43:03.399 [PY] INFO  [AWT-EventQueue-0] - initPreUI() - entry
2025-08-21 05:43:03.400 [PY] INFO  [AWT-EventQueue-0] - jtsLookAndFeel uninitialized
2025-08-21 05:43:03.400 [PY] INFO  [AWT-EventQueue-0] - JtsLookAndFeel initialized
2025-08-21 05:43:03.401 [PY] INFO  [JTS-PostAuthenticateS2-26] - JDOMFactory Class =interface org.jdom.JDOMFactory
2025-08-21 05:43:03.404 [PY] INFO  [AWT-EventQueue-0] - Current LAF: TWS LAF
2025-08-21 05:43:03.405 [PY] INFO  [AWT-EventQueue-0] - initPreUI() - exit
2025-08-21 05:43:03.407 [PY] INFO  [JTS-PostAuthenticateS2-26] - hsqldb jdbc =class org.hsqldb.jdbcDriver 2.4
2025-08-21 05:43:03.410 [PY] INFO  [JTS-PostAuthenticateS2-26] - Changing state for connection from PRELOGON to PRELOGON in B 2114508419: SessionSocket:2
2025-08-21 05:43:03.411 [PY] INFO  [JTS-PostAuthenticateS2-26] - createOrRenameToNewStyleUserDirectory: no action: use existing newDir=/home/chris_s_dodd/optcom-1/ibc-setup/tws/live-settings/fbnhdpkgodmcijdhnmebkikninekjeoddhapbcdb
2025-08-21 05:43:03.411 [PY] INFO  [JTS-PostAuthenticateS2-26] - performLogSwitch() [force=false]
2025-08-21 05:43:03.422 [PY] INFO  [JTS-PostAuthenticateS2-26] - Switching to a new encrypted log...
