2025-08-16 20:37:44.534 [AY] INFO  [JTS-Main] - OvernightManager.dayInit: new values: dayOfTheWeek: 7 (Sat), YYYYMMofToday: 202508, YYYYMMDDofToday: 20250816, m_todayDate: 20250816, dueToChangeInTimezone: false
2025-08-16 20:37:44.539 [AY] INFO  [JTS-Main] - Created on: 20250816
2025-08-16 20:37:44.540 [AY] INFO  [JTS-Main] - ------------------------------- IB GATEWAY RESTART --------------------------------
2025-08-16 20:37:44.541 [AY] INFO  [JTS-Main] - installer version: unknown, installer type: standalone, install dir: 'null', Jts dir: '/home/chris_s_dodd/optcom-1/ibc-setup/tws/live-settings', VM options file: 'null'
2025-08-16 20:37:44.561 [AY] INFO  [JTS-Main] - Verifying environment [entryPoint=IBGATEWAY_STANDALONE]...
2025-08-16 20:37:44.629 [AY] INFO  [AWT-EventQueue-0] - Install4jAutoUpdateService initialized [props=LauncherProperties[updateDownloadUrl=null,skipUpdateCheck=false,nightlyEnabled=false,channelNameArg=null,channelName=latest,channelChanged=false,jtsConfigDir=/home/chris_s_dodd/optcom-1/ibc-setup/tws/live-settings,apiPort=null,sessionId=null,installDir=null,exeName=null]].
2025-08-16 20:37:44.638 [AY] INFO  [JTS-Main] - PROXY Installed custom selector
2025-08-16 20:37:44.645 [AY] INFO  [JTS-Main] - useSsl=true,FIX endPoint=null:4001
2025-08-16 20:37:44.655 [AY] INFO  [JTS-Main] - LOCALE: Property locale_to_use=null JTS Locale=en_US  country=United States  variant=
2025-08-16 20:37:44.656 [AY] INFO  [JTS-Main] - Region: Custom
2025-08-16 20:37:44.657 [AY] WARN  [JTS-Main] - The locales jar directory resolved to '/home/chris_s_dodd/optcom-1/ibc-setup/tws/live-settings/jars' ('installDir' system property is not set).
2025-08-16 20:37:44.657 [AY] WARN  [JTS-Main] - The locales jar directory resolved to '/home/chris_s_dodd/optcom-1/ibc-setup/tws/live-settings/jars' ('installDir' system property is not set).
2025-08-16 20:37:44.657 [AY] INFO  [JTS-Main] - Locale from ini: en
2025-08-16 20:37:44.658 [AY] INFO  [JTS-Main] - Locale=en_US  country=United States  variant=
2025-08-16 20:37:44.663 [AY] INFO  [JTS-Main] - prohibiting class lookup [twslaunch.ji18n.LauncherLanguage]
2025-08-16 20:37:44.667 [AY] INFO  [JTS-Main] - prohibiting class lookup [twslaunch.ji18n.LauncherLanguage_en]
2025-08-16 20:37:44.667 [AY] INFO  [JTS-Main] - prohibiting class lookup [twslaunch.ji18n.LauncherLanguage_en_US]
2025-08-16 20:37:44.668 [AY] INFO  [JTS-Main] - LOCALE:  type: launcher intended: en_US actual:  size: 500
2025-08-16 20:37:44.669 [AY] INFO  [JTS-Main] - settings dir: '/home/chris_s_dodd/optcom-1/ibc-setup/tws/live-settings'
2025-08-16 20:37:44.829 [AY] INFO  [JTS-Main] - LauncherFontUpdater: simulatehighdefscreen=false
2025-08-16 20:37:44.834 [AY] INFO  [JTS-Main] - LauncherFontUpdater: Screen dimensions=1024x768
2025-08-16 20:37:44.834 [AY] INFO  [JTS-Main] - LauncherFontUpdater: highres=false
2025-08-16 20:37:44.834 [AY] INFO  [JTS-Main] - LauncherFontUpdater: FontSize=16
2025-08-16 20:37:44.834 [AY] INFO  [JTS-Main] - initPreUI() - entry
2025-08-16 20:37:44.847 [AY] INFO  [JTS-Main] - Build 10.37.1k, Aug 7, 2025 11:58:23 AM
2025-08-16 20:37:44.882 [AY] INFO  [JTS-Main] - LookAndFeelChangedListener installed
2025-08-16 20:37:44.884 [AY] INFO  [JTS-Main] - JtsLookAndFeel initialized
2025-08-16 20:37:45.494 [AY] INFO  [JTS-Main] - Current LAF: TWS LAF
2025-08-16 20:37:45.497 [AY] INFO  [JTS-Main] - initPreUI() - exit
2025-08-16 20:37:46.971 [AY] INFO  [AWT-EventQueue-0] - Default timezone:Etc/UTC
2025-08-16 20:37:46.979 [AY] INFO  [AWT-EventQueue-0] - Starting GstatMessageMgr...
2025-08-16 20:37:46.982 [AY] WARN  [JTS-GstatMessageMgr-6] - Misc URLs have not been received. Resending request...
2025-08-16 20:37:47.065 [AY] INFO  [AWT-EventQueue-0] - Started on 20250816-20:37:47
2025-08-16 20:37:47.065 [AY] INFO  [AWT-EventQueue-0] - Default timezone:Etc/UTC name:Coordinated Universal Time dst:0
2025-08-16 20:37:47.066 [AY] INFO  [AWT-EventQueue-0] - java version = 17.0.10.0.101
2025-08-16 20:37:47.066 [AY] INFO  [AWT-EventQueue-0] - sun.arch.data.model = 64
2025-08-16 20:37:47.066 [AY] INFO  [AWT-EventQueue-0] - os = Linux
2025-08-16 20:37:47.066 [AY] INFO  [AWT-EventQueue-0] - os version = 6.14.0-1012-gcp
2025-08-16 20:37:47.067 [AY] INFO  [AWT-EventQueue-0] - os architecture = 32
2025-08-16 20:37:47.067 [AY] INFO  [AWT-EventQueue-0] - runtime = OpenJDK Runtime Environment
2025-08-16 20:37:47.067 [AY] INFO  [AWT-EventQueue-0] - vendor = Azul Systems, Inc.
2025-08-16 20:37:47.067 [AY] INFO  [AWT-EventQueue-0] - vm name = OpenJDK 64-Bit Server VM
2025-08-16 20:37:47.068 [AY] INFO  [AWT-EventQueue-0] - username = 'chris_s_dodd'
2025-08-16 20:37:47.896 [AY] INFO  [AWT-EventQueue-0] - Stopping GstatMessageMgr...
2025-08-16 20:37:47.899 [AY] INFO  [AWT-EventQueue-0] - Setting dir is /home/chris_s_dodd/optcom-1/ibc-setup/tws/live-settings/
2025-08-16 20:37:47.899 [AY] INFO  [AWT-EventQueue-0] - PROXY Cleared HTTP proxy: no valid proxy is present (passing on :0)
2025-08-16 20:37:47.901 [AY] INFO  [AWT-EventQueue-0] - BaseIniFile.saveGatewayFixEndPoint() [host=ndc1.ibllc.com,port=4001]...
2025-08-16 20:37:47.901 [AY] INFO  [AWT-EventQueue-0] - SPLASH Creating screen with 5 steps
2025-08-16 20:37:47.977 [AY] INFO  [AWT-EventQueue-0] - SplashScreen: using ads manager
2025-08-16 20:37:47.980 [AY] INFO  [AWT-EventQueue-0] - AdImageContainer: start build ads UI
2025-08-16 20:37:47.989 [AY] INFO  [JTS-CachedThreadExecutor-7] - AdManager: NEXT_AD request https://api.ibkr.com/tws.proxy/info/next?platform=dTWS&size=1200x1000&lang=en&version=10371&build=latest
2025-08-16 20:37:48.332 [AY] INFO  [JTS-CachedThreadExecutor-7] - AdManager: sending request with header X-USERNAME
2025-08-16 20:37:48.424 [AY] INFO  [AWT-EventQueue-0] - initAutoEncryptionMenu(): autoEncryption set to true
2025-08-16 20:37:48.452 [AY] INFO  [AWT-EventQueue-0] - Contacting ndc1.ibllc.com:4000 as user NOT PRINTED
2025-08-16 20:37:48.489 [AY] INFO  [AWT-EventQueue-0] - UserCredentials.sessionId() [this=763326862,old=null,new=68a0ec1c.01d9].
2025-08-16 20:37:48.490 [AY] INFO  [AWT-EventQueue-0] - CONN CALC: Last connection attempt time is cleared!
2025-08-16 20:37:48.493 [AY] INFO  [AWT-EventQueue-0] - CONN CALC: Last connection set as now:20:37:48:493
2025-08-16 20:37:48.493 [AY] INFO  [AWT-EventQueue-0] - Prelogin delay:0
2025-08-16 20:37:48.497 [AY] INFO  [JTS-Login-9] - Starting launcher login thread
2025-08-16 20:37:48.498 [AY] INFO  [JTS-Login-9] - LauncherLoginThread.runLoginWithUI()[hotBackupStrategy=ON,loginAttempt=1,socketDelay=20000].
2025-08-16 20:37:48.499 [AY] INFO  [JTS-Login-9] - SPLASH Connecting to server
2025-08-16 20:37:48.503 [AY] INFO  [JTS-Login-9] - ### startLogin startTime=1755376668489
2025-08-16 20:37:48.504 [AY] INFO  [JTS-Login-9] - ### loginAttempt loginAttempt=1
2025-08-16 20:37:48.504 [AY] INFO  [JTS-Login-9] - Connecting ndc1.ibllc.com:4001 (SSL) timeout=20000...
2025-08-16 20:37:48.504 [AY] INFO  [JTS-Login-9] - ### onSocketOpenStart socketOpenStart=1755376668504; endPoint=ndc1.ibllc.com; port=4001
2025-08-16 20:37:48.514 [AY] INFO  [AWT-EventQueue-0] - Network monitor is activated
2025-08-16 20:37:48.513 [AY] INFO  [JTS-Order-Audit-11] - Starting async queue thread
2025-08-16 20:37:48.610 [AY] INFO  [JTS-Login-9] - ### onSocketOpenEnd socketOpenEnd=1755376668610
2025-08-16 20:37:48.610 [AY] INFO  [JTS-Login-9] - Connected to ndc1.ibllc.com:4001 (SSL)/64.190.197.40 remote-ip on local port 0 socket local addrs:port /10.164.0.2:45338
2025-08-16 20:37:48.611 [AY] INFO  [JTS-Login-9] - Updating machine info [connectionAddress=/10.164.0.2]...
2025-08-16 20:37:48.613 [AY] INFO  [JTS-Login-9] - Creating unique random...
2025-08-16 20:37:48.615 [AY] INFO  [JTS-Login-9] - id=ee2618bb
2025-08-16 20:37:48.616 [AY] INFO  [JTS-Login-9] - Resolving MAC address...
2025-08-16 20:37:48.619 [AY] INFO  [JTS-Login-9] - MACNetworkInfo created <ee2618bb|42:01:0A:A4:00:02|10.164.0.2>.
2025-08-16 20:37:48.623 [AY] INFO  [JTS-Login-9] - JTSAuthConnection.onConnected(): lastKnownCipherStatus=INSECURE
2025-08-16 20:37:48.625 [AY] INFO  [JTS-Login-9] - Changing state for connection from PRELOGON to PRELOGON in B 785643949: SessionSocket:1
2025-08-16 20:37:48.625 [AY] INFO  [JTS-Login-9] - Authenticating
2025-08-16 20:37:48.664 [AY] INFO  [JTS-CCPListenerS1-12] - Starting listener thread [sessionID=1]...
2025-08-16 20:37:48.710 [AY] INFO  [JTS-Login-9] - AuthTimeoutMonitor-CCP: deactivate
2025-08-16 20:37:48.711 [AY] INFO  [JTS-Login-9] - AuthTimeoutMonitor-CCP: timeout=20000
2025-08-16 20:37:48.711 [AY] INFO  [JTS-Login-9] - AuthTimeoutMonitor-CCP: activate
2025-08-16 20:37:48.711 [AY] INFO  [JTS-AuthTimeoutMonitorThread-CCP-14] - Starting auth timeout monitor thread for CCP
2025-08-16 20:37:48.714 [AY] INFO  [JTS-Login-9] - LOGIN_TIME_MONITOR	 false 20:37:48:713 since start = 0 thread delay = 0 global delay = 0 tag=null, cls=AuthDispatcher method=connect
2025-08-16 20:37:48.717 [AY] INFO  [JTS-Login-9] - SPLASH -0001 step 1 AuthDispatcher.connect
2025-08-16 20:37:48.718 [AY] INFO  [JTS-Login-9] - Sending connect request
2025-08-16 20:37:48.721 [AY] INFO  [JTS-AuthDispatcherS1-13] - Starting dispatcher thread [sessionID=1]...
2025-08-16 20:37:48.720 [AY] INFO  [JTS-Login-9] - AuthDispatcher.initNSMsgVersionLimits: minVersion=38, maxVersion=50
2025-08-16 20:37:48.726 [AY] INFO  [JTS-Login-9] - AuthDispatcher.NSConnectRequest: userSessionID=68a0ec1c.01d9, beeDemoType=NULL
2025-08-16 20:37:48.728 [AY] INFO  [JTS-Login-9] - ### onNsMsg loginMessageReq=1755376668728; brandNewUser=true
2025-08-16 20:37:48.728 [AY] INFO  [JTS-Login-9] - NSConnectRequest: sending CLIENT_USE_SSL=0x80000
2025-08-16 20:37:49.041 [AY] INFO  [JTS-Login-9] - SPLASH Authenticating
2025-08-16 20:37:49.041 [AY] INFO  [JTS-CCPListenerS1-12] - Initial listener buffer size is 65536.
2025-08-16 20:37:49.042 [AY] INFO  [JTS-CCPListenerS1-12] - Listener thread [sessionID=1] is ready to process messages.
2025-08-16 20:37:49.042 [AY] INFO  [JTS-Login-9] - Terminating launcher login thread
2025-08-16 20:37:49.048 [AY] INFO  [JTS-CachedThreadExecutor-7] - AdManager: NEXT_AD request is ok
2025-08-16 20:37:49.050 [AY] INFO  [JTS-CachedThreadExecutor-7] - AdManager: NEXT_AD receive raw response {"imagePath":"/info/image/328-0-1200x1000-en.jpg","expire":1767193200000,"id":"ZGtnZm1vNTIzLWRUV1MtMzI4LTAtMTc1NTM3NjY2ODk5MA==","target_alt":"https://www.interactivebrokers.com?adid=ZGtnZm1vNTIzLWRUV1MtMzI4LTAtMTc1NTM3NjY2ODk5MA==","target":"http://www.interactivebrokers.com/en/trading/ibkr-desktop.php?adid=ZGtnZm1vNTIzLWRUV1MtMzI4LTAtMTc1NTM3NjY2ODk5MA=="}
2025-08-16 20:37:49.088 [AY] INFO  [JTS-CachedThreadExecutor-7] - AdsManager: parsed json object: 
id: ZGtnZm1vNTIzLWRUV1MtMzI4LTAtMTc1NTM3NjY2ODk5MA==
expire: 1767193200000
imagePath: /info/image/328-0-1200x1000-en.jpg
target: http://www.interactivebrokers.com/en/trading/ibkr-desktop.php?adid=ZGtnZm1vNTIzLWRUV1MtMzI4LTAtMTc1NTM3NjY2ODk5MA==
target_alt: https://www.interactivebrokers.com?adid=ZGtnZm1vNTIzLWRUV1MtMzI4LTAtMTc1NTM3NjY2ODk5MA==

2025-08-16 20:37:49.124 [AY] INFO  [JTS-AuthDispatcherS1-13] - SPLASH 0408 step 2 AuthDispatcher.processDataItr
2025-08-16 20:37:49.126 [AY] INFO  [JTS-AuthDispatcherS1-13] - Received NS_REDIRECT
2025-08-16 20:37:49.126 [AY] INFO  [JTS-AuthDispatcherS1-13] - ### onConmanRedirect
2025-08-16 20:37:49.126 [AY] INFO  [JTS-AuthDispatcherS1-13] - Disconnecting ndc1.ibllc.com:4001 (SSL) [disconnectDetails=DisconnectDetails[sessionID=1,endPoint=ndc1.ibllc.com:4001 (SSL),reason=DISCONNECT_ON_REDIRECTION,cause=null,systemMessage=null,keepSocketOpen=false]]...
2025-08-16 20:37:49.128 [AY] INFO  [JTS-AuthDispatcherS1-13] - Socket closed.
2025-08-16 20:37:49.129 [AY] INFO  [JTS-AuthDispatcherS1-13] - AuthTimeoutMonitor-CCP: deactivate
2025-08-16 20:37:49.129 [AY] INFO  [JTS-AuthTimeoutMonitorThread-CCP-14] - Terminating auth timeout monitor thread for CCP
2025-08-16 20:37:49.129 [AY] INFO  [JTS-AuthDispatcherS1-13] - SocketTracker[name=name=CCP(ndc1.ibllc.com:4001 (SSL)),usesCcpConMan=false,lastReadTimestamp=1755376669122,lastReadDateTime=2025-08-16T20:37:49.122,lastFixSendTime=].
2025-08-16 20:37:49.129 [AY] INFO  [JTS-AuthDispatcherS1-13] - Interrupting dispatcher [sessionID=1]...
2025-08-16 20:37:49.128 [AY] INFO  [JTS-CCPListenerS1-12] - Socket or stream for connection ndc1.ibllc.com:4001 (SSL) was closed by another thread.
2025-08-16 20:37:49.129 [AY] INFO  [JTS-AuthDispatcherS1-13] - Interrupting listener [sessionID=1,disconnectSocket=true]...
2025-08-16 20:37:49.132 [AY] INFO  [JTS-DisconnectedS1-18] - IBGateway connection to ccp disconnected.
2025-08-16 20:37:49.134 [AY] INFO  [JTS-AuthDispatcherS1-13] - Redirecting to cdc1.ibllc.com:4001 (SSL)
2025-08-16 20:37:49.134 [AY] INFO  [JTS-AuthDispatcherS1-13] - UserCredentials.sessionId() [this=763326862,old=68a0ec1c.01d9,new=68a0ec1c.01d9].
2025-08-16 20:37:49.134 [AY] INFO  [JTS-AuthDispatcherS1-13] - Prelogin delay:0
2025-08-16 20:37:49.135 [AY] INFO  [JTS-AuthDispatcherS1-13] - Dispatcher thread terminating [sessionID=1,interrupted=true]...
2025-08-16 20:37:49.135 [AY] INFO  [JTS-CCPListenerS1-12] - Listener thread terminating [sessionID=1] [seen=35,totalShifted=35,moreAvailable=0]
2025-08-16 20:37:49.134 [AY] INFO  [JTS-MiscUlrsRequester-20] - Connecting ndc1.ibllc.com:4000 timeout=10000...
2025-08-16 20:37:49.135 [AY] INFO  [JTS-Login-21] - Starting launcher login thread
2025-08-16 20:37:49.136 [AY] INFO  [JTS-Login-21] - LauncherLoginThread.runLoginWithUI()[hotBackupStrategy=ON,loginAttempt=1,socketDelay=20000].
2025-08-16 20:37:49.137 [AY] INFO  [JTS-Login-21] - SPLASH Connecting to server
2025-08-16 20:37:49.138 [AY] INFO  [JTS-Login-21] - ### startLogin startTime=1755376669134
2025-08-16 20:37:49.139 [AY] INFO  [JTS-Login-21] - ### loginAttempt loginAttempt=1
2025-08-16 20:37:49.139 [AY] INFO  [JTS-Login-21] - AsyncDisconnectNotifiers: 1
2025-08-16 20:37:49.139 [AY] INFO  [JTS-Login-21] - Connecting cdc1.ibllc.com:4001 (SSL) timeout=20000...
2025-08-16 20:37:49.140 [AY] INFO  [JTS-Login-21] - ### onSocketOpenStart socketOpenStart=1755376669140; endPoint=cdc1.ibllc.com; port=4001
2025-08-16 20:37:49.218 [AY] INFO  [JTS-MiscUlrsRequester-20] - Connected to ndc1.ibllc.com:4000/64.190.197.40 remote-ip on local port 0 socket local addrs:port /10.164.0.2:55508
2025-08-16 20:37:49.218 [AY] INFO  [JTS-MiscUlrsRequester-20] - Updating machine info [connectionAddress=/10.164.0.2]...
2025-08-16 20:37:49.222 [AY] INFO  [JTS-MISC URLsListenerS2-23] - Starting listener thread [sessionID=2]...
2025-08-16 20:37:49.223 [AY] INFO  [JTS-MiscUlrsRequester-20] - Sending MiscUrls request
2025-08-16 20:37:49.224 [AY] INFO  [JTS-AuthDispatcherS2-24] - Starting dispatcher thread [sessionID=2]...
2025-08-16 20:37:49.225 [AY] INFO  [JTS-MISC URLsListenerS2-23] - Initial listener buffer size is 65536.
2025-08-16 20:37:49.225 [AY] INFO  [JTS-MISC URLsListenerS2-23] - Listener thread [sessionID=2] is ready to process messages.
2025-08-16 20:37:49.227 [AY] INFO  [JTS-AuthResponseMonitor-25] - Starting auth response monitor thread
2025-08-16 20:37:49.242 [AY] INFO  [JTS-Login-21] - ### onSocketOpenEnd socketOpenEnd=1755376669242
2025-08-16 20:37:49.243 [AY] INFO  [JTS-Login-21] - Connected to cdc1.ibllc.com:4001 (SSL)/8.17.22.31 remote-ip on local port 0 socket local addrs:port /10.164.0.2:55684
2025-08-16 20:37:49.243 [AY] INFO  [JTS-Login-21] - Updating machine info [connectionAddress=/10.164.0.2]...
2025-08-16 20:37:49.243 [AY] INFO  [JTS-Login-21] - JTSAuthConnection.onConnected(): lastKnownCipherStatus=INSECURE
2025-08-16 20:37:49.243 [AY] INFO  [JTS-Login-21] - Changing state for connection from PRELOGON to PRELOGON in B 785643949: SessionSocket:3
2025-08-16 20:37:49.243 [AY] INFO  [JTS-Login-21] - Authenticating
2025-08-16 20:37:49.245 [AY] INFO  [JTS-Login-21] - AuthTimeoutMonitor-CCP: deactivate
2025-08-16 20:37:49.245 [AY] INFO  [JTS-Login-21] - AuthTimeoutMonitor-CCP: timeout=20000
2025-08-16 20:37:49.246 [AY] INFO  [JTS-CCPListenerS3-26] - Starting listener thread [sessionID=3]...
2025-08-16 20:37:49.246 [AY] INFO  [JTS-Login-21] - AuthTimeoutMonitor-CCP: activate
2025-08-16 20:37:49.248 [AY] INFO  [JTS-Login-21] - Sending connect request
2025-08-16 20:37:49.248 [AY] INFO  [JTS-Login-21] - AuthDispatcher.initNSMsgVersionLimits: minVersion=38, maxVersion=50
2025-08-16 20:37:49.248 [AY] INFO  [JTS-AuthTimeoutMonitorThread-CCP-28] - Starting auth timeout monitor thread for CCP
2025-08-16 20:37:49.248 [AY] INFO  [JTS-AuthDispatcherS3-27] - Starting dispatcher thread [sessionID=3]...
2025-08-16 20:37:49.251 [AY] INFO  [JTS-Login-21] - AuthDispatcher.NSConnectRequest: userSessionID=68a0ec1c.01d9, beeDemoType=NULL
2025-08-16 20:37:49.251 [AY] INFO  [JTS-Login-21] - ### onNsMsg loginMessageReq=1755376669251; brandNewUser=true
2025-08-16 20:37:49.251 [AY] INFO  [JTS-Login-21] - NSConnectRequest: sending CLIENT_USE_SSL=0x80000
2025-08-16 20:37:49.306 [AY] INFO  [JTS-AuthDispatcherS2-24] - Received NS_MISC_URLS
2025-08-16 20:37:49.309 [AY] INFO  [JTS-AuthDispatcherS2-24] - IBMiscUrl.miscUrlMessage()[sslRequired=true]
2025-08-16 20:37:49.312 [AY] INFO  [JTS-AuthDispatcherS2-24] - Misc URL: scope is blank - setting userScope to EXTERNAL
2025-08-16 20:37:49.313 [AY] INFO  [JTS-AuthDispatcherS2-24] - Misc URL: setting userScope to EXTERNAL
2025-08-16 20:37:49.317 [AY] INFO  [JTS-AuthDispatcherS2-24] - Disconnecting ndc1.ibllc.com:4000 [disconnectDetails=DisconnectDetails[sessionID=2,endPoint=ndc1.ibllc.com:4000,reason=DISCONNECT_BY_DESIGN,cause=null,systemMessage=null,keepSocketOpen=false]]...
2025-08-16 20:37:49.320 [AY] INFO  [JTS-AuthDispatcherS2-24] - Socket closed.
2025-08-16 20:37:49.320 [AY] INFO  [JTS-AuthDispatcherS2-24] - SocketTracker[name=name=MISC URLs(ndc1.ibllc.com:4000),usesCcpConMan=false,lastReadTimestamp=1755376669306,lastReadDateTime=2025-08-16T20:37:49.306,lastFixSendTime=].
2025-08-16 20:37:49.321 [AY] INFO  [JTS-AuthDispatcherS2-24] - Interrupting dispatcher [sessionID=2]...
2025-08-16 20:37:49.321 [AY] INFO  [JTS-AuthDispatcherS2-24] - Interrupting listener [sessionID=2,disconnectSocket=true]...
2025-08-16 20:37:49.321 [AY] INFO  [JTS-MISC URLsListenerS2-23] - Socket or stream for connection ndc1.ibllc.com:4000 was closed by another thread.
2025-08-16 20:37:49.323 [AY] INFO  [JTS-MISC URLsListenerS2-23] - Listener thread terminating [sessionID=2] [seen=1159,totalShifted=1159,moreAvailable=0]
2025-08-16 20:37:49.324 [AY] INFO  [JTS-AuthDispatcherS2-24] - Dispatcher thread terminating [sessionID=2,interrupted=true]...
2025-08-16 20:37:49.325 [AY] INFO  [JTS-AuthResponseMonitor-25] - Terminating auth response monitor thread
2025-08-16 20:37:49.389 [AY] INFO  [AWT-EventQueue-0] - AdImageContainer: ad image is shown
2025-08-16 20:37:49.390 [AY] INFO  [AWT-EventQueue-0] - AdsManager: request image to put in cache
2025-08-16 20:37:49.390 [AY] INFO  [JTS-CachedThreadExecutor-7] - AdManager: IMAGE_SHOWN request https://api.ibkr.com/tws.proxy/info/show/ZGtnZm1vNTIzLWRUV1MtMzI4LTAtMTc1NTM3NjY2ODk5MA==
2025-08-16 20:37:49.407 [AY] INFO  [JTS-CachedThreadExecutor-31] - AdManager: NEXT_AD request https://api.ibkr.com/tws.proxy/info/next?platform=dTWS&size=1200x1000&lang=en&version=10371&build=latest
2025-08-16 20:37:49.408 [AY] INFO  [JTS-CachedThreadExecutor-31] - AdManager: sending request with header X-USERNAME
2025-08-16 20:37:49.417 [AY] ERROR [JTS-CachedThreadExecutor-7] - AdManager: IMAGE_SHOWN service 411
2025-08-16 20:37:49.572 [AY] INFO  [JTS-CachedThreadExecutor-31] - AdManager: NEXT_AD request is ok
2025-08-16 20:37:49.572 [AY] INFO  [JTS-CachedThreadExecutor-31] - AdManager: NEXT_AD receive raw response {"imagePath":"/info/image/328-0-1200x1000-en.jpg","expire":1767193200000,"id":"ZGtnZm1vNTIzLWRUV1MtMzI4LTAtMTc1NTM3NjY2OTUxNg==","target_alt":"https://www.interactivebrokers.com?adid=ZGtnZm1vNTIzLWRUV1MtMzI4LTAtMTc1NTM3NjY2OTUxNg==","target":"http://www.interactivebrokers.com/en/trading/ibkr-desktop.php?adid=ZGtnZm1vNTIzLWRUV1MtMzI4LTAtMTc1NTM3NjY2OTUxNg=="}
2025-08-16 20:37:49.573 [AY] INFO  [JTS-CachedThreadExecutor-31] - AdsManager: parsed json object: 
id: ZGtnZm1vNTIzLWRUV1MtMzI4LTAtMTc1NTM3NjY2OTUxNg==
expire: 1767193200000
imagePath: /info/image/328-0-1200x1000-en.jpg
target: http://www.interactivebrokers.com/en/trading/ibkr-desktop.php?adid=ZGtnZm1vNTIzLWRUV1MtMzI4LTAtMTc1NTM3NjY2OTUxNg==
target_alt: https://www.interactivebrokers.com?adid=ZGtnZm1vNTIzLWRUV1MtMzI4LTAtMTc1NTM3NjY2OTUxNg==

2025-08-16 20:37:49.573 [AY] INFO  [JTS-CachedThreadExecutor-31] - AdsManager: try to save image  in/home/chris_s_dodd/optcom-1/ibc-setup/tws/live-settings/fbnhdpkgodmcijdhnmebkikninekjeoddhapbcdb//328-0-1200x1000-en.jpg
2025-08-16 20:37:49.574 [AY] ERROR [JTS-CachedThreadExecutor-31] - Unable create ad locator: No such file or directory
2025-08-16 20:37:49.574 [AY] WARN  [JTS-CachedThreadExecutor-31] - Unable store ad locator: /home/chris_s_dodd/optcom-1/ibc-setup/tws/live-settings/fbnhdpkgodmcijdhnmebkikninekjeoddhapbcdb/ad.locator (No such file or directory)
2025-08-16 20:37:49.587 [AY] INFO  [JTS-CCPListenerS3-26] - Initial listener buffer size is 65536.
2025-08-16 20:37:49.587 [AY] INFO  [JTS-CCPListenerS3-26] - Listener thread [sessionID=3] is ready to process messages.
2025-08-16 20:37:49.587 [AY] INFO  [JTS-Login-21] - SPLASH Authenticating
2025-08-16 20:37:49.589 [AY] INFO  [JTS-Login-21] - Terminating launcher login thread
2025-08-16 20:37:49.634 [AY] WARN  [JTS-DeadlockMonitor-2] - instance of control is not created yet
2025-08-16 20:37:49.636 [AY] INFO  [JTS-DeadlockMonitor-2] - Memory:total=786,432KB free=743,656KB HeapUsage: Max=786,432KB used=42,588KB committed=78,848KB NonHeapUsage: Max=0KB used=79,590KB committed=81,600KB
2025-08-16 20:37:49.691 [AY] INFO  [JTS-AuthDispatcherS3-27] - SPLASH 0566 step 3 AuthDispatcher.processDataItr
2025-08-16 20:37:49.691 [AY] INFO  [JTS-AuthDispatcherS3-27] - set nsMsgVersion: context=AuthStart; version=50
2025-08-16 20:37:49.692 [AY] INFO  [JTS-AuthDispatcherS3-27] - Received NS_AUTH_START: 1
2025-08-16 20:37:49.695 [AY] INFO  [JTS-AuthDispatcherS3-27] - pwd time to expiry ms: 2346999731000 days: 27165
2025-08-16 20:37:49.695 [AY] INFO  [JTS-AuthDispatcherS3-27] - Long pwd allowed: true
2025-08-16 20:37:49.699 [AY] INFO  [JTS-AuthDispatcherS3-27] -  NS_AUTH_START version=50 pwd=1 soft=0 token(s)=[token=5, tokenSubtype=2, suffix=a[IB Key]] initialTokenType=PWD authenticationType=MARKET_DATA_CONNECTION identityHashcode=1161202189
2025-08-16 20:37:49.701 [AY] INFO  [JTS-AuthDispatcherS3-27] - ### onStartAuthentication
2025-08-16 20:37:49.701 [AY] INFO  [JTS-AuthDispatcherS3-27] - Starting password Authentication
2025-08-16 20:37:49.701 [AY] INFO  [JTS-AuthDispatcherS3-27] - ### onXyzAuthQuery
2025-08-16 20:37:49.701 [AY] INFO  [JTS-AuthDispatcherS3-27] - sendXYZMessage: 777
2025-08-16 20:37:49.702 [AY] INFO  [JTS-AuthDispatcherS3-27] - UserCredentials.setFrom() [this=763326862,other=763326862,old=68a0ec1c.01d9,new=68a0ec1c.01d9].
2025-08-16 20:37:49.803 [AY] INFO  [JTS-AuthDispatcherS3-27] - Receiver: 777
2025-08-16 20:37:49.804 [AY] ERROR [JTS-AuthDispatcherS3-27] - ERROR: Received twslaunch.jauthentication.M with userName NOT PRINTED in it - this is not expected
2025-08-16 20:37:49.804 [AY] INFO  [JTS-AuthDispatcherS3-27] - processXYZMessage: 777, protocol version: 50
2025-08-16 20:37:49.804 [AY] INFO  [JTS-AuthDispatcherS3-27] - Received AUTH_PARAMS
2025-08-16 20:37:49.804 [AY] INFO  [JTS-AuthDispatcherS3-27] - ### onXyzAuthParams
2025-08-16 20:37:49.805 [AY] INFO  [JTS-AuthDispatcherS3-27] - sendXYZMessage: 777
2025-08-16 20:37:49.907 [AY] INFO  [JTS-AuthDispatcherS3-27] - SPLASH 0217 step 3 AuthDispatcher.processDataItr
2025-08-16 20:37:49.907 [AY] INFO  [JTS-AuthDispatcherS3-27] - Receiver: 777
2025-08-16 20:37:49.908 [AY] ERROR [JTS-AuthDispatcherS3-27] - ERROR: Received twslaunch.jauthentication.M with userName NOT PRINTED in it - this is not expected
2025-08-16 20:37:49.908 [AY] INFO  [JTS-AuthDispatcherS3-27] - processXYZMessage: 777, protocol version: 50
2025-08-16 20:37:49.908 [AY] INFO  [JTS-AuthDispatcherS3-27] - Received SERVER_PARAMS
2025-08-16 20:37:49.913 [AY] INFO  [JTS-AuthDispatcherS3-27] - Session Token received in AuthenticationMessageXYZ=77435XXXXX.., messageId=SERVER_KEY (4)
2025-08-16 20:37:49.914 [AY] INFO  [JTS-AuthDispatcherS3-27] - sendXYZMessage: 777
2025-08-16 20:37:50.016 [AY] INFO  [JTS-AuthDispatcherS3-27] - Receiver: 777
2025-08-16 20:37:50.017 [AY] ERROR [JTS-AuthDispatcherS3-27] - ERROR: Received twslaunch.jauthentication.M with userName NOT PRINTED in it - this is not expected
2025-08-16 20:37:50.017 [AY] INFO  [JTS-AuthDispatcherS3-27] - processXYZMessage: 777, protocol version: 50
2025-08-16 20:37:50.017 [AY] INFO  [JTS-AuthDispatcherS3-27] - Received AUTH_RESULT
2025-08-16 20:37:50.017 [AY] INFO  [JTS-AuthDispatcherS3-27] - ### onXyzAuthServerProof
2025-08-16 20:37:50.017 [AY] INFO  [JTS-AuthDispatcherS3-27] - Passed pwd authentication.
2025-08-16 20:37:50.017 [AY] INFO  [JTS-AuthDispatcherS3-27] - ### onStartTokenAuth
2025-08-16 20:37:50.017 [AY] INFO  [JTS-AuthDispatcherS3-27] - SWCR tokenSubType=2a
2025-08-16 20:37:50.018 [AY] INFO  [JTS-AuthDispatcherS3-27] - sendXYZMessage: 775
2025-08-16 20:37:50.121 [AY] INFO  [JTS-AuthDispatcherS3-27] - SPLASH 0213 step 3 AuthDispatcher.processDataItr
2025-08-16 20:37:50.121 [AY] INFO  [JTS-AuthDispatcherS3-27] - Receiver: 775
2025-08-16 20:37:50.121 [AY] ERROR [JTS-AuthDispatcherS3-27] - ERROR: Received twslaunch.jauthentication.J with userName NOT PRINTED in it - this is not expected
2025-08-16 20:37:50.122 [AY] INFO  [JTS-AuthDispatcherS3-27] - dsaViaSms=true
2025-08-16 20:37:50.122 [AY] INFO  [JTS-AuthDispatcherS3-27] - processXYZMessage: 775, protocol version: 50
2025-08-16 20:37:50.122 [AY] INFO  [JTS-AuthDispatcherS3-27] - Received CHALLENGE
2025-08-16 20:37:50.122 [AY] INFO  [JTS-AuthDispatcherS3-27] - AuthTimeoutMonitor-CCP: pause
2025-08-16 20:37:50.663 [AY] INFO  [JTS-DeadlockMonitor-2] - CPU:cur=11.43% avg=11.43% 30 min avg=11.43% 10 min avg=11.43% 5 min avg=11.43% 1 min avg=11.43%
GC:called=11 times CPU used=0.74%
Finalizer:cur=0.00% avg=0.00% 30 min avg=0.00% 10 min avg=0.00% 5 min avg=0.00% 1 min avg=0.00%
Threads Count:curr live=33 curr daemon=20
2025-08-16 20:37:56.545 [AY] INFO  [JTS-AuthDispatcherS3-27] - SPLASH 6425 step 3 AuthDispatcher.processDataItr
2025-08-16 20:37:56.545 [AY] INFO  [JTS-AuthDispatcherS3-27] - Receiver: 771
2025-08-16 20:37:56.546 [AY] ERROR [JTS-AuthDispatcherS3-27] - ERROR: Received twslaunch.jauthentication.L with userName NOT PRINTED in it - this is not expected
2025-08-16 20:37:56.546 [AY] INFO  [JTS-AuthDispatcherS3-27] - processXYZMessage: 771, protocol version: 50
2025-08-16 20:37:56.546 [AY] INFO  [JTS-AuthDispatcherS3-27] - Received Finish by SDSA
2025-08-16 20:37:56.546 [AY] INFO  [JTS-AuthDispatcherS3-27] - Finished authentication.
2025-08-16 20:37:56.546 [AY] INFO  [JTS-AuthDispatcherS3-27] - AuthTimeoutMonitor-CCP: resume, idleTime=6424
2025-08-16 20:37:56.557 [AY] INFO  [JTS-AuthDispatcherS3-27] - Authentication completed.
2025-08-16 20:37:56.557 [AY] INFO  [JTS-AuthDispatcherS3-27] - ### onAuthenticationCompleted tokenProtocol=5; authenticated=true
2025-08-16 20:37:56.558 [AY] INFO  [JTS-AuthDispatcherS3-27] - setting session token in AuthenticationHandler: authenticationType=MARKET_DATA_CONNECTION hashCode=1161202189 new=XYZSessionToken[type=SOFT,token=77435XXXXX..] old=null ctciOld=null
2025-08-16 20:37:56.558 [AY] INFO  [JTS-AuthDispatcherS3-27] - ccp session token non-CTCI is set as XYZSessionToken[type=SOFT,token=77435XXXXX..] 
2025-08-16 20:37:56.558 [AY] INFO  [JTS-AuthDispatcherS3-27] - Received NS_CONNECT_RESPONSE
2025-08-16 20:37:56.560 [AY] INFO  [JTS-AuthDispatcherS3-27] - Received CCP connect features: [SIGNPPR, TST, ONELOGON].
2025-08-16 20:37:56.564 [AY] INFO  [JTS-AuthDispatcherS3-27] - Log encryption support is enabled [authType=MARKET_DATA_CONNECTION,logKeyId=aaa,logKey=***,logUploadKey=dbkwvogzwk].
2025-08-16 20:37:56.564 [AY] INFO  [JTS-AuthDispatcherS3-27] - CCP sent paperUser NOT PRINTED for prodUser NOT PRINTED
2025-08-16 20:37:56.564 [AY] INFO  [JTS-AuthDispatcherS3-27] - UserCredentials.setFrom() [this=763326862,other=763326862,old=68a0ec1c.01d9,new=68a0ec1c.01d9].
2025-08-16 20:37:56.568 [AY] INFO  [JTS-AuthDispatcherS3-27] - AuthDispatcher.newCommPort()[userDirname=fbnhdpkgodmcijdhnmebkikninekjeoddhapbcdb,restart=,authToken=null,ccpToken=XYZSessionToken[type=SOFT,token=77435XXXXX..]].
2025-08-16 20:37:56.569 [AY] INFO  [JTS-AuthDispatcherS3-27] - Daily auto-restart is not enabled.
2025-08-16 20:37:56.570 [AY] INFO  [JTS-AuthDispatcherS3-27] - Sending NSNewcommPort [tokenMask=2,tokens=XYZSessionToken[type=SOFT,token=77435XXXXX..]],shortTokenHashes=9e929373]...
2025-08-16 20:37:56.674 [AY] INFO  [JTS-AuthDispatcherS3-27] - Received NS_FIX_START
2025-08-16 20:37:56.674 [AY] INFO  [JTS-AuthDispatcherS3-27] - ### onNsFixStart
2025-08-16 20:37:56.675 [AY] INFO  [JTS-PostAuthenticateS3-36] - Interrupting dispatcher [sessionID=3]...
2025-08-16 20:37:56.676 [AY] INFO  [JTS-AuthDispatcherS3-27] - Dispatcher thread terminating [sessionID=3,interrupted=true]...
2025-08-16 20:37:56.678 [AY] INFO  [JTS-PostAuthenticateS3-36] - AuthTimeoutMonitor-CCP: deactivate
2025-08-16 20:37:56.678 [AY] INFO  [JTS-PostAuthenticateS3-36] - Authentication complete
2025-08-16 20:37:56.678 [AY] INFO  [JTS-PostAuthenticateS3-36] - Creating a FixLogonHandlerFactory instance...
2025-08-16 20:37:56.679 [AY] INFO  [JTS-AuthTimeoutMonitorThread-CCP-28] - Terminating auth timeout monitor thread for CCP
2025-08-16 20:37:56.680 [AY] INFO  [JTS-PostAuthenticateS3-36] - Instance created.
2025-08-16 20:37:56.689 [AY] INFO  [AWT-EventQueue-0] - initPreUI() - entry
2025-08-16 20:37:56.693 [AY] INFO  [AWT-EventQueue-0] - jtsLookAndFeel uninitialized
2025-08-16 20:37:56.693 [AY] INFO  [AWT-EventQueue-0] - JtsLookAndFeel initialized
2025-08-16 20:37:56.695 [AY] INFO  [JTS-PostAuthenticateS3-36] - JDOMFactory Class =interface org.jdom.JDOMFactory
2025-08-16 20:37:56.700 [AY] INFO  [AWT-EventQueue-0] - Current LAF: TWS LAF
2025-08-16 20:37:56.700 [AY] INFO  [AWT-EventQueue-0] - initPreUI() - exit
2025-08-16 20:37:56.703 [AY] INFO  [JTS-PostAuthenticateS3-36] - hsqldb jdbc =class org.hsqldb.jdbcDriver 2.4
2025-08-16 20:37:56.708 [AY] INFO  [JTS-PostAuthenticateS3-36] - Changing state for connection from PRELOGON to PRELOGON in B 785643949: SessionSocket:3
2025-08-16 20:37:56.709 [AY] INFO  [JTS-PostAuthenticateS3-36] - createOrRenameToNewStyleUserDirectory: create newDir=/home/chris_s_dodd/optcom-1/ibc-setup/tws/live-settings/fbnhdpkgodmcijdhnmebkikninekjeoddhapbcdb
2025-08-16 20:37:56.711 [AY] INFO  [JTS-PostAuthenticateS3-36] - performLogSwitch() [force=false]
2025-08-16 20:37:56.720 [AY] INFO  [JTS-PostAuthenticateS3-36] - Switching to a new encrypted log...
