Parsing arguments

================================================================================

Starting IBC version  on 2025-08-16 at 19:57:12

Operating system: Linux opt-trade-vm4.europe-west4-a.c.crafty-water-453519-d7.internal 6.14.0-1012-gcp #12~24.04.1-Ubuntu SMP Wed Jul 16 22:36:08 UTC 2025 x86_64 x86_64 x86_64 GNU/Linux

Arguments:

TWS version = 1039
Program = Gateway
Entry point = ibcalpha.ibc.IbcGateway
--tws-path = /home/chris_s_dodd/optcom-1/ibc-setup/tws
--tws-settings-path = /home/chris_s_dodd/optcom-1/ibc-setup/tws
--ibc-path = /home/chris_s_dodd/optcom-1/ibc-setup/ibc
--ibc-ini = /home/chris_s_dodd/optcom-1/ibc-setup/config/config.ini
--mode = paper
--java-path = 
--user =
--pw =
--fix-user =
--fix-pw =

=================================
Generating the classpath
Classpath=/home/chris_s_dodd/optcom-1/ibc-setup/tws/1039/jars/i4jruntime.jar:/home/chris_s_dodd/optcom-1/ibc-setup/tws/1039/jars/launcher0.jar:/home/chris_s_dodd/optcom-1/ibc-setup/tws/1039/jars/launcher2bfa42ba.jar:/home/chris_s_dodd/optcom-1/ibc-setup/tws/1039/jars/launcher3257f6f9.jar:/home/chris_s_dodd/optcom-1/ibc-setup/tws/1039/jars/launcher5cbd629.jar:/home/chris_s_dodd/optcom-1/ibc-setup/tws/1039/jars/user.jar:/home/chris_s_dodd/optcom-1/ibc-setup/tws/1039/.install4j/i4jruntime.jar:/home/chris_s_dodd/optcom-1/ibc-setup/ibc/IBC.jar

Generating the JAVA VM options
Java VM Options=-Xmx768m -XX:+UseG1GC -XX:MaxGCPauseMillis=200 -XX:ParallelGCThreads=20 -XX:ConcGCThreads=5 -XX:InitiatingHeapOccupancyPercent=70 -Dtwslaunch.autoupdate.serviceImpl=com.ib.tws.twslaunch.install4j.Install4jAutoUpdateService -Dchannel=latest -Dexe4j.isInstall4j=true -Dinstall4jType=standalone -DjtsConfigDir=/home/chris_s_dodd/optcom-1/ibc-setup/tws -Dibcsessionid=CcSS8Ra7
Finding autorestart file
autorestart file not found: full authentication will be required


Determining the location of java executable
Location of java executable=/home/chris_s_dodd/.local/share/i4j_jres/Oda-jK0QgTEmVssfllLP/17.0.10.0.101-zulu_64/bin

Renaming IB's TWS or Gateway start script to prevent restart without IBC

Starting Gateway with this command:
"/home/chris_s_dodd/.local/share/i4j_jres/Oda-jK0QgTEmVssfllLP/17.0.10.0.101-zulu_64/bin/java" --add-opens=java.base/java.util=ALL-UNNAMED --add-opens=java.base/java.util.concurrent=ALL-UNNAMED --add-exports=java.base/sun.util=ALL-UNNAMED --add-exports=java.desktop/com.sun.java.swing.plaf.motif=ALL-UNNAMED --add-opens=java.desktop/java.awt=ALL-UNNAMED --add-opens=java.desktop/java.awt.dnd=ALL-UNNAMED --add-opens=java.desktop/javax.swing=ALL-UNNAMED --add-opens=java.desktop/javax.swing.event=ALL-UNNAMED --add-opens=java.desktop/javax.swing.plaf.basic=ALL-UNNAMED --add-opens=java.desktop/javax.swing.table=ALL-UNNAMED --add-opens=java.desktop/sun.awt=ALL-UNNAMED --add-exports=java.desktop/sun.awt.X11=ALL-UNNAMED --add-exports=java.desktop/sun.swing=ALL-UNNAMED --add-opens=javafx.graphics/com.sun.javafx.application=ALL-UNNAMED --add-exports=javafx.media/com.sun.media.jfxmedia=ALL-UNNAMED --add-exports=javafx.media/com.sun.media.jfxmedia.events=ALL-UNNAMED --add-exports=javafx.media/com.sun.media.jfxmedia.locator=ALL-UNNAMED --add-exports=javafx.media/com.sun.media.jfxmediaimpl=ALL-UNNAMED --add-exports=javafx.web/com.sun.javafx.webkit=ALL-UNNAMED --add-opens=jdk.management/com.sun.management.internal=ALL-UNNAMED -cp "/home/chris_s_dodd/optcom-1/ibc-setup/tws/1039/jars/i4jruntime.jar:/home/chris_s_dodd/optcom-1/ibc-setup/tws/1039/jars/launcher0.jar:/home/chris_s_dodd/optcom-1/ibc-setup/tws/1039/jars/launcher2bfa42ba.jar:/home/chris_s_dodd/optcom-1/ibc-setup/tws/1039/jars/launcher3257f6f9.jar:/home/chris_s_dodd/optcom-1/ibc-setup/tws/1039/jars/launcher5cbd629.jar:/home/chris_s_dodd/optcom-1/ibc-setup/tws/1039/jars/user.jar:/home/chris_s_dodd/optcom-1/ibc-setup/tws/1039/.install4j/i4jruntime.jar:/home/chris_s_dodd/optcom-1/ibc-setup/ibc/IBC.jar" -Xmx768m -XX:+UseG1GC -XX:MaxGCPauseMillis=200 -XX:ParallelGCThreads=20 -XX:ConcGCThreads=5 -XX:InitiatingHeapOccupancyPercent=70 -Dtwslaunch.autoupdate.serviceImpl=com.ib.tws.twslaunch.install4j.Install4jAutoUpdateService -Dchannel=latest -Dexe4j.isInstall4j=true -Dinstall4jType=standalone -DjtsConfigDir=/home/chris_s_dodd/optcom-1/ibc-setup/tws -Dibcsessionid=CcSS8Ra7 ibcalpha.ibc.IbcGateway "/home/chris_s_dodd/optcom-1/ibc-setup/config/config.ini"  paper

IBC Settings:
    AcceptBidAskLastSizeDisplayUpdateNotification=defer
    AcceptIncomingConnectionAction=accept
    AcceptNonBrokerageAccountWarning=yes
    AllowBlindTrading=no
    AutoLogoffTime=
    AutoRestartTime=
    BindAddress=
    BypassBondWarning=
    BypassCalledBondWarning=
    BypassNegativeYieldToWorstConfirmation=
    BypassNoOverfillProtectionPrecaution=
    BypassOrderPrecautions=
    BypassPriceBasedVolatilityRiskWarning=
    BypassRedirectOrderWarning=
    BypassSameActionPairTradeWarning=
    BypassUSStocksMarketDataInSharesWarning=
    ClosedownAt=
    ColdRestartTime=07:05
    CommandPrompt=
    CommandServerPort=0
    ConfirmCryptoCurrencyOrders=manual
    ConfirmOrderIdReset=ignore/ignore
    ControlFrom=
    DismissNSEComplianceNotice=yes
    DismissPasswordExpiryWarning=no
    ExistingSessionDetectedAction=primary
    ExitAfterSecondFactorAuthenticationTimeout=no
    FIX=no
    IbLoginId=***
    IbPassword=***
    IncludeStackTraceForExceptions=no
    LogStructureScope=known
    LogStructureWhen=never
    LoginDialogDisplayTimeout=60
    MinimizeMainWindow=no
    OverrideTwsApiPort=
    OverrideTwsMasterClientID=
    ReadOnlyApi=no
    ReadOnlyLogin=no
    ReloginAfterSecondFactorAuthenticationTimeout=no
    ResetOrderIdsAtStart=no
    SaveTwsSettingsAt=
    SecondFactorAuthenticationExitInterval=60
    SecondFactorAuthenticationTimeout=180
    SecondFactorDevice=
    SendMarketDataInLotsForUSstocks=
    StoreSettingsOnServer=no
    SuppressInfoMessages=yes
    TradingMode=paper
    TrustedTwsApiClientIPs=
End IBC Settings

2025-08-16 19:57:13:321 IBC: version: 3.23.0
System Properties
------------------------------------------------------------
java.specification.version = 17
sun.jnu.encoding = UTF-8
channel = latest
java.class.path = /home/chris_s_dodd/optcom-1/ibc-setup/tws/1039/jars/i4jruntime.jar:/home/chris_s_dodd/optcom-1/ibc-setup/tws/1039/jars/launcher0.jar:/home/chris_s_dodd/optcom-1/ibc-setup/tws/1039/jars/launcher2bfa42ba.jar:/home/chris_s_dodd/optcom-1/ibc-setup/tws/1039/jars/launcher3257f6f9.jar:/home/chris_s_dodd/optcom-1/ibc-setup/tws/1039/jars/launcher5cbd629.jar:/home/chris_s_dodd/optcom-1/ibc-setup/tws/1039/jars/user.jar:/home/chris_s_dodd/optcom-1/ibc-setup/tws/1039/.install4j/i4jruntime.jar:/home/chris_s_dodd/optcom-1/ibc-setup/ibc/IBC.jar
java.vm.vendor = Azul Systems, Inc.
ibcsessionid = CcSS8Ra7
sun.arch.data.model = 64
java.vendor.url = http://www.azul.com/
user.timezone = Etc/UTC
java.vm.specification.version = 17
os.name = Linux
sun.java.launcher = SUN_STANDARD
sun.boot.library.path = /home/chris_s_dodd/.local/share/i4j_jres/Oda-jK0QgTEmVssfllLP/17.0.10.0.101-zulu_64/lib
sun.java.command = ibcalpha.ibc.IbcGateway /home/chris_s_dodd/optcom-1/ibc-setup/config/config.ini paper
jdk.debug = release
sun.cpu.endian = little
user.home = /home/chris_s_dodd
user.language = en
java.specification.vendor = Oracle Corporation
java.version.date = 2024-04-16
java.home = /home/chris_s_dodd/.local/share/i4j_jres/Oda-jK0QgTEmVssfllLP/17.0.10.0.101-zulu_64
jtsConfigDir = /home/chris_s_dodd/optcom-1/ibc-setup/tws
file.separator = /
java.vm.compressedOopsMode = 32-bit
line.separator = 

java.vm.specification.vendor = Oracle Corporation
twslaunch.autoupdate.serviceImpl = com.ib.tws.twslaunch.install4j.Install4jAutoUpdateService
java.specification.name = Java Platform API Specification
install4jType = standalone
sun.management.compiler = HotSpot 64-Bit Tiered Compilers
exe4j.isInstall4j = true
java.runtime.version = 17.0.10.0.101+3-LTS
user.name = chris_s_dodd
path.separator = :
os.version = 6.14.0-1012-gcp
java.runtime.name = OpenJDK Runtime Environment
file.encoding = UTF-8
java.vm.name = OpenJDK 64-Bit Server VM
java.vendor.version = Zulu17.49+16-SA
java.vendor.url.bug = http://www.azul.com/support/
java.io.tmpdir = /tmp
java.version = 17.0.10.0.101
user.dir = /home/chris_s_dodd/optcom-1/ibc-setup/tws
os.arch = amd64
java.vm.specification.name = Java Virtual Machine Specification
native.encoding = UTF-8
java.library.path = /usr/java/packages/lib:/usr/lib64:/lib64:/lib:/usr/lib
java.vm.info = mixed mode
java.vendor = Azul Systems, Inc.
java.vm.version = 17.0.10.0.101+3-LTS
sun.io.unicode.encoding = UnicodeLittle
java.class.version = 61.0
------------------------------------------------------------
2025-08-16 19:57:13:327 IBC: using default settings provider: ini file is /home/chris_s_dodd/optcom-1/ibc-setup/config/config.ini
2025-08-16 19:57:13:327 IBC: using default login manager: will get username and password from settings; FIX username and password (if required) from settings
2025-08-16 19:57:13:327 IBC: using default main window manager
2025-08-16 19:57:13:327 IBC: using default trading mode manager: constructor parameter args: tradingMode=paper
2025-08-16 19:57:13:328 IBC: using default config dialog manager
2025-08-16 19:57:13:336 IBC: CommandServer is not started because the port is not configured
2025-08-16 19:57:13:427 IBC: Gateway will be cold restarted at 2025/08/17 07:05
2025-08-16 19:57:13:570 IBC: TWS Settings directory is: /home/chris_s_dodd/optcom-1/ibc-setup/tws
2025-08-16 19:57:13:570 IBC: Starting session: will exit if login dialog is not displayed within 60 seconds
2025-08-16 19:57:13:586 IBC: Ensuring /home/chris_s_dodd/optcom-1/ibc-setup/tws/jts.ini contains required minimal lines
2025-08-16 19:57:13:587 IBC: Found setting: [Logon]/s3store=true
2025-08-16 19:57:13:587 IBC: Found setting: [Logon]/Locale=en
2025-08-16 19:57:13:587 IBC: Found setting: [Logon]/displayedproxymsg=1
2025-08-16 19:57:13:587 IBC: Found setting: [Logon]/UseSSL=true
2025-08-16 19:57:13:587 IBC: Found setting: [IBGateway]/ApiOnly=true
2025-08-16 19:57:13:587 IBC: Found setting: [IBGateway]/TrustedIPs=127.0.0.1,127.0.0.1: updating value to 127.0.0.1
2025-08-16 19:57:13:588 IBC: Some settings updated in /home/chris_s_dodd/optcom-1/ibc-setup/tws/jts.ini
2025-08-16 19:57:13:589 IBC: Rewriting existing /home/chris_s_dodd/optcom-1/ibc-setup/tws/jts.ini
2025-08-16 19:57:13:589 IBC:     jts.ini: [IBGateway]
2025-08-16 19:57:13:589 IBC:     jts.ini: WriteDebug=false
2025-08-16 19:57:13:589 IBC:     jts.ini: TrustedIPs=127.0.0.1
2025-08-16 19:57:13:590 IBC:     jts.ini: RemoteHostOrderRouting=ndc1.ibllc.com
2025-08-16 19:57:13:590 IBC:     jts.ini: RemotePortOrderRouting=4001
2025-08-16 19:57:13:590 IBC:     jts.ini: ApiOnly=true
2025-08-16 19:57:13:590 IBC:     jts.ini: LocalServerPort=4000
2025-08-16 19:57:13:590 IBC:     jts.ini: 
2025-08-16 19:57:13:590 IBC:     jts.ini: [Logon]
2025-08-16 19:57:13:590 IBC:     jts.ini: Locale=en
2025-08-16 19:57:13:591 IBC:     jts.ini: s3store=true
2025-08-16 19:57:13:591 IBC:     jts.ini: tradingMode=p
2025-08-16 19:57:13:591 IBC:     jts.ini: TimeZone=Africa/Abidjan
2025-08-16 19:57:13:591 IBC:     jts.ini: displayedproxymsg=1
2025-08-16 19:57:13:591 IBC:     jts.ini: UseSSL=true
2025-08-16 19:57:13:591 IBC:     jts.ini: 
2025-08-16 19:57:13:592 IBC:     jts.ini: [Communication]
2025-08-16 19:57:13:592 IBC:     jts.ini: 
2025-08-16 19:57:13:605 IBC: Starting Gateway
2025-08-16 19:57:13:606 IBC: Exiting with exit code=1107
IBC returned exit status 83
Finding autorestart file
autorestart file not found: full authentication will be required

Gateway finished

Parsing arguments

================================================================================

Starting IBC version  on 2025-08-16 at 20:13:30

Operating system: Linux opt-trade-vm4.europe-west4-a.c.crafty-water-453519-d7.internal 6.14.0-1012-gcp #12~24.04.1-Ubuntu SMP Wed Jul 16 22:36:08 UTC 2025 x86_64 x86_64 x86_64 GNU/Linux

Arguments:

TWS version = 1037
Program = Gateway
Entry point = ibcalpha.ibc.IbcGateway
--tws-path = /home/chris_s_dodd/optcom-1/ibc-setup/tws
--tws-settings-path = /home/chris_s_dodd/optcom-1/ibc-setup/tws
--ibc-path = /home/chris_s_dodd/optcom-1/ibc-setup/ibc
--ibc-ini = /home/chris_s_dodd/optcom-1/ibc-setup/config/config.ini
--mode = paper
--java-path = 
--user =
--pw =
--fix-user =
--fix-pw =


=========================== An error has occurred =============================



Error: Offline TWS/Gateway version 1037 is not installed: can't find jars folder
       Make sure you install the offline version of TWS/Gateway
       IBC does not work with the auto-updating TWS/Gateway
Parsing arguments

================================================================================

Starting IBC version  on 2025-08-16 at 20:15:10

Operating system: Linux opt-trade-vm4.europe-west4-a.c.crafty-water-453519-d7.internal 6.14.0-1012-gcp #12~24.04.1-Ubuntu SMP Wed Jul 16 22:36:08 UTC 2025 x86_64 x86_64 x86_64 GNU/Linux

Arguments:

TWS version = 1037
Program = Gateway
Entry point = ibcalpha.ibc.IbcGateway
--tws-path = /home/chris_s_dodd/optcom-1/ibc-setup/tws
--tws-settings-path = /home/chris_s_dodd/optcom-1/ibc-setup/tws
--ibc-path = /home/chris_s_dodd/optcom-1/ibc-setup/ibc
--ibc-ini = /home/chris_s_dodd/optcom-1/ibc-setup/config/config.ini
--mode = paper
--java-path = 
--user =
--pw =
--fix-user =
--fix-pw =


=========================== An error has occurred =============================



Error: Neither tws.vmoptions nor ibgateway.vmoptions could be found
Parsing arguments

================================================================================

Starting IBC version  on 2025-08-16 at 20:16:04

Operating system: Linux opt-trade-vm4.europe-west4-a.c.crafty-water-453519-d7.internal 6.14.0-1012-gcp #12~24.04.1-Ubuntu SMP Wed Jul 16 22:36:08 UTC 2025 x86_64 x86_64 x86_64 GNU/Linux

Arguments:

TWS version = 1037
Program = Gateway
Entry point = ibcalpha.ibc.IbcGateway
--tws-path = /home/chris_s_dodd/optcom-1/ibc-setup/tws
--tws-settings-path = /home/chris_s_dodd/optcom-1/ibc-setup/tws
--ibc-path = /home/chris_s_dodd/optcom-1/ibc-setup/ibc
--ibc-ini = /home/chris_s_dodd/optcom-1/ibc-setup/config/config.ini
--mode = paper
--java-path = 
--user =
--pw =
--fix-user =
--fix-pw =

=================================
Generating the classpath
Classpath=/home/chris_s_dodd/optcom-1/ibc-setup/tws/1037/jars/batik-all-1.16.jar:/home/chris_s_dodd/optcom-1/ibc-setup/tws/1037/jars/commons-io-2.11.0.jar:/home/chris_s_dodd/optcom-1/ibc-setup/tws/1037/jars/core-3.5.3.jar:/home/chris_s_dodd/optcom-1/ibc-setup/tws/1037/jars/fop-2.8.jar:/home/chris_s_dodd/optcom-1/ibc-setup/tws/1037/jars/jackson-annotations-2.12.3.jar:/home/chris_s_dodd/optcom-1/ibc-setup/tws/1037/jars/jackson-core-2.12.3.jar:/home/chris_s_dodd/optcom-1/ibc-setup/tws/1037/jars/jackson-databind-2.12.3.jar:/home/chris_s_dodd/optcom-1/ibc-setup/tws/1037/jars/jts4launch-1037.jar:/home/chris_s_dodd/optcom-1/ibc-setup/tws/1037/jars/jxbrowser-7.41.3.jar:/home/chris_s_dodd/optcom-1/ibc-setup/tws/1037/jars/jxbrowser-linux64-7.41.3.jar:/home/chris_s_dodd/optcom-1/ibc-setup/tws/1037/jars/jxbrowser-swing-7.41.3.jar:/home/chris_s_dodd/optcom-1/ibc-setup/tws/1037/jars/locales.jar:/home/chris_s_dodd/optcom-1/ibc-setup/tws/1037/jars/log4j-api-2.17.1.jar:/home/chris_s_dodd/optcom-1/ibc-setup/tws/1037/jars/log4j-core-2.17.1.jar:/home/chris_s_dodd/optcom-1/ibc-setup/tws/1037/jars/protobuf-java-3.25.6.jar:/home/chris_s_dodd/optcom-1/ibc-setup/tws/1037/jars/total-2024.jar:/home/chris_s_dodd/optcom-1/ibc-setup/tws/1037/jars/twslaunch-1037.jar:/home/chris_s_dodd/optcom-1/ibc-setup/tws/1037/jars/twslaunch-install4j-1.12.jar:/home/chris_s_dodd/optcom-1/ibc-setup/tws/1037/jars/xmlgraphics-commons-2.8.jar:/home/chris_s_dodd/optcom-1/ibc-setup/tws/1037/.install4j/i4jruntime.jar:/home/chris_s_dodd/optcom-1/ibc-setup/ibc/IBC.jar

Generating the JAVA VM options
Java VM Options=-Xmx768m -XX:+UseG1GC -XX:MaxGCPauseMillis=200 -XX:ParallelGCThreads=20 -XX:ConcGCThreads=5 -XX:InitiatingHeapOccupancyPercent=70 -Dtwslaunch.autoupdate.serviceImpl=com.ib.tws.twslaunch.install4j.Install4jAutoUpdateService -Dchannel=latest -Dexe4j.isInstall4j=true -Dinstall4jType=standalone -DjtsConfigDir=/home/chris_s_dodd/optcom-1/ibc-setup/tws -Dibcsessionid=jdUTacCJ
Finding autorestart file
autorestart file not found: full authentication will be required


Determining the location of java executable
Found java executable in PATH

=========================== An error has occurred =============================



Error: No java executable found in supplied path /usr/bin/java
Parsing arguments

================================================================================

Starting IBC version  on 2025-08-16 at 20:17:17

Operating system: Linux opt-trade-vm4.europe-west4-a.c.crafty-water-453519-d7.internal 6.14.0-1012-gcp #12~24.04.1-Ubuntu SMP Wed Jul 16 22:36:08 UTC 2025 x86_64 x86_64 x86_64 GNU/Linux

Arguments:

TWS version = 1037
Program = Gateway
Entry point = ibcalpha.ibc.IbcGateway
--tws-path = /home/chris_s_dodd/optcom-1/ibc-setup/tws
--tws-settings-path = /home/chris_s_dodd/optcom-1/ibc-setup/tws
--ibc-path = /home/chris_s_dodd/optcom-1/ibc-setup/ibc
--ibc-ini = /home/chris_s_dodd/optcom-1/ibc-setup/config/config.ini
--mode = paper
--java-path = 
--user =
--pw =
--fix-user =
--fix-pw =

=================================
Generating the classpath
Classpath=/home/chris_s_dodd/optcom-1/ibc-setup/tws/1037/jars/batik-all-1.16.jar:/home/chris_s_dodd/optcom-1/ibc-setup/tws/1037/jars/commons-io-2.11.0.jar:/home/chris_s_dodd/optcom-1/ibc-setup/tws/1037/jars/core-3.5.3.jar:/home/chris_s_dodd/optcom-1/ibc-setup/tws/1037/jars/fop-2.8.jar:/home/chris_s_dodd/optcom-1/ibc-setup/tws/1037/jars/jackson-annotations-2.12.3.jar:/home/chris_s_dodd/optcom-1/ibc-setup/tws/1037/jars/jackson-core-2.12.3.jar:/home/chris_s_dodd/optcom-1/ibc-setup/tws/1037/jars/jackson-databind-2.12.3.jar:/home/chris_s_dodd/optcom-1/ibc-setup/tws/1037/jars/jts4launch-1037.jar:/home/chris_s_dodd/optcom-1/ibc-setup/tws/1037/jars/jxbrowser-7.41.3.jar:/home/chris_s_dodd/optcom-1/ibc-setup/tws/1037/jars/jxbrowser-linux64-7.41.3.jar:/home/chris_s_dodd/optcom-1/ibc-setup/tws/1037/jars/jxbrowser-swing-7.41.3.jar:/home/chris_s_dodd/optcom-1/ibc-setup/tws/1037/jars/locales.jar:/home/chris_s_dodd/optcom-1/ibc-setup/tws/1037/jars/log4j-api-2.17.1.jar:/home/chris_s_dodd/optcom-1/ibc-setup/tws/1037/jars/log4j-core-2.17.1.jar:/home/chris_s_dodd/optcom-1/ibc-setup/tws/1037/jars/protobuf-java-3.25.6.jar:/home/chris_s_dodd/optcom-1/ibc-setup/tws/1037/jars/total-2024.jar:/home/chris_s_dodd/optcom-1/ibc-setup/tws/1037/jars/twslaunch-1037.jar:/home/chris_s_dodd/optcom-1/ibc-setup/tws/1037/jars/twslaunch-install4j-1.12.jar:/home/chris_s_dodd/optcom-1/ibc-setup/tws/1037/jars/xmlgraphics-commons-2.8.jar:/home/chris_s_dodd/optcom-1/ibc-setup/tws/1037/.install4j/i4jruntime.jar:/home/chris_s_dodd/optcom-1/ibc-setup/ibc/IBC.jar

Generating the JAVA VM options
Java VM Options=-Xmx768m -XX:+UseG1GC -XX:MaxGCPauseMillis=200 -XX:ParallelGCThreads=20 -XX:ConcGCThreads=5 -XX:InitiatingHeapOccupancyPercent=70 -Dtwslaunch.autoupdate.serviceImpl=com.ib.tws.twslaunch.install4j.Install4jAutoUpdateService -Dchannel=latest -Dexe4j.isInstall4j=true -Dinstall4jType=standalone -DjtsConfigDir=/home/chris_s_dodd/optcom-1/ibc-setup/tws -Dibcsessionid=thzYpDtp
Finding autorestart file
autorestart file not found: full authentication will be required


Determining the location of java executable
Found java executable in PATH

=========================== An error has occurred =============================



Error: No java executable found in supplied path /usr/bin/java
Parsing arguments

================================================================================

Starting IBC version  on 2025-08-16 at 20:18:39

Operating system: Linux opt-trade-vm4.europe-west4-a.c.crafty-water-453519-d7.internal 6.14.0-1012-gcp #12~24.04.1-Ubuntu SMP Wed Jul 16 22:36:08 UTC 2025 x86_64 x86_64 x86_64 GNU/Linux

Arguments:

TWS version = 1037
Program = Gateway
Entry point = ibcalpha.ibc.IbcGateway
--tws-path = /home/chris_s_dodd/optcom-1/ibc-setup/tws
--tws-settings-path = /home/chris_s_dodd/optcom-1/ibc-setup/tws
--ibc-path = /home/chris_s_dodd/optcom-1/ibc-setup/ibc
--ibc-ini = /home/chris_s_dodd/optcom-1/ibc-setup/config/config.ini
--mode = paper
--java-path = /home/chris_s_dodd/.local/share/i4j_jres/Oda-jK0QgTEmVssfllLP/17.0.10.0.101-zulu_64/bin/java
--user =
--pw =
--fix-user =
--fix-pw =


=========================== An error has occurred =============================



Error: Java installaton at /home/chris_s_dodd/.local/share/i4j_jres/Oda-jK0QgTEmVssfllLP/17.0.10.0.101-zulu_64/bin/java/java does not exist
Parsing arguments

================================================================================

Starting IBC version  on 2025-08-16 at 20:19:10

Operating system: Linux opt-trade-vm4.europe-west4-a.c.crafty-water-453519-d7.internal 6.14.0-1012-gcp #12~24.04.1-Ubuntu SMP Wed Jul 16 22:36:08 UTC 2025 x86_64 x86_64 x86_64 GNU/Linux

Arguments:

TWS version = 1037
Program = Gateway
Entry point = ibcalpha.ibc.IbcGateway
--tws-path = /home/chris_s_dodd/optcom-1/ibc-setup/tws
--tws-settings-path = /home/chris_s_dodd/optcom-1/ibc-setup/tws
--ibc-path = /home/chris_s_dodd/optcom-1/ibc-setup/ibc
--ibc-ini = /home/chris_s_dodd/optcom-1/ibc-setup/config/config.ini
--mode = paper
--java-path = /home/chris_s_dodd/.local/share/i4j_jres/Oda-jK0QgTEmVssfllLP/17.0.10.0.101-zulu_64/bin
--user =
--pw =
--fix-user =
--fix-pw =

=================================
Generating the classpath
Classpath=/home/chris_s_dodd/optcom-1/ibc-setup/tws/1037/jars/batik-all-1.16.jar:/home/chris_s_dodd/optcom-1/ibc-setup/tws/1037/jars/commons-io-2.11.0.jar:/home/chris_s_dodd/optcom-1/ibc-setup/tws/1037/jars/core-3.5.3.jar:/home/chris_s_dodd/optcom-1/ibc-setup/tws/1037/jars/fop-2.8.jar:/home/chris_s_dodd/optcom-1/ibc-setup/tws/1037/jars/jackson-annotations-2.12.3.jar:/home/chris_s_dodd/optcom-1/ibc-setup/tws/1037/jars/jackson-core-2.12.3.jar:/home/chris_s_dodd/optcom-1/ibc-setup/tws/1037/jars/jackson-databind-2.12.3.jar:/home/chris_s_dodd/optcom-1/ibc-setup/tws/1037/jars/jts4launch-1037.jar:/home/chris_s_dodd/optcom-1/ibc-setup/tws/1037/jars/jxbrowser-7.41.3.jar:/home/chris_s_dodd/optcom-1/ibc-setup/tws/1037/jars/jxbrowser-linux64-7.41.3.jar:/home/chris_s_dodd/optcom-1/ibc-setup/tws/1037/jars/jxbrowser-swing-7.41.3.jar:/home/chris_s_dodd/optcom-1/ibc-setup/tws/1037/jars/locales.jar:/home/chris_s_dodd/optcom-1/ibc-setup/tws/1037/jars/log4j-api-2.17.1.jar:/home/chris_s_dodd/optcom-1/ibc-setup/tws/1037/jars/log4j-core-2.17.1.jar:/home/chris_s_dodd/optcom-1/ibc-setup/tws/1037/jars/protobuf-java-3.25.6.jar:/home/chris_s_dodd/optcom-1/ibc-setup/tws/1037/jars/total-2024.jar:/home/chris_s_dodd/optcom-1/ibc-setup/tws/1037/jars/twslaunch-1037.jar:/home/chris_s_dodd/optcom-1/ibc-setup/tws/1037/jars/twslaunch-install4j-1.12.jar:/home/chris_s_dodd/optcom-1/ibc-setup/tws/1037/jars/xmlgraphics-commons-2.8.jar:/home/chris_s_dodd/optcom-1/ibc-setup/tws/1037/.install4j/i4jruntime.jar:/home/chris_s_dodd/optcom-1/ibc-setup/ibc/IBC.jar

Generating the JAVA VM options
Java VM Options=-Xmx768m -XX:+UseG1GC -XX:MaxGCPauseMillis=200 -XX:ParallelGCThreads=20 -XX:ConcGCThreads=5 -XX:InitiatingHeapOccupancyPercent=70 -Dtwslaunch.autoupdate.serviceImpl=com.ib.tws.twslaunch.install4j.Install4jAutoUpdateService -Dchannel=latest -Dexe4j.isInstall4j=true -Dinstall4jType=standalone -DjtsConfigDir=/home/chris_s_dodd/optcom-1/ibc-setup/tws -Dibcsessionid=4zLTgf46
Finding autorestart file
autorestart file not found: full authentication will be required


Determining the location of java executable
Location of java executable=/home/chris_s_dodd/.local/share/i4j_jres/Oda-jK0QgTEmVssfllLP/17.0.10.0.101-zulu_64/bin

Renaming IB's TWS or Gateway start script to prevent restart without IBC

Starting Gateway with this command:
"/home/chris_s_dodd/.local/share/i4j_jres/Oda-jK0QgTEmVssfllLP/17.0.10.0.101-zulu_64/bin/java" --add-opens=java.base/java.util=ALL-UNNAMED --add-opens=java.base/java.util.concurrent=ALL-UNNAMED --add-exports=java.base/sun.util=ALL-UNNAMED --add-exports=java.desktop/com.sun.java.swing.plaf.motif=ALL-UNNAMED --add-opens=java.desktop/java.awt=ALL-UNNAMED --add-opens=java.desktop/java.awt.dnd=ALL-UNNAMED --add-opens=java.desktop/javax.swing=ALL-UNNAMED --add-opens=java.desktop/javax.swing.event=ALL-UNNAMED --add-opens=java.desktop/javax.swing.plaf.basic=ALL-UNNAMED --add-opens=java.desktop/javax.swing.table=ALL-UNNAMED --add-opens=java.desktop/sun.awt=ALL-UNNAMED --add-exports=java.desktop/sun.awt.X11=ALL-UNNAMED --add-exports=java.desktop/sun.swing=ALL-UNNAMED --add-opens=javafx.graphics/com.sun.javafx.application=ALL-UNNAMED --add-exports=javafx.media/com.sun.media.jfxmedia=ALL-UNNAMED --add-exports=javafx.media/com.sun.media.jfxmedia.events=ALL-UNNAMED --add-exports=javafx.media/com.sun.media.jfxmedia.locator=ALL-UNNAMED --add-exports=javafx.media/com.sun.media.jfxmediaimpl=ALL-UNNAMED --add-exports=javafx.web/com.sun.javafx.webkit=ALL-UNNAMED --add-opens=jdk.management/com.sun.management.internal=ALL-UNNAMED -cp "/home/chris_s_dodd/optcom-1/ibc-setup/tws/1037/jars/batik-all-1.16.jar:/home/chris_s_dodd/optcom-1/ibc-setup/tws/1037/jars/commons-io-2.11.0.jar:/home/chris_s_dodd/optcom-1/ibc-setup/tws/1037/jars/core-3.5.3.jar:/home/chris_s_dodd/optcom-1/ibc-setup/tws/1037/jars/fop-2.8.jar:/home/chris_s_dodd/optcom-1/ibc-setup/tws/1037/jars/jackson-annotations-2.12.3.jar:/home/chris_s_dodd/optcom-1/ibc-setup/tws/1037/jars/jackson-core-2.12.3.jar:/home/chris_s_dodd/optcom-1/ibc-setup/tws/1037/jars/jackson-databind-2.12.3.jar:/home/chris_s_dodd/optcom-1/ibc-setup/tws/1037/jars/jts4launch-1037.jar:/home/chris_s_dodd/optcom-1/ibc-setup/tws/1037/jars/jxbrowser-7.41.3.jar:/home/chris_s_dodd/optcom-1/ibc-setup/tws/1037/jars/jxbrowser-linux64-7.41.3.jar:/home/chris_s_dodd/optcom-1/ibc-setup/tws/1037/jars/jxbrowser-swing-7.41.3.jar:/home/chris_s_dodd/optcom-1/ibc-setup/tws/1037/jars/locales.jar:/home/chris_s_dodd/optcom-1/ibc-setup/tws/1037/jars/log4j-api-2.17.1.jar:/home/chris_s_dodd/optcom-1/ibc-setup/tws/1037/jars/log4j-core-2.17.1.jar:/home/chris_s_dodd/optcom-1/ibc-setup/tws/1037/jars/protobuf-java-3.25.6.jar:/home/chris_s_dodd/optcom-1/ibc-setup/tws/1037/jars/total-2024.jar:/home/chris_s_dodd/optcom-1/ibc-setup/tws/1037/jars/twslaunch-1037.jar:/home/chris_s_dodd/optcom-1/ibc-setup/tws/1037/jars/twslaunch-install4j-1.12.jar:/home/chris_s_dodd/optcom-1/ibc-setup/tws/1037/jars/xmlgraphics-commons-2.8.jar:/home/chris_s_dodd/optcom-1/ibc-setup/tws/1037/.install4j/i4jruntime.jar:/home/chris_s_dodd/optcom-1/ibc-setup/ibc/IBC.jar" -Xmx768m -XX:+UseG1GC -XX:MaxGCPauseMillis=200 -XX:ParallelGCThreads=20 -XX:ConcGCThreads=5 -XX:InitiatingHeapOccupancyPercent=70 -Dtwslaunch.autoupdate.serviceImpl=com.ib.tws.twslaunch.install4j.Install4jAutoUpdateService -Dchannel=latest -Dexe4j.isInstall4j=true -Dinstall4jType=standalone -DjtsConfigDir=/home/chris_s_dodd/optcom-1/ibc-setup/tws -Dibcsessionid=4zLTgf46 ibcalpha.ibc.IbcGateway "/home/chris_s_dodd/optcom-1/ibc-setup/config/config.ini"  paper

IBC Settings:
    AcceptBidAskLastSizeDisplayUpdateNotification=defer
    AcceptIncomingConnectionAction=accept
    AcceptNonBrokerageAccountWarning=yes
    AllowBlindTrading=no
    AutoLogoffTime=
    AutoRestartTime=
    BindAddress=
    BypassBondWarning=
    BypassCalledBondWarning=
    BypassNegativeYieldToWorstConfirmation=
    BypassNoOverfillProtectionPrecaution=
    BypassOrderPrecautions=
    BypassPriceBasedVolatilityRiskWarning=
    BypassRedirectOrderWarning=
    BypassSameActionPairTradeWarning=
    BypassUSStocksMarketDataInSharesWarning=
    ClosedownAt=
    ColdRestartTime=07:05
    CommandPrompt=
    CommandServerPort=0
    ConfirmCryptoCurrencyOrders=manual
    ConfirmOrderIdReset=ignore/ignore
    ControlFrom=
    DismissNSEComplianceNotice=yes
    DismissPasswordExpiryWarning=no
    ExistingSessionDetectedAction=primary
    ExitAfterSecondFactorAuthenticationTimeout=no
    FIX=no
    IbLoginId=***
    IbPassword=***
    IncludeStackTraceForExceptions=no
    LogStructureScope=known
    LogStructureWhen=never
    LoginDialogDisplayTimeout=60
    MinimizeMainWindow=no
    OverrideTwsApiPort=
    OverrideTwsMasterClientID=
    ReadOnlyApi=no
    ReadOnlyLogin=no
    ReloginAfterSecondFactorAuthenticationTimeout=no
    ResetOrderIdsAtStart=no
    SaveTwsSettingsAt=
    SecondFactorAuthenticationExitInterval=60
    SecondFactorAuthenticationTimeout=180
    SecondFactorDevice=
    SendMarketDataInLotsForUSstocks=
    StoreSettingsOnServer=no
    SuppressInfoMessages=yes
    TradingMode=paper
    TrustedTwsApiClientIPs=
End IBC Settings

2025-08-16 20:19:11:356 IBC: version: 3.23.0
System Properties
------------------------------------------------------------
java.specification.version = 17
sun.jnu.encoding = UTF-8
channel = latest
java.class.path = /home/chris_s_dodd/optcom-1/ibc-setup/tws/1037/jars/batik-all-1.16.jar:/home/chris_s_dodd/optcom-1/ibc-setup/tws/1037/jars/commons-io-2.11.0.jar:/home/chris_s_dodd/optcom-1/ibc-setup/tws/1037/jars/core-3.5.3.jar:/home/chris_s_dodd/optcom-1/ibc-setup/tws/1037/jars/fop-2.8.jar:/home/chris_s_dodd/optcom-1/ibc-setup/tws/1037/jars/jackson-annotations-2.12.3.jar:/home/chris_s_dodd/optcom-1/ibc-setup/tws/1037/jars/jackson-core-2.12.3.jar:/home/chris_s_dodd/optcom-1/ibc-setup/tws/1037/jars/jackson-databind-2.12.3.jar:/home/chris_s_dodd/optcom-1/ibc-setup/tws/1037/jars/jts4launch-1037.jar:/home/chris_s_dodd/optcom-1/ibc-setup/tws/1037/jars/jxbrowser-7.41.3.jar:/home/chris_s_dodd/optcom-1/ibc-setup/tws/1037/jars/jxbrowser-linux64-7.41.3.jar:/home/chris_s_dodd/optcom-1/ibc-setup/tws/1037/jars/jxbrowser-swing-7.41.3.jar:/home/chris_s_dodd/optcom-1/ibc-setup/tws/1037/jars/locales.jar:/home/chris_s_dodd/optcom-1/ibc-setup/tws/1037/jars/log4j-api-2.17.1.jar:/home/chris_s_dodd/optcom-1/ibc-setup/tws/1037/jars/log4j-core-2.17.1.jar:/home/chris_s_dodd/optcom-1/ibc-setup/tws/1037/jars/protobuf-java-3.25.6.jar:/home/chris_s_dodd/optcom-1/ibc-setup/tws/1037/jars/total-2024.jar:/home/chris_s_dodd/optcom-1/ibc-setup/tws/1037/jars/twslaunch-1037.jar:/home/chris_s_dodd/optcom-1/ibc-setup/tws/1037/jars/twslaunch-install4j-1.12.jar:/home/chris_s_dodd/optcom-1/ibc-setup/tws/1037/jars/xmlgraphics-commons-2.8.jar:/home/chris_s_dodd/optcom-1/ibc-setup/tws/1037/.install4j/i4jruntime.jar:/home/chris_s_dodd/optcom-1/ibc-setup/ibc/IBC.jar
java.vm.vendor = Azul Systems, Inc.
ibcsessionid = 4zLTgf46
sun.arch.data.model = 64
java.vendor.url = http://www.azul.com/
user.timezone = Etc/UTC
java.vm.specification.version = 17
os.name = Linux
sun.java.launcher = SUN_STANDARD
sun.boot.library.path = /home/chris_s_dodd/.local/share/i4j_jres/Oda-jK0QgTEmVssfllLP/17.0.10.0.101-zulu_64/lib
sun.java.command = ibcalpha.ibc.IbcGateway /home/chris_s_dodd/optcom-1/ibc-setup/config/config.ini paper
jdk.debug = release
sun.cpu.endian = little
user.home = /home/chris_s_dodd
user.language = en
java.specification.vendor = Oracle Corporation
java.version.date = 2024-04-16
java.home = /home/chris_s_dodd/.local/share/i4j_jres/Oda-jK0QgTEmVssfllLP/17.0.10.0.101-zulu_64
jtsConfigDir = /home/chris_s_dodd/optcom-1/ibc-setup/tws
file.separator = /
java.vm.compressedOopsMode = 32-bit
line.separator = 

java.vm.specification.vendor = Oracle Corporation
twslaunch.autoupdate.serviceImpl = com.ib.tws.twslaunch.install4j.Install4jAutoUpdateService
java.specification.name = Java Platform API Specification
install4jType = standalone
sun.management.compiler = HotSpot 64-Bit Tiered Compilers
exe4j.isInstall4j = true
java.runtime.version = 17.0.10.0.101+3-LTS
user.name = chris_s_dodd
path.separator = :
os.version = 6.14.0-1012-gcp
java.runtime.name = OpenJDK Runtime Environment
file.encoding = UTF-8
java.vm.name = OpenJDK 64-Bit Server VM
java.vendor.version = Zulu17.49+16-SA
java.vendor.url.bug = http://www.azul.com/support/
java.io.tmpdir = /tmp
java.version = 17.0.10.0.101
user.dir = /home/chris_s_dodd/optcom-1/ibc-setup/tws
os.arch = amd64
java.vm.specification.name = Java Virtual Machine Specification
native.encoding = UTF-8
java.library.path = /usr/java/packages/lib:/usr/lib64:/lib64:/lib:/usr/lib
java.vm.info = mixed mode
java.vendor = Azul Systems, Inc.
java.vm.version = 17.0.10.0.101+3-LTS
sun.io.unicode.encoding = UnicodeLittle
java.class.version = 61.0
------------------------------------------------------------
2025-08-16 20:19:11:365 IBC: using default settings provider: ini file is /home/chris_s_dodd/optcom-1/ibc-setup/config/config.ini
2025-08-16 20:19:11:365 IBC: using default login manager: will get username and password from settings; FIX username and password (if required) from settings
2025-08-16 20:19:11:365 IBC: using default main window manager
2025-08-16 20:19:11:366 IBC: using default trading mode manager: constructor parameter args: tradingMode=paper
2025-08-16 20:19:11:367 IBC: using default config dialog manager
2025-08-16 20:19:11:377 IBC: CommandServer is not started because the port is not configured
2025-08-16 20:19:11:479 IBC: Gateway will be cold restarted at 2025/08/17 07:05
2025-08-16 20:19:11:703 IBC: TWS Settings directory is: /home/chris_s_dodd/optcom-1/ibc-setup/tws
2025-08-16 20:19:11:703 IBC: Starting session: will exit if login dialog is not displayed within 60 seconds
2025-08-16 20:19:11:705 IBC: Creating minimal /home/chris_s_dodd/optcom-1/ibc-setup/tws/jts.ini
2025-08-16 20:19:11:706 IBC:     jts.ini: [Logon]
2025-08-16 20:19:11:706 IBC:     jts.ini: s3store=true
2025-08-16 20:19:11:706 IBC:     jts.ini: Locale=en
2025-08-16 20:19:11:706 IBC:     jts.ini: displayedproxymsg=1
2025-08-16 20:19:11:706 IBC:     jts.ini: UseSSL=true
2025-08-16 20:19:11:707 IBC:     jts.ini: [IBGateway]
2025-08-16 20:19:11:707 IBC:     jts.ini: ApiOnly=true
2025-08-16 20:19:11:707 IBC: Starting Gateway
2025-08-16 20:19:12:502 IBC: Exiting with exit code=1107
IBC returned exit status 83
Finding autorestart file
autorestart file not found: full authentication will be required

Gateway finished

Parsing arguments

================================================================================

Starting IBC version  on 2025-08-16 at 20:21:32

Operating system: Linux opt-trade-vm4.europe-west4-a.c.crafty-water-453519-d7.internal 6.14.0-1012-gcp #12~24.04.1-Ubuntu SMP Wed Jul 16 22:36:08 UTC 2025 x86_64 x86_64 x86_64 GNU/Linux

Arguments:

TWS version = 1037
Program = Gateway
Entry point = ibcalpha.ibc.IbcGateway
--tws-path = /home/chris_s_dodd/optcom-1/ibc-setup/tws
--tws-settings-path = /home/chris_s_dodd/optcom-1/ibc-setup/tws
--ibc-path = /home/chris_s_dodd/optcom-1/ibc-setup/ibc
--ibc-ini = /home/chris_s_dodd/optcom-1/ibc-setup/config/config.ini
--mode = paper
--java-path = /home/chris_s_dodd/.local/share/i4j_jres/Oda-jK0QgTEmVssfllLP/17.0.10.0.101-zulu_64/bin
--user =
--pw =
--fix-user =
--fix-pw =

=================================
Generating the classpath
Classpath=/home/chris_s_dodd/optcom-1/ibc-setup/tws/1037/jars/batik-all-1.16.jar:/home/chris_s_dodd/optcom-1/ibc-setup/tws/1037/jars/commons-io-2.11.0.jar:/home/chris_s_dodd/optcom-1/ibc-setup/tws/1037/jars/core-3.5.3.jar:/home/chris_s_dodd/optcom-1/ibc-setup/tws/1037/jars/fop-2.8.jar:/home/chris_s_dodd/optcom-1/ibc-setup/tws/1037/jars/jackson-annotations-2.12.3.jar:/home/chris_s_dodd/optcom-1/ibc-setup/tws/1037/jars/jackson-core-2.12.3.jar:/home/chris_s_dodd/optcom-1/ibc-setup/tws/1037/jars/jackson-databind-2.12.3.jar:/home/chris_s_dodd/optcom-1/ibc-setup/tws/1037/jars/jts4launch-1037.jar:/home/chris_s_dodd/optcom-1/ibc-setup/tws/1037/jars/jxbrowser-7.41.3.jar:/home/chris_s_dodd/optcom-1/ibc-setup/tws/1037/jars/jxbrowser-linux64-7.41.3.jar:/home/chris_s_dodd/optcom-1/ibc-setup/tws/1037/jars/jxbrowser-swing-7.41.3.jar:/home/chris_s_dodd/optcom-1/ibc-setup/tws/1037/jars/locales.jar:/home/chris_s_dodd/optcom-1/ibc-setup/tws/1037/jars/log4j-api-2.17.1.jar:/home/chris_s_dodd/optcom-1/ibc-setup/tws/1037/jars/log4j-core-2.17.1.jar:/home/chris_s_dodd/optcom-1/ibc-setup/tws/1037/jars/protobuf-java-3.25.6.jar:/home/chris_s_dodd/optcom-1/ibc-setup/tws/1037/jars/total-2024.jar:/home/chris_s_dodd/optcom-1/ibc-setup/tws/1037/jars/twslaunch-1037.jar:/home/chris_s_dodd/optcom-1/ibc-setup/tws/1037/jars/twslaunch-install4j-1.12.jar:/home/chris_s_dodd/optcom-1/ibc-setup/tws/1037/jars/xmlgraphics-commons-2.8.jar:/home/chris_s_dodd/optcom-1/ibc-setup/tws/1037/.install4j/i4jruntime.jar:/home/chris_s_dodd/optcom-1/ibc-setup/ibc/IBC.jar

Generating the JAVA VM options
Java VM Options=-Xmx768m -XX:+UseG1GC -XX:MaxGCPauseMillis=200 -XX:ParallelGCThreads=20 -XX:ConcGCThreads=5 -XX:InitiatingHeapOccupancyPercent=70 -Dtwslaunch.autoupdate.serviceImpl=com.ib.tws.twslaunch.install4j.Install4jAutoUpdateService -Dchannel=latest -Dexe4j.isInstall4j=true -Dinstall4jType=standalone -DjtsConfigDir=/home/chris_s_dodd/optcom-1/ibc-setup/tws -Dibcsessionid=5WNw0Tli
Finding autorestart file
autorestart file not found: full authentication will be required


Determining the location of java executable
Location of java executable=/home/chris_s_dodd/.local/share/i4j_jres/Oda-jK0QgTEmVssfllLP/17.0.10.0.101-zulu_64/bin

Renaming IB's TWS or Gateway start script to prevent restart without IBC

Starting Gateway with this command:
"/home/chris_s_dodd/.local/share/i4j_jres/Oda-jK0QgTEmVssfllLP/17.0.10.0.101-zulu_64/bin/java" --add-opens=java.base/java.util=ALL-UNNAMED --add-opens=java.base/java.util.concurrent=ALL-UNNAMED --add-exports=java.base/sun.util=ALL-UNNAMED --add-exports=java.desktop/com.sun.java.swing.plaf.motif=ALL-UNNAMED --add-opens=java.desktop/java.awt=ALL-UNNAMED --add-opens=java.desktop/java.awt.dnd=ALL-UNNAMED --add-opens=java.desktop/javax.swing=ALL-UNNAMED --add-opens=java.desktop/javax.swing.event=ALL-UNNAMED --add-opens=java.desktop/javax.swing.plaf.basic=ALL-UNNAMED --add-opens=java.desktop/javax.swing.table=ALL-UNNAMED --add-opens=java.desktop/sun.awt=ALL-UNNAMED --add-exports=java.desktop/sun.awt.X11=ALL-UNNAMED --add-exports=java.desktop/sun.swing=ALL-UNNAMED --add-opens=javafx.graphics/com.sun.javafx.application=ALL-UNNAMED --add-exports=javafx.media/com.sun.media.jfxmedia=ALL-UNNAMED --add-exports=javafx.media/com.sun.media.jfxmedia.events=ALL-UNNAMED --add-exports=javafx.media/com.sun.media.jfxmedia.locator=ALL-UNNAMED --add-exports=javafx.media/com.sun.media.jfxmediaimpl=ALL-UNNAMED --add-exports=javafx.web/com.sun.javafx.webkit=ALL-UNNAMED --add-opens=jdk.management/com.sun.management.internal=ALL-UNNAMED -cp "/home/chris_s_dodd/optcom-1/ibc-setup/tws/1037/jars/batik-all-1.16.jar:/home/chris_s_dodd/optcom-1/ibc-setup/tws/1037/jars/commons-io-2.11.0.jar:/home/chris_s_dodd/optcom-1/ibc-setup/tws/1037/jars/core-3.5.3.jar:/home/chris_s_dodd/optcom-1/ibc-setup/tws/1037/jars/fop-2.8.jar:/home/chris_s_dodd/optcom-1/ibc-setup/tws/1037/jars/jackson-annotations-2.12.3.jar:/home/chris_s_dodd/optcom-1/ibc-setup/tws/1037/jars/jackson-core-2.12.3.jar:/home/chris_s_dodd/optcom-1/ibc-setup/tws/1037/jars/jackson-databind-2.12.3.jar:/home/chris_s_dodd/optcom-1/ibc-setup/tws/1037/jars/jts4launch-1037.jar:/home/chris_s_dodd/optcom-1/ibc-setup/tws/1037/jars/jxbrowser-7.41.3.jar:/home/chris_s_dodd/optcom-1/ibc-setup/tws/1037/jars/jxbrowser-linux64-7.41.3.jar:/home/chris_s_dodd/optcom-1/ibc-setup/tws/1037/jars/jxbrowser-swing-7.41.3.jar:/home/chris_s_dodd/optcom-1/ibc-setup/tws/1037/jars/locales.jar:/home/chris_s_dodd/optcom-1/ibc-setup/tws/1037/jars/log4j-api-2.17.1.jar:/home/chris_s_dodd/optcom-1/ibc-setup/tws/1037/jars/log4j-core-2.17.1.jar:/home/chris_s_dodd/optcom-1/ibc-setup/tws/1037/jars/protobuf-java-3.25.6.jar:/home/chris_s_dodd/optcom-1/ibc-setup/tws/1037/jars/total-2024.jar:/home/chris_s_dodd/optcom-1/ibc-setup/tws/1037/jars/twslaunch-1037.jar:/home/chris_s_dodd/optcom-1/ibc-setup/tws/1037/jars/twslaunch-install4j-1.12.jar:/home/chris_s_dodd/optcom-1/ibc-setup/tws/1037/jars/xmlgraphics-commons-2.8.jar:/home/chris_s_dodd/optcom-1/ibc-setup/tws/1037/.install4j/i4jruntime.jar:/home/chris_s_dodd/optcom-1/ibc-setup/ibc/IBC.jar" -Xmx768m -XX:+UseG1GC -XX:MaxGCPauseMillis=200 -XX:ParallelGCThreads=20 -XX:ConcGCThreads=5 -XX:InitiatingHeapOccupancyPercent=70 -Dtwslaunch.autoupdate.serviceImpl=com.ib.tws.twslaunch.install4j.Install4jAutoUpdateService -Dchannel=latest -Dexe4j.isInstall4j=true -Dinstall4jType=standalone -DjtsConfigDir=/home/chris_s_dodd/optcom-1/ibc-setup/tws -Dibcsessionid=5WNw0Tli ibcalpha.ibc.IbcGateway "/home/chris_s_dodd/optcom-1/ibc-setup/config/config.ini"  paper

IBC Settings:
    AcceptBidAskLastSizeDisplayUpdateNotification=defer
    AcceptIncomingConnectionAction=accept
    AcceptNonBrokerageAccountWarning=yes
    AllowBlindTrading=no
    AutoLogoffTime=
    AutoRestartTime=
    BindAddress=
    BypassBondWarning=
    BypassCalledBondWarning=
    BypassNegativeYieldToWorstConfirmation=
    BypassNoOverfillProtectionPrecaution=
    BypassOrderPrecautions=
    BypassPriceBasedVolatilityRiskWarning=
    BypassRedirectOrderWarning=
    BypassSameActionPairTradeWarning=
    BypassUSStocksMarketDataInSharesWarning=
    ClosedownAt=
    ColdRestartTime=07:05
    CommandPrompt=
    CommandServerPort=0
    ConfirmCryptoCurrencyOrders=manual
    ConfirmOrderIdReset=ignore/ignore
    ControlFrom=
    DismissNSEComplianceNotice=yes
    DismissPasswordExpiryWarning=no
    ExistingSessionDetectedAction=primary
    ExitAfterSecondFactorAuthenticationTimeout=no
    FIX=no
    IbLoginId=***
    IbPassword=***
    IncludeStackTraceForExceptions=no
    LogStructureScope=known
    LogStructureWhen=never
    LoginDialogDisplayTimeout=60
    MinimizeMainWindow=no
    OverrideTwsApiPort=
    OverrideTwsMasterClientID=
    ReadOnlyApi=no
    ReadOnlyLogin=no
    ReloginAfterSecondFactorAuthenticationTimeout=no
    ResetOrderIdsAtStart=no
    SaveTwsSettingsAt=
    SecondFactorAuthenticationExitInterval=60
    SecondFactorAuthenticationTimeout=180
    SecondFactorDevice=
    SendMarketDataInLotsForUSstocks=
    StoreSettingsOnServer=no
    SuppressInfoMessages=yes
    TradingMode=paper
    TrustedTwsApiClientIPs=
End IBC Settings

2025-08-16 20:21:33:322 IBC: version: 3.23.0
System Properties
------------------------------------------------------------
java.specification.version = 17
sun.jnu.encoding = UTF-8
channel = latest
java.class.path = /home/chris_s_dodd/optcom-1/ibc-setup/tws/1037/jars/batik-all-1.16.jar:/home/chris_s_dodd/optcom-1/ibc-setup/tws/1037/jars/commons-io-2.11.0.jar:/home/chris_s_dodd/optcom-1/ibc-setup/tws/1037/jars/core-3.5.3.jar:/home/chris_s_dodd/optcom-1/ibc-setup/tws/1037/jars/fop-2.8.jar:/home/chris_s_dodd/optcom-1/ibc-setup/tws/1037/jars/jackson-annotations-2.12.3.jar:/home/chris_s_dodd/optcom-1/ibc-setup/tws/1037/jars/jackson-core-2.12.3.jar:/home/chris_s_dodd/optcom-1/ibc-setup/tws/1037/jars/jackson-databind-2.12.3.jar:/home/chris_s_dodd/optcom-1/ibc-setup/tws/1037/jars/jts4launch-1037.jar:/home/chris_s_dodd/optcom-1/ibc-setup/tws/1037/jars/jxbrowser-7.41.3.jar:/home/chris_s_dodd/optcom-1/ibc-setup/tws/1037/jars/jxbrowser-linux64-7.41.3.jar:/home/chris_s_dodd/optcom-1/ibc-setup/tws/1037/jars/jxbrowser-swing-7.41.3.jar:/home/chris_s_dodd/optcom-1/ibc-setup/tws/1037/jars/locales.jar:/home/chris_s_dodd/optcom-1/ibc-setup/tws/1037/jars/log4j-api-2.17.1.jar:/home/chris_s_dodd/optcom-1/ibc-setup/tws/1037/jars/log4j-core-2.17.1.jar:/home/chris_s_dodd/optcom-1/ibc-setup/tws/1037/jars/protobuf-java-3.25.6.jar:/home/chris_s_dodd/optcom-1/ibc-setup/tws/1037/jars/total-2024.jar:/home/chris_s_dodd/optcom-1/ibc-setup/tws/1037/jars/twslaunch-1037.jar:/home/chris_s_dodd/optcom-1/ibc-setup/tws/1037/jars/twslaunch-install4j-1.12.jar:/home/chris_s_dodd/optcom-1/ibc-setup/tws/1037/jars/xmlgraphics-commons-2.8.jar:/home/chris_s_dodd/optcom-1/ibc-setup/tws/1037/.install4j/i4jruntime.jar:/home/chris_s_dodd/optcom-1/ibc-setup/ibc/IBC.jar
java.vm.vendor = Azul Systems, Inc.
ibcsessionid = 5WNw0Tli
sun.arch.data.model = 64
java.vendor.url = http://www.azul.com/
user.timezone = Etc/UTC
java.vm.specification.version = 17
os.name = Linux
sun.java.launcher = SUN_STANDARD
sun.boot.library.path = /home/chris_s_dodd/.local/share/i4j_jres/Oda-jK0QgTEmVssfllLP/17.0.10.0.101-zulu_64/lib
sun.java.command = ibcalpha.ibc.IbcGateway /home/chris_s_dodd/optcom-1/ibc-setup/config/config.ini paper
jdk.debug = release
sun.cpu.endian = little
user.home = /home/chris_s_dodd
user.language = en
java.specification.vendor = Oracle Corporation
java.version.date = 2024-04-16
java.home = /home/chris_s_dodd/.local/share/i4j_jres/Oda-jK0QgTEmVssfllLP/17.0.10.0.101-zulu_64
jtsConfigDir = /home/chris_s_dodd/optcom-1/ibc-setup/tws
file.separator = /
java.vm.compressedOopsMode = 32-bit
line.separator = 

java.vm.specification.vendor = Oracle Corporation
twslaunch.autoupdate.serviceImpl = com.ib.tws.twslaunch.install4j.Install4jAutoUpdateService
java.specification.name = Java Platform API Specification
install4jType = standalone
sun.management.compiler = HotSpot 64-Bit Tiered Compilers
exe4j.isInstall4j = true
java.runtime.version = 17.0.10.0.101+3-LTS
user.name = chris_s_dodd
path.separator = :
os.version = 6.14.0-1012-gcp
java.runtime.name = OpenJDK Runtime Environment
file.encoding = UTF-8
java.vm.name = OpenJDK 64-Bit Server VM
java.vendor.version = Zulu17.49+16-SA
java.vendor.url.bug = http://www.azul.com/support/
java.io.tmpdir = /tmp
java.version = 17.0.10.0.101
user.dir = /home/chris_s_dodd/optcom-1/ibc-setup/tws
os.arch = amd64
java.vm.specification.name = Java Virtual Machine Specification
native.encoding = UTF-8
java.library.path = /usr/java/packages/lib:/usr/lib64:/lib64:/lib:/usr/lib
java.vm.info = mixed mode
java.vendor = Azul Systems, Inc.
java.vm.version = 17.0.10.0.101+3-LTS
sun.io.unicode.encoding = UnicodeLittle
java.class.version = 61.0
------------------------------------------------------------
2025-08-16 20:21:33:328 IBC: using default settings provider: ini file is /home/chris_s_dodd/optcom-1/ibc-setup/config/config.ini
2025-08-16 20:21:33:328 IBC: using default login manager: will get username and password from settings; FIX username and password (if required) from settings
2025-08-16 20:21:33:328 IBC: using default main window manager
2025-08-16 20:21:33:328 IBC: using default trading mode manager: constructor parameter args: tradingMode=paper
2025-08-16 20:21:33:330 IBC: using default config dialog manager
2025-08-16 20:21:33:334 IBC: CommandServer is not started because the port is not configured
2025-08-16 20:21:33:401 IBC: Gateway will be cold restarted at 2025/08/17 07:05
2025-08-16 20:21:33:515 IBC: TWS Settings directory is: /home/chris_s_dodd/optcom-1/ibc-setup/tws
2025-08-16 20:21:33:516 IBC: Starting session: will exit if login dialog is not displayed within 60 seconds
2025-08-16 20:21:33:523 IBC: Ensuring /home/chris_s_dodd/optcom-1/ibc-setup/tws/jts.ini contains required minimal lines
2025-08-16 20:21:33:524 IBC: Found setting: [Logon]/s3store=true
2025-08-16 20:21:33:524 IBC: Found setting: [Logon]/Locale=en
2025-08-16 20:21:33:524 IBC: Found setting: [Logon]/displayedproxymsg=1
2025-08-16 20:21:33:524 IBC: Found setting: [Logon]/UseSSL=true
2025-08-16 20:21:33:525 IBC: Found setting: [IBGateway]/ApiOnly=true
2025-08-16 20:21:33:525 IBC: Found setting: [IBGateway]/TrustedIPs=127.0.0.1
2025-08-16 20:21:33:525 IBC: Confirmed /home/chris_s_dodd/optcom-1/ibc-setup/tws/jts.ini contains required minimal lines
2025-08-16 20:21:33:525 IBC: Starting Gateway
2025-08-16 20:21:34:350 IBC: Exiting with exit code=1107
IBC returned exit status 83
Finding autorestart file
autorestart file not found: full authentication will be required

Gateway finished

Parsing arguments

================================================================================

Starting IBC version  on 2025-08-16 at 20:26:20

Operating system: Linux opt-trade-vm4.europe-west4-a.c.crafty-water-453519-d7.internal 6.14.0-1012-gcp #12~24.04.1-Ubuntu SMP Wed Jul 16 22:36:08 UTC 2025 x86_64 x86_64 x86_64 GNU/Linux

Arguments:

TWS version = 1037
Program = Gateway
Entry point = ibcalpha.ibc.IbcGateway
--tws-path = /home/chris_s_dodd/optcom-1/ibc-setup/tws
--tws-settings-path = /home/chris_s_dodd/optcom-1/ibc-setup/tws
--ibc-path = /home/chris_s_dodd/optcom-1/ibc-setup/ibc
--ibc-ini = /home/chris_s_dodd/optcom-1/ibc-setup/config/config.ini
--mode = paper
--java-path = /home/chris_s_dodd/.local/share/i4j_jres/Oda-jK0QgTEmVssfllLP/17.0.10.0.101-zulu_64/bin
--user =
--pw =
--fix-user =
--fix-pw =

=================================
Generating the classpath
Classpath=/home/chris_s_dodd/optcom-1/ibc-setup/tws/1037/jars/batik-all-1.16.jar:/home/chris_s_dodd/optcom-1/ibc-setup/tws/1037/jars/commons-io-2.11.0.jar:/home/chris_s_dodd/optcom-1/ibc-setup/tws/1037/jars/core-3.5.3.jar:/home/chris_s_dodd/optcom-1/ibc-setup/tws/1037/jars/fop-2.8.jar:/home/chris_s_dodd/optcom-1/ibc-setup/tws/1037/jars/jackson-annotations-2.12.3.jar:/home/chris_s_dodd/optcom-1/ibc-setup/tws/1037/jars/jackson-core-2.12.3.jar:/home/chris_s_dodd/optcom-1/ibc-setup/tws/1037/jars/jackson-databind-2.12.3.jar:/home/chris_s_dodd/optcom-1/ibc-setup/tws/1037/jars/jts4launch-1037.jar:/home/chris_s_dodd/optcom-1/ibc-setup/tws/1037/jars/jxbrowser-7.41.3.jar:/home/chris_s_dodd/optcom-1/ibc-setup/tws/1037/jars/jxbrowser-linux64-7.41.3.jar:/home/chris_s_dodd/optcom-1/ibc-setup/tws/1037/jars/jxbrowser-swing-7.41.3.jar:/home/chris_s_dodd/optcom-1/ibc-setup/tws/1037/jars/locales.jar:/home/chris_s_dodd/optcom-1/ibc-setup/tws/1037/jars/log4j-api-2.17.1.jar:/home/chris_s_dodd/optcom-1/ibc-setup/tws/1037/jars/log4j-core-2.17.1.jar:/home/chris_s_dodd/optcom-1/ibc-setup/tws/1037/jars/protobuf-java-3.25.6.jar:/home/chris_s_dodd/optcom-1/ibc-setup/tws/1037/jars/total-2024.jar:/home/chris_s_dodd/optcom-1/ibc-setup/tws/1037/jars/twslaunch-1037.jar:/home/chris_s_dodd/optcom-1/ibc-setup/tws/1037/jars/twslaunch-install4j-1.12.jar:/home/chris_s_dodd/optcom-1/ibc-setup/tws/1037/jars/xmlgraphics-commons-2.8.jar:/home/chris_s_dodd/optcom-1/ibc-setup/tws/1037/.install4j/i4jruntime.jar:/home/chris_s_dodd/optcom-1/ibc-setup/ibc/IBC.jar

Generating the JAVA VM options
Java VM Options=-Xmx768m -XX:+UseG1GC -XX:MaxGCPauseMillis=200 -XX:ParallelGCThreads=20 -XX:ConcGCThreads=5 -XX:InitiatingHeapOccupancyPercent=70 -Dtwslaunch.autoupdate.serviceImpl=com.ib.tws.twslaunch.install4j.Install4jAutoUpdateService -Dchannel=latest -Dexe4j.isInstall4j=true -Dinstall4jType=standalone -DjtsConfigDir=/home/chris_s_dodd/optcom-1/ibc-setup/tws -Dibcsessionid=RdxMfEvD
Finding autorestart file
autorestart file not found: full authentication will be required


Determining the location of java executable
Location of java executable=/home/chris_s_dodd/.local/share/i4j_jres/Oda-jK0QgTEmVssfllLP/17.0.10.0.101-zulu_64/bin

Renaming IB's TWS or Gateway start script to prevent restart without IBC

Starting Gateway with this command:
"/home/chris_s_dodd/.local/share/i4j_jres/Oda-jK0QgTEmVssfllLP/17.0.10.0.101-zulu_64/bin/java" --add-opens=java.base/java.util=ALL-UNNAMED --add-opens=java.base/java.util.concurrent=ALL-UNNAMED --add-exports=java.base/sun.util=ALL-UNNAMED --add-exports=java.desktop/com.sun.java.swing.plaf.motif=ALL-UNNAMED --add-opens=java.desktop/java.awt=ALL-UNNAMED --add-opens=java.desktop/java.awt.dnd=ALL-UNNAMED --add-opens=java.desktop/javax.swing=ALL-UNNAMED --add-opens=java.desktop/javax.swing.event=ALL-UNNAMED --add-opens=java.desktop/javax.swing.plaf.basic=ALL-UNNAMED --add-opens=java.desktop/javax.swing.table=ALL-UNNAMED --add-opens=java.desktop/sun.awt=ALL-UNNAMED --add-exports=java.desktop/sun.awt.X11=ALL-UNNAMED --add-exports=java.desktop/sun.swing=ALL-UNNAMED --add-opens=javafx.graphics/com.sun.javafx.application=ALL-UNNAMED --add-exports=javafx.media/com.sun.media.jfxmedia=ALL-UNNAMED --add-exports=javafx.media/com.sun.media.jfxmedia.events=ALL-UNNAMED --add-exports=javafx.media/com.sun.media.jfxmedia.locator=ALL-UNNAMED --add-exports=javafx.media/com.sun.media.jfxmediaimpl=ALL-UNNAMED --add-exports=javafx.web/com.sun.javafx.webkit=ALL-UNNAMED --add-opens=jdk.management/com.sun.management.internal=ALL-UNNAMED -cp "/home/chris_s_dodd/optcom-1/ibc-setup/tws/1037/jars/batik-all-1.16.jar:/home/chris_s_dodd/optcom-1/ibc-setup/tws/1037/jars/commons-io-2.11.0.jar:/home/chris_s_dodd/optcom-1/ibc-setup/tws/1037/jars/core-3.5.3.jar:/home/chris_s_dodd/optcom-1/ibc-setup/tws/1037/jars/fop-2.8.jar:/home/chris_s_dodd/optcom-1/ibc-setup/tws/1037/jars/jackson-annotations-2.12.3.jar:/home/chris_s_dodd/optcom-1/ibc-setup/tws/1037/jars/jackson-core-2.12.3.jar:/home/chris_s_dodd/optcom-1/ibc-setup/tws/1037/jars/jackson-databind-2.12.3.jar:/home/chris_s_dodd/optcom-1/ibc-setup/tws/1037/jars/jts4launch-1037.jar:/home/chris_s_dodd/optcom-1/ibc-setup/tws/1037/jars/jxbrowser-7.41.3.jar:/home/chris_s_dodd/optcom-1/ibc-setup/tws/1037/jars/jxbrowser-linux64-7.41.3.jar:/home/chris_s_dodd/optcom-1/ibc-setup/tws/1037/jars/jxbrowser-swing-7.41.3.jar:/home/chris_s_dodd/optcom-1/ibc-setup/tws/1037/jars/locales.jar:/home/chris_s_dodd/optcom-1/ibc-setup/tws/1037/jars/log4j-api-2.17.1.jar:/home/chris_s_dodd/optcom-1/ibc-setup/tws/1037/jars/log4j-core-2.17.1.jar:/home/chris_s_dodd/optcom-1/ibc-setup/tws/1037/jars/protobuf-java-3.25.6.jar:/home/chris_s_dodd/optcom-1/ibc-setup/tws/1037/jars/total-2024.jar:/home/chris_s_dodd/optcom-1/ibc-setup/tws/1037/jars/twslaunch-1037.jar:/home/chris_s_dodd/optcom-1/ibc-setup/tws/1037/jars/twslaunch-install4j-1.12.jar:/home/chris_s_dodd/optcom-1/ibc-setup/tws/1037/jars/xmlgraphics-commons-2.8.jar:/home/chris_s_dodd/optcom-1/ibc-setup/tws/1037/.install4j/i4jruntime.jar:/home/chris_s_dodd/optcom-1/ibc-setup/ibc/IBC.jar" -Xmx768m -XX:+UseG1GC -XX:MaxGCPauseMillis=200 -XX:ParallelGCThreads=20 -XX:ConcGCThreads=5 -XX:InitiatingHeapOccupancyPercent=70 -Dtwslaunch.autoupdate.serviceImpl=com.ib.tws.twslaunch.install4j.Install4jAutoUpdateService -Dchannel=latest -Dexe4j.isInstall4j=true -Dinstall4jType=standalone -DjtsConfigDir=/home/chris_s_dodd/optcom-1/ibc-setup/tws -Dibcsessionid=RdxMfEvD ibcalpha.ibc.IbcGateway "/home/chris_s_dodd/optcom-1/ibc-setup/config/config.ini"  paper

IBC Settings:
    AcceptBidAskLastSizeDisplayUpdateNotification=defer
    AcceptIncomingConnectionAction=accept
    AcceptNonBrokerageAccountWarning=yes
    AllowBlindTrading=no
    AutoLogoffTime=
    AutoRestartTime=
    BindAddress=
    BypassBondWarning=
    BypassCalledBondWarning=
    BypassNegativeYieldToWorstConfirmation=
    BypassNoOverfillProtectionPrecaution=
    BypassOrderPrecautions=
    BypassPriceBasedVolatilityRiskWarning=
    BypassRedirectOrderWarning=
    BypassSameActionPairTradeWarning=
    BypassUSStocksMarketDataInSharesWarning=
    ClosedownAt=
    ColdRestartTime=07:05
    CommandPrompt=
    CommandServerPort=0
    ConfirmCryptoCurrencyOrders=manual
    ConfirmOrderIdReset=ignore/ignore
    ControlFrom=
    DismissNSEComplianceNotice=yes
    DismissPasswordExpiryWarning=no
    ExistingSessionDetectedAction=primary
    ExitAfterSecondFactorAuthenticationTimeout=no
    FIX=no
    IbLoginId=***
    IbPassword=***
    IncludeStackTraceForExceptions=no
    LogStructureScope=known
    LogStructureWhen=never
    LoginDialogDisplayTimeout=60
    MinimizeMainWindow=no
    OverrideTwsApiPort=
    OverrideTwsMasterClientID=
    ReadOnlyApi=no
    ReadOnlyLogin=no
    ReloginAfterSecondFactorAuthenticationTimeout=no
    ResetOrderIdsAtStart=no
    SaveTwsSettingsAt=
    SecondFactorAuthenticationExitInterval=60
    SecondFactorAuthenticationTimeout=180
    SecondFactorDevice=
    SendMarketDataInLotsForUSstocks=
    StoreSettingsOnServer=no
    SuppressInfoMessages=yes
    TradingMode=paper
    TrustedTwsApiClientIPs=
End IBC Settings

2025-08-16 20:26:21:055 IBC: version: 3.23.0
System Properties
------------------------------------------------------------
java.specification.version = 17
sun.jnu.encoding = UTF-8
channel = latest
java.class.path = /home/chris_s_dodd/optcom-1/ibc-setup/tws/1037/jars/batik-all-1.16.jar:/home/chris_s_dodd/optcom-1/ibc-setup/tws/1037/jars/commons-io-2.11.0.jar:/home/chris_s_dodd/optcom-1/ibc-setup/tws/1037/jars/core-3.5.3.jar:/home/chris_s_dodd/optcom-1/ibc-setup/tws/1037/jars/fop-2.8.jar:/home/chris_s_dodd/optcom-1/ibc-setup/tws/1037/jars/jackson-annotations-2.12.3.jar:/home/chris_s_dodd/optcom-1/ibc-setup/tws/1037/jars/jackson-core-2.12.3.jar:/home/chris_s_dodd/optcom-1/ibc-setup/tws/1037/jars/jackson-databind-2.12.3.jar:/home/chris_s_dodd/optcom-1/ibc-setup/tws/1037/jars/jts4launch-1037.jar:/home/chris_s_dodd/optcom-1/ibc-setup/tws/1037/jars/jxbrowser-7.41.3.jar:/home/chris_s_dodd/optcom-1/ibc-setup/tws/1037/jars/jxbrowser-linux64-7.41.3.jar:/home/chris_s_dodd/optcom-1/ibc-setup/tws/1037/jars/jxbrowser-swing-7.41.3.jar:/home/chris_s_dodd/optcom-1/ibc-setup/tws/1037/jars/locales.jar:/home/chris_s_dodd/optcom-1/ibc-setup/tws/1037/jars/log4j-api-2.17.1.jar:/home/chris_s_dodd/optcom-1/ibc-setup/tws/1037/jars/log4j-core-2.17.1.jar:/home/chris_s_dodd/optcom-1/ibc-setup/tws/1037/jars/protobuf-java-3.25.6.jar:/home/chris_s_dodd/optcom-1/ibc-setup/tws/1037/jars/total-2024.jar:/home/chris_s_dodd/optcom-1/ibc-setup/tws/1037/jars/twslaunch-1037.jar:/home/chris_s_dodd/optcom-1/ibc-setup/tws/1037/jars/twslaunch-install4j-1.12.jar:/home/chris_s_dodd/optcom-1/ibc-setup/tws/1037/jars/xmlgraphics-commons-2.8.jar:/home/chris_s_dodd/optcom-1/ibc-setup/tws/1037/.install4j/i4jruntime.jar:/home/chris_s_dodd/optcom-1/ibc-setup/ibc/IBC.jar
java.vm.vendor = Azul Systems, Inc.
ibcsessionid = RdxMfEvD
sun.arch.data.model = 64
java.vendor.url = http://www.azul.com/
user.timezone = Etc/UTC
java.vm.specification.version = 17
os.name = Linux
sun.java.launcher = SUN_STANDARD
sun.boot.library.path = /home/chris_s_dodd/.local/share/i4j_jres/Oda-jK0QgTEmVssfllLP/17.0.10.0.101-zulu_64/lib
sun.java.command = ibcalpha.ibc.IbcGateway /home/chris_s_dodd/optcom-1/ibc-setup/config/config.ini paper
jdk.debug = release
sun.cpu.endian = little
user.home = /home/chris_s_dodd
user.language = en
java.specification.vendor = Oracle Corporation
java.version.date = 2024-04-16
java.home = /home/chris_s_dodd/.local/share/i4j_jres/Oda-jK0QgTEmVssfllLP/17.0.10.0.101-zulu_64
jtsConfigDir = /home/chris_s_dodd/optcom-1/ibc-setup/tws
file.separator = /
java.vm.compressedOopsMode = 32-bit
line.separator = 

java.vm.specification.vendor = Oracle Corporation
twslaunch.autoupdate.serviceImpl = com.ib.tws.twslaunch.install4j.Install4jAutoUpdateService
java.specification.name = Java Platform API Specification
install4jType = standalone
sun.management.compiler = HotSpot 64-Bit Tiered Compilers
exe4j.isInstall4j = true
java.runtime.version = 17.0.10.0.101+3-LTS
user.name = chris_s_dodd
path.separator = :
os.version = 6.14.0-1012-gcp
java.runtime.name = OpenJDK Runtime Environment
file.encoding = UTF-8
java.vm.name = OpenJDK 64-Bit Server VM
java.vendor.version = Zulu17.49+16-SA
java.vendor.url.bug = http://www.azul.com/support/
java.io.tmpdir = /tmp
java.version = 17.0.10.0.101
user.dir = /home/chris_s_dodd/optcom-1/ibc-setup/tws
os.arch = amd64
java.vm.specification.name = Java Virtual Machine Specification
native.encoding = UTF-8
java.library.path = /usr/java/packages/lib:/usr/lib64:/lib64:/lib:/usr/lib
java.vm.info = mixed mode
java.vendor = Azul Systems, Inc.
java.vm.version = 17.0.10.0.101+3-LTS
sun.io.unicode.encoding = UnicodeLittle
java.class.version = 61.0
------------------------------------------------------------
2025-08-16 20:26:21:058 IBC: using default settings provider: ini file is /home/chris_s_dodd/optcom-1/ibc-setup/config/config.ini
2025-08-16 20:26:21:058 IBC: using default login manager: will get username and password from settings; FIX username and password (if required) from settings
2025-08-16 20:26:21:058 IBC: using default main window manager
2025-08-16 20:26:21:058 IBC: using default trading mode manager: constructor parameter args: tradingMode=paper
2025-08-16 20:26:21:060 IBC: using default config dialog manager
2025-08-16 20:26:21:064 IBC: CommandServer is not started because the port is not configured
2025-08-16 20:26:21:133 IBC: Gateway will be cold restarted at 2025/08/17 07:05
2025-08-16 20:26:21:255 IBC: TWS Settings directory is: /home/chris_s_dodd/optcom-1/ibc-setup/tws
2025-08-16 20:26:21:256 IBC: Starting session: will exit if login dialog is not displayed within 60 seconds
2025-08-16 20:26:21:262 IBC: Ensuring /home/chris_s_dodd/optcom-1/ibc-setup/tws/jts.ini contains required minimal lines
2025-08-16 20:26:21:262 IBC: Found setting: [Logon]/s3store=true
2025-08-16 20:26:21:262 IBC: Found setting: [Logon]/Locale=en
2025-08-16 20:26:21:262 IBC: Found setting: [Logon]/displayedproxymsg=1
2025-08-16 20:26:21:262 IBC: Found setting: [Logon]/UseSSL=true
2025-08-16 20:26:21:262 IBC: Found setting: [IBGateway]/ApiOnly=true
2025-08-16 20:26:21:262 IBC: Found setting: [IBGateway]/TrustedIPs=127.0.0.1
2025-08-16 20:26:21:262 IBC: Confirmed /home/chris_s_dodd/optcom-1/ibc-setup/tws/jts.ini contains required minimal lines
2025-08-16 20:26:21:262 IBC: Starting Gateway
2025-08-16 20:26:21:933 IBC: Exiting with exit code=1107
IBC returned exit status 83
Finding autorestart file
autorestart file not found: full authentication will be required

Gateway finished

Parsing arguments

================================================================================

Starting IBC version  on 2025-08-16 at 20:28:19

Operating system: Linux opt-trade-vm4.europe-west4-a.c.crafty-water-453519-d7.internal 6.14.0-1012-gcp #12~24.04.1-Ubuntu SMP Wed Jul 16 22:36:08 UTC 2025 x86_64 x86_64 x86_64 GNU/Linux

Arguments:

TWS version = 1037
Program = Gateway
Entry point = ibcalpha.ibc.IbcGateway
--tws-path = /home/chris_s_dodd/optcom-1/ibc-setup/tws
--tws-settings-path = /home/chris_s_dodd/optcom-1/ibc-setup/tws
--ibc-path = /home/chris_s_dodd/optcom-1/ibc-setup/ibc
--ibc-ini = /home/chris_s_dodd/optcom-1/ibc-setup/config/config.ini
--mode = paper
--java-path = /home/chris_s_dodd/.local/share/i4j_jres/Oda-jK0QgTEmVssfllLP/17.0.10.0.101-zulu_64/bin
--user =
--pw =
--fix-user =
--fix-pw =

=================================
Generating the classpath
Classpath=/home/chris_s_dodd/optcom-1/ibc-setup/tws/1037/jars/batik-all-1.16.jar:/home/chris_s_dodd/optcom-1/ibc-setup/tws/1037/jars/commons-io-2.11.0.jar:/home/chris_s_dodd/optcom-1/ibc-setup/tws/1037/jars/core-3.5.3.jar:/home/chris_s_dodd/optcom-1/ibc-setup/tws/1037/jars/fop-2.8.jar:/home/chris_s_dodd/optcom-1/ibc-setup/tws/1037/jars/jackson-annotations-2.12.3.jar:/home/chris_s_dodd/optcom-1/ibc-setup/tws/1037/jars/jackson-core-2.12.3.jar:/home/chris_s_dodd/optcom-1/ibc-setup/tws/1037/jars/jackson-databind-2.12.3.jar:/home/chris_s_dodd/optcom-1/ibc-setup/tws/1037/jars/jts4launch-1037.jar:/home/chris_s_dodd/optcom-1/ibc-setup/tws/1037/jars/jxbrowser-7.41.3.jar:/home/chris_s_dodd/optcom-1/ibc-setup/tws/1037/jars/jxbrowser-linux64-7.41.3.jar:/home/chris_s_dodd/optcom-1/ibc-setup/tws/1037/jars/jxbrowser-swing-7.41.3.jar:/home/chris_s_dodd/optcom-1/ibc-setup/tws/1037/jars/locales.jar:/home/chris_s_dodd/optcom-1/ibc-setup/tws/1037/jars/log4j-api-2.17.1.jar:/home/chris_s_dodd/optcom-1/ibc-setup/tws/1037/jars/log4j-core-2.17.1.jar:/home/chris_s_dodd/optcom-1/ibc-setup/tws/1037/jars/protobuf-java-3.25.6.jar:/home/chris_s_dodd/optcom-1/ibc-setup/tws/1037/jars/total-2024.jar:/home/chris_s_dodd/optcom-1/ibc-setup/tws/1037/jars/twslaunch-1037.jar:/home/chris_s_dodd/optcom-1/ibc-setup/tws/1037/jars/twslaunch-install4j-1.12.jar:/home/chris_s_dodd/optcom-1/ibc-setup/tws/1037/jars/xmlgraphics-commons-2.8.jar:/home/chris_s_dodd/optcom-1/ibc-setup/tws/1037/.install4j/i4jruntime.jar:/home/chris_s_dodd/optcom-1/ibc-setup/ibc/IBC.jar

Generating the JAVA VM options
Java VM Options=-Xmx768m -XX:+UseG1GC -XX:MaxGCPauseMillis=200 -XX:ParallelGCThreads=20 -XX:ConcGCThreads=5 -XX:InitiatingHeapOccupancyPercent=70 -Dtwslaunch.autoupdate.serviceImpl=com.ib.tws.twslaunch.install4j.Install4jAutoUpdateService -Dchannel=latest -Dexe4j.isInstall4j=true -Dinstall4jType=standalone -DjtsConfigDir=/home/chris_s_dodd/optcom-1/ibc-setup/tws -Dibcsessionid=EATqcb3l
Finding autorestart file
autorestart file not found: full authentication will be required


Determining the location of java executable
Location of java executable=/home/chris_s_dodd/.local/share/i4j_jres/Oda-jK0QgTEmVssfllLP/17.0.10.0.101-zulu_64/bin

Renaming IB's TWS or Gateway start script to prevent restart without IBC

Starting Gateway with this command:
"/home/chris_s_dodd/.local/share/i4j_jres/Oda-jK0QgTEmVssfllLP/17.0.10.0.101-zulu_64/bin/java" --add-opens=java.base/java.util=ALL-UNNAMED --add-opens=java.base/java.util.concurrent=ALL-UNNAMED --add-exports=java.base/sun.util=ALL-UNNAMED --add-exports=java.desktop/com.sun.java.swing.plaf.motif=ALL-UNNAMED --add-opens=java.desktop/java.awt=ALL-UNNAMED --add-opens=java.desktop/java.awt.dnd=ALL-UNNAMED --add-opens=java.desktop/javax.swing=ALL-UNNAMED --add-opens=java.desktop/javax.swing.event=ALL-UNNAMED --add-opens=java.desktop/javax.swing.plaf.basic=ALL-UNNAMED --add-opens=java.desktop/javax.swing.table=ALL-UNNAMED --add-opens=java.desktop/sun.awt=ALL-UNNAMED --add-exports=java.desktop/sun.awt.X11=ALL-UNNAMED --add-exports=java.desktop/sun.swing=ALL-UNNAMED --add-opens=javafx.graphics/com.sun.javafx.application=ALL-UNNAMED --add-exports=javafx.media/com.sun.media.jfxmedia=ALL-UNNAMED --add-exports=javafx.media/com.sun.media.jfxmedia.events=ALL-UNNAMED --add-exports=javafx.media/com.sun.media.jfxmedia.locator=ALL-UNNAMED --add-exports=javafx.media/com.sun.media.jfxmediaimpl=ALL-UNNAMED --add-exports=javafx.web/com.sun.javafx.webkit=ALL-UNNAMED --add-opens=jdk.management/com.sun.management.internal=ALL-UNNAMED -cp "/home/chris_s_dodd/optcom-1/ibc-setup/tws/1037/jars/batik-all-1.16.jar:/home/chris_s_dodd/optcom-1/ibc-setup/tws/1037/jars/commons-io-2.11.0.jar:/home/chris_s_dodd/optcom-1/ibc-setup/tws/1037/jars/core-3.5.3.jar:/home/chris_s_dodd/optcom-1/ibc-setup/tws/1037/jars/fop-2.8.jar:/home/chris_s_dodd/optcom-1/ibc-setup/tws/1037/jars/jackson-annotations-2.12.3.jar:/home/chris_s_dodd/optcom-1/ibc-setup/tws/1037/jars/jackson-core-2.12.3.jar:/home/chris_s_dodd/optcom-1/ibc-setup/tws/1037/jars/jackson-databind-2.12.3.jar:/home/chris_s_dodd/optcom-1/ibc-setup/tws/1037/jars/jts4launch-1037.jar:/home/chris_s_dodd/optcom-1/ibc-setup/tws/1037/jars/jxbrowser-7.41.3.jar:/home/chris_s_dodd/optcom-1/ibc-setup/tws/1037/jars/jxbrowser-linux64-7.41.3.jar:/home/chris_s_dodd/optcom-1/ibc-setup/tws/1037/jars/jxbrowser-swing-7.41.3.jar:/home/chris_s_dodd/optcom-1/ibc-setup/tws/1037/jars/locales.jar:/home/chris_s_dodd/optcom-1/ibc-setup/tws/1037/jars/log4j-api-2.17.1.jar:/home/chris_s_dodd/optcom-1/ibc-setup/tws/1037/jars/log4j-core-2.17.1.jar:/home/chris_s_dodd/optcom-1/ibc-setup/tws/1037/jars/protobuf-java-3.25.6.jar:/home/chris_s_dodd/optcom-1/ibc-setup/tws/1037/jars/total-2024.jar:/home/chris_s_dodd/optcom-1/ibc-setup/tws/1037/jars/twslaunch-1037.jar:/home/chris_s_dodd/optcom-1/ibc-setup/tws/1037/jars/twslaunch-install4j-1.12.jar:/home/chris_s_dodd/optcom-1/ibc-setup/tws/1037/jars/xmlgraphics-commons-2.8.jar:/home/chris_s_dodd/optcom-1/ibc-setup/tws/1037/.install4j/i4jruntime.jar:/home/chris_s_dodd/optcom-1/ibc-setup/ibc/IBC.jar" -Xmx768m -XX:+UseG1GC -XX:MaxGCPauseMillis=200 -XX:ParallelGCThreads=20 -XX:ConcGCThreads=5 -XX:InitiatingHeapOccupancyPercent=70 -Dtwslaunch.autoupdate.serviceImpl=com.ib.tws.twslaunch.install4j.Install4jAutoUpdateService -Dchannel=latest -Dexe4j.isInstall4j=true -Dinstall4jType=standalone -DjtsConfigDir=/home/chris_s_dodd/optcom-1/ibc-setup/tws -Dibcsessionid=EATqcb3l ibcalpha.ibc.IbcGateway "/home/chris_s_dodd/optcom-1/ibc-setup/config/config.ini"  paper

IBC Settings:
    AcceptBidAskLastSizeDisplayUpdateNotification=defer
    AcceptIncomingConnectionAction=accept
    AcceptNonBrokerageAccountWarning=yes
    AllowBlindTrading=no
    AutoLogoffTime=
    AutoRestartTime=
    BindAddress=
    BypassBondWarning=
    BypassCalledBondWarning=
    BypassNegativeYieldToWorstConfirmation=
    BypassNoOverfillProtectionPrecaution=
    BypassOrderPrecautions=
    BypassPriceBasedVolatilityRiskWarning=
    BypassRedirectOrderWarning=
    BypassSameActionPairTradeWarning=
    BypassUSStocksMarketDataInSharesWarning=
    ClosedownAt=
    ColdRestartTime=07:05
    CommandPrompt=
    CommandServerPort=0
    ConfirmCryptoCurrencyOrders=manual
    ConfirmOrderIdReset=ignore/ignore
    ControlFrom=
    DismissNSEComplianceNotice=yes
    DismissPasswordExpiryWarning=no
    ExistingSessionDetectedAction=primary
    ExitAfterSecondFactorAuthenticationTimeout=no
    FIX=no
    IbLoginId=***
    IbPassword=***
    IncludeStackTraceForExceptions=no
    LogStructureScope=known
    LogStructureWhen=never
    LoginDialogDisplayTimeout=60
    MinimizeMainWindow=no
    OverrideTwsApiPort=
    OverrideTwsMasterClientID=
    ReadOnlyApi=no
    ReadOnlyLogin=no
    ReloginAfterSecondFactorAuthenticationTimeout=no
    ResetOrderIdsAtStart=no
    SaveTwsSettingsAt=
    SecondFactorAuthenticationExitInterval=60
    SecondFactorAuthenticationTimeout=180
    SecondFactorDevice=
    SendMarketDataInLotsForUSstocks=
    StoreSettingsOnServer=no
    SuppressInfoMessages=yes
    TradingMode=paper
    TrustedTwsApiClientIPs=
End IBC Settings

2025-08-16 20:28:20:316 IBC: version: 3.23.0
System Properties
------------------------------------------------------------
java.specification.version = 17
sun.jnu.encoding = UTF-8
channel = latest
java.class.path = /home/chris_s_dodd/optcom-1/ibc-setup/tws/1037/jars/batik-all-1.16.jar:/home/chris_s_dodd/optcom-1/ibc-setup/tws/1037/jars/commons-io-2.11.0.jar:/home/chris_s_dodd/optcom-1/ibc-setup/tws/1037/jars/core-3.5.3.jar:/home/chris_s_dodd/optcom-1/ibc-setup/tws/1037/jars/fop-2.8.jar:/home/chris_s_dodd/optcom-1/ibc-setup/tws/1037/jars/jackson-annotations-2.12.3.jar:/home/chris_s_dodd/optcom-1/ibc-setup/tws/1037/jars/jackson-core-2.12.3.jar:/home/chris_s_dodd/optcom-1/ibc-setup/tws/1037/jars/jackson-databind-2.12.3.jar:/home/chris_s_dodd/optcom-1/ibc-setup/tws/1037/jars/jts4launch-1037.jar:/home/chris_s_dodd/optcom-1/ibc-setup/tws/1037/jars/jxbrowser-7.41.3.jar:/home/chris_s_dodd/optcom-1/ibc-setup/tws/1037/jars/jxbrowser-linux64-7.41.3.jar:/home/chris_s_dodd/optcom-1/ibc-setup/tws/1037/jars/jxbrowser-swing-7.41.3.jar:/home/chris_s_dodd/optcom-1/ibc-setup/tws/1037/jars/locales.jar:/home/chris_s_dodd/optcom-1/ibc-setup/tws/1037/jars/log4j-api-2.17.1.jar:/home/chris_s_dodd/optcom-1/ibc-setup/tws/1037/jars/log4j-core-2.17.1.jar:/home/chris_s_dodd/optcom-1/ibc-setup/tws/1037/jars/protobuf-java-3.25.6.jar:/home/chris_s_dodd/optcom-1/ibc-setup/tws/1037/jars/total-2024.jar:/home/chris_s_dodd/optcom-1/ibc-setup/tws/1037/jars/twslaunch-1037.jar:/home/chris_s_dodd/optcom-1/ibc-setup/tws/1037/jars/twslaunch-install4j-1.12.jar:/home/chris_s_dodd/optcom-1/ibc-setup/tws/1037/jars/xmlgraphics-commons-2.8.jar:/home/chris_s_dodd/optcom-1/ibc-setup/tws/1037/.install4j/i4jruntime.jar:/home/chris_s_dodd/optcom-1/ibc-setup/ibc/IBC.jar
java.vm.vendor = Azul Systems, Inc.
ibcsessionid = EATqcb3l
sun.arch.data.model = 64
java.vendor.url = http://www.azul.com/
user.timezone = Etc/UTC
java.vm.specification.version = 17
os.name = Linux
sun.java.launcher = SUN_STANDARD
sun.boot.library.path = /home/chris_s_dodd/.local/share/i4j_jres/Oda-jK0QgTEmVssfllLP/17.0.10.0.101-zulu_64/lib
sun.java.command = ibcalpha.ibc.IbcGateway /home/chris_s_dodd/optcom-1/ibc-setup/config/config.ini paper
jdk.debug = release
sun.cpu.endian = little
user.home = /home/chris_s_dodd
user.language = en
java.specification.vendor = Oracle Corporation
java.version.date = 2024-04-16
java.home = /home/chris_s_dodd/.local/share/i4j_jres/Oda-jK0QgTEmVssfllLP/17.0.10.0.101-zulu_64
jtsConfigDir = /home/chris_s_dodd/optcom-1/ibc-setup/tws
file.separator = /
java.vm.compressedOopsMode = 32-bit
line.separator = 

java.vm.specification.vendor = Oracle Corporation
twslaunch.autoupdate.serviceImpl = com.ib.tws.twslaunch.install4j.Install4jAutoUpdateService
java.specification.name = Java Platform API Specification
install4jType = standalone
sun.management.compiler = HotSpot 64-Bit Tiered Compilers
exe4j.isInstall4j = true
java.runtime.version = 17.0.10.0.101+3-LTS
user.name = chris_s_dodd
path.separator = :
os.version = 6.14.0-1012-gcp
java.runtime.name = OpenJDK Runtime Environment
file.encoding = UTF-8
java.vm.name = OpenJDK 64-Bit Server VM
java.vendor.version = Zulu17.49+16-SA
java.vendor.url.bug = http://www.azul.com/support/
java.io.tmpdir = /tmp
java.version = 17.0.10.0.101
user.dir = /home/chris_s_dodd/optcom-1/ibc-setup/tws
os.arch = amd64
java.vm.specification.name = Java Virtual Machine Specification
native.encoding = UTF-8
java.library.path = /usr/java/packages/lib:/usr/lib64:/lib64:/lib:/usr/lib
java.vm.info = mixed mode
java.vendor = Azul Systems, Inc.
java.vm.version = 17.0.10.0.101+3-LTS
sun.io.unicode.encoding = UnicodeLittle
java.class.version = 61.0
------------------------------------------------------------
2025-08-16 20:28:20:320 IBC: using default settings provider: ini file is /home/chris_s_dodd/optcom-1/ibc-setup/config/config.ini
2025-08-16 20:28:20:320 IBC: using default login manager: will get username and password from settings; FIX username and password (if required) from settings
2025-08-16 20:28:20:320 IBC: using default main window manager
2025-08-16 20:28:20:320 IBC: using default trading mode manager: constructor parameter args: tradingMode=paper
2025-08-16 20:28:20:321 IBC: using default config dialog manager
2025-08-16 20:28:20:328 IBC: CommandServer is not started because the port is not configured
2025-08-16 20:28:20:385 IBC: Gateway will be cold restarted at 2025/08/17 07:05
2025-08-16 20:28:20:501 IBC: TWS Settings directory is: /home/chris_s_dodd/optcom-1/ibc-setup/tws
2025-08-16 20:28:20:501 IBC: Starting session: will exit if login dialog is not displayed within 60 seconds
2025-08-16 20:28:20:506 IBC: Ensuring /home/chris_s_dodd/optcom-1/ibc-setup/tws/jts.ini contains required minimal lines
2025-08-16 20:28:20:506 IBC: Found setting: [Logon]/s3store=true
2025-08-16 20:28:20:507 IBC: Found setting: [Logon]/Locale=en
2025-08-16 20:28:20:507 IBC: Found setting: [Logon]/displayedproxymsg=1
2025-08-16 20:28:20:507 IBC: Found setting: [Logon]/UseSSL=true
2025-08-16 20:28:20:507 IBC: Found setting: [IBGateway]/ApiOnly=true
2025-08-16 20:28:20:507 IBC: Found setting: [IBGateway]/TrustedIPs=127.0.0.1
2025-08-16 20:28:20:507 IBC: Confirmed /home/chris_s_dodd/optcom-1/ibc-setup/tws/jts.ini contains required minimal lines
2025-08-16 20:28:20:508 IBC: Starting Gateway
2025-08-16 20:28:23:167 IBC: Getting config dialog
2025-08-16 20:28:23:167 IBC: Creating config dialog future
2025-08-16 20:28:23:172 IBC: Getting main window
2025-08-16 20:28:23:172 IBC: Creating main window future
2025-08-16 20:28:26:616 IBC: detected frame entitled: IBKR Gateway; event=Opened
2025-08-16 20:28:26:618 IBC: Login dialog WINDOW_OPENED: LoginState is LOGGED_OUT
2025-08-16 20:28:26:619 IBC: Setting Trading mode = paper
2025-08-16 20:28:26:785 IBC: Setting user name
2025-08-16 20:28:26:788 IBC: Setting password
2025-08-16 20:28:26:788 IBC: Login attempt: 1
2025-08-16 20:28:26:789 IBC: detected frame entitled: IBKR Gateway; event=Activated
2025-08-16 20:28:26:795 IBC: detected frame entitled: IBKR Gateway; event=Focused
2025-08-16 20:28:26:831 IBC: Click button: Paper Log In
2025-08-16 20:28:27:948 IBC: detected frame entitled: IBKR Gateway; event=Lost focus
2025-08-16 20:28:27:948 IBC: detected frame entitled: IBKR Gateway; event=Deactivated
2025-08-16 20:28:27:950 IBC: detected frame entitled: Loading...; event=Opened
2025-08-16 20:28:27:950 IBC: Found Gateway main window
2025-08-16 20:28:27:952 IBC: detected frame entitled: Loading...; event=Activated
2025-08-16 20:28:27:951 IBC: Got main window from future
2025-08-16 20:28:27:953 IBC: Invoking config dialog menu
2025-08-16 20:28:27:966 IBC: detected frame entitled: Loading...; event=Focused
2025-08-16 20:28:28:476 IBC: detected frame entitled: Authenticating...; event=Opened
2025-08-16 20:28:28:501 IBC: detected frame entitled: Loading...; event=Lost focus
2025-08-16 20:28:28:503 IBC: detected frame entitled: Loading...; event=Deactivated
2025-08-16 20:28:28:504 IBC: detected frame entitled: Authenticating...; event=Activated
2025-08-16 20:28:28:510 IBC: detected frame entitled: Authenticating...; event=Focused
LogModuleConfigurator-Init: Log4j Ver2.x found on classpath
LogModuleConfigurator-Init: LogModuleConfigurator initialized with Log4j Veri.x
2025-08-16 20:28:35:371 IBC: detected frame entitled: Starting application...; event=Lost focus
2025-08-16 20:28:35:462 IBC: detected dialog entitled: DU9233079 Trader Workstation Configuration (Simulated Trading); event=Opened
2025-08-16 20:28:35:463 IBC: detected frame entitled: Starting application...; event=Deactivated
2025-08-16 20:28:35:463 IBC: detected dialog entitled: DU9233079 Trader Workstation Configuration (Simulated Trading); event=Activated
2025-08-16 20:28:35:463 IBC: detected dialog entitled: DU9233079 Trader Workstation Configuration (Simulated Trading); event=Focused
2025-08-16 20:28:35:463 IBC: detected dialog entitled: DU9233079 Trader Workstation Configuration (Simulated Trading); event=Lost focus
2025-08-16 20:28:35:464 IBC: detected frame entitled: Starting application...; event=Closed
2025-08-16 20:28:35:464 IBC: Login has completed
2025-08-16 20:28:35:467 IBC: Got config dialog from future
2025-08-16 20:28:35:474 IBC: detected dialog entitled: DU9233079 Trader Workstation Configuration (Simulated Trading); event=Deactivated
2025-08-16 20:28:35:475 IBC: detected dialog entitled: Warning; event=Activated
2025-08-16 20:28:35:476 IBC: detected dialog entitled: Warning; event=Focused
2025-08-16 20:28:35:477 IBC: detected dialog entitled: Warning; event=Opened
2025-08-16 20:28:35:477 IBC: Click button: I understand and accept
2025-08-16 20:28:35:605 IBC: Setting ReadOnlyApi
2025-08-16 20:28:35:834 IBC: Read-Only API checkbox is now set to: false
2025-08-16 20:28:35:931 IBC: Configuration tasks completed
2025-08-16 20:28:35:933 IBC: Click button: OK
2025-08-16 20:28:36:017 IBC: detected dialog entitled: Warning; event=Lost focus
2025-08-16 20:28:36:017 IBC: detected dialog entitled: Warning; event=Deactivated
2025-08-16 20:28:36:017 IBC: detected dialog entitled: Warning; event=Closed
2025-08-16 20:28:36:050 IBC: detected dialog entitled: DU9233079 Trader Workstation Configuration (Simulated Trading); event=Closed
2025-08-16 20:28:36:051 IBC: detected dialog entitled: Pending Tasks; event=Closed
