[2025-08-16 06:50:42] === Starting IB Gateway Setup ===
[2025-08-16 06:50:42] Checking prerequisites...
[2025-08-16 06:50:42] Using Java version: 11.0.28
[2025-08-16 06:50:42] ERROR: Config file not found at /home/chris_s_dodd/optcom-1/ibc-setup/config/config.ini
[2025-08-16 19:57:10] === Starting IB Gateway Setup ===
[2025-08-16 19:57:10] Checking prerequisites...
[2025-08-16 19:57:10] Using Java version: 17.0.16
[2025-08-16 19:57:10] Prerequisites check completed successfully
[2025-08-16 19:57:10] Cleaning up processes...
[2025-08-16 19:57:12] Starting IB Gateway with IBC...
[2025-08-16 19:57:12] Detected TWS version: 1039
[2025-08-16 19:57:12] Starting IBC Gateway with version 1039
[2025-08-16 19:57:12] IB Gateway started with PID: 104096
[2025-08-16 19:57:12] Waiting for Gateway to initialize...
[2025-08-16 19:57:27] ERROR: Gateway process failed to start
[2025-08-16 19:57:27] Gateway process is not running
[2025-08-16 19:57:27] === Gateway startup completed ===
[2025-08-16 20:13:27] === Starting IB Gateway Setup ===
[2025-08-16 20:13:27] Checking prerequisites...
[2025-08-16 20:13:28] Using Java version: 17.0.16
[2025-08-16 20:13:28] Prerequisites check completed successfully
[2025-08-16 20:13:28] Cleaning up processes...
[2025-08-16 20:13:30] Starting IB Gateway with IBC...
[2025-08-16 20:13:30] Detected TWS version: 1037
[2025-08-16 20:13:30] Starting IBC Gateway with version 1037
[2025-08-16 20:13:30] IB Gateway started with PID: 108502
[2025-08-16 20:13:30] Waiting for Gateway to initialize...
[2025-08-16 20:13:45] ERROR: Gateway process failed to start
[2025-08-16 20:13:45] Gateway process is not running
[2025-08-16 20:13:45] === Gateway startup completed ===
[2025-08-16 20:14:56] === Starting IB Gateway Setup ===
[2025-08-16 20:14:56] Checking prerequisites...
[2025-08-16 20:14:56] Using Java version: 17.0.16
[2025-08-16 20:14:56] ERROR: TWS jars not found in /home/chris_s_dodd/optcom-1/ibc-setup/tws
[2025-08-16 20:15:08] === Starting IB Gateway Setup ===
[2025-08-16 20:15:08] Checking prerequisites...
[2025-08-16 20:15:08] Using Java version: 17.0.16
[2025-08-16 20:15:08] Prerequisites check completed successfully
[2025-08-16 20:15:08] Cleaning up processes...
[2025-08-16 20:15:10] Starting IB Gateway with IBC...
[2025-08-16 20:15:10] Detected TWS version: 1037
[2025-08-16 20:15:10] Starting IBC Gateway with version 1037
[2025-08-16 20:15:10] IB Gateway started with PID: 109402
[2025-08-16 20:15:10] Waiting for Gateway to initialize...
[2025-08-16 20:15:25] ERROR: Gateway process failed to start
[2025-08-16 20:15:25] Gateway process is not running
[2025-08-16 20:15:25] === Gateway startup completed ===
[2025-08-16 20:16:02] === Starting IB Gateway Setup ===
[2025-08-16 20:16:02] Checking prerequisites...
[2025-08-16 20:16:02] Using Java version: 17.0.16
[2025-08-16 20:16:02] Prerequisites check completed successfully
[2025-08-16 20:16:02] Cleaning up processes...
[2025-08-16 20:16:04] Starting IB Gateway with IBC...
[2025-08-16 20:16:04] Detected TWS version: 1037
[2025-08-16 20:16:04] Starting IBC Gateway with version 1037
[2025-08-16 20:16:04] IB Gateway started with PID: 109806
[2025-08-16 20:16:04] Waiting for Gateway to initialize...
[2025-08-16 20:16:19] ERROR: Gateway process failed to start
[2025-08-16 20:16:19] Gateway process is not running
[2025-08-16 20:16:19] === Gateway startup completed ===
[2025-08-16 20:17:15] === Starting IB Gateway Setup ===
[2025-08-16 20:17:15] Checking prerequisites...
[2025-08-16 20:17:15] Using Java version: 17.0.16
[2025-08-16 20:17:15] Prerequisites check completed successfully
[2025-08-16 20:17:15] Cleaning up processes...
[2025-08-16 20:17:17] Starting IB Gateway with IBC...
[2025-08-16 20:17:17] Detected TWS version: 1037
[2025-08-16 20:17:17] Starting IBC Gateway with version 1037
[2025-08-16 20:17:17] IB Gateway started with PID: 110461
[2025-08-16 20:17:17] Waiting for Gateway to initialize...
[2025-08-16 20:17:32] ERROR: Gateway process failed to start
[2025-08-16 20:17:32] Gateway process is not running
[2025-08-16 20:17:32] === Gateway startup completed ===
[2025-08-16 20:18:37] === Starting IB Gateway Setup ===
[2025-08-16 20:18:37] Checking prerequisites...
[2025-08-16 20:18:37] Using Java version: 17.0.16
[2025-08-16 20:18:37] Prerequisites check completed successfully
[2025-08-16 20:18:37] Cleaning up processes...
[2025-08-16 20:18:39] Starting IB Gateway with IBC...
[2025-08-16 20:18:39] Detected TWS version: 1037
[2025-08-16 20:18:39] Starting IBC Gateway with version 1037
[2025-08-16 20:18:39] IB Gateway started with PID: 111081
[2025-08-16 20:18:39] Waiting for Gateway to initialize...
[2025-08-16 20:18:54] ERROR: Gateway process failed to start
[2025-08-16 20:18:54] Gateway process is not running
[2025-08-16 20:18:54] === Gateway startup completed ===
[2025-08-16 20:19:08] === Starting IB Gateway Setup ===
[2025-08-16 20:19:08] Checking prerequisites...
[2025-08-16 20:19:08] Using Java version: 17.0.16
[2025-08-16 20:19:08] Prerequisites check completed successfully
[2025-08-16 20:19:08] Cleaning up processes...
[2025-08-16 20:19:10] Starting IB Gateway with IBC...
[2025-08-16 20:19:10] Detected TWS version: 1037
[2025-08-16 20:19:10] Starting IBC Gateway with version 1037
[2025-08-16 20:19:10] IB Gateway started with PID: 111426
[2025-08-16 20:19:10] Waiting for Gateway to initialize...
[2025-08-16 20:19:25] ERROR: Gateway process failed to start
[2025-08-16 20:19:25] Gateway process is not running
[2025-08-16 20:19:25] === Gateway startup completed ===
[2025-08-16 20:21:30] === Starting IB Gateway Setup ===
[2025-08-16 20:21:30] Checking prerequisites...
[2025-08-16 20:21:30] Using Java version: 17.0.16
[2025-08-16 20:21:30] Prerequisites check completed successfully
[2025-08-16 20:21:30] Cleaning up processes...
[2025-08-16 20:21:32] Starting IB Gateway with IBC...
[2025-08-16 20:21:32] Detected TWS version: 1037
[2025-08-16 20:21:32] Starting IBC Gateway with version 1037
[2025-08-16 20:21:32] IB Gateway started with PID: 112849
[2025-08-16 20:21:32] Waiting for Gateway to initialize...
[2025-08-16 20:21:47] ERROR: Gateway process failed to start
[2025-08-16 20:21:47] Gateway process is not running
[2025-08-16 20:21:47] === Gateway startup completed ===
[2025-08-16 20:26:18] === Starting IB Gateway Setup ===
[2025-08-16 20:26:18] Checking prerequisites...
[2025-08-16 20:26:18] Using Java version: 17.0.16
[2025-08-16 20:26:18] Prerequisites check completed successfully
[2025-08-16 20:26:18] Cleaning up processes...
[2025-08-16 20:26:20] Starting IB Gateway with IBC...
[2025-08-16 20:26:20] Detected TWS version: 1037
[2025-08-16 20:26:20] Starting IBC Gateway with version 1037
[2025-08-16 20:26:20] IB Gateway started with PID: 114905
[2025-08-16 20:26:20] Waiting for Gateway to initialize...
[2025-08-16 20:26:35] ERROR: Gateway process failed to start
[2025-08-16 20:26:35] Gateway process is not running
[2025-08-16 20:26:35] === Gateway startup completed ===
[2025-08-16 20:28:17] === Starting IB Gateway Setup ===
[2025-08-16 20:28:17] Checking prerequisites...
[2025-08-16 20:28:17] Using Java version: 17.0.16
[2025-08-16 20:28:17] Prerequisites check completed successfully
[2025-08-16 20:28:17] Cleaning up processes...
[2025-08-16 20:28:19] Starting IB Gateway with IBC...
[2025-08-16 20:28:19] Detected TWS version: 1037
[2025-08-16 20:28:19] Starting IBC Gateway with version 1037
[2025-08-16 20:28:19] IB Gateway started with PID: 115818
[2025-08-16 20:28:19] Waiting for Gateway to initialize...
[2025-08-16 20:28:34] Gateway process is running successfully
[2025-08-16 20:28:34] Waiting for API port to become available...
