2025-03-27 14:00:25,747 - INFO - ================================================================================
2025-03-27 14:00:25,750 - INFO - Starting automated trading system
2025-03-27 14:00:25,752 - INFO - ================================================================================
2025-03-27 14:00:25,753 - INFO - Starting cycle 1
2025-03-27 14:00:25,753 - INFO - Starting price monitor...
2025-03-27 14:01:03,777 - INFO - ================================================================================
2025-03-27 14:01:03,780 - INFO - Starting automated trading system
2025-03-27 14:01:03,782 - INFO - ================================================================================
2025-03-27 14:01:03,783 - INFO - Starting cycle 1
2025-03-27 14:01:03,785 - INFO - Starting price monitor...
2025-03-27 14:01:03,865 - ERROR - Price monitor exited with code 2
2025-03-27 14:01:03,867 - INFO - Waiting 60 seconds until next cycle...
2025-03-27 14:01:19,586 - INFO - Received termination signal. Shutting down gracefully...
2025-03-27 14:01:19,888 - INFO - Trading system shutdown complete
2025-03-27 14:01:48,546 - INFO - ================================================================================
2025-03-27 14:01:48,547 - INFO - Starting automated trading system
2025-03-27 14:01:48,549 - INFO - ================================================================================
2025-03-27 14:01:48,551 - INFO - Starting cycle 1
2025-03-27 14:01:48,552 - INFO - Starting price monitor...
2025-03-27 14:02:56,499 - INFO - Price monitor completed successfully
2025-03-27 14:02:56,501 - INFO - Starting order placement...
2025-03-27 14:02:57,798 - ERROR - Order placement exited with code 1
2025-03-27 14:02:57,799 - INFO - Waiting 60 seconds until next cycle...
2025-03-27 14:03:57,871 - INFO - Starting cycle 2
2025-03-27 14:03:57,873 - INFO - Starting price monitor...
2025-03-27 14:05:05,865 - INFO - Price monitor completed successfully
2025-03-27 14:05:05,866 - INFO - Starting order placement...
2025-03-27 14:05:06,951 - ERROR - Order placement exited with code 1
2025-03-27 14:05:06,952 - INFO - Waiting 60 seconds until next cycle...
2025-03-27 14:06:07,022 - INFO - Starting cycle 3
2025-03-27 14:06:07,023 - INFO - Starting price monitor...
2025-03-27 14:07:14,496 - INFO - Price monitor completed successfully
2025-03-27 14:07:14,498 - INFO - Starting order placement...
2025-03-27 14:07:15,851 - ERROR - Order placement exited with code 1
2025-03-27 14:07:15,856 - INFO - Waiting 60 seconds until next cycle...
2025-03-27 14:08:15,927 - INFO - Starting cycle 4
2025-03-27 14:08:15,929 - INFO - Starting price monitor...
2025-03-27 14:09:24,091 - INFO - Price monitor completed successfully
2025-03-27 14:09:24,093 - INFO - Starting order placement...
2025-03-27 14:09:25,178 - ERROR - Order placement exited with code 1
2025-03-27 14:09:25,179 - INFO - Waiting 60 seconds until next cycle...
2025-03-27 14:10:25,253 - INFO - Starting cycle 5
2025-03-27 14:10:25,255 - INFO - Starting price monitor...
2025-03-27 14:11:32,718 - INFO - Price monitor completed successfully
2025-03-27 14:11:32,719 - INFO - Starting order placement...
2025-03-27 14:11:33,869 - ERROR - Order placement exited with code 1
2025-03-27 14:11:33,870 - INFO - Waiting 60 seconds until next cycle...
2025-03-27 14:12:33,932 - INFO - Starting cycle 6
2025-03-27 14:12:33,934 - INFO - Starting price monitor...
2025-03-27 14:13:41,536 - INFO - Price monitor completed successfully
2025-03-27 14:13:41,537 - INFO - Starting order placement...
2025-03-27 14:13:42,598 - ERROR - Order placement exited with code 1
2025-03-27 14:13:42,605 - INFO - Waiting 60 seconds until next cycle...
2025-03-27 14:14:42,672 - INFO - Starting cycle 7
2025-03-27 14:14:42,673 - INFO - Starting price monitor...
2025-03-27 14:15:49,935 - INFO - Price monitor completed successfully
2025-03-27 14:15:49,936 - INFO - Starting order placement...
2025-03-27 14:15:50,990 - ERROR - Order placement exited with code 1
2025-03-27 14:15:51,003 - INFO - Waiting 60 seconds until next cycle...
2025-03-27 14:16:51,081 - INFO - Starting cycle 8
2025-03-27 14:16:51,082 - INFO - Starting price monitor...
2025-03-27 14:17:59,205 - INFO - Price monitor completed successfully
2025-03-27 14:17:59,207 - INFO - Starting order placement...
2025-03-27 14:18:00,726 - ERROR - Order placement exited with code 1
2025-03-27 14:18:00,729 - INFO - Waiting 60 seconds until next cycle...
2025-03-27 14:19:00,825 - INFO - Starting cycle 9
2025-03-27 14:19:00,827 - INFO - Starting price monitor...
2025-03-27 14:20:08,554 - INFO - Price monitor completed successfully
2025-03-27 14:20:08,556 - INFO - Starting order placement...
2025-03-27 14:20:09,617 - ERROR - Order placement exited with code 1
2025-03-27 14:20:09,621 - INFO - Waiting 60 seconds until next cycle...
2025-03-27 14:21:09,711 - INFO - Starting cycle 10
2025-03-27 14:21:09,712 - INFO - Starting price monitor...
2025-03-27 14:22:17,878 - INFO - Price monitor completed successfully
2025-03-27 14:22:17,880 - INFO - Starting order placement...
2025-03-27 14:22:19,010 - ERROR - Order placement exited with code 1
2025-03-27 14:22:19,012 - INFO - Waiting 60 seconds until next cycle...
2025-03-27 14:23:19,102 - INFO - Starting cycle 11
2025-03-27 14:23:19,104 - INFO - Starting price monitor...
2025-03-27 14:24:27,249 - INFO - Price monitor completed successfully
2025-03-27 14:24:27,250 - INFO - Starting order placement...
2025-03-27 14:24:28,248 - ERROR - Order placement exited with code 1
2025-03-27 14:24:28,249 - INFO - Waiting 60 seconds until next cycle...
2025-03-27 14:25:28,312 - INFO - Starting cycle 12
2025-03-27 14:25:28,313 - INFO - Starting price monitor...
2025-03-27 14:26:35,510 - INFO - Price monitor completed successfully
2025-03-27 14:26:35,516 - INFO - Starting order placement...
2025-03-27 14:26:36,540 - ERROR - Order placement exited with code 1
2025-03-27 14:26:36,543 - INFO - Waiting 60 seconds until next cycle...
2025-03-27 14:27:36,610 - INFO - Starting cycle 13
2025-03-27 14:27:36,611 - INFO - Starting price monitor...
2025-03-27 14:28:43,948 - INFO - Price monitor completed successfully
2025-03-27 14:28:43,949 - INFO - Starting order placement...
2025-03-27 14:28:44,975 - ERROR - Order placement exited with code 1
2025-03-27 14:28:44,976 - INFO - Waiting 60 seconds until next cycle...
2025-03-27 14:29:45,038 - INFO - Starting cycle 14
2025-03-27 14:29:45,039 - INFO - Starting price monitor...
2025-03-27 14:30:52,597 - INFO - Price monitor completed successfully
2025-03-27 14:30:52,599 - INFO - Starting order placement...
2025-03-27 14:30:53,538 - ERROR - Order placement exited with code 1
2025-03-27 14:30:53,539 - INFO - Waiting 60 seconds until next cycle...
2025-03-27 14:31:53,605 - INFO - Starting cycle 15
2025-03-27 14:31:53,607 - INFO - Starting price monitor...
2025-03-27 14:33:01,150 - INFO - Price monitor completed successfully
2025-03-27 14:33:01,151 - INFO - Starting order placement...
2025-03-27 14:33:02,352 - ERROR - Order placement exited with code 1
2025-03-27 14:33:02,355 - INFO - Waiting 60 seconds until next cycle...
2025-03-27 14:34:02,419 - INFO - Starting cycle 16
2025-03-27 14:34:02,421 - INFO - Starting price monitor...
2025-03-27 14:35:09,784 - INFO - Price monitor completed successfully
2025-03-27 14:35:09,786 - INFO - Starting order placement...
2025-03-27 14:35:10,827 - ERROR - Order placement exited with code 1
2025-03-27 14:35:10,829 - INFO - Waiting 60 seconds until next cycle...
2025-03-27 14:36:10,902 - INFO - Starting cycle 17
2025-03-27 14:36:10,904 - INFO - Starting price monitor...
2025-03-27 14:37:18,249 - INFO - Price monitor completed successfully
2025-03-27 14:37:18,251 - INFO - Starting order placement...
2025-03-27 14:37:19,257 - ERROR - Order placement exited with code 1
2025-03-27 14:37:19,258 - INFO - Waiting 60 seconds until next cycle...
2025-03-27 14:38:19,325 - INFO - Starting cycle 18
2025-03-27 14:38:19,327 - INFO - Starting price monitor...
2025-03-27 14:39:27,060 - INFO - Price monitor completed successfully
2025-03-27 14:39:27,062 - INFO - Starting order placement...
2025-03-27 14:39:28,556 - ERROR - Order placement exited with code 1
2025-03-27 14:39:28,557 - INFO - Waiting 60 seconds until next cycle...
2025-03-27 14:40:28,624 - INFO - Starting cycle 19
2025-03-27 14:40:28,626 - INFO - Starting price monitor...
2025-03-27 14:41:37,602 - INFO - Price monitor completed successfully
2025-03-27 14:41:37,604 - INFO - Starting order placement...
2025-03-27 14:41:38,704 - ERROR - Order placement exited with code 1
2025-03-27 14:41:38,705 - INFO - Waiting 60 seconds until next cycle...
2025-03-27 14:42:38,779 - INFO - Starting cycle 20
2025-03-27 14:42:38,781 - INFO - Starting price monitor...
2025-03-27 14:43:46,333 - INFO - Price monitor completed successfully
2025-03-27 14:43:46,335 - INFO - Starting order placement...
2025-03-27 14:43:47,296 - ERROR - Order placement exited with code 1
2025-03-27 14:43:47,298 - INFO - Waiting 60 seconds until next cycle...
2025-03-27 14:44:47,367 - INFO - Starting cycle 21
2025-03-27 14:44:47,369 - INFO - Starting price monitor...
2025-03-27 14:45:55,151 - INFO - Price monitor completed successfully
2025-03-27 14:45:55,153 - INFO - Starting order placement...
2025-03-27 14:45:56,444 - ERROR - Order placement exited with code 1
2025-03-27 14:45:56,447 - INFO - Waiting 60 seconds until next cycle...
2025-03-27 14:46:56,513 - INFO - Starting cycle 22
2025-03-27 14:46:56,515 - INFO - Starting price monitor...
2025-03-27 14:48:04,112 - INFO - Price monitor completed successfully
2025-03-27 14:48:04,113 - INFO - Starting order placement...
2025-03-27 14:48:05,146 - ERROR - Order placement exited with code 1
2025-03-27 14:48:05,147 - INFO - Waiting 60 seconds until next cycle...
2025-03-27 14:49:05,228 - INFO - Starting cycle 23
2025-03-27 14:49:05,230 - INFO - Starting price monitor...
2025-03-27 14:50:14,543 - INFO - Price monitor completed successfully
2025-03-27 14:50:14,545 - INFO - Starting order placement...
2025-03-27 14:50:15,745 - ERROR - Order placement exited with code 1
2025-03-27 14:50:15,750 - INFO - Waiting 60 seconds until next cycle...
2025-03-27 14:51:15,841 - INFO - Starting cycle 24
2025-03-27 14:51:15,845 - INFO - Starting price monitor...
2025-03-27 14:52:24,086 - INFO - Price monitor completed successfully
2025-03-27 14:52:24,089 - INFO - Starting order placement...
2025-03-27 14:52:25,288 - ERROR - Order placement exited with code 1
2025-03-27 14:52:25,289 - INFO - Waiting 60 seconds until next cycle...
2025-03-27 14:53:25,371 - INFO - Starting cycle 25
2025-03-27 14:53:25,374 - INFO - Starting price monitor...
2025-03-27 14:54:34,441 - INFO - Price monitor completed successfully
2025-03-27 14:54:34,443 - INFO - Starting order placement...
2025-03-27 14:54:35,617 - ERROR - Order placement exited with code 1
2025-03-27 14:54:35,619 - INFO - Waiting 60 seconds until next cycle...
2025-03-27 14:55:35,708 - INFO - Starting cycle 26
2025-03-27 14:55:35,710 - INFO - Starting price monitor...
2025-03-27 14:56:43,695 - INFO - Price monitor completed successfully
2025-03-27 14:56:43,698 - INFO - Starting order placement...
2025-03-27 14:56:45,044 - ERROR - Order placement exited with code 1
2025-03-27 14:56:45,045 - INFO - Waiting 60 seconds until next cycle...
2025-03-27 14:57:45,126 - INFO - Starting cycle 27
2025-03-27 14:57:45,127 - INFO - Starting price monitor...
2025-03-27 14:58:52,867 - INFO - Price monitor completed successfully
2025-03-27 14:58:52,868 - INFO - Starting order placement...
2025-03-27 14:58:54,049 - ERROR - Order placement exited with code 1
2025-03-27 14:58:54,052 - INFO - Waiting 60 seconds until next cycle...
2025-03-27 14:59:54,133 - INFO - Starting cycle 28
2025-03-27 14:59:54,135 - INFO - Starting price monitor...
2025-03-27 15:01:02,396 - INFO - Price monitor completed successfully
2025-03-27 15:01:02,398 - INFO - Starting order placement...
2025-03-27 15:01:03,565 - ERROR - Order placement exited with code 1
2025-03-27 15:01:03,567 - INFO - Waiting 60 seconds until next cycle...
2025-03-27 15:02:03,646 - INFO - Starting cycle 29
2025-03-27 15:02:03,650 - INFO - Starting price monitor...
2025-03-27 15:03:11,825 - INFO - Price monitor completed successfully
2025-03-27 15:03:11,827 - INFO - Starting order placement...
2025-03-27 15:03:12,866 - ERROR - Order placement exited with code 1
2025-03-27 15:03:12,870 - INFO - Waiting 60 seconds until next cycle...
2025-03-27 15:04:12,944 - INFO - Starting cycle 30
2025-03-27 15:04:12,946 - INFO - Starting price monitor...
2025-03-27 15:05:20,665 - INFO - Price monitor completed successfully
2025-03-27 15:05:20,667 - INFO - Starting order placement...
2025-03-27 15:05:21,894 - ERROR - Order placement exited with code 1
2025-03-27 15:05:21,897 - INFO - Waiting 60 seconds until next cycle...
2025-03-27 15:06:21,979 - INFO - Starting cycle 31
2025-03-27 15:06:21,982 - INFO - Starting price monitor...
2025-03-27 15:07:30,118 - INFO - Price monitor completed successfully
2025-03-27 15:07:30,120 - INFO - Starting order placement...
2025-03-27 15:07:31,172 - ERROR - Order placement exited with code 1
2025-03-27 15:07:31,173 - INFO - Waiting 60 seconds until next cycle...
2025-03-27 15:08:31,255 - INFO - Starting cycle 32
2025-03-27 15:08:31,257 - INFO - Starting price monitor...
2025-03-27 15:09:39,148 - INFO - Price monitor completed successfully
2025-03-27 15:09:39,150 - INFO - Starting order placement...
2025-03-27 15:09:40,308 - ERROR - Order placement exited with code 1
2025-03-27 15:09:40,310 - INFO - Waiting 60 seconds until next cycle...
2025-03-27 15:10:40,390 - INFO - Starting cycle 33
2025-03-27 15:10:40,394 - INFO - Starting price monitor...
2025-03-27 15:11:47,709 - INFO - Price monitor completed successfully
2025-03-27 15:11:47,711 - INFO - Starting order placement...
2025-03-27 15:11:48,966 - ERROR - Order placement exited with code 1
2025-03-27 15:11:48,967 - INFO - Waiting 60 seconds until next cycle...
2025-03-27 15:12:49,047 - INFO - Starting cycle 34
2025-03-27 15:12:49,049 - INFO - Starting price monitor...
2025-03-27 15:13:56,470 - INFO - Price monitor completed successfully
2025-03-27 15:13:56,471 - INFO - Starting order placement...
2025-03-27 15:13:57,583 - ERROR - Order placement exited with code 1
2025-03-27 15:13:57,588 - INFO - Waiting 60 seconds until next cycle...
2025-03-27 15:14:57,666 - INFO - Starting cycle 35
2025-03-27 15:14:57,668 - INFO - Starting price monitor...
2025-03-27 15:16:08,327 - INFO - Price monitor completed successfully
2025-03-27 15:16:08,332 - INFO - Starting order placement...
2025-03-27 15:16:09,422 - ERROR - Order placement exited with code 1
2025-03-27 15:16:09,423 - INFO - Waiting 60 seconds until next cycle...
2025-03-27 15:17:09,505 - INFO - Starting cycle 36
2025-03-27 15:17:09,507 - INFO - Starting price monitor...
2025-03-27 15:18:17,654 - INFO - Price monitor completed successfully
2025-03-27 15:18:17,656 - INFO - Starting order placement...
2025-03-27 15:18:18,768 - ERROR - Order placement exited with code 1
2025-03-27 15:18:18,770 - INFO - Waiting 60 seconds until next cycle...
2025-03-27 15:19:18,851 - INFO - Starting cycle 37
2025-03-27 15:19:18,853 - INFO - Starting price monitor...
2025-03-27 15:20:26,691 - INFO - Price monitor completed successfully
2025-03-27 15:20:26,692 - INFO - Starting order placement...
2025-03-27 15:20:27,822 - ERROR - Order placement exited with code 1
2025-03-27 15:20:27,829 - INFO - Waiting 60 seconds until next cycle...
2025-03-27 15:21:27,902 - INFO - Starting cycle 38
2025-03-27 15:21:27,904 - INFO - Starting price monitor...
2025-03-27 15:22:35,996 - INFO - Price monitor completed successfully
2025-03-27 15:22:35,997 - INFO - Starting order placement...
2025-03-27 15:22:37,023 - ERROR - Order placement exited with code 1
2025-03-27 15:22:37,025 - INFO - Waiting 60 seconds until next cycle...
2025-03-27 15:23:37,105 - INFO - Starting cycle 39
2025-03-27 15:23:37,107 - INFO - Starting price monitor...
2025-03-27 15:24:44,691 - INFO - Price monitor completed successfully
2025-03-27 15:24:44,699 - INFO - Starting order placement...
2025-03-27 15:24:46,266 - ERROR - Order placement exited with code 1
2025-03-27 15:24:46,269 - INFO - Waiting 60 seconds until next cycle...
2025-03-27 15:25:46,348 - INFO - Starting cycle 40
2025-03-27 15:25:46,353 - INFO - Starting price monitor...
2025-03-27 15:26:54,014 - INFO - Price monitor completed successfully
2025-03-27 15:26:54,018 - INFO - Starting order placement...
2025-03-27 15:26:55,085 - ERROR - Order placement exited with code 1
2025-03-27 15:26:55,087 - INFO - Waiting 60 seconds until next cycle...
2025-03-27 15:27:55,168 - INFO - Starting cycle 41
2025-03-27 15:27:55,172 - INFO - Starting price monitor...
2025-03-27 15:29:02,944 - INFO - Price monitor completed successfully
2025-03-27 15:29:02,946 - INFO - Starting order placement...
2025-03-27 15:29:04,088 - ERROR - Order placement exited with code 1
2025-03-27 15:29:04,090 - INFO - Waiting 60 seconds until next cycle...
2025-03-27 15:30:04,168 - INFO - Starting cycle 42
2025-03-27 15:30:04,170 - INFO - Starting price monitor...
2025-03-27 15:31:11,876 - INFO - Price monitor completed successfully
2025-03-27 15:31:11,878 - INFO - Starting order placement...
2025-03-27 15:31:13,126 - ERROR - Order placement exited with code 1
2025-03-27 15:31:13,127 - INFO - Waiting 60 seconds until next cycle...
2025-03-27 15:32:13,211 - INFO - Starting cycle 43
2025-03-27 15:32:13,213 - INFO - Starting price monitor...
2025-03-27 15:33:22,047 - INFO - Price monitor completed successfully
2025-03-27 15:33:22,048 - INFO - Starting order placement...
2025-03-27 15:33:23,291 - ERROR - Order placement exited with code 1
2025-03-27 15:33:23,296 - INFO - Waiting 60 seconds until next cycle...
2025-03-27 15:34:23,379 - INFO - Starting cycle 44
2025-03-27 15:34:23,381 - INFO - Starting price monitor...
2025-03-27 15:35:31,514 - INFO - Price monitor completed successfully
2025-03-27 15:35:31,515 - INFO - Starting order placement...
2025-03-27 15:35:32,551 - ERROR - Order placement exited with code 1
2025-03-27 15:35:32,554 - INFO - Waiting 60 seconds until next cycle...
2025-03-27 15:36:32,621 - INFO - Starting cycle 45
2025-03-27 15:36:32,623 - INFO - Starting price monitor...
2025-03-27 15:37:40,238 - INFO - Price monitor completed successfully
2025-03-27 15:37:40,240 - INFO - Starting order placement...
2025-03-27 15:37:41,322 - ERROR - Order placement exited with code 1
2025-03-27 15:37:41,327 - INFO - Waiting 60 seconds until next cycle...
2025-03-27 15:38:41,402 - INFO - Starting cycle 46
2025-03-27 15:38:41,406 - INFO - Starting price monitor...
2025-03-27 15:39:49,834 - INFO - Price monitor completed successfully
2025-03-27 15:39:49,836 - INFO - Starting order placement...
2025-03-27 15:39:51,343 - ERROR - Order placement exited with code 1
2025-03-27 15:39:51,352 - INFO - Waiting 60 seconds until next cycle...
2025-03-27 15:40:51,431 - INFO - Starting cycle 47
2025-03-27 15:40:51,433 - INFO - Starting price monitor...
2025-03-27 15:41:59,222 - INFO - Price monitor completed successfully
2025-03-27 15:41:59,224 - INFO - Starting order placement...
2025-03-27 15:42:00,256 - ERROR - Order placement exited with code 1
2025-03-27 15:42:00,257 - INFO - Waiting 60 seconds until next cycle...
2025-03-27 15:43:00,343 - INFO - Starting cycle 48
2025-03-27 15:43:00,348 - INFO - Starting price monitor...
2025-03-27 15:44:08,853 - INFO - Price monitor completed successfully
2025-03-27 15:44:08,856 - INFO - Starting order placement...
2025-03-27 15:44:10,047 - ERROR - Order placement exited with code 1
2025-03-27 15:44:10,051 - INFO - Waiting 60 seconds until next cycle...
2025-03-27 15:45:10,130 - INFO - Starting cycle 49
2025-03-27 15:45:10,134 - INFO - Starting price monitor...
2025-03-27 15:46:18,794 - INFO - Price monitor completed successfully
2025-03-27 15:46:18,796 - INFO - Starting order placement...
2025-03-27 15:46:19,916 - ERROR - Order placement exited with code 1
2025-03-27 15:46:19,919 - INFO - Waiting 60 seconds until next cycle...
2025-03-27 15:47:20,001 - INFO - Starting cycle 50
2025-03-27 15:47:20,006 - INFO - Starting price monitor...
2025-03-27 15:48:27,951 - INFO - Price monitor completed successfully
2025-03-27 15:48:27,953 - INFO - Starting order placement...
2025-03-27 15:48:29,053 - ERROR - Order placement exited with code 1
2025-03-27 15:48:29,056 - INFO - Waiting 60 seconds until next cycle...
2025-03-27 15:49:29,140 - INFO - Starting cycle 51
2025-03-27 15:49:29,144 - INFO - Starting price monitor...
2025-03-27 15:50:36,969 - INFO - Price monitor completed successfully
2025-03-27 15:50:36,971 - INFO - Starting order placement...
2025-03-27 15:50:38,157 - ERROR - Order placement exited with code 1
2025-03-27 15:50:38,161 - INFO - Waiting 60 seconds until next cycle...
2025-03-27 15:51:38,236 - INFO - Starting cycle 52
2025-03-27 15:51:38,240 - INFO - Starting price monitor...
2025-03-27 15:52:47,571 - INFO - Price monitor completed successfully
2025-03-27 15:52:47,572 - INFO - Starting order placement...
2025-03-27 15:52:49,446 - ERROR - Order placement exited with code 1
2025-03-27 15:52:49,449 - INFO - Waiting 60 seconds until next cycle...
2025-03-27 15:53:49,534 - INFO - Starting cycle 53
2025-03-27 15:53:49,536 - INFO - Starting price monitor...
2025-03-27 15:54:57,448 - INFO - Price monitor completed successfully
2025-03-27 15:54:57,449 - INFO - Starting order placement...
2025-03-27 15:54:58,686 - ERROR - Order placement exited with code 1
2025-03-27 15:54:58,691 - INFO - Waiting 60 seconds until next cycle...
2025-03-27 15:55:58,773 - INFO - Starting cycle 54
2025-03-27 15:55:58,775 - INFO - Starting price monitor...
2025-03-27 15:57:06,533 - INFO - Price monitor completed successfully
2025-03-27 15:57:06,535 - INFO - Starting order placement...
2025-03-27 15:57:09,652 - ERROR - Order placement exited with code 1
2025-03-27 15:57:09,658 - INFO - Waiting 60 seconds until next cycle...
2025-03-27 15:58:09,744 - INFO - Starting cycle 55
2025-03-27 15:58:09,746 - INFO - Starting price monitor...
2025-03-27 15:59:18,291 - INFO - Price monitor completed successfully
2025-03-27 15:59:18,292 - INFO - Starting order placement...
2025-03-27 15:59:19,690 - ERROR - Order placement exited with code 1
2025-03-27 15:59:19,696 - INFO - Waiting 60 seconds until next cycle...
2025-03-27 16:00:19,777 - INFO - Starting cycle 56
2025-03-27 16:00:19,779 - INFO - Starting price monitor...
2025-03-27 16:01:27,796 - INFO - Price monitor completed successfully
2025-03-27 16:01:27,805 - INFO - Starting order placement...
2025-03-27 16:01:28,912 - ERROR - Order placement exited with code 1
2025-03-27 16:01:28,913 - INFO - Waiting 60 seconds until next cycle...
2025-03-27 16:02:28,996 - INFO - Starting cycle 57
2025-03-27 16:02:28,997 - INFO - Starting price monitor...
2025-03-27 16:03:36,732 - INFO - Price monitor completed successfully
2025-03-27 16:03:36,734 - INFO - Starting order placement...
2025-03-27 16:03:38,011 - ERROR - Order placement exited with code 1
2025-03-27 16:03:38,017 - INFO - Waiting 60 seconds until next cycle...
2025-03-27 16:04:38,101 - INFO - Starting cycle 58
2025-03-27 16:04:38,102 - INFO - Starting price monitor...
2025-03-27 16:05:48,984 - INFO - Price monitor completed successfully
2025-03-27 16:05:48,985 - INFO - Starting order placement...
2025-03-27 16:05:50,080 - ERROR - Order placement exited with code 1
2025-03-27 16:05:50,081 - INFO - Waiting 60 seconds until next cycle...
2025-03-27 16:06:50,164 - INFO - Starting cycle 59
2025-03-27 16:06:50,166 - INFO - Starting price monitor...
2025-03-27 16:07:58,914 - INFO - Price monitor completed successfully
2025-03-27 16:07:58,915 - INFO - Starting order placement...
2025-03-27 16:08:00,065 - ERROR - Order placement exited with code 1
2025-03-27 16:08:00,068 - INFO - Waiting 60 seconds until next cycle...
2025-03-27 16:09:00,134 - INFO - Starting cycle 60
2025-03-27 16:09:00,135 - INFO - Starting price monitor...
2025-03-27 16:10:07,648 - INFO - Price monitor completed successfully
2025-03-27 16:10:07,649 - INFO - Starting order placement...
2025-03-27 16:10:08,750 - ERROR - Order placement exited with code 1
2025-03-27 16:10:08,751 - INFO - Waiting 60 seconds until next cycle...
2025-03-27 16:11:08,824 - INFO - Starting cycle 61
2025-03-27 16:11:08,826 - INFO - Starting price monitor...
2025-03-27 16:12:16,547 - INFO - Price monitor completed successfully
2025-03-27 16:12:16,549 - INFO - Starting order placement...
2025-03-27 16:12:17,626 - ERROR - Order placement exited with code 1
2025-03-27 16:12:17,628 - INFO - Waiting 60 seconds until next cycle...
2025-03-27 16:13:17,705 - INFO - Starting cycle 62
2025-03-27 16:13:17,706 - INFO - Starting price monitor...
2025-03-27 16:14:25,408 - INFO - Price monitor completed successfully
2025-03-27 16:14:25,414 - INFO - Starting order placement...
2025-03-27 16:14:26,722 - ERROR - Order placement exited with code 1
2025-03-27 16:14:26,726 - INFO - Waiting 60 seconds until next cycle...
2025-03-27 16:15:26,801 - INFO - Starting cycle 63
2025-03-27 16:15:26,804 - INFO - Starting price monitor...
2025-03-27 16:16:34,421 - INFO - Price monitor completed successfully
2025-03-27 16:16:34,424 - INFO - Starting order placement...
2025-03-27 16:16:35,518 - ERROR - Order placement exited with code 1
2025-03-27 16:16:35,519 - INFO - Waiting 60 seconds until next cycle...
2025-03-27 16:17:35,600 - INFO - Starting cycle 64
2025-03-27 16:17:35,603 - INFO - Starting price monitor...
2025-03-27 16:18:43,405 - INFO - Price monitor completed successfully
2025-03-27 16:18:43,406 - INFO - Starting order placement...
2025-03-27 16:18:45,278 - ERROR - Order placement exited with code 1
2025-03-27 16:18:45,288 - INFO - Waiting 60 seconds until next cycle...
2025-03-27 16:19:45,370 - INFO - Starting cycle 65
2025-03-27 16:19:45,371 - INFO - Starting price monitor...
2025-03-27 16:20:54,470 - INFO - Price monitor completed successfully
2025-03-27 16:20:54,472 - INFO - Starting order placement...
2025-03-27 16:20:55,580 - ERROR - Order placement exited with code 1
2025-03-27 16:20:55,588 - INFO - Waiting 60 seconds until next cycle...
2025-03-27 16:21:55,656 - INFO - Starting cycle 66
2025-03-27 16:21:55,658 - INFO - Starting price monitor...
2025-03-27 16:23:03,466 - INFO - Price monitor completed successfully
2025-03-27 16:23:03,468 - INFO - Starting order placement...
2025-03-27 16:23:04,552 - ERROR - Order placement exited with code 1
2025-03-27 16:23:04,553 - INFO - Waiting 60 seconds until next cycle...
2025-03-27 16:24:04,618 - INFO - Starting cycle 67
2025-03-27 16:24:04,619 - INFO - Starting price monitor...
2025-03-27 16:25:12,027 - INFO - Price monitor completed successfully
2025-03-27 16:25:12,028 - INFO - Starting order placement...
2025-03-27 16:25:13,151 - ERROR - Order placement exited with code 1
2025-03-27 16:25:13,152 - INFO - Waiting 60 seconds until next cycle...
2025-03-27 16:26:13,229 - INFO - Starting cycle 68
2025-03-27 16:26:13,231 - INFO - Starting price monitor...
2025-03-27 16:27:20,959 - INFO - Price monitor completed successfully
2025-03-27 16:27:20,961 - INFO - Starting order placement...
2025-03-27 16:27:22,158 - ERROR - Order placement exited with code 1
2025-03-27 16:27:22,159 - INFO - Waiting 60 seconds until next cycle...
2025-03-27 16:28:22,229 - INFO - Starting cycle 69
2025-03-27 16:28:22,233 - INFO - Starting price monitor...
2025-03-27 16:29:29,753 - INFO - Price monitor completed successfully
2025-03-27 16:29:29,755 - INFO - Starting order placement...
2025-03-27 16:29:30,906 - ERROR - Order placement exited with code 1
2025-03-27 16:29:30,910 - INFO - Waiting 60 seconds until next cycle...
2025-03-27 16:30:30,993 - INFO - Starting cycle 70
2025-03-27 16:30:30,996 - INFO - Starting price monitor...
2025-03-27 16:31:38,613 - INFO - Price monitor completed successfully
2025-03-27 16:31:38,614 - INFO - Starting order placement...
2025-03-27 16:31:39,888 - ERROR - Order placement exited with code 1
2025-03-27 16:31:39,889 - INFO - Waiting 60 seconds until next cycle...
2025-03-27 16:32:39,975 - INFO - Starting cycle 71
2025-03-27 16:32:39,976 - INFO - Starting price monitor...
2025-03-27 16:33:47,534 - INFO - Price monitor completed successfully
2025-03-27 16:33:47,535 - INFO - Starting order placement...
2025-03-27 16:33:48,689 - ERROR - Order placement exited with code 1
2025-03-27 16:33:48,690 - INFO - Waiting 60 seconds until next cycle...
2025-03-27 16:34:48,764 - INFO - Starting cycle 72
2025-03-27 16:34:48,766 - INFO - Starting price monitor...
2025-03-27 16:35:56,363 - INFO - Price monitor completed successfully
2025-03-27 16:35:56,369 - INFO - Starting order placement...
2025-03-27 16:35:57,533 - ERROR - Order placement exited with code 1
2025-03-27 16:35:57,538 - INFO - Waiting 60 seconds until next cycle...
2025-03-27 16:36:57,617 - INFO - Starting cycle 73
2025-03-27 16:36:57,618 - INFO - Starting price monitor...
2025-03-27 16:38:05,277 - INFO - Price monitor completed successfully
2025-03-27 16:38:05,279 - INFO - Starting order placement...
2025-03-27 16:38:06,516 - ERROR - Order placement exited with code 1
2025-03-27 16:38:06,518 - INFO - Waiting 60 seconds until next cycle...
2025-03-27 16:39:06,586 - INFO - Starting cycle 74
2025-03-27 16:39:06,587 - INFO - Starting price monitor...
2025-03-27 16:40:13,986 - INFO - Price monitor completed successfully
2025-03-27 16:40:13,987 - INFO - Starting order placement...
2025-03-27 16:40:15,107 - ERROR - Order placement exited with code 1
2025-03-27 16:40:15,109 - INFO - Waiting 60 seconds until next cycle...
2025-03-27 16:41:15,192 - INFO - Starting cycle 75
2025-03-27 16:41:15,193 - INFO - Starting price monitor...
2025-03-27 16:42:23,180 - INFO - Price monitor completed successfully
2025-03-27 16:42:23,182 - INFO - Starting order placement...
2025-03-27 16:42:24,604 - ERROR - Order placement exited with code 1
2025-03-27 16:42:24,608 - INFO - Waiting 60 seconds until next cycle...
2025-03-27 16:43:24,681 - INFO - Starting cycle 76
2025-03-27 16:43:24,688 - INFO - Starting price monitor...
2025-03-27 16:44:32,657 - INFO - Price monitor completed successfully
2025-03-27 16:44:32,658 - INFO - Starting order placement...
2025-03-27 16:44:33,865 - ERROR - Order placement exited with code 1
2025-03-27 16:44:33,867 - INFO - Waiting 60 seconds until next cycle...
2025-03-27 16:45:33,932 - INFO - Starting cycle 77
2025-03-27 16:45:33,934 - INFO - Starting price monitor...
2025-03-27 16:46:41,953 - INFO - Price monitor completed successfully
2025-03-27 16:46:41,954 - INFO - Starting order placement...
2025-03-27 16:46:43,229 - ERROR - Order placement exited with code 1
2025-03-27 16:46:43,230 - INFO - Waiting 60 seconds until next cycle...
2025-03-27 16:47:43,323 - INFO - Starting cycle 78
2025-03-27 16:47:43,324 - INFO - Starting price monitor...
2025-03-27 16:48:51,074 - INFO - Price monitor completed successfully
2025-03-27 16:48:51,079 - INFO - Starting order placement...
2025-03-27 16:48:52,293 - ERROR - Order placement exited with code 1
2025-03-27 16:48:52,294 - INFO - Waiting 60 seconds until next cycle...
2025-03-27 16:49:52,376 - INFO - Starting cycle 79
2025-03-27 16:49:52,380 - INFO - Starting price monitor...
2025-03-27 16:51:00,135 - INFO - Price monitor completed successfully
2025-03-27 16:51:00,136 - INFO - Starting order placement...
2025-03-27 16:51:01,508 - ERROR - Order placement exited with code 1
2025-03-27 16:51:01,509 - INFO - Waiting 60 seconds until next cycle...
2025-03-27 16:52:01,593 - INFO - Starting cycle 80
2025-03-27 16:52:01,594 - INFO - Starting price monitor...
2025-03-27 16:53:09,388 - INFO - Price monitor completed successfully
2025-03-27 16:53:09,390 - INFO - Starting order placement...
2025-03-27 16:53:10,875 - ERROR - Order placement exited with code 1
2025-03-27 16:53:10,879 - INFO - Waiting 60 seconds until next cycle...
2025-03-27 16:54:10,951 - INFO - Starting cycle 81
2025-03-27 16:54:10,953 - INFO - Starting price monitor...
2025-03-27 16:55:18,621 - INFO - Price monitor completed successfully
2025-03-27 16:55:18,623 - INFO - Starting order placement...
2025-03-27 16:55:19,911 - ERROR - Order placement exited with code 1
2025-03-27 16:55:19,913 - INFO - Waiting 60 seconds until next cycle...
2025-03-27 16:56:19,980 - INFO - Starting cycle 82
2025-03-27 16:56:19,982 - INFO - Starting price monitor...
2025-03-27 16:57:27,722 - INFO - Price monitor completed successfully
2025-03-27 16:57:27,727 - INFO - Starting order placement...
2025-03-27 16:57:29,088 - ERROR - Order placement exited with code 1
2025-03-27 16:57:29,093 - INFO - Waiting 60 seconds until next cycle...
2025-03-27 16:58:29,179 - INFO - Starting cycle 83
2025-03-27 16:58:29,181 - INFO - Starting price monitor...
2025-03-27 16:59:36,682 - INFO - Price monitor completed successfully
2025-03-27 16:59:36,684 - INFO - Starting order placement...
2025-03-27 16:59:38,005 - ERROR - Order placement exited with code 1
2025-03-27 16:59:38,010 - INFO - Waiting 60 seconds until next cycle...
2025-03-27 17:00:38,096 - INFO - Starting cycle 84
2025-03-27 17:00:38,100 - INFO - Starting price monitor...
2025-03-27 17:01:45,750 - INFO - Price monitor completed successfully
2025-03-27 17:01:45,752 - INFO - Starting order placement...
2025-03-27 17:01:46,975 - ERROR - Order placement exited with code 1
2025-03-27 17:01:46,977 - INFO - Waiting 60 seconds until next cycle...
2025-03-27 17:02:47,051 - INFO - Starting cycle 85
2025-03-27 17:02:47,053 - INFO - Starting price monitor...
2025-03-27 17:03:54,792 - INFO - Price monitor completed successfully
2025-03-27 17:03:54,793 - INFO - Starting order placement...
2025-03-27 17:03:56,118 - ERROR - Order placement exited with code 1
2025-03-27 17:03:56,122 - INFO - Waiting 60 seconds until next cycle...
2025-03-27 17:04:56,200 - INFO - Starting cycle 86
2025-03-27 17:04:56,202 - INFO - Starting price monitor...
2025-03-27 17:06:04,133 - INFO - Price monitor completed successfully
2025-03-27 17:06:04,134 - INFO - Starting order placement...
2025-03-27 17:06:05,388 - ERROR - Order placement exited with code 1
2025-03-27 17:06:05,393 - INFO - Waiting 60 seconds until next cycle...
2025-03-27 17:07:05,475 - INFO - Starting cycle 87
2025-03-27 17:07:05,477 - INFO - Starting price monitor...
2025-03-27 17:08:13,286 - INFO - Price monitor completed successfully
2025-03-27 17:08:13,287 - INFO - Starting order placement...
2025-03-27 17:08:14,577 - ERROR - Order placement exited with code 1
2025-03-27 17:08:14,578 - INFO - Waiting 60 seconds until next cycle...
2025-03-27 17:09:14,657 - INFO - Starting cycle 88
2025-03-27 17:09:14,667 - INFO - Starting price monitor...
2025-03-27 17:10:22,799 - INFO - Price monitor completed successfully
2025-03-27 17:10:22,800 - INFO - Starting order placement...
2025-03-27 17:10:24,047 - ERROR - Order placement exited with code 1
2025-03-27 17:10:24,054 - INFO - Waiting 60 seconds until next cycle...
2025-03-27 17:11:24,133 - INFO - Starting cycle 89
2025-03-27 17:11:24,134 - INFO - Starting price monitor...
2025-03-27 17:12:31,712 - INFO - Price monitor completed successfully
2025-03-27 17:12:31,714 - INFO - Starting order placement...
2025-03-27 17:12:33,054 - ERROR - Order placement exited with code 1
2025-03-27 17:12:33,055 - INFO - Waiting 60 seconds until next cycle...
2025-03-27 17:13:33,135 - INFO - Starting cycle 90
2025-03-27 17:13:33,137 - INFO - Starting price monitor...
2025-03-27 17:14:40,976 - INFO - Price monitor completed successfully
2025-03-27 17:14:40,978 - INFO - Starting order placement...
2025-03-27 17:14:42,053 - ERROR - Order placement exited with code 1
2025-03-27 17:14:42,055 - INFO - Waiting 60 seconds until next cycle...
2025-03-27 17:15:42,140 - INFO - Starting cycle 91
2025-03-27 17:15:42,142 - INFO - Starting price monitor...
2025-03-27 17:16:49,825 - INFO - Price monitor completed successfully
2025-03-27 17:16:49,827 - INFO - Starting order placement...
2025-03-27 17:16:51,179 - ERROR - Order placement exited with code 1
2025-03-27 17:16:51,186 - INFO - Waiting 60 seconds until next cycle...
2025-03-27 17:17:51,278 - INFO - Starting cycle 92
2025-03-27 17:17:51,280 - INFO - Starting price monitor...
2025-03-27 17:18:58,779 - INFO - Price monitor completed successfully
2025-03-27 17:18:58,781 - INFO - Starting order placement...
2025-03-27 17:19:00,000 - ERROR - Order placement exited with code 1
2025-03-27 17:19:00,006 - INFO - Waiting 60 seconds until next cycle...
2025-03-27 17:20:00,091 - INFO - Starting cycle 93
2025-03-27 17:20:00,093 - INFO - Starting price monitor...
2025-03-27 17:21:08,078 - INFO - Price monitor completed successfully
2025-03-27 17:21:08,080 - INFO - Starting order placement...
2025-03-27 17:21:09,447 - ERROR - Order placement exited with code 1
2025-03-27 17:21:09,450 - INFO - Waiting 60 seconds until next cycle...
2025-03-27 17:22:09,540 - INFO - Starting cycle 94
2025-03-27 17:22:09,544 - INFO - Starting price monitor...
2025-03-27 17:23:17,556 - INFO - Price monitor completed successfully
2025-03-27 17:23:17,558 - INFO - Starting order placement...
2025-03-27 17:23:18,629 - ERROR - Order placement exited with code 1
2025-03-27 17:23:18,630 - INFO - Waiting 60 seconds until next cycle...
2025-03-27 17:24:18,709 - INFO - Starting cycle 95
2025-03-27 17:24:18,712 - INFO - Starting price monitor...
2025-03-27 17:25:26,547 - INFO - Price monitor completed successfully
2025-03-27 17:25:26,551 - INFO - Starting order placement...
2025-03-27 17:25:27,944 - ERROR - Order placement exited with code 1
2025-03-27 17:25:27,945 - INFO - Waiting 60 seconds until next cycle...
2025-03-27 17:26:28,022 - INFO - Starting cycle 96
2025-03-27 17:26:28,024 - INFO - Starting price monitor...
2025-03-27 17:27:35,804 - INFO - Price monitor completed successfully
2025-03-27 17:27:35,807 - INFO - Starting order placement...
2025-03-27 17:27:37,234 - ERROR - Order placement exited with code 1
2025-03-27 17:27:37,236 - INFO - Waiting 60 seconds until next cycle...
2025-03-27 17:28:37,308 - INFO - Starting cycle 97
2025-03-27 17:28:37,310 - INFO - Starting price monitor...
2025-03-27 17:29:44,650 - INFO - Price monitor completed successfully
2025-03-27 17:29:44,651 - INFO - Starting order placement...
2025-03-27 17:29:45,998 - ERROR - Order placement exited with code 1
2025-03-27 17:29:46,002 - INFO - Waiting 60 seconds until next cycle...
2025-03-27 17:30:46,082 - INFO - Starting cycle 98
2025-03-27 17:30:46,089 - INFO - Starting price monitor...
2025-03-27 17:31:53,791 - INFO - Price monitor completed successfully
2025-03-27 17:31:53,794 - INFO - Starting order placement...
2025-03-27 17:31:55,099 - ERROR - Order placement exited with code 1
2025-03-27 17:31:55,103 - INFO - Waiting 60 seconds until next cycle...
2025-03-27 17:32:55,170 - INFO - Starting cycle 99
2025-03-27 17:32:55,173 - INFO - Starting price monitor...
2025-03-27 17:34:02,855 - INFO - Price monitor completed successfully
2025-03-27 17:34:02,856 - INFO - Starting order placement...
2025-03-27 17:34:04,224 - ERROR - Order placement exited with code 1
2025-03-27 17:34:04,226 - INFO - Waiting 60 seconds until next cycle...
2025-03-27 17:35:04,302 - INFO - Starting cycle 100
2025-03-27 17:35:04,304 - INFO - Starting price monitor...
2025-03-27 17:36:11,998 - INFO - Price monitor completed successfully
2025-03-27 17:36:12,000 - INFO - Starting order placement...
2025-03-27 17:36:13,286 - ERROR - Order placement exited with code 1
2025-03-27 17:36:13,288 - INFO - Waiting 60 seconds until next cycle...
2025-03-27 17:37:13,366 - INFO - Starting cycle 101
2025-03-27 17:37:13,371 - INFO - Starting price monitor...
2025-03-27 17:38:21,371 - INFO - Price monitor completed successfully
2025-03-27 17:38:21,377 - INFO - Starting order placement...
2025-03-27 17:38:22,700 - ERROR - Order placement exited with code 1
2025-03-27 17:38:22,704 - INFO - Waiting 60 seconds until next cycle...
2025-03-27 17:39:22,779 - INFO - Starting cycle 102
2025-03-27 17:39:22,784 - INFO - Starting price monitor...
2025-03-27 17:40:30,599 - INFO - Price monitor completed successfully
2025-03-27 17:40:30,601 - INFO - Starting order placement...
2025-03-27 17:40:31,778 - ERROR - Order placement exited with code 1
2025-03-27 17:40:31,782 - INFO - Waiting 60 seconds until next cycle...
2025-03-27 17:41:31,854 - INFO - Starting cycle 103
2025-03-27 17:41:31,855 - INFO - Starting price monitor...
2025-03-27 17:42:39,790 - INFO - Price monitor completed successfully
2025-03-27 17:42:39,791 - INFO - Starting order placement...
2025-03-27 17:42:41,091 - ERROR - Order placement exited with code 1
2025-03-27 17:42:41,093 - INFO - Waiting 60 seconds until next cycle...
2025-03-27 17:43:41,164 - INFO - Starting cycle 104
2025-03-27 17:43:41,168 - INFO - Starting price monitor...
2025-03-27 17:44:48,832 - INFO - Price monitor completed successfully
2025-03-27 17:44:48,833 - INFO - Starting order placement...
2025-03-27 17:44:50,134 - ERROR - Order placement exited with code 1
2025-03-27 17:44:50,139 - INFO - Waiting 60 seconds until next cycle...
2025-03-27 17:45:50,216 - INFO - Starting cycle 105
2025-03-27 17:45:50,217 - INFO - Starting price monitor...
2025-03-27 17:46:57,890 - INFO - Price monitor completed successfully
2025-03-27 17:46:57,891 - INFO - Starting order placement...
2025-03-27 17:46:59,072 - ERROR - Order placement exited with code 1
2025-03-27 17:46:59,073 - INFO - Waiting 60 seconds until next cycle...
2025-03-27 17:47:59,150 - INFO - Starting cycle 106
2025-03-27 17:47:59,152 - INFO - Starting price monitor...
2025-03-27 17:49:06,902 - INFO - Price monitor completed successfully
2025-03-27 17:49:06,904 - INFO - Starting order placement...
2025-03-27 17:49:08,162 - ERROR - Order placement exited with code 1
2025-03-27 17:49:08,165 - INFO - Waiting 60 seconds until next cycle...
2025-03-27 17:50:08,239 - INFO - Starting cycle 107
2025-03-27 17:50:08,241 - INFO - Starting price monitor...
2025-03-27 17:51:16,022 - INFO - Price monitor completed successfully
2025-03-27 17:51:16,024 - INFO - Starting order placement...
2025-03-27 17:51:17,285 - ERROR - Order placement exited with code 1
2025-03-27 17:51:17,288 - INFO - Waiting 60 seconds until next cycle...
2025-03-27 17:52:17,365 - INFO - Starting cycle 108
2025-03-27 17:52:17,366 - INFO - Starting price monitor...
2025-03-27 17:53:25,288 - INFO - Price monitor completed successfully
2025-03-27 17:53:25,289 - INFO - Starting order placement...
2025-03-27 17:53:26,426 - ERROR - Order placement exited with code 1
2025-03-27 17:53:26,431 - INFO - Waiting 60 seconds until next cycle...
2025-03-27 17:54:26,509 - INFO - Starting cycle 109
2025-03-27 17:54:26,512 - INFO - Starting price monitor...
2025-03-27 17:55:34,134 - INFO - Price monitor completed successfully
2025-03-27 17:55:34,136 - INFO - Starting order placement...
2025-03-27 17:55:35,289 - ERROR - Order placement exited with code 1
2025-03-27 17:55:35,295 - INFO - Waiting 60 seconds until next cycle...
2025-03-27 17:56:35,375 - INFO - Starting cycle 110
2025-03-27 17:56:35,376 - INFO - Starting price monitor...
2025-03-27 17:57:42,931 - INFO - Price monitor completed successfully
2025-03-27 17:57:42,932 - INFO - Starting order placement...
2025-03-27 17:57:44,126 - ERROR - Order placement exited with code 1
2025-03-27 17:57:44,127 - INFO - Waiting 60 seconds until next cycle...
2025-03-27 17:58:44,209 - INFO - Starting cycle 111
2025-03-27 17:58:44,213 - INFO - Starting price monitor...
2025-03-27 17:59:52,186 - INFO - Price monitor completed successfully
2025-03-27 17:59:52,187 - INFO - Starting order placement...
2025-03-27 17:59:53,300 - ERROR - Order placement exited with code 1
2025-03-27 17:59:53,301 - INFO - Waiting 60 seconds until next cycle...
2025-03-27 18:00:53,382 - INFO - Starting cycle 112
2025-03-27 18:00:53,383 - INFO - Starting price monitor...
2025-03-27 18:02:01,195 - INFO - Price monitor completed successfully
2025-03-27 18:02:01,197 - INFO - Starting order placement...
2025-03-27 18:02:02,641 - ERROR - Order placement exited with code 1
2025-03-27 18:02:02,647 - INFO - Waiting 60 seconds until next cycle...
2025-03-27 18:03:02,720 - INFO - Starting cycle 113
2025-03-27 18:03:02,722 - INFO - Starting price monitor...
2025-03-27 18:04:10,327 - INFO - Price monitor completed successfully
2025-03-27 18:04:10,329 - INFO - Starting order placement...
2025-03-27 18:04:11,790 - ERROR - Order placement exited with code 1
2025-03-27 18:04:11,792 - INFO - Waiting 60 seconds until next cycle...
2025-03-27 18:05:11,867 - INFO - Starting cycle 114
2025-03-27 18:05:11,869 - INFO - Starting price monitor...
2025-03-27 18:06:19,684 - INFO - Price monitor completed successfully
2025-03-27 18:06:19,685 - INFO - Starting order placement...
2025-03-27 18:06:21,044 - ERROR - Order placement exited with code 1
2025-03-27 18:06:21,048 - INFO - Waiting 60 seconds until next cycle...
2025-03-27 18:07:21,133 - INFO - Starting cycle 115
2025-03-27 18:07:21,135 - INFO - Starting price monitor...
2025-03-27 18:08:28,939 - INFO - Price monitor completed successfully
2025-03-27 18:08:28,941 - INFO - Starting order placement...
2025-03-27 18:08:30,139 - ERROR - Order placement exited with code 1
2025-03-27 18:08:30,144 - INFO - Waiting 60 seconds until next cycle...
2025-03-27 18:09:30,208 - INFO - Starting cycle 116
2025-03-27 18:09:30,209 - INFO - Starting price monitor...
2025-03-27 18:10:37,998 - INFO - Price monitor completed successfully
2025-03-27 18:10:38,000 - INFO - Starting order placement...
2025-03-27 18:10:39,175 - ERROR - Order placement exited with code 1
2025-03-27 18:10:39,176 - INFO - Waiting 60 seconds until next cycle...
2025-03-27 18:11:39,241 - INFO - Starting cycle 117
2025-03-27 18:11:39,243 - INFO - Starting price monitor...
2025-03-27 18:12:46,864 - INFO - Price monitor completed successfully
2025-03-27 18:12:46,866 - INFO - Starting order placement...
2025-03-27 18:12:48,007 - ERROR - Order placement exited with code 1
2025-03-27 18:12:48,008 - INFO - Waiting 60 seconds until next cycle...
2025-03-27 18:13:48,073 - INFO - Starting cycle 118
2025-03-27 18:13:48,074 - INFO - Starting price monitor...
2025-03-27 18:14:55,670 - INFO - Price monitor completed successfully
2025-03-27 18:14:55,672 - INFO - Starting order placement...
2025-03-27 18:14:56,950 - ERROR - Order placement exited with code 1
2025-03-27 18:14:56,951 - INFO - Waiting 60 seconds until next cycle...
2025-03-27 18:15:57,013 - INFO - Starting cycle 119
2025-03-27 18:15:57,014 - INFO - Starting price monitor...
2025-03-27 18:17:04,522 - INFO - Price monitor completed successfully
2025-03-27 18:17:04,524 - INFO - Starting order placement...
2025-03-27 18:17:05,747 - ERROR - Order placement exited with code 1
2025-03-27 18:17:05,748 - INFO - Waiting 60 seconds until next cycle...
2025-03-27 18:18:05,816 - INFO - Starting cycle 120
2025-03-27 18:18:05,817 - INFO - Starting price monitor...
2025-03-27 18:19:13,516 - INFO - Price monitor completed successfully
2025-03-27 18:19:13,517 - INFO - Starting order placement...
2025-03-27 18:19:14,732 - ERROR - Order placement exited with code 1
2025-03-27 18:19:14,735 - INFO - Waiting 60 seconds until next cycle...
2025-03-27 18:20:14,813 - INFO - Starting cycle 121
2025-03-27 18:20:14,814 - INFO - Starting price monitor...
2025-03-27 18:21:23,029 - INFO - Price monitor completed successfully
2025-03-27 18:21:23,030 - INFO - Starting order placement...
2025-03-27 18:21:24,354 - ERROR - Order placement exited with code 1
2025-03-27 18:21:24,360 - INFO - Waiting 60 seconds until next cycle...
2025-03-27 18:22:24,440 - INFO - Starting cycle 122
2025-03-27 18:22:24,443 - INFO - Starting price monitor...
2025-03-27 18:23:32,522 - INFO - Price monitor completed successfully
2025-03-27 18:23:32,526 - INFO - Starting order placement...
2025-03-27 18:23:34,013 - ERROR - Order placement exited with code 1
2025-03-27 18:23:34,014 - INFO - Waiting 60 seconds until next cycle...
2025-03-27 18:24:34,093 - INFO - Starting cycle 123
2025-03-27 18:24:34,094 - INFO - Starting price monitor...
2025-03-27 18:25:42,155 - INFO - Price monitor completed successfully
2025-03-27 18:25:42,157 - INFO - Starting order placement...
2025-03-27 18:25:43,506 - ERROR - Order placement exited with code 1
2025-03-27 18:25:43,518 - INFO - Waiting 60 seconds until next cycle...
2025-03-27 18:26:43,591 - INFO - Starting cycle 124
2025-03-27 18:26:43,593 - INFO - Starting price monitor...
2025-03-27 18:27:51,678 - INFO - Price monitor completed successfully
2025-03-27 18:27:51,679 - INFO - Starting order placement...
2025-03-27 18:27:52,926 - ERROR - Order placement exited with code 1
2025-03-27 18:27:52,928 - INFO - Waiting 60 seconds until next cycle...
2025-03-27 18:28:53,005 - INFO - Starting cycle 125
2025-03-27 18:28:53,007 - INFO - Starting price monitor...
2025-03-27 18:30:00,895 - INFO - Price monitor completed successfully
2025-03-27 18:30:00,896 - INFO - Starting order placement...
2025-03-27 18:30:02,165 - ERROR - Order placement exited with code 1
2025-03-27 18:30:02,166 - INFO - Waiting 60 seconds until next cycle...
2025-03-27 18:31:02,235 - INFO - Starting cycle 126
2025-03-27 18:31:02,237 - INFO - Starting price monitor...
2025-03-27 18:32:09,727 - INFO - Price monitor completed successfully
2025-03-27 18:32:09,729 - INFO - Starting order placement...
2025-03-27 18:32:11,021 - ERROR - Order placement exited with code 1
2025-03-27 18:32:11,027 - INFO - Waiting 60 seconds until next cycle...
2025-03-27 18:33:11,092 - INFO - Starting cycle 127
2025-03-27 18:33:11,094 - INFO - Starting price monitor...
2025-03-27 18:34:18,836 - INFO - Price monitor completed successfully
2025-03-27 18:34:18,837 - INFO - Starting order placement...
2025-03-27 18:34:19,985 - ERROR - Order placement exited with code 1
2025-03-27 18:34:19,990 - INFO - Waiting 60 seconds until next cycle...
2025-03-27 18:35:20,053 - INFO - Starting cycle 128
2025-03-27 18:35:20,054 - INFO - Starting price monitor...
2025-03-27 18:36:27,470 - INFO - Price monitor completed successfully
2025-03-27 18:36:27,472 - INFO - Starting order placement...
2025-03-27 18:36:28,653 - ERROR - Order placement exited with code 1
2025-03-27 18:36:28,655 - INFO - Waiting 60 seconds until next cycle...
2025-03-27 18:37:28,719 - INFO - Starting cycle 129
2025-03-27 18:37:28,721 - INFO - Starting price monitor...
2025-03-27 18:38:36,239 - INFO - Price monitor completed successfully
2025-03-27 18:38:36,247 - INFO - Starting order placement...
2025-03-27 18:38:37,621 - ERROR - Order placement exited with code 1
2025-03-27 18:38:37,624 - INFO - Waiting 60 seconds until next cycle...
2025-03-27 18:39:37,703 - INFO - Starting cycle 130
2025-03-27 18:39:37,705 - INFO - Starting price monitor...
2025-03-27 18:40:45,529 - INFO - Price monitor completed successfully
2025-03-27 18:40:45,531 - INFO - Starting order placement...
2025-03-27 18:40:46,826 - ERROR - Order placement exited with code 1
2025-03-27 18:40:46,829 - INFO - Waiting 60 seconds until next cycle...
2025-03-27 18:41:46,919 - INFO - Starting cycle 131
2025-03-27 18:41:46,920 - INFO - Starting price monitor...
2025-03-27 18:42:55,165 - INFO - Price monitor completed successfully
2025-03-27 18:42:55,173 - INFO - Starting order placement...
2025-03-27 18:42:56,589 - ERROR - Order placement exited with code 1
2025-03-27 18:42:56,593 - INFO - Waiting 60 seconds until next cycle...
2025-03-27 18:43:56,680 - INFO - Starting cycle 132
2025-03-27 18:43:56,682 - INFO - Starting price monitor...
2025-03-27 18:45:04,809 - INFO - Price monitor completed successfully
2025-03-27 18:45:04,811 - INFO - Starting order placement...
2025-03-27 18:45:06,266 - ERROR - Order placement exited with code 1
2025-03-27 18:45:06,269 - INFO - Waiting 60 seconds until next cycle...
2025-03-27 18:46:06,348 - INFO - Starting cycle 133
2025-03-27 18:46:06,349 - INFO - Starting price monitor...
2025-03-27 18:47:14,263 - INFO - Price monitor completed successfully
2025-03-27 18:47:14,265 - INFO - Starting order placement...
2025-03-27 18:47:15,999 - ERROR - Order placement exited with code 1
2025-03-27 18:47:16,006 - INFO - Waiting 60 seconds until next cycle...
2025-03-27 18:48:16,102 - INFO - Starting cycle 134
2025-03-27 18:48:16,104 - INFO - Starting price monitor...
2025-03-27 18:49:23,880 - INFO - Price monitor completed successfully
2025-03-27 18:49:23,882 - INFO - Starting order placement...
2025-03-27 18:49:25,142 - ERROR - Order placement exited with code 1
2025-03-27 18:49:25,145 - INFO - Waiting 60 seconds until next cycle...
2025-03-27 18:50:25,212 - INFO - Starting cycle 135
2025-03-27 18:50:25,218 - INFO - Starting price monitor...
2025-03-27 18:51:33,260 - INFO - Price monitor completed successfully
2025-03-27 18:51:33,261 - INFO - Starting order placement...
2025-03-27 18:51:34,502 - ERROR - Order placement exited with code 1
2025-03-27 18:51:34,505 - INFO - Waiting 60 seconds until next cycle...
2025-03-27 18:52:34,582 - INFO - Starting cycle 136
2025-03-27 18:52:34,583 - INFO - Starting price monitor...
2025-03-27 18:53:42,456 - INFO - Price monitor completed successfully
2025-03-27 18:53:42,458 - INFO - Starting order placement...
2025-03-27 18:53:43,903 - ERROR - Order placement exited with code 1
2025-03-27 18:53:43,905 - INFO - Waiting 60 seconds until next cycle...
2025-03-27 18:54:43,977 - INFO - Starting cycle 137
2025-03-27 18:54:43,979 - INFO - Starting price monitor...
2025-03-27 18:55:54,929 - INFO - Price monitor completed successfully
2025-03-27 18:55:54,930 - INFO - Starting order placement...
2025-03-27 18:55:56,271 - ERROR - Order placement exited with code 1
2025-03-27 18:55:56,275 - INFO - Waiting 60 seconds until next cycle...
2025-03-27 18:56:56,347 - INFO - Starting cycle 138
2025-03-27 18:56:56,351 - INFO - Starting price monitor...
2025-03-27 18:58:03,991 - INFO - Price monitor completed successfully
2025-03-27 18:58:03,992 - INFO - Starting order placement...
2025-03-27 18:58:05,448 - ERROR - Order placement exited with code 1
2025-03-27 18:58:05,451 - INFO - Waiting 60 seconds until next cycle...
2025-03-27 18:59:05,528 - INFO - Starting cycle 139
2025-03-27 18:59:05,530 - INFO - Starting price monitor...
2025-03-27 19:00:13,939 - INFO - Price monitor completed successfully
2025-03-27 19:00:13,942 - INFO - Starting order placement...
2025-03-27 19:00:15,505 - ERROR - Order placement exited with code 1
2025-03-27 19:00:15,514 - INFO - Waiting 60 seconds until next cycle...
2025-03-27 19:01:15,585 - INFO - Starting cycle 140
2025-03-27 19:01:15,588 - INFO - Starting price monitor...
2025-03-27 19:02:23,768 - INFO - Price monitor completed successfully
2025-03-27 19:02:23,769 - INFO - Starting order placement...
2025-03-27 19:02:25,431 - ERROR - Order placement exited with code 1
2025-03-27 19:02:25,432 - INFO - Waiting 60 seconds until next cycle...
2025-03-27 19:02:54,590 - INFO - Received termination signal. Shutting down gracefully...
2025-03-27 19:02:55,478 - INFO - Trading system shutdown complete
