2025-09-16 04:39:37,135 - INFO - Processing strategies for date: 2025-09-16
2025-09-16 04:39:37,135 - INFO - Market closed orders allowed: True
2025-09-16 04:39:37,175 - INFO - Database connection successful: PostgreSQL 17.5 on x86_64-pc-linux-gnu, compiled by Debian clang version 12.0.1, 64-bit
2025-09-16 04:39:37,180 - INFO - Getting strategies for date: 2025-09-16
2025-09-16 04:39:37,361 - INFO - No strategies found for 2025-09-16
2025-09-16 04:42:10,684 - INFO - Processing strategies for date: 2025-09-16
2025-09-16 04:42:10,684 - INFO - Market closed orders allowed: True
2025-09-16 04:42:10,746 - INFO - Database connection successful: PostgreSQL 17.5 on x86_64-pc-linux-gnu, compiled by Debian clang version 12.0.1, 64-bit
2025-09-16 04:42:10,749 - INFO - Getting strategies for date: 2025-09-16
2025-09-16 04:42:10,926 - INFO - No strategies found for 2025-09-16
2025-09-16 04:44:45,025 - INFO - Processing strategies for date: 2025-09-16
2025-09-16 04:44:45,026 - INFO - Market closed orders allowed: True
2025-09-16 04:44:45,057 - INFO - Database connection successful: PostgreSQL 17.5 on x86_64-pc-linux-gnu, compiled by Debian clang version 12.0.1, 64-bit
2025-09-16 04:44:45,059 - INFO - Getting strategies for date: 2025-09-16
2025-09-16 04:44:45,248 - INFO - No strategies found for 2025-09-16
2025-09-16 04:47:18,986 - INFO - Processing strategies for date: 2025-09-16
2025-09-16 04:47:18,987 - INFO - Market closed orders allowed: True
2025-09-16 04:47:19,018 - INFO - Database connection successful: PostgreSQL 17.5 on x86_64-pc-linux-gnu, compiled by Debian clang version 12.0.1, 64-bit
2025-09-16 04:47:19,021 - INFO - Getting strategies for date: 2025-09-16
2025-09-16 04:47:19,202 - INFO - No strategies found for 2025-09-16
